133750,158010,158010,clinics,name,Hawthorn,Hawthorn Plastic Surgery
133750,158010,158010,clinics,City,Hawthorn,Hawthorn Plastic Surgery
133985,158377,158377,clinics,City,Hawthorn,Complete Weight Loss Surgery
134027,158445,158445,clinics,City,Hawthorn,Cosmetic Plastic Surgery Centre
134039,158463,158463,clinics,Address1,Hawthorn,Camberwell Dermatology Centre
134042,158466,158466,clinics,City,Hawthorn,PlusPlus Clinic
134270,158857,158857,clinics,Address1,Hawthorn,Jeff Lipshats Orthodontist
134320,158927,158927,clinics,Address1,Hawthorn,Riversdale Endodontics
134397,159059,159059,clinics,name,Hawthorn,Dimitroulis and Associates - Epworth Hawthorn Private Hospital
134397,159059,159059,clinics,City,Hawthorn,Dimitroulis and Associates - Epworth Hawthorn Private Hospital
134578,159327,159327,clinics,Address1,Hawthorn,Dental Excellence
134746,159578,159578,clinics,name,Hawthorn,Absolute Smiles Mt Hawthorn
134746,159578,159578,clinics,City,Hawthorn,Absolute Smiles Mt Hawthorn
134792,159623,159623,clinics,name,Hawthorn,Simon Freezer - Hawthorn
134792,159623,159623,clinics,City,Hawthorn,Simon Freezer - Hawthorn
134953,159884,159884,clinics,name,Hawthorn,MOFS - Hawthorn East
134953,159884,159884,clinics,City,Hawthorn,MOFS - Hawthorn East
134970,159896,159896,clinics,name,Hawthorn,Australian Radiology Clinics - Hawthorn Centre
134970,159896,159896,clinics,Address1,Hawthorn,Australian Radiology Clinics - Hawthorn Centre
134970,159896,159896,clinics,City,Hawthorn,Australian Radiology Clinics - Hawthorn Centre
135099,160121,160121,clinics,Address1,Hawthorn,Dr. Julian Sack - Caulfield
135109,160162,160162,clinics,name,Hawthorn,Monash IVF - Hawthorn 
135109,160162,160162,clinics,Address1,Hawthorn,Monash IVF - Hawthorn 
135109,160162,160162,clinics,City,Hawthorn,Monash IVF - Hawthorn 
135250,160393,160393,clinics,City,Hawthorn,Holistic Pathways - Perth
135254,160438,160438,clinics,City,Hawthorn,Melbourne Pain Group - Glenferrie Private Hospital
135343,160533,160533,clinics,longdescription,acceleration,Dr Osadowska Clinic
135343,160534,160534,clinics,longdescription,acceleration,Dr Osadowska Clinic Warsaw
135423,160632,160632,clinics,City,Hawthorn,Kula Yoga
135450,160676,160676,clinics,longdescription,body shaping,Lipoline Clinic
135543,160862,160862,clinics,City,Hawthorn,Swan Urology
135537,160879,160879,clinics,Address2,Hawthorn,Metro Pain Clinic Boronia -Metro Spinal Clinic
135581,160975,160975,clinics,name,Hawthorn,Melbourne Orthopedic Group - Hawthorn
135581,160975,160975,clinics,City,Hawthorn,Melbourne Orthopedic Group - Hawthorn
135761,161359,161359,clinics,Address1,Hawthorn,HealthPoint Physiotherapy
135763,161361,161361,clinics,Address1,Hawthorn,Mt Hawtorn Chiropractic Clinic
135764,161369,161369,clinics,City,Hawthorn,Élan Osteopathy - Health and Wellness
135980,161671,161671,clinics,Address1,Hawthorn,Dynamic Performance
136114,161898,161898,clinics,Address2,Hawthorn,Eastern Osteopathy Melbourne - Camberwell
136091,161933,161933,clinics,name,Hawthorn,Back in Motion Health Group Hawthorn
136091,161933,161933,clinics,City,Hawthorn,Back in Motion Health Group Hawthorn
136292,162172,162172,clinics,City,Hawthorn,Auburn Chiropractic Centre
136302,162186,162186,clinics,City,Hawthorn,Genesis Physiotherapy Pty Ltd
136304,162189,162189,clinics,City,Hawthorn,Leederville - North Perth Physiotherapy
136532,162496,162496,clinics,name,Hawthorn,Hawthorn Physiotherapy Clinic
136532,162496,162496,clinics,City,Hawthorn,Hawthorn Physiotherapy Clinic
136643,162651,162651,clinics,City,Hawthorn,Optimal Chiropractic Clinic
136946,163116,163116,clinics,Address1,MD6,Maple Healthcare Center
137083,163289,163289,clinics,name,M1,M1 Med Beauty
138027,164417,164417,clinics,City,Hawthorn,Melbourne Hip and Knee
140298,167500,167500,clinics,City,Hawthorn,Riversdale Orthodontics
142021,169803,169803,clinics,name,Body Slimming,Body Slimming Experts
142021,169803,169803,clinics,longdescription,body shaping,Body Slimming Experts
142262,170132,170132,clinics,longdescription,reduce weight,Apsara Aesthetic Medicine Dr. Rani V. Ramachandran
142975,171096,171096,clinics,longdescription,reduce weight,Healthy Steps Therapeutic Lifestyle Center
142975,171105,171105,clinics,longdescription,reduce weight,Bariatric Clinic
143414,171688,171688,clinics,longdescription,muscle mass,MD Weight Loss and Cosmetic
143710,172098,172098,clinics,Address1,M1,Lee Ann M. Klausner MD FACS
143851,172278,172278,clinics,name,Body Shaping,Medical Weight Loss and Body Shaping
144470,173095,173095,clinics,PostalCode,M1,Andrew Nelson Weight Loss Programs
144765,173559,173559,clinics,Address1,Hawthorn,Optimum Fertility
145217,174212,174212,clinics,Address1,M1,North West Orthodontics - Manchester Clinic
145217,174212,174212,clinics,PostalCode,M1,North West Orthodontics - Manchester Clinic
147153,176846,176846,clinics,longdescription,body shaping,New Derma Aesthetic Clinic - Malad Branch
149916,180447,180447,clinics,Address1,Doral,TuOdontologa - Caracas - La Candelaria
150734,181540,181540,clinics,Address1,Hawthorn,Dr. Ali Harb
