868,704,2382,reviews,ClinicsResponse,Camila,Dentists in Cancun
868,704,2676,reviews,YouReturn,Camila,Dentists in Cancun
868,704,2637,reviews,YouRecommend,Camila,Dentists in Cancun
868,704,5784,reviews,YouRecommend,Camila,Dentists in Cancun
5336,5170,5170,clinics,shortdescription,amoxicillin,HSJ Dental
9193,9027,64832,reviews,TreatmentName,Botox,The Temple Practice - Leeds
18610,18400,50590,reviews,TreatmentName,Botox,Harley Street Treatments Ltd
18724,18514,18514,clinics,shortdescription,Sculptra,Cheshire Image Clinic
18909,18697,18697,clinics,shortdescription,sculptra,Enhance UK - Rejuvenation Clinic
18930,18718,18718,clinics,Address1,Miltown,Revive Medi-clinic
18969,18757,18757,clinics,shortdescription,Sculptra,Northwood Clinic
18986,18774,18774,clinics,shortdescription,Sculptra,K-Aesthetics (Treatment for lines and wrinkles Surrey)
21937,23794,64647,Staffs,Additional_Notes,Mirena,Heacham Group Practice - Heacham Surgery
21937,23794,64652,Staffs,Additional_Notes,Mirena,Heacham Group Practice - Heacham Surgery
21937,23795,64647,Staffs,Additional_Notes,Mirena,Heacham Group Practice - Snettisham Surgery
21937,23795,64652,Staffs,Additional_Notes,Mirena,Heacham Group Practice - Snettisham Surgery
22418,24591,69322,Staffs,Special_Interests,Implanon,Green Lane Medical Centre
22418,24591,69330,Staffs,Special_Interests,Implanon,Green Lane Medical Centre
22418,24592,69322,Staffs,Special_Interests,Implanon,Harnall Lane Medical Centre (Branch Site)
22418,24592,69330,Staffs,Special_Interests,Implanon,Harnall Lane Medical Centre (Branch Site)
22604,24880,71142,Staffs,Additional_Notes,Implanon,The Kingthorne Group Practice - Kingthorne House 83a
22604,24880,71144,Staffs,Additional_Notes,Implanon,The Kingthorne Group Practice - Kingthorne House 83a
22604,24881,71142,Staffs,Additional_Notes,Implanon,The Kingthorne Group Practice
22604,24881,71144,Staffs,Additional_Notes,Implanon,The Kingthorne Group Practice
23047,25514,74725,Staffs,Special_Interests,Implanon,Ball Tree Surgery
25408,27876,83548,Staffs,Special_Interests,implanon,Dr Sherlaw S R & Partners
25825,28293,85127,Staffs,Additional_Notes,Warfarin,Dr Withers A W J & Partners
25874,28342,85351,Staffs,Additional_Notes,Warfarin,ELSDALE STREET SURGERY
26222,28690,28690,clinics,Address1,Artane,Islam Ms
18909,32135,32135,clinics,shortdescription,sculptra,Enhance UK - Aspire The Avenue Dental Centre
18909,32136,32136,clinics,shortdescription,sculptra,Enhance UK - Aspire South Ham Dental Practice
18909,32137,32137,clinics,shortdescription,sculptra,Enhance UK - Aspire Docklands Smile Studio
2570,32574,24883,reviews,TreatmentName,Sculptra,Aesthetic Beauty Centre - Newcastle
32067,37632,39277,reviews,TreatmentName,methadone,Mountjoy Street Medical Practice
32098,37663,37663,clinics,City,Miltown,Dr Billy O'Connell - The Medical Centre
32768,38333,38333,clinics,Address2,Artane,Dr M Maguire
32780,38345,38345,clinics,City,Miltown,Dr Mahon Sean
32930,38495,46997,reviews,TreatmentName,implanon,Bridge House Surgery
34247,39884,39884,clinics,Address1,Artane,Chen Hong - Medical Centre
34343,39992,39992,clinics,Address2,Artane,Stephen Cleary
34343,39992,39992,clinics,City,Artane,Stephen Cleary
34560,40558,32009,reviews,ClinicsResponse,Juvederm,Elan Medical Skin Clinic - Rayleigh
34560,40558,47925,reviews,TreatmentName,Botox,Elan Medical Skin Clinic - Rayleigh
34560,40558,51353,reviews,TreatmentName,Botox,Elan Medical Skin Clinic - Rayleigh
34560,40558,54014,reviews,TreatmentName,Botox,Elan Medical Skin Clinic - Rayleigh
34737,40976,45954,reviews,TEXT,Valium,Sacred Heart Dental Clinic
34744,40983,690263,clinics_services,Description,botox,Oliver's Dental Studio
85556,91713,54653,reviews,TreatmentName,Botox,Dermalis
85556,91713,59642,reviews,TreatmentName,Botox,Dermalis
85556,91713,60186,reviews,TreatmentName,Botox,Dermalis
85556,91713,61049,reviews,TreatmentName,Botox,Dermalis
85595,91773,79675,leadfeedback,Comments,sculptra,Amaris B. Clinic
85597,91775,91775,clinics,shortdescription,Sculptra,Health + Aesthetics Farnham
85807,92136,42304,reviews,ClinicsResponse,Botox,Essence Medical
85807,92136,60663,reviews,TreatmentName,botox,Essence Medical
85842,92173,727969,clinics_services,Description,Botox,CosmeticliniC
86327,92839,52842,reviews,TreatmentName,Botox,Dr. Rita Rakus
86452,92963,9450,reviews,ClinicsResponse,botox,Kathryn Revell Cosmetic
86452,92963,10006,reviews,YouReturn,Restylane,Kathryn Revell Cosmetic
86452,92963,35028,reviews,ClinicsResponse,Botox,Kathryn Revell Cosmetic
86452,92963,55758,reviews,TreatmentName,Botox,Kathryn Revell Cosmetic
86616,93132,918091,clinics_services,Description,Botox,Dental Studios by Simon Goran
86747,93284,93284,clinics,shortdescription,Sculptra,I-Time Clinic
86747,93284,49427,reviews,TreatmentName,botox,I-Time Clinic
86747,93284,49510,reviews,TreatmentName,Botox,I-Time Clinic
86930,94025,53615,reviews,TreatmentName,Botox,Re-Nu Skin Clinic
87128,94142,13425,reviews,TEXT,allay,Onslow Gardens Dental Practice
87487,95485,8189,reviews,TreatmentName,Sculptra,Cutis Cosmetic Clinic
86045,97140,124914,Staffs,BioHTML,imiquimod,Solas Dermatology and Laser  Clinic
89000,97222,47774,reviews,TreatmentName,botox,Dr Reginald Carr
89161,97418,97418,clinics,Address1,SULAR,ERKUT AKÇALI
89247,97516,60946,reviews,TreatmentName,restylane,Kim Jong-seo Plastic Surgery Clinic
89247,97516,60947,reviews,TreatmentName,restylane,Kim Jong-seo Plastic Surgery Clinic
89937,98214,52648,reviews,TreatmentName,Botox,Peach Practice
91121,99500,2501,reviews,YouReturn,definity,Turret Orthodontics
91318,99701,401598,leadfeedback,Comments,Botox,Hospital Universitario Lenin
116821,100122,100122,clinics,longdescription,SCULPTRA,United Medical Aesthetics
92310,100732,598357,leadfeedback,Comments,botox,Centro de Otorrinolaringologia y especialidades
92376,100797,774415,clinics_services,Description,Botox,Centre For Cosmetic & Reconstructive Surgery
92376,100797,774415,clinics_services,Description,Juvederm,Centre For Cosmetic & Reconstructive Surgery
92376,100797,774415,clinics_services,Description,Perlane,Centre For Cosmetic & Reconstructive Surgery
92376,100797,774415,clinics_services,Description,Restylane,Centre For Cosmetic & Reconstructive Surgery
92975,101535,774470,clinics_services,Description,botox,Ambrosia Clinic
92975,101535,774470,clinics_services,Description,Juvederm,Ambrosia Clinic
93664,102299,1002765,clinics_services,Description,botox,Aquis Aesthetics
93699,102341,102341,clinics,shortdescription,SCULPTRA,Skintalks
93745,102394,102394,clinics,shortdescription,Sculptra,ALS Cosmetic LLP
94031,102809,102809,clinics,Address2,Artane,the health plex
94666,103545,103545,clinics,shortdescription,Sculptra,sk:n clinics - East Finchley
94666,103555,103555,clinics,shortdescription,Sculptra,sk:n clinics - Victoria
94666,103556,103556,clinics,shortdescription,Sculptra,sk:n clinics - Harley Street
94666,103557,103557,clinics,shortdescription,Sculptra,sk:n clinics – Holborn
94666,103558,103558,clinics,shortdescription,Sculptra,sk:n clinics - London Wall
94666,103559,103559,clinics,shortdescription,Sculptra,sk:n clinics - Maida Vale
94666,103560,103560,clinics,shortdescription,Sculptra,sk:n clinics - Shaftesbury Avenue
94666,103561,103561,clinics,shortdescription,Sculptra,sk:n clinics - Canary Wharf
94666,103562,103562,clinics,shortdescription,Sculptra,sk:n clinics - Brighton
94666,103563,103563,clinics,shortdescription,Sculptra,sk:n clinics - Bristol
94666,103564,103564,clinics,shortdescription,Sculptra,sk:n clinics - Chelmsford
94666,103565,103565,clinics,shortdescription,Sculptra,sk:n clinics - Guildford
94666,103566,103566,clinics,shortdescription,Sculptra,sk:n clinics - Portsmouth
94666,103567,103567,clinics,shortdescription,Sculptra,sk:n clinics - Southampton
94666,103568,103568,clinics,shortdescription,Sculptra,sk:n clinics - Epson
94666,103569,103569,clinics,shortdescription,Sculptra,sk:n clinics - Bicester
94666,103570,103570,clinics,shortdescription,Sculptra,sk:n clinics – Birmingham Bull Street
94666,103571,103571,clinics,shortdescription,Sculptra,sk:n clinics – Birmingham Edgbaston
94666,103572,103572,clinics,shortdescription,Sculptra,sk:n clinics - Cheltenham
94666,103573,103573,clinics,shortdescription,Sculptra,sk:n clinics - Leamington Spa
94666,103574,103574,clinics,shortdescription,Sculptra,sk:n clinics - Leicester
94666,103575,103575,clinics,shortdescription,Sculptra,sk:n clinics - Milton Keynes
94666,103576,103576,clinics,shortdescription,Sculptra,sk:n clinics - Northampton
94666,103577,103577,clinics,shortdescription,Sculptra,sk:n clinics - Norwich
94666,103578,103578,clinics,shortdescription,Sculptra,sk:n clinics - Nottingham
94666,103580,103580,clinics,shortdescription,Sculptra,sk:n clinics - Wolverhampton
94666,103581,103581,clinics,shortdescription,Sculptra,sk:n clinics - Aberdeen
94666,103582,103582,clinics,shortdescription,Sculptra,sk:n clinics - Edinburgh
94666,103583,103583,clinics,shortdescription,Sculptra,sk:n clinics - Glasgow
94666,103584,103584,clinics,shortdescription,Sculptra,sk:n clinics - Leeds
94666,103585,103585,clinics,shortdescription,Sculptra,sk:n clinics - Liverpool
94666,103586,103586,clinics,shortdescription,Sculptra,sk:n clinics - Manchester
94666,103587,103587,clinics,shortdescription,Sculptra,sk:n clinics - Middlesbrough
94666,103588,103588,clinics,shortdescription,Sculptra,sk:n clinics - Newcastle
94666,103589,103589,clinics,shortdescription,Sculptra,sk:n clinics - Sheffield
94879,103825,46276,reviews,TreatmentName,Botox,BeauSynergy
95267,104315,32521,reviews,TreatmentName,Sculptra,Courthouse Clinics - Wilmslow
95552,104640,47122,reviews,TreatmentName,Botox,Dr. Mark Aszkenasy BACD
95552,104640,47376,reviews,TreatmentName,Botox,Dr. Mark Aszkenasy BACD
95552,104640,47420,reviews,TreatmentName,Botox,Dr. Mark Aszkenasy BACD
95552,104640,47633,reviews,TreatmentName,Botox,Dr. Mark Aszkenasy BACD
95552,104640,49750,reviews,TreatmentName,Botox,Dr. Mark Aszkenasy BACD
95552,104640,51646,reviews,TreatmentName,Botox,Dr. Mark Aszkenasy BACD
95552,104640,57066,reviews,TreatmentName,Botox,Dr. Mark Aszkenasy BACD
95552,104640,60747,reviews,TreatmentName,Botox,Dr. Mark Aszkenasy BACD
95552,104640,62931,reviews,TreatmentName,Botox,Dr. Mark Aszkenasy BACD
95651,104751,104751,clinics,longdescription,Camila,Evertton Dentistry
95803,104954,60111,reviews,TreatmentName,Botox,Miracle Aesthetic Clinic - Kuta Bali
95864,105042,45914,reviews,TreatmentName,Botox,Surface Beauty Aesthetics Ltd
95864,105042,46169,reviews,TreatmentName,Botox,Surface Beauty Aesthetics Ltd
95864,105042,55104,reviews,TreatmentName,botox,Surface Beauty Aesthetics Ltd
95864,105042,56881,reviews,TreatmentName,Botox,Surface Beauty Aesthetics Ltd
95956,105155,732836,clinics_services,Description,Amoxicillin,The Surgery - Majid Vahid
95890,105163,964989,Clinic_ProcedurePricing,details,bevacizumab,Ultimo Aesthetic & Dental Center - Surabaya
95978,105177,105177,clinics,shortdescription,Sculptra,No8 Dental and Cosmetic
96196,105404,105404,clinics,shortdescription,Sculptra,Temple Medical Ltd
96229,105461,62791,reviews,TreatmentName,Botox,Ageless
96229,105461,62925,reviews,TreatmentName,Botox,Ageless
96357,105608,24347,reviews,ClinicsResponse,botox,Auralia - Limerick
96376,105629,56060,reviews,TreatmentName,botox,Cork Dental Care
96470,105844,59240,reviews,TreatmentName,botox,Dr Cosmetic Skin Clinic
96474,105848,46548,reviews,TreatmentName,Botox,Pall Mall Medical
96513,105900,7601,reviews,ClinicsResponse,Botox,My Beauty Doctor
96513,105900,19203,reviews,ClinicsResponse,botox,My Beauty Doctor
96564,105966,50037,reviews,TreatmentName,Botox,The Wellfield Skin Clinic
96564,105966,48718,reviews,TreatmentName,Botox,The Wellfield Skin Clinic
96682,106097,106097,clinics,shortdescription,Sculptra,Outline Skincare
96810,106276,999813,clinics_services,Description,Botox,Therapie Clinic Dublin
96836,106306,10147,reviews,TEXT,clomid,Jo George
96841,106315,59512,reviews,TreatmentName,Botox,Bosworth Aesthetics & Beauty
97102,106611,49941,reviews,TreatmentName,botox,Dermcare Clinic- Subang
97230,106770,106770,clinics,shortdescription,Sculptra,Britedent
97514,107105,151558,leadfeedback,Comments,accutane,Stamford Skin Centre
97652,107297,55133,reviews,ClinicsResponse,Artane,Dr Joseph Beirne
97876,107611,107611,clinics,Address1,Beyaz,Denta Life
98123,107918,46516,reviews,TreatmentName,Botox,DermaHealth
98123,107918,800658,clinics_services,Description,Botox,DermaHealth
98123,107918,800658,clinics_services,Description,Juvederm,DermaHealth
98123,107918,800658,clinics_services,Description,Restylane,DermaHealth
98123,107918,800660,clinics_services,Description,Botox,DermaHealth
98530,108423,46764,reviews,TreatmentName,botox,Kienecker Medical Ltd.
98530,108423,48078,reviews,TreatmentName,botox,Kienecker Medical Ltd.
98735,108649,108649,clinics,shortdescription,Sculptra,Advance Clinic
98806,108732,52622,reviews,TreatmentName,Botox,The Melrose Aesthetic Centre
98806,108732,53327,reviews,TreatmentName,Botox,The Melrose Aesthetic Centre
98841,108773,108773,clinics,Address1,Artane,Northside Osteopathy
98841,108773,108773,clinics,Address2,Artane,Northside Osteopathy
98998,108948,54958,reviews,TreatmentName,Botox,Barbara Pointon
98998,108948,51567,reviews,TreatmentName,botox,Barbara Pointon
98998,108948,52088,reviews,TreatmentName,Botox,Barbara Pointon
98998,108948,53035,reviews,TreatmentName,botox,Barbara Pointon
98998,108948,59210,reviews,TreatmentName,Botox,Barbara Pointon
99008,108958,48007,reviews,TreatmentName,BOTOX,Quinn Clinics - Bristol
99008,108958,51155,reviews,TreatmentName,Botox,Quinn Clinics - Bristol
99008,108958,51155,reviews,TreatmentName,Juvederm,Quinn Clinics - Bristol
99008,108958,47416,reviews,TreatmentName,Botox,Quinn Clinics - Bristol
99087,109044,50985,reviews,TreatmentName,Botox,Blue Light Dental Clinic
99089,109046,59304,reviews,TreatmentName,Botox,Emma Chan Medical Aesthetics and Skin Solutions
99296,109302,49878,reviews,TreatmentName,botox,Crosby Aesthetics
99429,109454,49400,reviews,TreatmentName,Botox,Persona Cosmetic Medicine - Bexley
97291,109483,61571,reviews,TreatmentName,Botox,Skinfinite St Albans
99627,109695,646966,leadfeedback,Comments,Botox,Renaissance Skin Care - Berwick
99627,109695,16694,reviews,ClinicsResponse,Restylane,Renaissance Skin Care - Berwick
99627,109695,51796,reviews,TreatmentName,botox,Renaissance Skin Care - Berwick
99657,109733,47749,reviews,TreatmentName,Botox,The Green Room - Bournemouth Clinic
99657,109733,59223,reviews,TreatmentName,Botox,The Green Room - Bournemouth Clinic
99765,109867,815758,clinics_services,Description,Botox,Emma Wright Aesthetics
100035,110250,768930,clinics_services,Description,Botox,Prime Care Medical & Dental
100110,110335,50231,reviews,TreatmentName,Botox,Hebe Aesthetic and Anti-Aging Clinic
100372,110655,771380,clinics_services,Description,botox,Looks Divine - Nedlands Clinic
100418,110714,110714,clinics,Address2,artane,Dr Tarekzourob Surgery
100453,110763,46761,reviews,TreatmentName,Botox,Perfect Image Consultants
100453,110763,46768,reviews,TreatmentName,Botox,Perfect Image Consultants
98813,110992,13342,reviews,TreatmentName,Sculptra,Moorgate Aesthetics - Chants
100785,111198,779803,clinics_services,Description,Botox,Hairatage Salon - Hairdressing & Aesthetics
98813,111477,13333,reviews,TreatmentName,Sculptra,Moorgate Aesthetics - Harley Street
98813,111477,14891,reviews,TreatmentName,Sculptra,Moorgate Aesthetics - Harley Street
101094,111568,1578761,Clinic_ProcedurePricing,details,Ritalin,River Holistic Centre
101116,111588,64827,reviews,TreatmentName,Botox,Proderma Aesthetic Clinics
101313,111888,61575,reviews,TreatmentName,Botox,Botastic Aesthetics Ltd
101355,111946,45675,reviews,TreatmentName,Botox,Cardiff Cosmetic Clinic
101355,111946,45677,reviews,TreatmentName,botox,Cardiff Cosmetic Clinic
101355,111946,45688,reviews,TreatmentName,Botox,Cardiff Cosmetic Clinic
101355,111946,45702,reviews,TreatmentName,Botox,Cardiff Cosmetic Clinic
101624,112360,49304,reviews,TreatmentName,Botox,Accualaser Plastic Surgery Associates
101671,112429,47273,reviews,TreatmentName,botox,The Rosenstock Lieberman Plastic Surgery Center
101671,112429,51426,reviews,TreatmentName,dysport,The Rosenstock Lieberman Plastic Surgery Center
101787,112577,49448,reviews,TreatmentName,botox,Monday's Child
101787,112577,53071,reviews,TreatmentName,Botox,Monday's Child
101787,112577,52190,reviews,TreatmentName,Botox,Monday's Child
101787,112577,62638,reviews,TreatmentName,Botox,Monday's Child
101787,112577,57410,reviews,TreatmentName,botox,Monday's Child
101910,112747,58026,reviews,TreatmentName,Botox,SaRivaa Aesthetics
101910,112747,46642,reviews,TreatmentName,Botox,SaRivaa Aesthetics
102013,112855,112855,clinics,Address2,Artane,Dr Wagdy Mitry
102045,112900,151161,Staffs,BioHTML,meth,Lidums Dental
102086,112969,112969,clinics,Address1,Sonata,Dentists on Broadbeach
102358,113312,792473,clinics_services,Description,Botox,Sandes Avenue Dental Practice
102495,113523,48095,reviews,TreatmentName,Botox,Paarl Aesthetics Medicine
88924,113639,1964076,Clinic_ProcedurePricing,details,Lumigan,Medicetics Harley Street
102548,113676,52636,reviews,TreatmentName,botox,Bicester Clinic
102548,113676,55550,reviews,TreatmentName,Botox,Bicester Clinic
102548,113676,55551,reviews,TreatmentName,Botox,Bicester Clinic
102783,114174,54271,reviews,TreatmentName,Botox,Aesthetic Transitions Purley
102783,114174,54274,reviews,TreatmentName,Botox,Aesthetic Transitions Purley
103088,114746,54280,reviews,TreatmentName,Botox,Midas Touch Med Spa
103088,114746,62468,reviews,TreatmentName,Botox,Midas Touch Med Spa
103236,114938,114938,clinics,Address1,Beyaz,Op.Dr. Hüseyin Altun
103250,114953,48164,reviews,TreatmentName,botox,Dr Ban Ratti Medical Aesthetics Surbiton
103496,115441,54763,reviews,TreatmentName,Botox,Radiant Medical Phuket
103599,115571,559373,leadfeedback,Comments,sculptra,Absolute Image
103633,115611,16619,reviews,TEXT,sculptra,Celevenus Wellness & Aesthetic Clinic
103633,115611,16619,reviews,Title,sculptra,Celevenus Wellness & Aesthetic Clinic
103633,115611,16619,reviews,TreatmentName,sculptra,Celevenus Wellness & Aesthetic Clinic
103633,115611,39044,reviews,TreatmentName,Sculptra,Celevenus Wellness & Aesthetic Clinic
103633,115611,32879,reviews,TreatmentName,Sculptra,Celevenus Wellness & Aesthetic Clinic
104005,116129,1012293,clinics_services,Description,botox,Dentistry at the Gallery
95890,116190,1216464,Clinic_ProcedurePricing,details,bevacizumab,Ultimo Aesthetic & Dental Center- Bali
95890,116190,48802,reviews,TreatmentName,Botox,Ultimo Aesthetic & Dental Center- Bali
99627,116257,19211,reviews,ClinicsResponse,Restylane,Renaissance Skin Care- Mornington
104200,116347,51945,reviews,TreatmentName,Botox,Nitai Medical & Cosmetic Centre
104200,116347,52164,reviews,TreatmentName,Botox,Nitai Medical & Cosmetic Centre
104337,116546,566562,leadfeedback,Comments,botox,Klinik Harmoni (Dr Hon Aesthetic Clinic)
99103,116731,1228434,Clinic_ProcedurePricing,details,Finasteride,Elite Hair Restoration Bristol
99103,116732,1228438,Clinic_ProcedurePricing,details,Finasteride,Elite Hair Restoration Birmingham
99103,116733,1228442,Clinic_ProcedurePricing,details,Finasteride,Elite Hair Restoration Leeds
99103,116734,1228446,Clinic_ProcedurePricing,details,Finasteride,Elite Hair Restoration Newcastle
99103,116738,1228617,Clinic_ProcedurePricing,details,Finasteride,Elite Hair Restoration Manchester
104543,116867,46269,reviews,TreatmentName,botox,Dr Hardik Patel: Ascot
104790,117088,48179,reviews,TreatmentName,Mirena,Veduta Clinic
104859,117178,34282,reviews,Title,Yasmin,Dr. Michael's Dental Clinic
104966,117297,64522,reviews,TreatmentName,Botox,SkinViva Manchester
104966,117297,64667,reviews,TreatmentName,Botox,SkinViva Manchester
105019,117428,117428,clinics,longdescription,Insulin,Livelife Hospitals
105302,117774,1251316,Clinic_ProcedurePricing,details,EMLA,Dr. Pather Aesthetics - Hillingdon
105549,118148,52023,reviews,TreatmentName,Botox,Botique Facial Aesthetics
105413,118312,118312,clinics,shortdescription,versed,GeneralSurgery Ltd at Xanit International Hospital
106555,118746,57978,reviews,TreatmentName,botox,Apex Profound Beauty - Royal Garden Plaza Pattaya
106134,118901,118901,clinics,shortdescription,Gardasil,St Peter's Travel Clinic
18909,118960,118960,clinics,shortdescription,sculptra,Enhance UK - Aspire Bury Knowle Dental Practice
18909,118961,118961,clinics,shortdescription,sculptra,Enhance UK - Aspire Bridge Street Dental Practice
18909,118962,118962,clinics,shortdescription,sculptra,Enhance UK - Aspire Hampshire Healthcare Centre
18909,118963,118963,clinics,shortdescription,sculptra,Enhance UK - Aspire Havant Dental Practice
18909,118964,118964,clinics,shortdescription,sculptra,Enhance UK - Aspire Dagenham Dental Practice
18909,118965,118965,clinics,shortdescription,sculptra,Enhance UK - Aspire Island Health Dental
18909,118966,118966,clinics,shortdescription,sculptra,Enhance UK - Aspire Amersham Dental
18909,118967,118967,clinics,shortdescription,sculptra,Enhance UK - Aspire Aylesbury Dental
18909,118969,118969,clinics,shortdescription,sculptra,- Aspire Lee-on-Solent Dental
106199,118984,48816,reviews,TreatmentName,Botox,Shapers
106354,119168,54464,reviews,TreatmentName,Botox,Face Perfect Clinic - Leeds
106354,119168,53346,reviews,TreatmentName,Botox,Face Perfect Clinic - Leeds
106354,119168,52456,reviews,TreatmentName,botox,Face Perfect Clinic - Leeds
106354,119168,45747,reviews,TreatmentName,Botox,Face Perfect Clinic - Leeds
106354,119168,53664,reviews,TreatmentName,Botox,Face Perfect Clinic - Leeds
106354,119168,46337,reviews,TreatmentName,Botox,Face Perfect Clinic - Leeds
106392,119223,119223,clinics,Address1,Beyaz,Estetistanbul
98506,119412,3509989,Clinic_ProcedurePricing,details,Sculptra,Stratford Dermatherapy Clinic - Chantilly
106529,119529,56437,reviews,TreatmentName,Botox,Alpha Chiropractic and Sports Injury Clinic
106715,119772,55190,reviews,TEXT,finasteride,COSMEDICA Hair Transplant
106870,120038,61010,reviews,TreatmentName,Botox,Hilton Skin Clinics
107055,120269,56534,reviews,TreatmentName,Botox,The London Face
120085,120497,164191,Staffs,BioHTML,insulin,IREGA Cancun
107371,120754,54587,reviews,TreatmentName,botox,Angela Woodcock Clinic Hull
107507,120945,61878,reviews,TreatmentName,Botox,Stay Beautiful
107507,120945,52090,reviews,TreatmentName,Botox,Stay Beautiful
107507,120945,60749,reviews,TreatmentName,Juvederm,Stay Beautiful
107640,121118,121118,clinics,Address1,Meridia,Richard Rival Cosmetic Surgery Toronto Central
107736,121230,1998757,Clinic_ProcedurePricing,details,BOTOX,Laser Esthetiques & Guelph Vein Clinic
107736,121230,2603533,Clinic_ProcedurePricing,details,Latisse,Laser Esthetiques & Guelph Vein Clinic
107783,121292,65335,reviews,TreatmentName,Botox,Cindy Knight Clinic
107848,121392,639173,leadfeedback,Comments,Sculptra,Murphy Laser
108332,121999,63226,reviews,TreatmentName,Botox,North West Aesthetics
108340,122008,45266,reviews,TreatmentName,Botox,Enhance Clinic Penrith
108723,122465,122465,clinics,longdescription,cambia,Hair Center Mexico by Bosley
108723,122465,122465,clinics,longdescription,Propecia,Hair Center Mexico by Bosley
108774,122520,122520,clinics,longdescription,versed,Helplink
108785,122543,45273,reviews,TreatmentName,Botox,Smooth Medical at Macclesfield Chesire East
108790,122570,51842,reviews,TEXT,botox,Artisan Cosmetic and Rejuvenation Clinic
108790,122570,51842,reviews,TreatmentName,Botox,Artisan Cosmetic and Rejuvenation Clinic
109189,123218,51136,reviews,TreatmentName,botox,FaceDoctor Clinic
109193,123225,49897,reviews,TreatmentName,botox,Face Today Clinic Bondi Junction
109270,123373,123373,clinics,name,Beyaz,Beyaz iNCi
109316,123440,53000,reviews,TreatmentName,Botox,Laser Clinics Australia Hurstville
109316,123445,55348,reviews,TEXT,botox,Laser Clinics Australia Parramatta
109316,123445,55349,reviews,TEXT,botox,Laser Clinics Australia Parramatta
109474,123648,123648,clinics,longdescription,Soma,The Healing Zone
109561,123743,26745,reviews,ClinicsResponse,Yasmin,UltraSlim Clinics - Wolverhampton
109134,124216,532126,leadfeedback,Comments,botox,About Face Skin & Hair - Port Augusta
109928,124377,56217,reviews,TreatmentName,Botox,Medical Cosmetic Centre
110005,124458,124458,clinics,longdescription,versed,Lotus Clinic ACT
110157,124628,57439,reviews,TreatmentName,Botox,Evita Clinic
110192,124729,233483,leadfeedback,Comments,sculptra,Dr. Prinya Surgery and Skin Laser Center
110243,124815,124815,clinics,shortdescription,Latisse,Nirvana Laser Hair and Skin Clinic
110243,124815,124815,clinics,shortdescription,Levulan,Nirvana Laser Hair and Skin Clinic
110284,124866,48738,reviews,TreatmentName,Botox,Lisa Moore Therapy
110379,124987,65513,reviews,TreatmentName,botox,The Laser Premium Clinic
110382,124990,56359,reviews,TreatmentName,Botox,DermaCure Clinic
110398,125006,125006,clinics,longdescription,Clomid,Jessica Bourke-Natural Fertility Solutions
110629,125362,56155,reviews,TreatmentName,Sculptra,Laser Skin Clinic
110664,125433,27437,reviews,ClinicsResponse,botox,Smooth Creation
101313,125446,544816,leadfeedback,Comments,Botox,Botastic Aesthetics Ltd Scarborough
110858,125665,50442,reviews,TreatmentName,botox,MD Cosmedical Solutions
111031,125899,882029,clinics_services,Description,Botox,East Midlands Cosmetic Dental Centre
111092,125968,49579,reviews,TreatmentName,Botox,ICCM International Centre for Cosmetic Medicine
111100,125982,35513,reviews,ClinicsResponse,Junel,Dermaster Thailand
111100,125982,36075,reviews,ClinicsResponse,Junel,Dermaster Thailand
111100,125982,33660,reviews,ClinicsResponse,Junel,Dermaster Thailand
111124,126008,126008,clinics,name,Soma,Soma Strata Aesthetica
111167,126060,45264,reviews,TreatmentName,Botox,Medaesthetics Australia
111229,126218,52660,reviews,TreatmentName,Botox,Rejuvinox Clinic
111295,126314,60549,reviews,TreatmentName,Botox,London Cosmetic Clinic
111295,126314,59531,reviews,TreatmentName,botox,London Cosmetic Clinic
111361,126387,885948,clinics_services,Description,Botox,Revolution Medical Aesthetics
111423,126479,126479,clinics,shortdescription,viagra,Chinese Medicine Center
94666,126491,126491,clinics,shortdescription,Sculptra,sk:n clinics - Sheffield Crystal Peaks
18767,126543,53197,reviews,TreatmentName,Botox,Renew Aesthetic Clinic - Naas
111473,126555,558429,leadfeedback,Comments,botox,Bodyworx Aesthetics Clinic
111515,126672,61422,reviews,TreatmentName,Botox,Facial Aesthetics
111515,126672,61632,reviews,TreatmentName,Botox,Facial Aesthetics
111515,126672,61805,reviews,TreatmentName,Botox,Facial Aesthetics
111561,126816,62148,reviews,TreatmentName,Botox,Dr. Francois Johan Duminy
111711,127119,475669,leadfeedback,Comments,sculptra,Wolds Dental Studio
111769,127274,49912,reviews,TreatmentName,Botox,Enhance Cosmetic Clinic
111772,127281,127281,clinics,longdescription,versed,Aadhan Dental Care
111926,127552,26138,reviews,TreatmentName,Sculptra,The Tan and Beauty Salon
111943,127577,58578,reviews,TreatmentName,Sculptra,River Medical Cosmetic
112027,127671,30274,reviews,TEXT,versed,Beverly Hills Medical Group Dental
112079,127740,62602,reviews,TreatmentName,botox,Medical Therapies Ltd
104859,128045,1468618,Clinic_ProcedurePricing,details,Yasmin,Dr. Michael's Children's Dental Center
104859,128045,40575,reviews,TEXT,Yasmin,Dr. Michael's Children's Dental Center
104859,128045,40575,reviews,Title,Yasmin,Dr. Michael's Children's Dental Center
104859,128045,40574,reviews,TEXT,Yasmin,Dr. Michael's Children's Dental Center
104859,128045,40573,reviews,TEXT,Yasmin,Dr. Michael's Children's Dental Center
104859,128045,40572,reviews,TEXT,Yasmin,Dr. Michael's Children's Dental Center
104859,128045,40572,reviews,Title,Yasmin,Dr. Michael's Children's Dental Center
104859,128045,40571,reviews,TEXT,Yasmin,Dr. Michael's Children's Dental Center
104859,128045,40570,reviews,TEXT,Yasmin,Dr. Michael's Children's Dental Center
104859,128045,40569,reviews,TEXT,Yasmin,Dr. Michael's Children's Dental Center
104859,128045,40576,reviews,TEXT,Yasmin,Dr. Michael's Children's Dental Center
104859,128045,40576,reviews,Title,Yasmin,Dr. Michael's Children's Dental Center
104859,128045,40577,reviews,TEXT,Yasmin,Dr. Michael's Children's Dental Center
104859,128045,40577,reviews,Title,Yasmin,Dr. Michael's Children's Dental Center
104859,128045,40578,reviews,TEXT,Yasmin,Dr. Michael's Children's Dental Center
104859,128045,40579,reviews,TEXT,Yasmin,Dr. Michael's Children's Dental Center
99103,128402,1475761,Clinic_ProcedurePricing,details,Finasteride,Elite Hair Restoration Cardiff
112663,128654,49710,reviews,TreatmentName,Botox,Northumbria Skin Rejuvenation Clinic
106045,128669,49108,reviews,TreatmentName,Botox,Elixir Treatments at The Salon Hair and Beauty
106045,128669,49102,reviews,TreatmentName,Botox,Elixir Treatments at The Salon Hair and Beauty
112709,128745,1113631,clinics_services,Description,botox,Stepback Cosmetic Medicine
112782,128852,963776,clinics_services,Description,Botox,Visakha Institute of Skin & Allergy
112791,128866,736975,leadfeedback,Comments,Sculptra,CorDerm Advanced Dermatology and Laser Center
112813,128897,65531,reviews,TreatmentName,Botox,SKin-FX Precision Aesthetics
112902,129050,905897,clinics_services,Description,botox,Skin-Esteem
113013,129262,924427,clinics_services,Description,Botox,Simply Aesthetics
113041,129303,49312,reviews,TreatmentName,Botox,Beauty Aesthetics
113124,129453,46086,reviews,TreatmentName,Botox,DERMA Plus Clinic Phuket
113124,129453,48601,reviews,TreatmentName,botox,DERMA Plus Clinic Phuket
113124,129453,56131,reviews,TreatmentName,botox,DERMA Plus Clinic Phuket
113162,129496,45551,reviews,TreatmentName,Botox,FreshFaced-by-Helen
113269,129625,129625,clinics,longdescription,Latisse,New Image Cosmetic & Medical Centre
113347,129724,46304,reviews,TreatmentName,Botox,Samvat Clinic
113388,129789,32544,reviews,TEXT,methadone,Glanmire Holistic Centre
113388,129789,32544,reviews,TEXT,Morphine,Glanmire Holistic Centre
113463,129881,60188,reviews,TreatmentName,Botox,Hemel Cosmetic Clinic
113463,129881,62059,reviews,TreatmentName,Botox,Hemel Cosmetic Clinic
113463,129881,55098,reviews,TreatmentName,Botox,Hemel Cosmetic Clinic
113463,129881,63714,reviews,TreatmentName,Botox,Hemel Cosmetic Clinic
113467,129887,58425,reviews,TreatmentName,Botox,Wells Clinic Ashford
113553,130024,54073,reviews,TreatmentName,Naltrexone,Dr.Mahmoud Ghanem Psychotherapy Clinic
113676,130187,130187,clinics,longdescription,versed,Physio Ergo Healthcare
125,130293,46988,reviews,ClinicsResponse,Yasmin,Medical Holidays Abroad Odessa
113809,130413,65374,reviews,TreatmentName,Botox,Dr. Andres Freschi
114589,131335,131335,clinics,shortdescription,Sculptra,Smileworks
114610,131365,56793,reviews,TreatmentName,botox,True Aesthetics
114636,131394,53863,reviews,TreatmentName,Botox,Doctor Cosmetic
114667,131428,131428,clinics,longdescription,insulin,Acu Solution and Acupuncture Clinic
114698,131461,921883,clinics_services,Description,Cipro,Dott. Salvatore Tocci
114766,131554,59435,reviews,TEXT,Camila,Cotswold Face Aesthetics Clinic
114766,131554,61322,reviews,TreatmentName,Botox,Cotswold Face Aesthetics Clinic
114805,131619,928458,clinics_services,Description,botox,Ageless Face and Body
114842,131680,131680,clinics,Address2,Artane,DenturesPlus
114843,131681,280522,Staffs,BioHTML,Juvederm,The Aesthetic Laser Centre
114843,131681,280522,Staffs,BioHTML,Restylane,The Aesthetic Laser Centre
115024,132058,688390,leadfeedback,Comments,botox,Metro Bangkok Clinic
115033,132085,48880,reviews,TreatmentName,Botox,Sydney Cosmetic Centre
115033,132085,55081,reviews,TEXT,Botox,Sydney Cosmetic Centre
98791,132152,1546589,Clinic_ProcedurePricing,details,testosterone,The Sanctuary Spa
98791,132152,1546747,Clinic_ProcedurePricing,details,testosterone,The Sanctuary Spa
115112,132174,57017,reviews,TEXT,insulin,Perth Surgical & Bariatrics
115161,132237,60039,reviews,TreatmentName,botox,Aesthetic Spirit
115161,132237,60040,reviews,TreatmentName,Botox,Aesthetic Spirit
115161,132237,60114,reviews,TreatmentName,Botox,Aesthetic Spirit
115161,132237,60115,reviews,TreatmentName,Botox,Aesthetic Spirit
115314,132398,218807,leadfeedback,Comments,valium,The Plastic Surgery Centre
115325,132409,62793,reviews,TreatmentName,Botox,Caroline Benson
115355,132441,132441,clinics,shortdescription,Testosterone,Maximum Performance Wellness Center
115355,132441,132441,clinics,longdescription,Testosterone,Maximum Performance Wellness Center
115355,132441,49994,reviews,TreatmentName,Testosterone,Maximum Performance Wellness Center
115355,132441,60095,reviews,TreatmentName,Testosterone,Maximum Performance Wellness Center
115366,132452,132452,clinics,longdescription,Sculptra,Monte Carlo Plastic Surgery
115467,132569,46674,reviews,TreatmentName,Sculptra,Novello Skin
115467,132569,46515,reviews,TreatmentName,Sculptra,Novello Skin
115496,132647,64117,reviews,TreatmentName,Botox,Rippon Medical Services
115555,132707,619224,leadfeedback,Comments,botox,Cascade Aesthetics
115644,132802,672805,leadfeedback,Comments,Clomid,IVF Bridge Fertility Centre
115644,132802,672805,leadfeedback,Comments,Metformin,IVF Bridge Fertility Centre
116419,133709,133709,clinics,longdescription,Insulin,Shivam Hospital
116431,133723,133723,clinics,longdescription,versed,Skin Art Clinic
116748,134087,134087,clinics,longdescription,versed,Beauty Basics Wales
116500,134392,46223,reviews,TreatmentName,Sculptra,Mills Medical Services - Leeds
117036,134408,47059,reviews,TreatmentName,Botox,TLC - Leicestershire
117189,134591,134591,clinics,longdescription,versed,Renee Clinic
117209,134611,998129,clinics_services,Description,depen,D.S.Prosthetic & Orthotic Rehab Clinic
117523,135018,948997,clinics_services,Description,Botox,Body Silk Clinic
117690,135204,46332,reviews,ClinicsResponse,Yasmin,Elm Court Clinic
117690,135204,56034,reviews,TEXT,Yasmin,Elm Court Clinic
117748,135272,135272,clinics,longdescription,antara,CBC. Beauty care
117859,135398,46734,reviews,TreatmentName,Sculptra,The Lovely Clinic
117892,135431,758125,leadfeedback,Comments,propecia,Hair Restoration Blackrock
118318,135929,522982,leadfeedback,Comments,botox,New Town Skin Repair Clinic
118336,135947,135947,clinics,name,Naltrexone,Naltrexone Ireland
118403,136016,46729,reviews,TreatmentName,Botox,Kingdom Aesthetics
118403,136016,46747,reviews,TreatmentName,botox,Kingdom Aesthetics
118403,136016,46782,reviews,TreatmentName,Botox,Kingdom Aesthetics
118403,136016,46787,reviews,TreatmentName,Botox,Kingdom Aesthetics
118435,136051,52711,reviews,TreatmentName,Botox,Body & Beauty Studio
118701,136336,136336,clinics,Address2,Artane,Dr John Taylor
118748,136387,63216,reviews,TEXT,Finasteride,Transest Hair Transplant
118750,136389,51987,reviews,TreatmentName,Botox,My Bliss Clinic
119053,136725,638614,leadfeedback,Comments,botox,Aequabis Medispa
93293,137106,137106,clinics,Address2,Doral,Tabash Dentistry - Florida
118496,137248,1808570,Clinic_ProcedurePricing,treatment,Rotarix,Healthsprings Medical Clinic
119556,137360,183762,Staffs,BioHTML,Fluorouracil,Op.Dr. Ömer Buhşem
119621,137465,54019,reviews,TreatmentName,juvederm,Call Lane Aesthetics
119614,137486,1818104,Clinic_ProcedurePricing,treatment,BOTOX,Jumeirah Dr.Amina Al Amiri's Clinic
119680,137559,47086,reviews,TreatmentName,botulinum toxin,Dr BK The Ultimate Dental and Medical Aesthetics Clinic
119680,137559,47384,reviews,TreatmentName,Botox,Dr BK The Ultimate Dental and Medical Aesthetics Clinic
119838,137853,54812,reviews,TreatmentName,juvederm,Dr Kamal Bhana Specialist Dermatologist
119981,138048,45731,reviews,TreatmentName,Botox,Dr Shazeya Aesthetic Clinician
120200,138397,391340,leadfeedback,Comments,Yasmin,Nu-Follica Hair Clinics - Johannesberg
120219,138432,59663,reviews,TreatmentName,botox,Cosmetic Surgery Cyprus
16069,139203,3222259,Clinic_ProcedurePricing,treatment,Finasteride,BERGMANN KORD - Thessaloniki
120708,139236,58460,reviews,TreatmentName,Botox,Da Vinci Clinic
120800,139355,51681,reviews,ClinicsResponse,Yasmin,Dublin Skin and Laser Clinic
120913,139536,54942,reviews,TreatmentName,Botox,Skin Secrets
120915,139540,47180,reviews,TreatmentName,Botox,Rejuvenate Clinics
120982,139648,2065684,Clinic_ProcedurePricing,details,microderm,Harmony Health & Beauty
121019,139711,139711,clinics,Address1,Sular,Inter Estetik
121213,139963,139963,clinics,Address1,Yasmin,Prof. Dr. Deniz İŞCEN
121537,140378,140378,clinics,Address1,Beyaz,Gaziantep Ortodonti Kliniğine
121788,140733,50058,reviews,TreatmentName,Botox,Dr. Gabriela Aguilar
121788,140733,57233,reviews,TreatmentName,botox,Dr. Gabriela Aguilar
121788,140733,57237,reviews,TreatmentName,botox,Dr. Gabriela Aguilar
121946,140984,52621,reviews,TEXT,TwinRix,Saudi German Hospital - Jeddah
121946,140989,634642,leadfeedback,Comments,Tegretol,Saudi German Hospital - Madinah
121984,141032,63214,reviews,TEXT,heparin,Cellular Treatments India
122222,141314,53873,reviews,TreatmentName,botox,Dr. Ashraf Abolfotooh Plastic & Reconstructive Surgery Clinic
122241,141336,54762,reviews,TEXT,Sculptra,DrHB Clinic
122241,141336,54762,reviews,TreatmentName,Sculptra,DrHB Clinic
122241,141336,58743,reviews,TreatmentName,Botox,DrHB Clinic
122241,141336,58740,reviews,TEXT,Sculptra,DrHB Clinic
122241,141336,58740,reviews,TreatmentName,Sculptra,DrHB Clinic
122241,141336,56783,reviews,TreatmentName,Botox,DrHB Clinic
122241,141336,56783,reviews,TreatmentName,Sculptra,DrHB Clinic
122241,141336,56695,reviews,TreatmentName,Botox,DrHB Clinic
122241,141336,56295,reviews,TreatmentName,botox,DrHB Clinic
122241,141336,56287,reviews,TreatmentName,Botox,DrHB Clinic
122241,141336,56276,reviews,TreatmentName,Botox,DrHB Clinic
122241,141336,56276,reviews,TreatmentName,sculptra,DrHB Clinic
122241,141336,54934,reviews,TreatmentName,Sculptra,DrHB Clinic
122241,141336,62304,reviews,TreatmentName,Botox,DrHB Clinic
122241,141336,62304,reviews,TreatmentName,Sculptra,DrHB Clinic
122241,141336,58738,reviews,TreatmentName,Sculptra,DrHB Clinic
121788,141359,58389,reviews,TreatmentName,botox,Dr. Gabriela Aguilar - Leeds
122380,141566,141566,clinics,Address2,Artane,AcuRelief Acupuncture
122381,141567,141567,clinics,Address1,Artane,Physicare Bodywork Therapy
122757,142061,49058,reviews,TreatmentName,Botox,Premier Clinic Taman Tun Dr Ismail
122757,142061,49209,reviews,TreatmentName,botox,Premier Clinic Taman Tun Dr Ismail
122757,142061,50739,reviews,TreatmentName,Sculptra,Premier Clinic Taman Tun Dr Ismail
122757,142061,49011,reviews,TreatmentName,Botox,Premier Clinic Taman Tun Dr Ismail
96810,142572,1097876,clinics_services,Description,Botox,Therapie Clinic Malahide
96810,142573,1097906,clinics_services,Description,Botox,Therapie Clinic Waterford
96810,142574,1097826,clinics_services,Description,Botox,Therapie Clinic Cork
96810,142575,1097866,clinics_services,Description,Botox,Therapie Clinic Limerick
96810,142576,1097856,clinics_services,Description,Botox,Therapie Clinic Galway
96810,142577,1097806,clinics_services,Description,Botox,Therapie Clinic Athlone
123142,142586,47915,reviews,TreatmentName,Botox,Age Refined Medical Cosmetic Centre
123142,142586,47920,reviews,TreatmentName,botox,Age Refined Medical Cosmetic Centre
123166,142610,60307,reviews,TreatmentName,Sculptra,Skinqure Leeds Clinic
123488,143062,66805,reviews,TEXT,versed,Bites and Braces
123891,143659,48051,reviews,TreatmentName,botox,Eternal Youth Nurse Led Aesthetics Clinic
123891,143659,49327,reviews,TreatmentName,Botox,Eternal Youth Nurse Led Aesthetics Clinic
123947,143754,51851,reviews,TreatmentName,Botox,London Professional Aesthetics
123947,143754,54844,reviews,TreatmentName,Botox,London Professional Aesthetics
123947,143754,62196,reviews,TreatmentName,Botox,London Professional Aesthetics
123947,143754,65227,reviews,TreatmentName,Botox,London Professional Aesthetics
123947,143754,50704,reviews,TreatmentName,Botox,London Professional Aesthetics
123947,143754,50893,reviews,TreatmentName,Botox,London Professional Aesthetics
123947,143754,50901,reviews,TreatmentName,Botox,London Professional Aesthetics
123947,143754,51110,reviews,TreatmentName,botox,London Professional Aesthetics
123947,143754,56818,reviews,TreatmentName,Botox,London Professional Aesthetics
123947,143754,59441,reviews,TreatmentName,botox,London Professional Aesthetics
123947,143754,62194,reviews,TreatmentName,Botox,London Professional Aesthetics
123947,143754,62209,reviews,TreatmentName,botox,London Professional Aesthetics
123947,143754,62554,reviews,TreatmentName,Botox,London Professional Aesthetics
123947,143754,62818,reviews,TreatmentName,Botox,London Professional Aesthetics
123947,143754,63557,reviews,TreatmentName,Botox,London Professional Aesthetics
123947,143754,63559,reviews,TreatmentName,Botox,London Professional Aesthetics
123947,143754,63597,reviews,TreatmentName,Botox,London Professional Aesthetics
123947,143754,64381,reviews,TreatmentName,Botox,London Professional Aesthetics
123947,143754,65259,reviews,TreatmentName,Botox,London Professional Aesthetics
124098,143978,634646,leadfeedback,Comments,Tegretol,United Doctors Hospital
124160,144061,540745,leadfeedback,Comments,Botox,AZ Sint-Jan - Brugges
124842,145080,193552,Staffs,BioHTML,Botox,Aesthetic Centre Tremoille
124842,145080,193553,Staffs,BioHTML,Botox,Aesthetic Centre Tremoille
124842,145080,193554,Staffs,BioHTML,Botox,Aesthetic Centre Tremoille
125119,145452,1061019,clinics_services,Description,Botox,Dr Kamil Alrustom Skin and Laser Centre
125212,145587,145587,clinics,longdescription,GARDASIL,Klinik Bangsar South
125549,145968,677055,leadfeedback,Comments,EYLEA,Optical Express
125549,145968,677055,leadfeedback,Comments,Lucentis,Optical Express
126258,147034,147034,clinics,longdescription,allay,Dr Karnik' Eye Clinic
16442,147822,55183,reviews,TreatmentName,Botox,The White Smile Clinic South County Dublin
126914,148021,666801,leadfeedback,Comments,Prevnar 13,MedConsult Clinic
127903,149825,51791,reviews,TreatmentName,Botox,Amara Aesthetics
128068,150144,198998,Staffs,BioHTML,BOTOX,Roberts Cosmetic Surgery Center
128068,150144,198998,Staffs,BioHTML,Dysport,Roberts Cosmetic Surgery Center
128068,150144,198998,Staffs,BioHTML,Juvederm,Roberts Cosmetic Surgery Center
128158,150316,199192,Staffs,BioHTML,Sculptra,Central Texas Dermatology
128158,150316,199193,Staffs,BioHTML,BOTOX,Central Texas Dermatology
128158,150316,199193,Staffs,BioHTML,Juvederm,Central Texas Dermatology
128158,150316,199193,Staffs,BioHTML,Sculptra,Central Texas Dermatology
128258,150456,2259207,Clinic_ProcedurePricing,details,Perlane,Peter Fisher M.D.
128258,150456,2259207,Clinic_ProcedurePricing,details,Restylane,Peter Fisher M.D.
128262,150460,2259256,Clinic_ProcedurePricing,details,hyaluronidase,Texas Facial Plastic Surgery and ENT
128262,150460,2259256,Clinic_ProcedurePricing,details,Perlane,Texas Facial Plastic Surgery and ENT
128262,150460,2259256,Clinic_ProcedurePricing,details,Restylane,Texas Facial Plastic Surgery and ENT
128263,150461,2259385,Clinic_ProcedurePricing,details,BOTOX,Dr. Stuart Lipton MD
128742,151146,65156,reviews,TEXT,allay,Suffolk Skin Clinic
129009,151531,51991,reviews,TreatmentName,Botox,Clinic Neo
129895,152861,281819,Staffs,BioHTML,botox,ВИТА ЕСТЕТИК ЦЕНТЪР
130584,153781,204154,Staffs,BioHTML,Mirena,Debrecen Nőgyógyászat
131139,154461,54147,reviews,TEXT,botox,Suite 7 Cosmetic Clinic
131139,154461,54147,reviews,TreatmentName,Botox,Suite 7 Cosmetic Clinic
126656,154889,154889,clinics,longdescription,Testosterone,The Bedside Manner
132140,155727,59511,reviews,TreatmentName,botox,Kent and Surrey Aesthetics
132377,156068,156068,clinics,longdescription,Hydrocodone,El Vigia
132377,156068,156068,clinics,longdescription,Methadone,El Vigia
132377,156068,156068,clinics,longdescription,Morphine,El Vigia
132377,156068,156068,clinics,longdescription,Oxycodone,El Vigia
132377,156068,156068,clinics,longdescription,OxyContin,El Vigia
132377,156068,156068,clinics,longdescription,Vicodin,El Vigia
133121,156957,62239,reviews,TEXT,Calis,Holident Dental Clinic
133810,158113,2484047,Clinic_ProcedurePricing,treatment,Microderm,The Skin Corrective Centre
133810,158113,2484125,Clinic_ProcedurePricing,treatment,Microderm,The Skin Corrective Centre
134463,159146,58154,reviews,TreatmentName,Botox,Visage Clinic
134463,159146,62635,reviews,TreatmentName,Botox,Visage Clinic
134463,159146,64164,reviews,TreatmentName,Botox,Visage Clinic
134754,159570,63664,reviews,TEXT,allay,Oskar Hair Transplant
134786,159617,64178,reviews,TreatmentName,Botox,Dr. Robin Chok
135343,160533,62237,reviews,TEXT,Botox,Dr Osadowska Clinic
135343,160533,62237,reviews,TreatmentName,Botox,Dr Osadowska Clinic
135343,160533,62235,reviews,TreatmentName,Botox,Dr Osadowska Clinic
135541,160858,612461,leadfeedback,Comments,effient,The Eye Care Centre
34560,162367,54437,reviews,TreatmentName,Botox,Elan Medical Skin Clinic - London
34560,162367,54441,reviews,TreatmentName,Botox,Elan Medical Skin Clinic - London
34560,162367,54447,reviews,TreatmentName,Botox,Elan Medical Skin Clinic - London
34560,162367,57052,reviews,TreatmentName,Botox,Elan Medical Skin Clinic - London
136897,163024,54756,reviews,TEXT,Botox,The Surrey Clinic
136974,163158,215912,Staffs,BioHTML,Botulinum Toxin,Dermatologische Gemeinschaftspraxis
137836,164202,514983,leadfeedback,Comments,gardasil,Dr. Maria Gavrilina Clinic
138331,164840,57703,reviews,TEXT,Botox,Dr.Deon Weyers Practice
138613,165265,59460,reviews,TEXT,sculptra,Renewme Skin Clinic
138613,165265,59460,reviews,TreatmentName,Sculptra,Renewme Skin Clinic
138613,165265,59461,reviews,TEXT,Sculptra,Renewme Skin Clinic
138613,165265,59461,reviews,TreatmentName,Sculptra,Renewme Skin Clinic
138613,165265,59755,reviews,TreatmentName,Restylane,Renewme Skin Clinic
138613,165265,60720,reviews,TreatmentName,botox,Renewme Skin Clinic
96810,166314,1097916,clinics_services,Description,Botox,Therapie Hair Salon Dublin
140701,167984,60277,reviews,TreatmentName,Botox,Moawad Skin Institute Cairo
140701,167984,60280,reviews,TreatmentName,Botox,Moawad Skin Institute Cairo
140907,168245,60509,reviews,TreatmentName,botox,Derma Health
141234,168713,168713,clinics,City,Doral,Prana Health
141443,169003,169003,clinics,City,Doral,Eve Women's Centers
141569,169177,57724,reviews,TreatmentName,botox,1300 SAMARA
141569,169177,57725,reviews,TreatmentName,botox,1300 SAMARA
141642,169265,169265,clinics,City,Doral,Pierini Esthetic Surgery
141797,169486,169486,clinics,City,Doral,Acebo Health Center
143156,171343,65181,reviews,TreatmentName,Dysport,Estrella Aesthetics
145150,174097,61246,reviews,TreatmentName,Botox,Delph Aesthetics
145150,174097,61247,reviews,TreatmentName,Botox,Delph Aesthetics
145150,174097,61249,reviews,TreatmentName,Botox,Delph Aesthetics
145335,174384,58028,reviews,TreatmentName,Botox,Himerus Skin
148853,179082,179082,clinics,Address1,Arava,Levitas Fertility And IVF Israel
149916,180447,180447,clinics,Address1,Doral,TuOdontologa.com
151561,182681,60998,reviews,TreatmentName,Botox,Littlemiss Cosmetic
151561,182681,63978,reviews,TreatmentName,Botox,Littlemiss Cosmetic
151561,182681,64746,reviews,TreatmentName,Botox,Littlemiss Cosmetic
111515,185017,64230,reviews,TreatmentName,Botox,Facial Aesthetics - Chelmsford
111515,185017,64232,reviews,TreatmentName,Botox,Facial Aesthetics - Chelmsford
153896,186007,63790,reviews,TreatmentName,Botox,Penarth Aesthetics
154354,186588,186588,clinics,City,Doral,Avoid the Knife
154526,186824,186824,clinics,City,Doral,DermaLaser Med Spa
154556,186904,186904,clinics,City,Doral,Oasis Dream Spa
154580,186939,186939,clinics,City,Doral,Aromas MedSpa
154447,186940,186940,clinics,City,Doral,Advanced Dermartology And Cosmetic Surgery-Dr. Schif
157120,190347,190347,clinics,City,Doral,Dr. Victoria Garcia and Associates
157327,190628,190628,clinics,City,Doral,Dentist Miami Concierge Dentistry of Florida
157632,190994,190994,clinics,City,Doral,Smile Studio
159817,193795,63412,reviews,TreatmentName,Botox,Time Line Clinic
159817,193795,64565,reviews,TreatmentName,Botox,Time Line Clinic
159817,193795,64592,reviews,TreatmentName,Botox,Time Line Clinic
159817,193795,65014,reviews,TreatmentName,Botox,Time Line Clinic
160839,195054,64183,reviews,TreatmentName,botox,Array Aesthetics
160839,195054,64783,reviews,TreatmentName,botox,Array Aesthetics
96810,196783,1097846,clinics_services,Description,Botox,Therapie Clinic Kildare
96810,196786,1097816,clinics_services,Description,Botox,Therapie Clinic Belfast
96810,196787,1097836,clinics_services,Description,Botox,Therapie Clinic Derry
96810,196790,1097886,clinics_services,Description,Botox,Therapie Clinic Newry
96810,196792,1097896,clinics_services,Description,Botox,Therapie Clinic Sligo
164569,200781,55529,reviews,TreatmentName,Botox,LaNu MediSpa
115271,203903,3506646,Clinic_ProcedurePricing,treatment,Retin A,Skinhealth Spa - Nantwich
115271,203903,3506647,Clinic_ProcedurePricing,treatment,Retin A,Skinhealth Spa - Nantwich
168606,206497,52324,reviews,TreatmentName,Botox,Doctor Saran
168696,206650,280994,Staffs,BioHTML,Botox,Bahria Town Hospital
168748,206708,281153,Staffs,BioHTML,Botox,Dr. Acky Friedman - Dermatology and Aesthetics
168790,206801,206801,clinics,longdescription,Testosterone,Dr. Tan & Partners @ Scotts
168790,206801,281567,Staffs,BioHTML,versed,Dr. Tan & Partners @ Scotts
