132140,155727,59511,reviews,TreatmentName,botox,Kent and Surrey Aesthetics
132377,156068,156068,clinics,longdescription,Hydrocodone,El Vigia
132377,156068,156068,clinics,longdescription,Methadone,El Vigia
132377,156068,156068,clinics,longdescription,Morphine,El Vigia
132377,156068,156068,clinics,longdescription,Oxycodone,El Vigia
132377,156068,156068,clinics,longdescription,OxyContin,El Vigia
132377,156068,156068,clinics,longdescription,Vicodin,El Vigia
133121,156957,62239,reviews,TEXT,Calis,Holident Dental Clinic
133810,158113,2484047,Clinic_ProcedurePricing,treatment,Microderm,The Skin Corrective Centre
133810,158113,2484125,Clinic_ProcedurePricing,treatment,Microderm,The Skin Corrective Centre
134463,159146,58154,reviews,TreatmentName,Botox,Visage Clinic
134463,159146,62635,reviews,TreatmentName,Botox,Visage Clinic
134463,159146,64164,reviews,TreatmentName,Botox,Visage Clinic
134754,159570,63664,reviews,TEXT,allay,Oskar Hair Transplant
134786,159617,64178,reviews,TreatmentName,Botox,Dr. Robin Chok
135343,160533,62237,reviews,TEXT,Botox,Dr Osadowska Clinic
135343,160533,62237,reviews,TreatmentName,Botox,Dr Osadowska Clinic
135343,160533,62235,reviews,TreatmentName,Botox,Dr Osadowska Clinic
135541,160858,612461,leadfeedback,Comments,effient,The Eye Care Centre
34560,162367,54437,reviews,TreatmentName,Botox,Elan Medical Skin Clinic - London
34560,162367,54441,reviews,TreatmentName,Botox,Elan Medical Skin Clinic - London
34560,162367,54447,reviews,TreatmentName,Botox,Elan Medical Skin Clinic - London
34560,162367,57052,reviews,TreatmentName,Botox,Elan Medical Skin Clinic - London
136897,163024,54756,reviews,TEXT,Botox,The Surrey Clinic
136974,163158,215912,Staffs,BioHTML,Botulinum Toxin,Dermatologische Gemeinschaftspraxis
137836,164202,514983,leadfeedback,Comments,gardasil,Dr. Maria Gavrilina Clinic
138331,164840,57703,reviews,TEXT,Botox,Dr.Deon Weyers Practice
138613,165265,59460,reviews,TEXT,sculptra,Renewme Skin Clinic
138613,165265,59460,reviews,TreatmentName,Sculptra,Renewme Skin Clinic
138613,165265,59461,reviews,TEXT,Sculptra,Renewme Skin Clinic
138613,165265,59461,reviews,TreatmentName,Sculptra,Renewme Skin Clinic
138613,165265,59755,reviews,TreatmentName,Restylane,Renewme Skin Clinic
138613,165265,60720,reviews,TreatmentName,botox,Renewme Skin Clinic
96810,166314,1097916,clinics_services,Description,Botox,Therapie Hair Salon Dublin
140701,167984,60277,reviews,TreatmentName,Botox,Moawad Skin Institute Cairo
140701,167984,60280,reviews,TreatmentName,Botox,Moawad Skin Institute Cairo
140907,168245,60509,reviews,TreatmentName,botox,Derma Health
141234,168713,168713,clinics,City,Doral,Prana Health
141443,169003,169003,clinics,City,Doral,Eve Women's Centers
141569,169177,57724,reviews,TreatmentName,botox,1300 SAMARA
141569,169177,57725,reviews,TreatmentName,botox,1300 SAMARA
141642,169265,169265,clinics,City,Doral,Pierini Esthetic Surgery
141797,169486,169486,clinics,City,Doral,Acebo Health Center
143156,171343,65181,reviews,TreatmentName,Dysport,Estrella Aesthetics
145150,174097,61246,reviews,TreatmentName,Botox,Delph Aesthetics
145150,174097,61247,reviews,TreatmentName,Botox,Delph Aesthetics
145150,174097,61249,reviews,TreatmentName,Botox,Delph Aesthetics
145335,174384,58028,reviews,TreatmentName,Botox,Himerus Skin
148853,179082,179082,clinics,Address1,Arava,Levitas Fertility And IVF Israel
149916,180447,180447,clinics,Address1,Doral,TuOdontologa.com
