151561,182681,60998,reviews,TreatmentName,Botox,Littlemiss Cosmetic
151561,182681,63978,reviews,TreatmentName,Botox,Littlemiss Cosmetic
151561,182681,64746,reviews,TreatmentName,Botox,Littlemiss Cosmetic
111515,185017,64230,reviews,TreatmentName,Botox,Facial Aesthetics - Chelmsford
111515,185017,64232,reviews,TreatmentName,Botox,Facial Aesthetics - Chelmsford
153896,186007,63790,reviews,TreatmentName,Botox,Penarth Aesthetics
154354,186588,186588,clinics,City,Doral,Avoid the Knife
154526,186824,186824,clinics,City,Doral,DermaLaser Med Spa
154556,186904,186904,clinics,City,Doral,Oasis Dream Spa
154580,186939,186939,clinics,City,Doral,Aromas MedSpa
154447,186940,186940,clinics,City,Doral,Advanced Dermartology And Cosmetic Surgery-Dr. Schif
157120,190347,190347,clinics,City,Doral,Dr. Victoria Garcia and Associates
157327,190628,190628,clinics,City,Doral,Dentist Miami Concierge Dentistry of Florida
157632,190994,190994,clinics,City,Doral,Smile Studio
159817,193795,63412,reviews,TreatmentName,Botox,Time Line Clinic
159817,193795,64565,reviews,TreatmentName,Botox,Time Line Clinic
159817,193795,64592,reviews,TreatmentName,Botox,Time Line Clinic
159817,193795,65014,reviews,TreatmentName,Botox,Time Line Clinic
160839,195054,64183,reviews,TreatmentName,botox,Array Aesthetics
160839,195054,64783,reviews,TreatmentName,botox,Array Aesthetics
96810,196783,1097846,clinics_services,Description,Botox,Therapie Clinic Kildare
96810,196786,1097816,clinics_services,Description,Botox,Therapie Clinic Belfast
96810,196787,1097836,clinics_services,Description,Botox,Therapie Clinic Derry
96810,196790,1097886,clinics_services,Description,Botox,Therapie Clinic Newry
96810,196792,1097896,clinics_services,Description,Botox,Therapie Clinic Sligo
164569,200781,55529,reviews,TreatmentName,Botox,LaNu MediSpa
115271,203903,3506646,Clinic_ProcedurePricing,treatment,Retin A,Skinhealth Spa - Nantwich
115271,203903,3506647,Clinic_ProcedurePricing,treatment,Retin A,Skinhealth Spa - Nantwich
168606,206497,52324,reviews,TreatmentName,Botox,Doctor Saran
168696,206650,280994,Staffs,BioHTML,Botox,Bahria Town Hospital
168748,206708,281153,Staffs,BioHTML,Botox,Dr. Acky Friedman - Dermatology and Aesthetics
168790,206801,206801,clinics,longdescription,Testosterone,Dr. Tan & Partners @ Scotts
168790,206801,281567,Staffs,BioHTML,versed,Dr. Tan & Partners @ Scotts
