111423,126479,126479,clinics,shortdescription,viagra,Chinese Medicine Center
111423,126479,126479,clinics,shortdescription,Herbal viagra,Chinese Medicine Center
111423,126479,126479,clinics,shortdescription,Herbal viagra,Chinese Medicine Center
111426,126482,126482,clinics,Address1,M1,Botello Dental Center
94666,126491,126491,clinics,shortdescription,Sculptra,sk:n clinics - Sheffield Crystal Peaks
111480,126573,126573,clinics,longdescription,body shaping,Freshface Clinic Pyrmont
111480,126574,126574,clinics,longdescription,body shaping,Freshface Clinic Drummoyne
93577,126872,126872,clinics,Address1,Hawthorn,H J Wheeldon Ltd Wilmslow
93084,127036,127036,clinics,shortdescription,body shaping,Atelier Cosmetic Plastic and Laser Clinic-N Dehli
93084,127036,127036,clinics,longdescription,body shaping,Atelier Cosmetic Plastic and Laser Clinic-N Dehli
85753,127258,127258,clinics,Address2,Hawthorn,Bodyline Clinic - Wilmslow Clinic
112349,128156,128156,clinics,City,Hawthorn,Tendler Dental
112375,128184,128184,clinics,City,Hawthorn,Gentle Dental
113151,129485,129485,clinics,longdescription,M1,Northampton Medical Services
113475,129899,129899,clinics,longdescription,body shaping,April.31st Aesthetic Plastic Surgery Clinic
113501,129927,129927,clinics,longdescription,Body Shaping,It Figures Facial and Slimming Salon Makati Branch
94876,130077,130077,clinics,Address1,Hawthorn,myskindesign -Wilmslow
113656,130146,130146,clinics,PostalCode,M1,Ocean Dental
91223,130368,130368,clinics,PostalCode,M1,Colonic Clinics - Manchester
114311,131002,131002,clinics,PostalCode,M1,Lily Hair and Beauty Salon
114496,131212,131212,clinics,PostalCode,M1,Macdonald Manchester
114589,131335,131335,clinics,shortdescription,Sculptra,Smileworks
114637,131395,131395,clinics,longdescription,body slimming,Enlighten Laser Skin Care Spa  Rothesay
114702,131469,131469,clinics,longdescription,electricity,Biothecare Estetika Richmond
114903,131763,131763,clinics,longdescription,M1,Dr Sachin Bawa
114818,131790,131790,clinics,Address2,Hawthorn,Therapyworks Pontypridd
114979,131882,131882,clinics,longdescription,body shaping,Wimpole Aesthetics Vaser Lipo Clinic
115080,132139,132139,clinics,longdescription,Hawthorn,Envisage Skin and Body
115080,132139,132139,clinics,City,Hawthorn,Envisage Skin and Body
115296,132380,132380,clinics,longdescription,Hawthorn,Refine Skin Laser
115296,132380,132380,clinics,City,Hawthorn,Refine Skin Laser
115324,132408,132408,clinics,Address2,Hawthorn,Ken Hurst-Earl at Wellbeing
115329,132413,132413,clinics,longdescription,Body slimming,Elite Style Polyclinic
115355,132441,132441,clinics,shortdescription,Testosterone,Maximum Performance Wellness Center
115785,132947,132947,clinics,longdescription,reduce weight,Royalway Weight Loss Clinic
115976,133128,133128,clinics,Address2,M1,Physio Performance
116068,133245,133245,clinics,shortdescription,Body Slimming,Aruba Beauty and Body Treatments
116221,133437,133437,clinics,longdescription,72 hours,Health Tour
116221,133437,133437,clinics,longdescription,72 hours,Health Tour
116431,133723,133723,clinics,longdescription,versed,Skin Art Clinic
116665,133994,133994,clinics,longdescription,body shaping,Aesthetic Expert
116894,134244,134244,clinics,longdescription,body slimming,Essential Beauty
117188,134590,134590,clinics,PostalCode,M1,Reuben Wood Creatives - Manchester 2
117189,134591,134591,clinics,longdescription,versed,Renee Clinic
117231,134633,134633,clinics,PostalCode,M1,Nicky Oliver Hairdressing
117442,134930,134930,clinics,longdescription,Body Shaping,Bionix Body Designers
117907,135446,135446,clinics,shortdescription,Hawthorn,Total Denture Care
117907,135446,135446,clinics,longdescription,Hawthorn,Total Denture Care
118116,135688,135688,clinics,longdescription,Hawthorn,Easy denture clinic
118116,135688,135688,clinics,City,Hawthorn,Easy denture clinic
118614,136241,136241,clinics,PostalCode,M1,Perfection Manchester
119613,137435,137435,clinics,Address1,M1,Flawless Aesthetic Clinic - Trinoma
119990,138069,138069,clinics,longdescription,body slimming,Omarosa Beauty & Laser Clinic
119229,138084,138084,clinics,PostalCode,M1,Stevenson Square Dental Centre
120038,138156,138156,clinics,longdescription,Body shaping,Spring Med Spa
120259,138472,138472,clinics,longdescription,reduce weight,Cirugia de Obesidad Occimedgroup
120591,138966,138966,clinics,Address1,Electricity,Quay Kinetics - Physio & Sports Injury Clinic
120913,139536,139536,clinics,shortdescription,body slimming,Skin Secrets
120913,139536,139536,clinics,longdescription,body slimming,Skin Secrets
121181,139929,139929,clinics,Address1,Hawthorn,St Michael's Song of Souls School for the Spirit
121275,140050,140050,clinics,longdescription,acceleration,Cryo-U&K Ltd
121297,140072,140072,clinics,longdescription,reduce weight,Prof.Dr Guner Ogunc
121557,140402,140402,clinics,longdescription,electricity,Blossom Physiotherapy Clinic
123077,142469,142469,clinics,PostalCode,M1,Manchester Pregnancy Advisory
123410,142961,142961,clinics,Address1,APL,Back Up Rehab Centre
123410,142961,142961,clinics,Address1,APL,Back Up Rehab Centre
123605,143231,143231,clinics,City,Tren,Sure Clinic
123941,143728,143728,clinics,longdescription,72 hours,MyMind
123941,143728,143728,clinics,longdescription,72 hours,MyMind
124432,144440,144440,clinics,longdescription,rage,Dr. Claudine Samuel
125214,145597,145597,clinics,longdescription,APL,Totalcare
125214,145597,145597,clinics,longdescription,APL,Totalcare
127186,148534,148534,clinics,name,Body Shaping,I-lipo Weight Loss and Body Shaping
127632,149307,149307,clinics,longdescription,reduce weight,Body Shape Obesity & Metabolism Management Clinic in Reynosa
128179,150348,150348,clinics,longdescription,reduce weight,Weight Loss Clinics Of America
128557,150866,150866,clinics,longdescription,Hawthorn,Ink Undone Laser Tattoo Removal
109063,154629,154629,clinics,longdescription,body slimming,New Me Absolute Beauty
109063,154631,154631,clinics,longdescription,body slimming,New Me Pure Bliss
109063,154632,154632,clinics,longdescription,body slimming,New Me Complete Beauty
109063,154633,154633,clinics,longdescription,body slimming,New Me Beautonic beauty salon and The spa
109063,154634,154634,clinics,longdescription,body slimming,New Me Hide Hair & Beauty
109063,154635,154635,clinics,longdescription,body slimming,New Me In The Pink
131536,154951,154951,clinics,Address2,Hawthorn,LSB Beauty & Skincare
