clinic_id 168 got match tetracycline === > longdescription
clinic_id 168 got match tetracycline === > longdescription
clinic_id 168 got match tetracycline === > longdescription
,168,longdescription,tetracycline
223,168,longdescription,tetracycline
,168,longdescription,tetracycline
,168,longdescription,tetracycline
,168,longdescription,tetracycline
,168,longdescription,tetracycline
,168,longdescription,tetracycline
223,168,longdescription,tetracycline
223,168,longdescription,tetracycline
452,393,longdescription,Interferon
223,168,longdescription,tetracycline
223,168,clinics.longdescription,tetracycline
223,168,clinics,longdescription,tetracycline
452,393,clinics,longdescription,Interferon
796,635,clinics,longdescription,Rubidium
816,652,clinics,longdescription,versed
973,809,clinics,longdescription,versed
1034,870,clinics,longdescription,Valium
223,168,clinics,longdescription,tetracycline
223,168,clinics,longdescription,tetracycline
452,393,clinics,longdescription,Interferon
223,168,clinics,longdescription,tetracycline
452,393,clinics,longdescription,Interferon
223,168,clinics,longdescription,tetracycline
223,168,clinics,longdescription,tetracycline
452,393,clinics,longdescription,Interferon
223,168,clinics,longdescription,tetracycline
452,393,clinics,longdescription,Interferon
796,635,clinics,longdescription,Rubidium
816,652,clinics,longdescription,versed
973,809,clinics,longdescription,versed
223,168,clinics,longdescription,tetracycline
452,393,clinics,longdescription,Interferon
796,635,clinics,longdescription,Rubidium
816,652,clinics,longdescription,versed
973,809,clinics,longdescription,versed
1034,870,clinics,longdescription,Valium
1176,1012,clinics,longdescription,meth
23061,1065,clinics,longdescription,Chlorhexidine
2109,1945,clinics,longdescription,versed
223,168,clinics,longdescription,tetracycline
452,393,clinics,longdescription,Interferon
796,635,clinics,longdescription,Rubidium
816,652,clinics,longdescription,versed
973,809,clinics,longdescription,versed
1034,870,clinics,longdescription,Valium
1176,1012,clinics,longdescription,meth
23061,1065,clinics,longdescription,Chlorhexidine
2109,1945,clinics,longdescription,versed
4930,4764,clinics,longdescription,Sculptra
4939,4773,clinics,longdescription,Sculptra
5336,5170,clinics,shortdescription,amoxicillin
6581,6415,clinics,longdescription,Yasmin
6635,6469,clinics,longdescription,Sculptra
223,168,clinics,longdescription,tetracycline
452,393,clinics,longdescription,Interferon
796,635,clinics,longdescription,Rubidium
816,652,clinics,longdescription,versed
973,809,clinics,longdescription,versed
1034,870,clinics,longdescription,Valium
1176,1012,clinics,longdescription,meth
23061,1065,clinics,longdescription,Chlorhexidine
2109,1945,clinics,longdescription,versed
3445588,clinics_procedurepricing,treatment,abatacept
3445588,clinics_procedurepricing,treatment,abatacept
3445588,clinics_procedurepricing,treatment,abatacept
3445588,clinics_procedurepricing,treatment,abatacept
3445588,clinics_procedurepricing,treatment,abatacept
3445588,clinics_procedurepricing,treatment,abatacept
3445588,clinics_procedurepricing,treatment,abatacept
3445588,clinics_procedurepricing,treatment,abatacept
3445588,clinics_procedurepricing,details,abatacept
168,clinics,longdescription,tetracycline
4682,clinics_procedurepricing,details,Metronidazole
393,clinics,longdescription,Interferon
168,clinics,longdescription,tetracycline
4682,clinics_procedurepricing,details,Metronidazole
393,clinics,longdescription,Interferon
168,clinics,longdescription,tetracycline
4682,clinics_procedurepricing,details,Metronidazole
393,clinics,longdescription,Interferon
635,clinics,longdescription,Rubidium
11547,clinics_procedurepricing,details,tetracycline
652,clinics,longdescription,versed
168,clinics,longdescription,tetracycline
4682,clinics_procedurepricing,details,Metronidazole
168,clinics,longdescription,tetracycline
4682,clinics_procedurepricing,details,Metronidazole
393,clinics,longdescription,Interferon
168,168,clinics,longdescription,tetracycline
204,4682,clinics_procedurepricing,details,Metronidazole
393,393,clinics,longdescription,Interferon
635,635,clinics,longdescription,Rubidium
646,11547,clinics_procedurepricing,details,tetracycline
652,652,clinics,longdescription,versed
809,809,clinics,longdescription,versed
870,870,clinics,longdescription,Valium
916,17138,clinics_procedurepricing,details,tetracycline
939,17604,clinics_procedurepricing,details,Tetracycline
993,18269,clinics_procedurepricing,details,estradiol
1007,18610,clinics_procedurepricing,details,tetracycline
1012,1012,clinics,longdescription,meth
1062,19604,clinics_procedurepricing,details,tetracycline
1062,1772492,clinics_procedurepricing,details,tetracycline
1065,1065,clinics,longdescription,Chlorhexidine
126990,3445588,clinics_procedurepricing,treatment,abatacept
126990,3445588,clinics_procedurepricing,details,abatacept
126990,3445588,clinics_procedurepricing,treatment,abatacept
126990,3445588,clinics_procedurepricing,details,abatacept
126990,3445588,clinics_procedurepricing,treatment,abatacept
126990,3445588,clinics_procedurepricing,details,abatacept
126990,3445588,clinics_procedurepricing,treatment,abatacept
126990,3445588,clinics_procedurepricing,details,abatacept
126990,3445588,clinics_procedurepricing,treatment,abatacept
126990,3445588,clinics_procedurepricing,details,abatacept
126990,3445588,clinics_procedurepricing,treatment,abatacept
126990,3445588,clinics_procedurepricing,details,abatacept
126990,3445588,clinics_procedurepricing,treatment,abatacept
126990,3445588,clinics_procedurepricing,details,abatacept
126990,3445588,clinics_procedurepricing,treatment,abatacept
126990,3445588,clinics_procedurepricing,details,abatacept
126990,3445588,clinics_procedurepricing,treatment,abatacept
126990,3445588,clinics_procedurepricing,details,abatacept
126990,3445588,clinics_procedurepricing,treatment,abatacept
126990,3445588,clinics_procedurepricing,details,abatacept
126990,3445588,clinics_procedurepricing,treatment,abatacept
126990,3445588,clinics_procedurepricing,details,abatacept
126990,3445588,clinics_procedurepricing,treatment,abatacept
126990,3445588,clinics_procedurepricing,details,abatacept
126990,3445588,clinics_procedurepricing,treatment,abatacept
126990,3445588,clinics_procedurepricing,details,abatacept
126990,3445588,clinics_procedurepricing,treatment,abatacept
126990,3445588,clinics_procedurepricing,details,abatacept
126990,3445588,clinics_procedurepricing,treatment,abatacept
126990,3445588,clinics_procedurepricing,details,abatacept
126990,3445588,clinics_procedurepricing,treatment,abatacept
126990,3445588,clinics_procedurepricing,details,abatacept
126990,3445588,clinics_procedurepricing,treatment,abatacept
126990,3445588,clinics_procedurepricing,details,abatacept
126990,3445588,clinics_procedurepricing,treatment,abatacept
126990,3445588,clinics_procedurepricing,details,abatacept
126990,3445588,clinics_procedurepricing,treatment,abatacept
126990,3445588,clinics_procedurepricing,details,abatacept
126990,3445588,clinics_procedurepricing,treatment,abatacept
126990,3445588,clinics_procedurepricing,details,abatacept
126990,3445588,clinics_procedurepricing,treatment,abatacept
126990,3445588,clinics_procedurepricing,details,abatacept
126990,3445588,clinics_procedurepricing,treatment,abatacept
126990,3445588,clinics_procedurepricing,details,abatacept
126990,3445588,clinics_procedurepricing,treatment,abatacept
126990,3445588,clinics_procedurepricing,details,abatacept
126990,3445588,clinics_procedurepricing,treatment,abatacept
126990,3445588,clinics_procedurepricing,details,abatacept
126990,3445588,clinics_procedurepricing,treatment,abatacept
126990,3445588,clinics_procedurepricing,details,abatacept
126990,3445588,clinics_procedurepricing,treatment,abatacept
126990,3445588,clinics_procedurepricing,details,abatacept
126990,3445588,clinics_procedurepricing,treatment,abatacept
126990,3445588,clinics_procedurepricing,details,abatacept
126990,3445588,clinics_procedurepricing,treatment,abatacept
126990,3445588,clinics_procedurepricing,details,abatacept
126990,3445588,clinics_procedurepricing,treatment,abatacept
126990,3445588,clinics_procedurepricing,details,abatacept
126990,3445588,clinics_procedurepricing,treatment,abatacept
126990,3445588,clinics_procedurepricing,details,abatacept
126990,3445588,clinics_procedurepricing,treatment,abatacept
126990,3445588,clinics_procedurepricing,details,abatacept
126990,3445588,clinics_procedurepricing,treatment,abatacept
126990,3445588,clinics_procedurepricing,details,abatacept
126990,3445588,clinics_procedurepricing,treatment,abatacept
126990,3445588,clinics_procedurepricing,details,abatacept
126990,3445588,clinics_procedurepricing,treatment,abatacept
126990,3445588,clinics_procedurepricing,details,abatacept
126990,3445588,clinics_procedurepricing,treatment,abatacept
126990,3445588,clinics_procedurepricing,details,abatacept
126990,3445588,clinics_procedurepricing,treatment,abatacept
126990,3445588,clinics_procedurepricing,details,abatacept
126990,3445588,clinics_procedurepricing,treatment,abatacept
126990,3445588,clinics_procedurepricing,details,abatacept
126990,3445588,clinics_procedurepricing,treatment,abatacept
126990,3445588,clinics_procedurepricing,details,abatacept
126990,3445588,clinics_procedurepricing,treatment,abatacept
126990,3445588,clinics_procedurepricing,details,abatacept
126990,3445588,clinics_procedurepricing,treatment,abatacept
126990,3445588,clinics_procedurepricing,details,abatacept
126990,3445588,clinics_procedurepricing,treatment,abatacept
126990,3445588,clinics_procedurepricing,details,abatacept
126990,3445588,clinics_procedurepricing,treatment,abatacept
126990,3445588,clinics_procedurepricing,details,abatacept
126990,3445588,clinics_procedurepricing,treatment,abatacept
126990,3445588,clinics_procedurepricing,details,abatacept
126990,3445588,clinics_procedurepricing,treatment,abatacept
126990,3445588,clinics_procedurepricing,details,abatacept
126990,3445588,clinics_procedurepricing,treatment,abatacept
126990,3445588,clinics_procedurepricing,details,abatacept
126990,3445588,clinics_procedurepricing,treatment,abatacept
126990,3445588,clinics_procedurepricing,details,abatacept
126990,3445588,clinics_procedurepricing,treatment,abatacept
126990,3445588,clinics_procedurepricing,details,abatacept
126990,3445588,clinics_procedurepricing,treatment,abatacept
126990,3445588,clinics_procedurepricing,details,abatacept
126990,3445588,clinics_procedurepricing,treatment,abatacept
126990,3445588,clinics_procedurepricing,details,abatacept
126990,3445588,clinics_procedurepricing,treatment,abatacept
126990,3445588,clinics_procedurepricing,details,abatacept
126990,3445588,clinics_procedurepricing,treatment,abatacept
126990,3445588,clinics_procedurepricing,details,abatacept
126990,3445588,clinics_procedurepricing,treatment,abatacept
126990,3445588,clinics_procedurepricing,details,abatacept
126990,3445588,clinics_procedurepricing,treatment,abatacept
126990,3445588,clinics_procedurepricing,details,abatacept
126990,3445588,clinics_procedurepricing,treatment,abatacept
126990,3445588,clinics_procedurepricing,details,abatacept
126990,3445588,clinics_procedurepricing,treatment,abatacept
126990,3445588,clinics_procedurepricing,details,abatacept
126990,3445588,clinics_procedurepricing,treatment,abatacept
126990,3445588,clinics_procedurepricing,details,abatacept
126990,3445588,clinics_procedurepricing,treatment,abatacept
126990,3445588,clinics_procedurepricing,details,abatacept
126990,3445588,clinics_procedurepricing,treatment,abatacept
126990,3445588,clinics_procedurepricing,details,abatacept
,,staff,BioHTML,lurve
126990,3445588,clinics_procedurepricing,treatment,abatacept
126990,3445588,clinics_procedurepricing,details,abatacept
,,staff,BioHTML,lurve
126990,3445588,clinics_procedurepricing,treatment,abatacept
126990,3445588,clinics_procedurepricing,details,abatacept
,182363,staff,BioHTML,lurve
126990,3445588,clinics_procedurepricing,treatment,abatacept
126990,3445588,clinics_procedurepricing,details,abatacept
126990,3445588,clinics_procedurepricing,treatment,abatacept
126990,3445588,clinics_procedurepricing,details,abatacept
126990,182363,staff,BioHTML,lurve
126990,3445588,clinics_procedurepricing,treatment,abatacept
126990,3445588,clinics_procedurepricing,details,abatacept
126990,3445588,clinics_procedurepricing,treatment,abatacept
126990,3445588,clinics_procedurepricing,details,abatacept
126990,3445588,clinics_procedurepricing,treatment,abatacept
126990,3445588,clinics_procedurepricing,details,abatacept
126990,3445588,clinics_procedurepricing,treatment,abatacept
126990,3445588,clinics_procedurepricing,details,abatacept
126990,3445588,clinics_procedurepricing,treatment,abatacept
126990,3445588,clinics_procedurepricing,details,abatacept
126990,680727,leadfeedback,Comments,test feedback
126990,3445588,clinics_procedurepricing,treatment,abatacept
126990,3445588,clinics_procedurepricing,details,abatacept
126990,680727,leadfeedback,Comments,test feedback
126990,3445588,clinics_procedurepricing,treatment,abatacept
126990,3445588,clinics_procedurepricing,details,abatacept
126990,3445588,clinics_procedurepricing,treatment,abatacept
126990,3445588,clinics_procedurepricing,details,abatacept
126990,3445588,clinics_procedurepricing,treatment,abatacept
126990,3445588,clinics_procedurepricing,details,abatacept
126990,3445588,clinics_procedurepricing,treatment,abatacept
126990,3445588,clinics_procedurepricing,details,abatacept
126990,64016,reviews,TEXT,pants
126990,3445588,clinics_procedurepricing,treatment,abatacept
126990,3445588,clinics_procedurepricing,details,abatacept
126990,3445588,clinics_procedurepricing,treatment,abatacept
126990,3445588,clinics_procedurepricing,details,abatacept
126990,3445588,clinics_procedurepricing,treatment,abatacept
126990,3445588,clinics_procedurepricing,details,abatacept
126990,182363,staff,BioHTML,lurve
126990,3445588,Clinic_ProcedurePricing,treatment,abatacept
126990,3445588,Clinic_ProcedurePricing,details,abatacept
126990,182363,Staffs,BioHTML,lurve
126990,3445588,Clinic_ProcedurePricing,treatment,abatacept
126990,3445588,Clinic_ProcedurePricing,details,abatacept
126990,182363,Staffs,BioHTML,lurve
126990,680727,leadfeedback,Comments,test feedback
126990,3445588,Clinic_ProcedurePricing,treatment,abatacept
126990,3445588,Clinic_ProcedurePricing,details,abatacept
126990,3445588,Clinic_ProcedurePricing,treatment,abatacept
126990,3445588,Clinic_ProcedurePricing,details,abatacept
126990,3445588,Clinic_ProcedurePricing,treatment,abatacept
126990,3445588,Clinic_ProcedurePricing,details,abatacept
14,611231,leadfeedback,Comments,botox
18,279890,Staffs,BioHTML,meth
18,279890,Staffs,LastName,meth
26,26,clinics,longdescription,Dobutamine
178,30192,reviews,TEXT,insulin
204,4682,Clinic_ProcedurePricing,details,Metronidazole
14,611231,leadfeedback,Comments,botox
18,279890,Staffs,BioHTML,meth
18,279890,Staffs,LastName,meth
26,26,clinics,longdescription,Dobutamine
178,30192,reviews,TEXT,insulin
204,4682,Clinic_ProcedurePricing,details,Metronidazole
14,611231,leadfeedback,Comments,botox
18,279890,Staffs,BioHTML,meth
18,279890,Staffs,LastName,meth
26,26,clinics,longdescription,Dobutamine
178,30192,reviews,TEXT,insulin
204,4682,Clinic_ProcedurePricing,details,Metronidazole
14,611231,leadfeedback,Comments,botox
18,279890,Staffs,BioHTML,meth
18,279890,Staffs,LastName,meth
26,26,clinics,longdescription,Dobutamine
14,611231,leadfeedback,Comments,botox
18,279890,Staffs,BioHTML,meth
18,279890,Staffs,LastName,meth
26,26,clinics,longdescription,Dobutamine
178,30192,reviews,TEXT,insulin
204,4682,Clinic_ProcedurePricing,details,Metronidazole
271,62622,reviews,TEXT,effient
393,393,clinics,longdescription,Interferon
441,2427,reviews,TEXT,morphine
463,232370,Staffs,Name,Yazmin
470,54200,reviews,TEXT,Novocain
646,11547,Clinic_ProcedurePricing,details,tetracycline
704,1862,reviews,TEXT,Camila
704,2609,reviews,TEXT,Camila
704,2676,reviews,YouReturn,Camila
704,2637,reviews,YouRecommend,Camila
704,2382,reviews,ClinicsResponse,Camila
704,1545,reviews,TEXT,Camila
704,4793,reviews,TEXT,Camila
704,4853,reviews,TEXT,Camila
704,5784,reviews,YouRecommend,Camila
809,809,clinics,longdescription,versed
870,870,clinics,longdescription,Valium
870,2154,reviews,TEXT,valium
900,110064,Staffs,BioHTML,versed
916,17138,Clinic_ProcedurePricing,details,tetracycline
939,17604,Clinic_ProcedurePricing,details,Tetracycline
993,18269,Clinic_ProcedurePricing,details,estradiol
1007,18610,Clinic_ProcedurePricing,details,tetracycline
1012,1012,clinics,longdescription,meth
1012,2755,Staffs,BioHTML,meth
1062,19604,Clinic_ProcedurePricing,details,tetracycline
1062,1772492,Clinic_ProcedurePricing,details,tetracycline
1117,49132,reviews,TEXT,allay
1945,1945,clinics,longdescription,versed
2333,42378,Clinic_ProcedurePricing,details,tetracycline
2961,54398,Clinic_ProcedurePricing,treatment,Sculptra
3144,52923,reviews,TreatmentName,Sculptra
3361,183169,Staffs,Name,Yasmin
3466,2769,Staffs,BioHTML,versed
3628,66184,reviews,ReviewLongTreatment,Artane
4700,83943,Clinic_ProcedurePricing,treatment,Sculptra
4700,83943,Clinic_ProcedurePricing,details,Sculptra
4764,4764,clinics,longdescription,Sculptra
5003,24034,Staffs,Name,Camila
5170,5170,clinics,shortdescription,amoxicillin
5170,37172,reviews,TEXT,amoxicillin
5245,279835,Staffs,BioHTML,Botox
5245,279835,Staffs,BioHTML,Restylane
5245,279836,Staffs,BioHTML,Botox
6757,6757,clinics,longdescription,Sculptra
6959,27391,Staffs,Name,Yasmin
7006,132538,Staffs,BioHTML,versed
8113,29423,Staffs,BioHTML,tetracycline
8510,159356,Staffs,BioHTML,Botox
8510,159356,Staffs,BioHTML,Restylane
9027,64832,reviews,TreatmentName,Botox
9635,10388,Staffs,LastName,Yaz
11073,136195,Clinic_ProcedurePricing,details,Midazolam
11854,31075,reviews,TEXT,penicillin
11859,11859,clinics,longdescription,Sculptra
12034,12034,clinics,longdescription,Midazolam
14265,14265,clinics,longdescription,Periochip
14323,157574,Staffs,BioHTML,Sculptra
15164,19204,Staffs,BioHTML,versed
15463,172301,Clinic_ProcedurePricing,details,Novocain
15513,15513,clinics,name,Avita
15529,52207,reviews,TEXT,BOTOX
15529,52207,reviews,TreatmentName,BOTOX
15594,64803,reviews,TEXT,botox
15614,15614,clinics,longdescription,Sculptra
15762,53451,reviews,TEXT,Botox
15762,53451,reviews,TreatmentName,Botox
15868,52324,reviews,TreatmentName,Botox
15903,3221914,Clinic_ProcedurePricing,treatment,Finasteride
15929,43159,reviews,TEXT,morphine
16899,231048,Staffs,BioHTML,allay
16923,16923,clinics,longdescription,Yasmin
16923,42284,Staffs,Name,Yasmin
17037,42622,Staffs,Name,Yasmin
18343,18343,clinics,name,Allay
18343,18343,clinics,longdescription,Allay
18352,58883,reviews,TreatmentName,Botox
18352,58884,reviews,TreatmentName,Botox
18368,18368,clinics,longdescription,Sculptra
18400,18400,clinics,longdescription,Sculptra
18400,50590,reviews,TreatmentName,Botox
18407,46894,Staffs,BioHTML,Sculptra
18422,2690453,Clinic_ProcedurePricing,treatment,Sculptra
18422,2690453,Clinic_ProcedurePricing,details,Sculptra
18429,18429,clinics,longdescription,Sculptra
18429,206653,Clinic_ProcedurePricing,treatment,Sculptra
18457,46615,Staffs,BioHTML,Sculptra
18468,18468,clinics,longdescription,Sculptra
18514,18514,clinics,shortdescription,Sculptra
18514,18514,clinics,longdescription,Sculptra
18590,210539,Clinic_ProcedurePricing,treatment,Sculptra
18590,210539,Clinic_ProcedurePricing,details,SCULPTRA
18590,46955,Staffs,BioHTML,Sculptra
18614,46871,Staffs,BioHTML,Propecia
18654,18654,clinics,longdescription,Cipro
18692,18692,clinics,longdescription,Propecia
18697,18697,clinics,shortdescription,sculptra
18697,18697,clinics,longdescription,sculptra
18709,1599622,Clinic_ProcedurePricing,details,microderm
18747,213886,Clinic_ProcedurePricing,treatment,Sculptra
18747,213886,Clinic_ProcedurePricing,details,Sculptra
18754,213973,Clinic_ProcedurePricing,treatment,Sculptra
18754,213973,Clinic_ProcedurePricing,details,Sculptra
18754,1996544,Clinic_ProcedurePricing,details,Sculptra
18757,18757,clinics,shortdescription,Sculptra
18774,18774,clinics,shortdescription,Sculptra
18774,18774,clinics,longdescription,sculptra
18843,53378,reviews,TEXT,botox
18843,53378,reviews,TreatmentName,botox
18878,18878,clinics,longdescription,Sculptra
18906,18906,clinics,longdescription,Sculptra
18946,18946,clinics,longdescription,sculptra
21297,21297,clinics,longdescription,Yasmin
21297,53654,Staffs,Name,Yasmin
22397,22397,clinics,longdescription,Yasmin
22397,109388,Staffs,Name,Yasmin
22969,22969,clinics,longdescription,Syeda
22969,60616,Staffs,Name,Syeda
22969,60627,Staffs,Name,Syeda
22970,22970,clinics,longdescription,Syeda
22970,60616,Staffs,Name,Syeda
22970,60627,Staffs,Name,Syeda
23059,23059,clinics,longdescription,insulin
23110,23110,clinics,longdescription,Yasmin
23110,61193,Staffs,Name,Yasmin
23111,23111,clinics,longdescription,Yasmin
23111,61193,Staffs,Name,Yasmin
23794,64647,Staffs,Additional_Notes,Mirena
23794,64652,Staffs,Additional_Notes,Mirena
23795,64647,Staffs,Additional_Notes,Mirena
23795,64652,Staffs,Additional_Notes,Mirena
23911,65341,Staffs,Name,Yasmin
24591,69322,Staffs,Special_Interests,Implanon
24591,69330,Staffs,Special_Interests,Implanon
24592,69322,Staffs,Special_Interests,Implanon
24592,69330,Staffs,Special_Interests,Implanon
24640,95993,Staffs,BioHTML,insulin
24797,24797,clinics,longdescription,Yasmin
24797,70616,Staffs,Name,Yasmin
24880,71142,Staffs,Additional_Notes,Implanon
24880,71144,Staffs,Additional_Notes,Implanon
24881,71142,Staffs,Additional_Notes,Implanon
24881,71144,Staffs,Additional_Notes,Implanon
25514,74725,Staffs,Special_Interests,Implanon
25973,27755,reviews,TEXT,antabuse
26501,26501,clinics,longdescription,Yasmin
26501,78653,Staffs,Name,Yasmin
27065,27065,clinics,longdescription,Yasmin
27065,80656,Staffs,Name,Yasmin
27876,83548,Staffs,Special_Interests,implanon
27909,27909,clinics,longdescription,Yasmin
27909,83619,Staffs,Name,Yasmin
28218,28218,clinics,longdescription,Yasmin
28218,84823,Staffs,Name,Yasmin
28293,85127,Staffs,Additional_Notes,Warfarin
28342,85351,Staffs,Additional_Notes,Warfarin
28893,28893,clinics,longdescription,Yasmin
28893,87587,Staffs,LastName,Yasmin
29295,29295,clinics,longdescription,Yasmin
29295,89506,Staffs,Name,Yasmin
29535,29535,clinics,longdescription,Yasmin
29535,90449,Staffs,Name,Yasmin
29610,29610,clinics,longdescription,Soma
29610,90751,Staffs,Name,Soma
30021,30021,clinics,longdescription,Syeda
30021,92792,Staffs,Name,Syeda
30174,30174,clinics,longdescription,Soma
30174,93554,Staffs,Name,Soma
30497,30497,clinics,longdescription,SYEDA
30497,95045,Staffs,Name,SYEDA
30581,95247,Staffs,BioHTML,versed
30729,95372,Staffs,LastName,Urso
31397,31397,clinics,longdescription,Sculptra
31398,31398,clinics,longdescription,Sculptra
31399,31399,clinics,longdescription,Sculptra
31493,50286,reviews,TEXT,botox
31493,50286,reviews,TreatmentName,botox
31652,31652,clinics,longdescription,Yasmin
31652,96045,Staffs,Name,Yasmin
32135,32135,clinics,shortdescription,sculptra
32135,32135,clinics,longdescription,sculptra
32136,32136,clinics,shortdescription,sculptra
32136,32136,clinics,longdescription,sculptra
32137,32137,clinics,shortdescription,sculptra
32137,32137,clinics,longdescription,sculptra
32248,46894,Staffs,BioHTML,Sculptra
32249,46894,Staffs,BioHTML,Sculptra
32253,46871,Staffs,BioHTML,Propecia
32322,345135,Clinic_ProcedurePricing,treatment,Sculptra
32322,345135,Clinic_ProcedurePricing,details,Sculptra
32322,2002325,Clinic_ProcedurePricing,details,Sculptra
32323,345167,Clinic_ProcedurePricing,treatment,Sculptra
32323,345167,Clinic_ProcedurePricing,details,Sculptra
32517,348564,Clinic_ProcedurePricing,details,Midazolam
32574,24883,reviews,TEXT,sculptra
32574,24883,reviews,Title,Sculptra
32574,24883,reviews,TreatmentName,Sculptra
36797,10737,reviews,TEXT,Sculptra
37330,37330,clinics,longdescription,Sculptra
37330,387979,Clinic_ProcedurePricing,treatment,Sculptra
37330,387979,Clinic_ProcedurePricing,details,Sculptra
37380,2588341,Clinic_ProcedurePricing,treatment,xanax
37625,391464,Clinic_ProcedurePricing,treatment,Sculptra
37625,391464,Clinic_ProcedurePricing,details,Sculptra
37625,391470,Clinic_ProcedurePricing,details,Sculptra
37632,39277,reviews,TreatmentName,methadone
37797,4608,reviews,TEXT,versed
37859,49732,reviews,TEXT,xanax
38495,46997,reviews,TreatmentName,implanon
38797,38797,clinics,name,Syeda
38797,105713,Staffs,Name,Syeda
39560,57782,reviews,TEXT,Botox
39560,57782,reviews,TreatmentName,Botox
39884,39884,clinics,name,Artane
40370,504243,leadfeedback,Comments,botox
40370,53220,reviews,TEXT,botox
40424,40424,clinics,longdescription,versed
40478,7869,reviews,TEXT,clomid
40558,32009,reviews,ClinicsResponse,Juvederm
40558,47925,reviews,TreatmentName,Botox
40558,51103,reviews,TreatmentName,Botox
40558,51353,reviews,TreatmentName,Botox
40558,52010,reviews,TEXT,botox
40558,52010,reviews,TreatmentName,Botox
40558,54014,reviews,TreatmentName,Botox
40558,59617,reviews,TEXT,Botox
40558,59617,reviews,TreatmentName,Botox
40626,409950,Clinic_ProcedurePricing,details,Midazolam
40681,40681,clinics,longdescription,versed
40749,412794,Clinic_ProcedurePricing,details,amoxicillin
40749,412794,Clinic_ProcedurePricing,details,tetracycline
40965,110001,Staffs,BioHTML,Sculptra
40976,45954,reviews,TEXT,Valium
53280,3590,reviews,TEXT,Novocain
64840,3211343,Clinic_ProcedurePricing,treatment,Arestin
79538,260460,Staffs,BioHTML,Botox
91590,766855,Clinic_ProcedurePricing,treatment,Sculptra
91590,766855,Clinic_ProcedurePricing,details,Sculptra
91590,1975612,Clinic_ProcedurePricing,details,Sculptra
91658,91658,clinics,longdescription,Chlorhexidine
91681,31420,leadfeedback,Comments,versed
91681,3204,reviews,TEXT,versed
91713,54653,reviews,TreatmentName,Botox
91713,62309,reviews,TEXT,Botox
91713,62309,reviews,Title,Botox
91713,61049,reviews,TreatmentName,Botox
91713,59642,reviews,TreatmentName,Botox
91713,53803,reviews,TEXT,Botox
91713,53803,reviews,TreatmentName,Botox
91713,60186,reviews,TreatmentName,Botox
91721,91721,clinics,longdescription,Sculptra
91734,771586,Clinic_ProcedurePricing,details,Novocain
91735,771614,Clinic_ProcedurePricing,details,Novocain
91773,79675,leadfeedback,Comments,sculptra
91775,91775,clinics,shortdescription,Sculptra
91775,91775,clinics,longdescription,Sculptra
91792,773220,Clinic_ProcedurePricing,details,Clindamycin
91792,773220,Clinic_ProcedurePricing,details,Doxycycline
91792,773220,Clinic_ProcedurePricing,details,Minocin
91792,773250,Clinic_ProcedurePricing,details,Elidel
91792,773250,Clinic_ProcedurePricing,details,Levulan
91792,773250,Clinic_ProcedurePricing,details,Metvixia
91792,773250,Clinic_ProcedurePricing,details,pimecrolimus
91792,773250,Clinic_ProcedurePricing,details,Protopic
91792,773250,Clinic_ProcedurePricing,details,tacrolimus
92034,92034,clinics,longdescription,Sculptra
92058,781179,Clinic_ProcedurePricing,treatment,Sculptra
92078,781591,Clinic_ProcedurePricing,details,tetracycline
92136,42304,reviews,ClinicsResponse,Botox
92136,60663,reviews,TreatmentName,botox
92156,12887,reviews,TEXT,Sonata
92156,12887,reviews,staffname,Sonata
92159,401836,leadfeedback,Comments,Coumadin
92173,92173,clinics,longdescription,Sculptra
92562,124991,Staffs,BioHTML,versed
92674,92674,clinics,longdescription,Sculptra
92699,92699,clinics,longdescription,Sculptra
92699,791087,Clinic_ProcedurePricing,details,Sculptra
92699,791094,Clinic_ProcedurePricing,treatment,Sculptra
92722,52853,reviews,TreatmentName,Botox
92834,455940,leadfeedback,Comments,Botox
92839,60870,reviews,TreatmentName,Botox
92839,52842,reviews,TreatmentName,Botox
92963,797173,Clinic_ProcedurePricing,treatment,Sculptra
92963,797173,Clinic_ProcedurePricing,details,Sculptra
92963,9450,reviews,ClinicsResponse,botox
92963,35028,reviews,ClinicsResponse,Botox
92963,10006,reviews,YouReturn,Restylane
92963,55758,reviews,TreatmentName,Botox
92974,797612,Clinic_ProcedurePricing,details,Amoxicillin
92974,797612,Clinic_ProcedurePricing,details,Augmentin
92974,797612,Clinic_ProcedurePricing,details,Metronidazole
92974,797612,Clinic_ProcedurePricing,details,Nystatin
93005,93005,clinics,longdescription,Soma
93005,126243,Staffs,BioHTML,Soma
93066,799665,Clinic_ProcedurePricing,details,erythromycin
93066,799665,Clinic_ProcedurePricing,details,Tetracycline
93066,799666,Clinic_ProcedurePricing,details,erythromycin
93066,799666,Clinic_ProcedurePricing,details,Tetracycline
93196,59876,leadfeedback,Comments,versed
93196,11893,reviews,TEXT,versed
93196,28892,reviews,TEXT,tetracycline
93278,805246,Clinic_ProcedurePricing,details,Midazolam
93279,805349,Clinic_ProcedurePricing,details,Midazolam
93280,805450,Clinic_ProcedurePricing,details,Midazolam
93281,805545,Clinic_ProcedurePricing,details,Midazolam
93284,93284,clinics,shortdescription,Sculptra
93284,805713,Clinic_ProcedurePricing,treatment,Sculptra
93284,49427,reviews,TreatmentName,botox
93284,49510,reviews,TreatmentName,Botox
93814,126099,Staffs,BioHTML,LUCENTIS
93814,126099,Staffs,BioHTML,ranibizumab
93875,283348,leadfeedback,Comments,methadone
93972,26397,leadfeedback,Comments,calis
93992,810085,Clinic_ProcedurePricing,details,testosterone
94015,810677,Clinic_ProcedurePricing,details,Novocain
94025,811019,Clinic_ProcedurePricing,details,Retin-A
94025,152505,Staffs,BioHTML,Sculptra
94025,53615,reviews,TreatmentName,Botox
94036,811267,Clinic_ProcedurePricing,treatment,Sculptra
94036,811267,Clinic_ProcedurePricing,details,Sculptra
94047,94047,clinics,longdescription,sculptra
94047,811528,Clinic_ProcedurePricing,treatment,Sculptra
94047,811530,Clinic_ProcedurePricing,details,Sculptra
94142,13425,reviews,TEXT,allay
94166,94166,clinics,longdescription,Sculptra
95190,131349,Staffs,Name,Soma
95243,48963,reviews,TEXT,Restylane
95280,40378,reviews,TEXT,Valium
95305,95305,clinics,longdescription,Sculptra
95312,26380,reviews,TEXT,PerioGard
95366,407853,leadfeedback,Comments,botox
95484,821782,Clinic_ProcedurePricing,treatment,Sculptra
95484,821782,Clinic_ProcedurePricing,details,Sculptra
95485,95485,clinics,longdescription,Sculptra
95485,821817,Clinic_ProcedurePricing,details,Sculptra
95485,821830,Clinic_ProcedurePricing,treatment,Sculptra
95485,8189,reviews,TreatmentName,Sculptra
95503,95503,clinics,longdescription,Sculptra
95646,136628,Staffs,BioHTML,Morphine
95682,95682,clinics,longdescription,Sculptra
95682,127540,Staffs,BioHTML,Sculptra
95750,95750,clinics,longdescription,Sculptra
95750,127634,Staffs,BioHTML,Sculptra
95791,828998,Clinic_ProcedurePricing,treatment,Sculptra
95797,829414,Clinic_ProcedurePricing,details,depen
95808,51692,reviews,TEXT,botox
96248,96248,clinics,longdescription,versed
96248,42280,reviews,TEXT,Novocain
97130,197210,Staffs,BioHTML,versed
97132,97132,clinics,longdescription,Sculptra
97132,1964169,Clinic_ProcedurePricing,treatment,Sculptra
97132,1964208,Clinic_ProcedurePricing,details,Lumigan
97140,124914,Staffs,BioHTML,Aldara
97140,124914,Staffs,BioHTML,imiquimod
97222,47774,reviews,TreatmentName,botox
97516,60945,reviews,TEXT,restylane
97516,60946,reviews,TEXT,restylane
97516,60946,reviews,TreatmentName,restylane
97516,60947,reviews,TEXT,restylane
97516,60947,reviews,TreatmentName,restylane
98210,860810,Clinic_ProcedurePricing,details,Sculptra
98210,860825,Clinic_ProcedurePricing,treatment,Sculptra
98210,860825,Clinic_ProcedurePricing,details,Sculptra
98214,52648,reviews,TreatmentName,Botox
98924,189280,Staffs,BioHTML,Botox
98994,865802,Clinic_ProcedurePricing,details,versed
99476,99476,clinics,longdescription,Emla
99500,2501,reviews,YouReturn,definity
99644,99644,clinics,longdescription,Microderm
99701,401598,leadfeedback,Comments,Botox
99783,871317,Clinic_ProcedurePricing,details,tretinoin
100122,100122,clinics,longdescription,SCULPTRA
100122,147735,Staffs,BioHTML,Sculptra
100382,165885,Staffs,BioHTML,versed
100441,100441,clinics,longdescription,Yasmin
100441,133685,Staffs,Name,Yasmin
100714,878772,Clinic_ProcedurePricing,details,Avastin
100714,878772,Clinic_ProcedurePricing,details,Lucentis
100714,878772,Clinic_ProcedurePricing,details,Ozurdex
100715,878830,Clinic_ProcedurePricing,details,Avastin
100715,878830,Clinic_ProcedurePricing,details,Lucentis
100715,878830,Clinic_ProcedurePricing,details,Ozurdex
100716,878889,Clinic_ProcedurePricing,details,Avastin
100716,878889,Clinic_ProcedurePricing,details,Lucentis
100716,878889,Clinic_ProcedurePricing,details,Ozurdex
100717,878948,Clinic_ProcedurePricing,details,Avastin
100717,878948,Clinic_ProcedurePricing,details,Lucentis
100717,878948,Clinic_ProcedurePricing,details,Ozurdex
100726,148866,Staffs,BioHTML,Sculptra
100731,879298,Clinic_ProcedurePricing,details,tetracycline
100732,598357,leadfeedback,Comments,botox
100800,879744,Clinic_ProcedurePricing,details,testosterone
100806,879866,Clinic_ProcedurePricing,details,sculptra
14,611231,leadfeedback,Comments,botox
18,279890,Staffs,BioHTML,meth
18,279890,Staffs,LastName,meth
26,26,clinics,longdescription,Dobutamine
178,30192,reviews,TEXT,insulin
204,4682,Clinic_ProcedurePricing,details,Metronidazole
271,62622,reviews,TEXT,effient
393,393,clinics,longdescription,Interferon
441,2427,reviews,TEXT,morphine
463,232370,Staffs,Name,Yazmin
470,54200,reviews,TEXT,Novocain
