12274,40788,40788,clinics,longdescription,M1,Optical Express - Nottingham - Lister Gate
85597,91775,91775,clinics,shortdescription,Sculptra,Health + Aesthetics Farnham
85616,91794,91794,clinics,longdescription,72 hours,WrinkleWright
85616,91794,91794,clinics,longdescription,72 hours,WrinkleWright
86417,92928,92928,clinics,longdescription,Hawthorn,Physioroute - Sports Injury Physiotherapy Services
86747,93284,93284,clinics,shortdescription,Sculptra,I-Time Clinic
87051,94055,94055,clinics,longdescription,72 hours,LéVonne de Spa
87051,94055,94055,clinics,longdescription,72 hours,LéVonne de Spa
87019,94260,94260,clinics,Address1,Hawthorn,Scrivens Ltd - Kingstanding
88483,96602,96602,clinics,longdescription,body shaping,The Laser and Light Cosmetic Medical Clinic
89077,97324,97324,clinics,longdescription,M1,The Limes
90503,98783,98783,clinics,PostalCode,M1,Chinese Medical Clinic
116821,100122,100122,clinics,longdescription,SCULPTRA,United Medical Aesthetics
92114,100517,100517,clinics,longdescription,Tren,October Dental Surgery
92271,100688,100688,clinics,shortdescription,body shaping,Rachel Goddard Aesthetics Limited
92385,100806,100806,clinics,shortdescription,M1,Mulberry House Clinic and Laser Centre
93084,101623,101623,clinics,shortdescription,body shaping,Atelier Cosmetic Plastic and Laser Clinic-S Delhi
93084,101623,101623,clinics,longdescription,body shaping,Atelier Cosmetic Plastic and Laser Clinic-S Delhi
93509,102133,102133,clinics,PostalCode,M1,City Health Centre
93511,102135,102135,clinics,name,Hawthorn,Hawthorn Medical Centre
93699,102341,102341,clinics,shortdescription,SCULPTRA,Skintalks Medical Aesthetics
93745,102394,102394,clinics,shortdescription,Sculptra,ALS Cosmetic LLP
93972,102708,102708,clinics,longdescription,M1,Leagrave Dental Sedation  and Implant Clinic
94320,103142,103142,clinics,longdescription,body shaping,Cirumed Clinic Marbella
94666,103545,103545,clinics,shortdescription,Sculptra,sk:n clinics - East Finchley
94666,103555,103555,clinics,shortdescription,Sculptra,sk:n clinics - Victoria
94666,103556,103556,clinics,shortdescription,Sculptra,sk:n clinics - Harley Street
94666,103557,103557,clinics,shortdescription,Sculptra,sk:n clinics – Holborn
94666,103558,103558,clinics,shortdescription,Sculptra,sk:n clinics - London Wall
94666,103559,103559,clinics,shortdescription,Sculptra,sk:n clinics - Maida Vale
94666,103560,103560,clinics,shortdescription,Sculptra,sk:n clinics - Shaftesbury Avenue
94666,103561,103561,clinics,shortdescription,Sculptra,sk:n clinics - Canary Wharf
94666,103562,103562,clinics,shortdescription,Sculptra,sk:n clinics - Brighton
94666,103563,103563,clinics,shortdescription,Sculptra,sk:n clinics - Bristol
94666,103564,103564,clinics,shortdescription,Sculptra,sk:n clinics - Chelmsford
94666,103565,103565,clinics,shortdescription,Sculptra,sk:n clinics - Guildford
94666,103566,103566,clinics,shortdescription,Sculptra,sk:n clinics - Portsmouth
94666,103567,103567,clinics,shortdescription,Sculptra,sk:n clinics - Southampton
94666,103568,103568,clinics,shortdescription,Sculptra,sk:n clinics - Epson
94666,103569,103569,clinics,shortdescription,Sculptra,sk:n clinics - Bicester
94666,103570,103570,clinics,shortdescription,Sculptra,sk:n clinics – Birmingham Bull Street
94666,103571,103571,clinics,shortdescription,Sculptra,sk:n clinics – Birmingham Edgbaston
94666,103572,103572,clinics,shortdescription,Sculptra,sk:n clinics - Cheltenham
94666,103573,103573,clinics,shortdescription,Sculptra,sk:n clinics - Leamington Spa
94666,103574,103574,clinics,shortdescription,Sculptra,sk:n clinics - Leicester
94666,103575,103575,clinics,shortdescription,Sculptra,sk:n clinics - Milton Keynes
94666,103576,103576,clinics,shortdescription,Sculptra,sk:n clinics - Northampton
94666,103577,103577,clinics,shortdescription,Sculptra,sk:n clinics - Norwich
94666,103578,103578,clinics,shortdescription,Sculptra,sk:n clinics - Nottingham
94666,103580,103580,clinics,shortdescription,Sculptra,sk:n clinics - Wolverhampton
94666,103581,103581,clinics,shortdescription,Sculptra,sk:n clinics - Aberdeen
94666,103582,103582,clinics,shortdescription,Sculptra,sk:n clinics - Edinburgh
94666,103583,103583,clinics,shortdescription,Sculptra,sk:n clinics - Glasgow
94666,103584,103584,clinics,shortdescription,Sculptra,sk:n clinics - Leeds
94666,103585,103585,clinics,shortdescription,Sculptra,sk:n clinics - Liverpool
94666,103586,103586,clinics,shortdescription,Sculptra,sk:n clinics - Manchester
94666,103587,103587,clinics,shortdescription,Sculptra,sk:n clinics - Middlesbrough
94666,103588,103588,clinics,shortdescription,Sculptra,sk:n clinics - Newcastle
94666,103589,103589,clinics,shortdescription,Sculptra,sk:n clinics - Sheffield
94843,103777,103777,clinics,PostalCode,M1,The Clinic of Trichology
95241,104243,104243,clinics,longdescription,body slimming,ENVIE SLIM AND SCULPT
95609,104703,104703,clinics,Address2,Artane,Olivia Emmett Acupuncture
95880,105062,105062,clinics,shortdescription,rage,Naturality Wellness Centre
95978,105177,105177,clinics,shortdescription,Sculptra,No8 Dental and Cosmetic
96196,105404,105404,clinics,shortdescription,Sculptra,Temple Medical Ltd
96682,106097,106097,clinics,shortdescription,Sculptra,Outline Skincare
97222,106760,106760,clinics,longdescription,body shaping,The Body Clinic Mk
97230,106770,106770,clinics,shortdescription,Sculptra,Britedent
97316,106868,106868,clinics,longdescription,M1,The Centre for Advanced Dentistry Yorkshire
97450,107028,107028,clinics,longdescription,electricity,Dr. Adé Meyer Cosmetic Dentistry
97710,107386,107386,clinics,longdescription,muscle mass,The Wellness Centre
97905,107646,107646,clinics,City,Hawthorn,Cosmetic Surgery for Women
98735,108649,108649,clinics,shortdescription,Sculptra,Advance Clinic
99093,109050,109050,clinics,PostalCode,M1,Adam Williams Aesthetics - Chorlton Mill
99235,109238,109238,clinics,longdescription,body slimming,Thomson Aesthetics Centre
99451,109486,109486,clinics,Address2,Hawthorn,SB Sports Massage - Leeds
99763,109865,109865,clinics,PostalCode,M1,First Choice Physio Ltd
99803,109916,109916,clinics,longdescription,M1,Aesthetika
100124,110351,110351,clinics,longdescription,Body shaping,Aum cosmetic surgery clinic
101282,111818,111818,clinics,longdescription,body slimming,Dr Alice Total Wellness - Bangsar
101282,111821,111821,clinics,longdescription,body slimming,Dr Alice Total Wellness - Klang
101309,111878,111878,clinics,longdescription,body slimming,Step In Beauty & Wellness Sdn Bhd - Burma Road Outlet
101309,111879,111879,clinics,longdescription,body slimming,Step In Beauty & Wellness Sdn Bhd - Paya Terubong Outlet
101309,111880,111880,clinics,longdescription,body slimming,Step In Beauty & Wellness Sdn Bhd - Sungai Ara Outlet
102026,112868,112868,clinics,Address2,Hawthorn,Caulfield Dental Clinic
102033,112875,112875,clinics,longdescription,body shaping,Grand Plastic Surgery
102772,114159,114159,clinics,longdescription,body slimming,Californian Bloom Aesthetic Institute & Medical Spa
103162,114846,114846,clinics,longdescription,body shaping,Pureskin The Clinic
103516,115463,115463,clinics,Address1,Hawthorn,Advanced Massage Techniques Services
104695,116986,116986,clinics,PostalCode,M1,Dr Conlon's Aesthetic Clinics
104723,117015,117015,clinics,longdescription,M1,Irish Skin Clinic
104934,117262,117262,clinics,shortdescription,body shaping,BEAUTY by BUFORD
104934,117262,117262,clinics,longdescription,body shaping,BEAUTY by BUFORD
104978,117309,117309,clinics,longdescription,body shaping,DR. SARANG' liposuction&  weight loss clinic
104978,117309,117309,clinics,longdescription,reduce weight,DR. SARANG' liposuction&  weight loss clinic
105353,117834,117834,clinics,Address2,Hawthorn,Aesthetic Surgery and Laser Centre
105413,118312,118312,clinics,shortdescription,versed,GeneralSurgery Ltd at Xanit International Hospital
105918,118625,118625,clinics,longdescription,electricity,Sirens Beauty Massage & Skin Care Specialists
106134,118901,118901,clinics,shortdescription,Gardasil,St Peter's Travel Clinic
18909,118960,118960,clinics,shortdescription,sculptra,Enhance UK - Aspire Bury Knowle Dental Practice
18909,118961,118961,clinics,shortdescription,sculptra,Enhance UK - Aspire Bridge Street Dental Practice
18909,118962,118962,clinics,shortdescription,sculptra,Enhance UK - Aspire Hampshire Healthcare Centre
18909,118963,118963,clinics,shortdescription,sculptra,Enhance UK - Aspire Havant Dental Practice
18909,118964,118964,clinics,shortdescription,sculptra,Enhance UK - Aspire Dagenham Dental Practice
18909,118965,118965,clinics,shortdescription,sculptra,Enhance UK - Aspire Island Health Dental
18909,118966,118966,clinics,shortdescription,sculptra,Enhance UK - Aspire Amersham Dental
18909,118967,118967,clinics,shortdescription,sculptra,Enhance UK - Aspire Aylesbury Dental
18909,118969,118969,clinics,shortdescription,sculptra,- Aspire Lee-on-Solent Dental
106904,120080,120080,clinics,longdescription,Body Slimming,The LifeStyle Clinic
107115,120341,120341,clinics,PostalCode,M1,Silk Beauty Hair Removal
107200,120457,120457,clinics,longdescription,acceleration,Bioresonance Therapy Center
107544,120989,120989,clinics,Address2,M1,Dr Jeffrey Fialkov
107679,121161,121161,clinics,longdescription,body shaping,Poliklinika Milojevic
107679,121556,121556,clinics,longdescription,body shaping,Milo Clinic-London
108553,122261,122261,clinics,Address1,Electricity,Windor Family Dentistry
108687,122412,122412,clinics,longdescription,rage,Oxford Brookes University Osteopathic Clinic
108687,122413,122413,clinics,longdescription,rage,Department of Sport and Health Sciences - Oxford Brookes - Swindon
108736,122479,122479,clinics,shortdescription,Body Slimming,Beauty Club
109063,123003,123003,clinics,longdescription,body slimming,New Me at Lasting Enhancements
109591,123784,123784,clinics,City,Hawthorn,Bliss Dentistry
109625,123826,123826,clinics,longdescription,body shaping,Advanced Dermatology
109770,124065,124065,clinics,longdescription,body slimming,Absolute Klinik What Branch
109770,124066,124066,clinics,longdescription,body slimming,Absolute Klinik Branch Road
109770,124068,124068,clinics,longdescription,body slimming,Absolute Klinik Buri branch
109770,124070,124070,clinics,longdescription,body slimming,Absolute Klinik Branch County
109770,124072,124072,clinics,longdescription,body slimming,Absolute Klinik Autumn branch
109770,124081,124081,clinics,longdescription,body slimming,Absolute Klinik Head Office
109803,124127,124127,clinics,longdescription,body shaping,Skinmedics Clinic
109946,124396,124396,clinics,longdescription,body shaping,MedCithi Rehabilitacja & Wellness
110243,124815,124815,clinics,shortdescription,Latisse,Nirvana Laser Hair and Skin Clinic
110243,124815,124815,clinics,shortdescription,Levulan,Nirvana Laser Hair and Skin Clinic
110607,125334,125334,clinics,longdescription,Hawthorn,Kiora Medical Spas
110607,125334,125334,clinics,City,Hawthorn,Kiora Medical Spas
110703,125482,125482,clinics,Address1,Hawthorn,Dr Nyla Raja Cosmetic Dermatology
110932,125777,125777,clinics,longdescription,MDD,Gaeta Dental Laboratory
111100,125982,125982,clinics,shortdescription,body slimming,Dermaster Thailand
111100,125982,125982,clinics,longdescription,body slimming,Dermaster Thailand
111146,126035,126035,clinics,longdescription,72 hours,Tunio Aesthetics DHCC
111146,126035,126035,clinics,longdescription,72 hours,Tunio Aesthetics DHCC
