109069
112780
123586
125025
141475
144776
149128
166142
167508
167509
188194
205209
206546
96136
140602
140791
141003
141193
141195
141276
142263
142359
148613
170174
195661
196492
207742
4380
106587
109256
109969
110399
120104
121394
121395
125453
134701
170718
171013
195054
108992
111059
111946
112921
114515
115879
116501
125457
164445
173163
201671
207267
207268
31075
91713
94120
96024
104697
106004
111926
113848
119209
123970
142586
174484
204239
91590
91799
106611
107575
108693
112070
120519
120638
124614
129370
131792
134591
136389
153120
155737
173237
95243
135358
144656
144797
144825
144924
145062
145166
145932
146417
190841
195672
102298
104115
111022
130163
130975
138128
141475
148587
171404
196437
197200
207061
225
228
91846
95530
111444
116665
135109
140488
140501
140556
140970
141019
141273
141296
231
2414
97174
114004
126326
131192
135109
139060
141010
142359
204242
204243
328
2414
101335
116329
140458
140677
141159
141162
141168
141169
192921
16026
110817
117419
122636
122907
126232
137507
137520
143166
146166
147163
162390
189973
109267
110573
112875
119017
128857
128858
128860
128861
129392
129899
130256
132254
148311
148518
151544
182120
97511
98389
110563
112875
125243
130256
138773
141294
147823
147835
147842
148311
149559
182455
95827
97511
98389
110563
112875
125243
129392
130256
138773
141294
148311
182455
97511
98389
110563
112875
125243
129392
130256
138773
141294
147823
147835
147842
147894
148311
112875
119017
125243
129392
130256
138014
138773
145852
147811
148311
151544
182120
95827
112875
125243
129392
130256
132254
138773
141294
148311
149559
151544
171032
96188
98389
110563
112875
125243
129392
130256
138773
141878
147823
147835
147842
148311
149559
112875
129392
130256
132254
138773
141294
145852
147823
147835
147842
148311
151544
168447
168448
168449
168450
182455
197274
110573
112875
125243
129899
130256
132254
138773
145852
147830
148311
151544
182120
96188
112875
125243
129392
129899
130256
138014
138773
141294
145852
148311
151544
97511
98389
110563
112875
125243
130256
138773
141294
147823
148311
149559
182455
110573
112875
119017
129392
130256
132254
138014
147823
148311
148518
151544
182120
112875
125243
129392
130256
132254
138773
141294
145852
148311
149559
151544
171032
98389
110563
112875
125243
129392
130256
138773
141294
141878
147823
148311
149559
112875
129392
130256
132254
138773
141294
145852
147823
148311
151544
168447
168448
168449
168450
182455
197274
110573
112875
125243
129899
130256
132254
138773
145852
147823
148311
151544
182120
112875
125243
129392
129899
130256
138014
138773
141294
145852
148311
151544
174536
2407
3602
18581
40989
95317
106036
110992
111306
111477
116763
120091
132745
133567
133568
133574
133583
135359
139761
140111
140112
140115
140119
140121
140122
140123
140126
144095
191920
10235
95300
97283
112063
112242
113729
125190
125411
128492
130524
136241
139619
173369
4700
4767
37625
40728
91792
92652
95656
107818
119766
130303
139632
205837
18707
91792
92652
93021
95656
97399
105845
114855
119766
129425
139534
139627
105927
110207
156466
159848
36892
93259
109838
110763
126383
131598
134811
137269
141717
143754
146423
196041
19316
40478
95996
101205
108824
113582
114599
125905
131888
135294
138848
147693
196975
110691
133451
133452
133453
133454
133455
133456
133457
133458
133459
133460
133461
133462
133463
133464
133465
133466
133467
133468
133469
133470
133471
133472
133473
133474
133475
133476
133477
133478
133479
133480
133481
133482
133483
133484
139111
140028
141476
141646
141715
141817
147772
174785
174799
174913
174920
174922
174925
174927
175557
336
1086
111444
126326
141177
145289
206915
98200
103101
114610
124986
137219
137655
141269
154045
158025
175241
175254
175259
109078
118667
123677
123762
125302
125626
136966
139505
139506
139851
139968
206629
19316
95594
95996
101205
108824
113582
114599
125905
131888
135294
139207
196975
106892
108398
109264
111703
111708
112385
112386
112387
112388
116862
116865
141392
143071
143795
146157
207383
94944
104207
431
993
19170
100821
108463
113190
128099
136117
149656
159052
205741
206742
91681
103221
108335
108541
112849
114153
114154
115881
125828
131296
139111
140029
143049
174793
174933
196568
110573
112875
125243
129392
129899
130256
132254
138014
141294
148311
148518
151544
20733
40989
40992
95626
103245
104899
109049
109804
132088
144227
150454
155716
180564
181373
186010
186011
91590
91799
106352
106611
108693
112070
124614
129370
130314
131792
134591
136389
139236
139237
173237
193214
208058
3
1307
37342
37343
103385
105927
112223
126195
129388
132188
135952
156451
156452
156464
156472
156474
156476
159848
97531
105100
108319
118312
135423
157452
168793
262
15707
39291
40111
40112
40114
133949
139174
139249
139382
139383
163075
163489
180614
194523
198192
2961
92947
103142
119774
127463
127733
136353
149656
157399
170268
190043
207282
15919
92053
93875
102291
109343
124121
124413
125982
146574
146660
161499
175083
15933
92053
99518
102291
102359
124413
125982
146574
146623
146709
174051
180593
95318
100206
111360
119945
125041
128197
135800
136740
139670
146242
146249
146251
146253
146254
146255
146258
146261
146262
146264
156353
158701
177994
36866
37625
40728
92147
92159
105429
107190
119527
119932
137120
148063
170950
97268
103087
103088
104471
104474
105832
106691
111257
130192
131645
137142
137269
144637
166130
103278
104355
109986
110852
116264
126213
126822
137269
137514
137820
139537
150772
23026
23709
24244
31971
95748
105832
111257
118707
130192
131645
142455
150310
102843
109049
109261
111257
111926
111969
123969
123970
126213
129159
129905
139285
142361
144637
157426
106358
114914
117728
129824
132439
138054
144214
147162
168220
175155
175309
196215
12
110919
140315
140316
140317
143805
143813
143815
143844
143952
145273
163252
185003
185004
185005
185006
185007
190461
199284
97206
106809
117730
117744
119437
120599
125660
126522
128848
130156
131348
142760
146423
150454
207109
102935
104396
114081
119932
121845
125286
133289
148063
148496
186044
195878
200767
109077
109998
117468
124319
130571
134098
138943
139236
141943
164183
182086
183669
102843
107061
109261
109553
110957
111257
111844
123154
123527
124447
128848
132877
19186
19459
113189
115097
143079
143082
143083
143169
143666
143667
143668
143669
144615
144634
154930
154931
181938
201116
95748
97268
103087
103088
104471
104474
105832
111257
116420
118707
130192
131645
133092
150310
103640
105832
129159
130105
137269
139285
141729
143754
144637
157426
200733
202824
109457
109838
109986
111257
131598
132908
134315
135331
138402
182370
195593
196041
207325
102843
103839
103840
112406
112408
112415
116580
120609
129591
131816
137269
137820
144322
150772
173527
191736
102727
104142
108241
108630
109662
137899
147916
148113
206406
208004
656
110495
111469
125982
126219
132570
132571
132572
132573
132574
132575
132576
132586
132587
132588
132589
132590
132591
132592
132593
132608
132610
132612
132613
146857
147151
147222
175070
175088
203159
129824
132439
138860
140223
141269
144214
147162
168220
175294
196215
207505
207777
16195
108335
114153
114154
133073
133451
133452
133453
133454
133455
133457
133462
133464
133465
133467
133468
133469
133470
133475
133479
133480
133481
133482
133484
139111
141617
141638
141649
141731
155019
174785
174786
175557
107795
110931
117728
124608
137405
137548
137714
148728
175202
175257
186082
195913
114914
129824
137560
139926
147162
149118
175237
175239
175255
175309
180779
186081
