99112,109069,Bhopal Surgery
101941,112780,Dr. Rajkrishnans Dental Clinic
109437,123586,Radiance Medispas
110415,125025,Contura Cosmetic Clinic
122326,141475,Armieda
124610,144776,BBDV India
127522,149128,Care Well Medical Centre
139282,166142,Vikram Perfect
140303,167508,Linea Cosmetic  Surgery Center
140303,167509,Linea Cosmetic  Surgery Center - Yenopoya Specialty Hospital
155394,188194,Rejuvena Cosmo Care
167720,205209,Cosmetic Surgery Chennai
168632,206546,Gloss Skin and Hair Clinic
88028,96136,Fabdent
121696,140602,Dental Implant Aesthetic Clinic - Szczecin
121844,140791,Prof.Dobosz Klinika Medyczna
121958,141003,Medimel Prywatna Praktyka Chirurgiczna
122115,141193,Esthe Medycyna Estetyczna - Asmed
122115,141195,Esthe Medycyna Estetyczna - Kolmed
122190,141276,Klinika Urody
122922,142263,Klinika Radość
123002,142359,CORAMED
127238,148613,Beauty Derm - medycyna estetyczna i kosmetologia
121696,170174,Dental Implant Aesthetic Clinic - Świnoujscie
161289,195661,Face and Body Clinic
161637,196492,Cor-Lar-Med
169400,207742,Chiroplastica
4546,4380,Gentle Dental Care
96928,106587,Bella Clinic Belfast
99253,109256,Zest Beauty Clinic
99843,109969,Affinity Dental Care
100168,110399,Skin Medi Spa
106922,120104,The Secret Day Spa
107850,121394,Radiance Beauty and Day Spa - Lisburn Road
107850,121395,Radiance Beauty and Day Spa - Church Lane
110681,125453,Malone Medical Chambers
117286,134701,Facial Aesthetics Northern Ireland
142670,170718,AM Aesthetics
142906,171013,Martina Collins Dental and Skin Clinic
160839,195054,Array Aesthetics
99041,108992,Semi-Permanent Makeup Cardiff
100674,111059,Mill House Clinics - Cardiff
101355,111946,Cardiff Cosmetic Clinic
102062,112921,Laferla Medical Cosmetics
102941,114515,Skin and Face Clinics - Annie Cartwright
103825,115879,Skin Clinic Wales
104306,116501,Karen Lockett Clinics
110685,125457,Groom For Men - Cardiff
138033,164445,Cardiff Aesthetics
144507,173163,Cathedral Medical Aesthetics
165140,201671,Cellite Clinic
169099,207267,The Cottesloe Clinic
169099,207268,The Cottesloe Clinic-Belle Toujours
28298,31075,Scottish Centre for Excellence in Dentistry
85556,91713,Dermalis
87102,94120,Dentistry on the Square
87925,96024,Advanced Rejuvenation Clinic
95604,104697,Allure Aesthetics
96596,106004,Glasgow Smile Gallery
101345,111926,Strathearn Aesthetics Clinics - Glasgow
102640,113848,Luxe Skin
106380,119209,Esteem Beauty
101345,123970,Strathearn Aesthetics Clinics - Paisley
123142,142586,Age Refined Medical Cosmetic Centre
145420,174484,Moya Wren Permanent Cosmetics
166996,204239,Elanic Glasgow
85496,91590,MJ Medical Aesthetic
85620,91799,George Plastic & Cosmetic Surgery
97102,106611,Dermcare Clinic- Subang
98770,108693,Face Factors Clinic
85620,112070,George Plastic & Cosmetic Surgery - Wisma Indah
107220,120519,Laserlipolisis and Mediceuticel Clinic - Johor Bahru
107220,120638,Laserlipolisis and Mediceuticel Clinic - Kuala Lumpur
97102,124614,Skin Health Clinic- Selangor
113083,129370,Clinic Medi-i U6
118750,136389,My Bliss Clinic
130051,153120,My Clinic
132143,155737,Revival Medical Clinic
113083,173237,Clinic Medi-i Sek15
87283,95243,Dr Foued Hamza
117820,135358,Dr Gary F.Horn - Paris
124544,144656,Dr. Michel Penin
124629,144797,Docteur Xavier Llompart
124654,144825,Service De Chirurgie Esthétique De La Côte Basque
124729,144924,Dr Guillaume Carles
124826,145062,Dr. Eric Letrosne
124912,145166,Docteur Jérome Monnier
125515,145932,Docteur Catherine Bergeret-Galley Chirurgien Plastique
125859,146417,Dr. Jean-René Souquet
157512,190841,Docteur Romano Valeria
161298,195672,Dr. TArik Ihrai
93663,102298,Dr. Devesh Mehta
95134,104115,Cosmetic Surgery Ahmadabad
100645,111022,Cutis Cosmetic Plastic Surgery Center
113661,130163,Anand Hospitals
120024,138128,Elegance Skin & Cosmetic Clinic
122326,141475,Armieda
127226,148587,Indo Brasilian Aesthetic Surgery Centre
143205,171404,Hair ReGrow Soultions
95,196437,Narayana Multispeciality Hospital - Ahmedabad
162037,197200,Sakhiya Skin Clinic - Ahmedabad
168956,207061,Medlife Helthcare Private Limited
283,225,Ars Medica
286,228,Inter Med
85667,91846,Medical Poland Sp. z o.o.
87525,95530,Plastic Surgery Clinic M.D. Andrzej Sankowski
100982,111444,Meditravels
104436,116665,Plastic Surgery & Dentistry Travel
117606,135109,Health&Beauty Concierge
121622,140488,SFERA - Point Consultation
121622,140501,SFERA - Plastic Surgery Clinic
121666,140556,Health Poland Health Travel & Treatment in Poland
121934,140970,CosmetDerm
121972,141019,Lux Medica
122188,141273,Ośrodek Chirurgii Plastycznej - Lublin
122188,141296,Ośrodek Chirurgii Plastycznej - Rzeszów
289,231,Health Improvement Tours
2578,2414,Progettosalute Sp. z o.o. Artemiss
88963,97174,ABC Plastic Surgery in Europe - Magdalena Herman
102711,114004,AESTETICA - Plastic Surgery Clinic
111302,126326,ClinicForYou
114478,131192,Be Beauty Travel
117606,135109,Health&Beauty Concierge
120613,139060,ONLY 4 MEN
121963,141010,Perfect Medica
123002,142359,CORAMED
166997,204242,Artmedica Laser Clinic
125,204243,Beauty Poland Wroclaw
387,328,Hospital Ignacego Mościckiego
2578,2414,Progettosalute Sp. z o.o. Artemiss
92809,101335,Body Aesthetic Center
104182,116329,Euroklinika
121604,140458,Centrum Chirurgii Plastycznej Mazan
121753,140677,Medicus Estetic - Katowice
122090,141159,Tommed
122093,141162,DermaVIP
122090,141168,Tommed Daughter 1
122090,141169,Tommed Branch II
159105,192921,Klinika Chirurgii Plastycznej dr MarcinSierociński
111256,16026,Dr Martin H. S. Huang
100493,110817,TCS Aesthetics Central
105010,117419,Singapore International Cleft-Craniofacial Team
108828,122636,KM Heng Women's Clinic Pte Ltd
109020,122907,Parkway Aesthetic Clinic
111243,126232,Dr Marco Faria Correa - Plastic Surgery
119641,137507,W Aesthetic Plastic Surgery - Mount Elizabeth
119641,137520,W Aesthetic Plastic Surgery - Irrawaddy Road
123559,143166,Centre For Cosmetic Rejuvenation & Surgery
125667,146166,Orange Orthodontics and Dentofacial Orthopaedics
126294,147163,Alex Ooi and Associates Obgyn Consultants
136447,162390,Sidek Clinic For Women Pte. Ltd
156816,189973,Dream Plastic Surgery
99264,109267,Arumdaun Nara - Gangnam Branch
100299,110573,Wonjin Beauty Medical Group
106228,119017,JW Plastic Surgery
99264,128857,Arumdaun Nara - Sinchon Branch
99264,128858,Arumdaun Nara - Jamsil Branch
99264,128860,Arumdaun Nara - Bundang Branch
99264,128861,Arumdaun Nara - Myungdong Branch
113102,129392,Banobagi Plastic Aesthetic Clinic
113722,130256,LIFE Plastic Surgery
115172,132254,TL Plastic Surgery Korea
127064,148311,Korea Medical Center
127173,148518,JK Plastic Surgery Center
129021,151544,Appealclinic
151113,182120,Korea University Anam Hospital
89242,97511,Optima Plastic Surgery Clinic
90109,98389,Sein Plastic Surgery Clinic
100289,110563,Small face Plastic Surgery Clinic
110532,125243,Pitangui Medical & Beauty
113722,130256,LIFE Plastic Surgery
120451,138773,Synergy Plastic Surgery
122207,141294,Izien Plastic Surgery
126783,147823,Wyne Plastic Surgery And Skin Care - Apkujeong
126783,147835,Wyne Plastic Surgery And Skin Care - Cheongju Branch
126783,147842,Wyne Plastic Surgery And Skin Care - Jeju Branch
127064,148311,Korea Medical Center
127765,149559,OZ Cosmetic Clinic
151386,182455,View Plastic Surgery
87754,95827,IAAN Cosmetic Plastic Surgery Clinic
89242,97511,Optima Plastic Surgery Clinic
90109,98389,Sein Plastic Surgery Clinic
100289,110563,Small face Plastic Surgery Clinic
110532,125243,Pitangui Medical & Beauty
113102,129392,Banobagi Plastic Aesthetic Clinic
113722,130256,LIFE Plastic Surgery
120451,138773,Synergy Plastic Surgery
122207,141294,Izien Plastic Surgery
127064,148311,Korea Medical Center
151386,182455,View Plastic Surgery
89242,97511,Optima Plastic Surgery Clinic
90109,98389,Sein Plastic Surgery Clinic
100289,110563,Small face Plastic Surgery Clinic
110532,125243,Pitangui Medical & Beauty
113102,129392,Banobagi Plastic Aesthetic Clinic
113722,130256,LIFE Plastic Surgery
120451,138773,Synergy Plastic Surgery
122207,141294,Izien Plastic Surgery
126783,147823,Wyne Plastic Surgery And Skin Care - Apkujeong
126783,147835,Wyne Plastic Surgery And Skin Care - Cheongju Branch
126783,147842,Wyne Plastic Surgery And Skin Care - Jeju Branch
126837,147894,Daegu Gatholic Univ. Medical Center
127064,148311,Korea Medical Center
106228,119017,JW Plastic Surgery
110532,125243,Pitangui Medical & Beauty
113102,129392,Banobagi Plastic Aesthetic Clinic
113722,130256,LIFE Plastic Surgery
119952,138014,Well Plastic Surgery Clinic
120451,138773,Synergy Plastic Surgery
125452,145852,BK Plastic Surgery
126775,147811,IPS Korea VIP Club
127064,148311,Korea Medical Center
129021,151544,Appealclinic
151113,182120,Korea University Anam Hospital
87754,95827,IAAN Cosmetic Plastic Surgery Clinic
110532,125243,Pitangui Medical & Beauty
113102,129392,Banobagi Plastic Aesthetic Clinic
113722,130256,LIFE Plastic Surgery
115172,132254,TL Plastic Surgery Korea
120451,138773,Synergy Plastic Surgery
122207,141294,Izien Plastic Surgery
127064,148311,Korea Medical Center
127765,149559,OZ Cosmetic Clinic
129021,151544,Appealclinic
142922,171032,New Face Surgery Clinic
88080,96188,CNU Hwasun Hospital
90109,98389,Sein Plastic Surgery Clinic
100289,110563,Small face Plastic Surgery Clinic
110532,125243,Pitangui Medical & Beauty
113102,129392,Banobagi Plastic Aesthetic Clinic
113722,130256,LIFE Plastic Surgery
120451,138773,Synergy Plastic Surgery
122601,141878,Leaders Clinic
126783,147823,Wyne Plastic Surgery And Skin Care - Apkujeong
126783,147835,Wyne Plastic Surgery And Skin Care - Cheongju Branch
126783,147842,Wyne Plastic Surgery And Skin Care - Jeju Branch
127064,148311,Korea Medical Center
127765,149559,OZ Cosmetic Clinic
113102,129392,Banobagi Plastic Aesthetic Clinic
113722,130256,LIFE Plastic Surgery
115172,132254,TL Plastic Surgery Korea
120451,138773,Synergy Plastic Surgery
122207,141294,Izien Plastic Surgery
125452,145852,BK Plastic Surgery
126783,147823,Wyne Plastic Surgery And Skin Care - Apkujeong
126783,147835,Wyne Plastic Surgery And Skin Care - Cheongju Branch
126783,147842,Wyne Plastic Surgery And Skin Care - Jeju Branch
127064,148311,Korea Medical Center
129021,151544,Appealclinic
138613,168447,Renewme Skin Clinic Dongdaemun
138613,168448,Renewme Skin Clinic Hongje
138613,168449,Renewme Skin Clinic Hwagok
138613,168450,Renewme Skin Clinic Seocho
151386,182455,View Plastic Surgery
138613,197274,Renewme Skin Clinic Bundang
100299,110573,Wonjin Beauty Medical Group
110532,125243,Pitangui Medical & Beauty
113722,130256,LIFE Plastic Surgery
115172,132254,TL Plastic Surgery Korea
120451,138773,Synergy Plastic Surgery
125452,145852,BK Plastic Surgery
126790,147830,CK Dental Hospital
127064,148311,Korea Medical Center
129021,151544,Appealclinic
151113,182120,Korea University Anam Hospital
88080,96188,CNU Hwasun Hospital
110532,125243,Pitangui Medical & Beauty
113102,129392,Banobagi Plastic Aesthetic Clinic
113722,130256,LIFE Plastic Surgery
119952,138014,Well Plastic Surgery Clinic
120451,138773,Synergy Plastic Surgery
122207,141294,Izien Plastic Surgery
125452,145852,BK Plastic Surgery
127064,148311,Korea Medical Center
129021,151544,Appealclinic
89242,97511,Optima Plastic Surgery Clinic
90109,98389,Sein Plastic Surgery Clinic
100289,110563,Small face Plastic Surgery Clinic
110532,125243,Pitangui Medical & Beauty
113722,130256,LIFE Plastic Surgery
120451,138773,Synergy Plastic Surgery
122207,141294,Izien Plastic Surgery
126783,147823,Wyne Plastic Surgery And Skin Care - Apkujeong
127064,148311,Korea Medical Center
127765,149559,OZ Cosmetic Clinic
151386,182455,View Plastic Surgery
100299,110573,Wonjin Beauty Medical Group
106228,119017,JW Plastic Surgery
113102,129392,Banobagi Plastic Aesthetic Clinic
113722,130256,LIFE Plastic Surgery
115172,132254,TL Plastic Surgery Korea
119952,138014,Well Plastic Surgery Clinic
126783,147823,Wyne Plastic Surgery And Skin Care - Apkujeong
127064,148311,Korea Medical Center
127173,148518,JK Plastic Surgery Center
129021,151544,Appealclinic
151113,182120,Korea University Anam Hospital
110532,125243,Pitangui Medical & Beauty
113102,129392,Banobagi Plastic Aesthetic Clinic
113722,130256,LIFE Plastic Surgery
115172,132254,TL Plastic Surgery Korea
120451,138773,Synergy Plastic Surgery
122207,141294,Izien Plastic Surgery
125452,145852,BK Plastic Surgery
127064,148311,Korea Medical Center
127765,149559,OZ Cosmetic Clinic
129021,151544,Appealclinic
142922,171032,New Face Surgery Clinic
90109,98389,Sein Plastic Surgery Clinic
100289,110563,Small face Plastic Surgery Clinic
110532,125243,Pitangui Medical & Beauty
113102,129392,Banobagi Plastic Aesthetic Clinic
113722,130256,LIFE Plastic Surgery
120451,138773,Synergy Plastic Surgery
122207,141294,Izien Plastic Surgery
122601,141878,Leaders Clinic
126783,147823,Wyne Plastic Surgery And Skin Care - Apkujeong
127064,148311,Korea Medical Center
127765,149559,OZ Cosmetic Clinic
113102,129392,Banobagi Plastic Aesthetic Clinic
113722,130256,LIFE Plastic Surgery
115172,132254,TL Plastic Surgery Korea
120451,138773,Synergy Plastic Surgery
122207,141294,Izien Plastic Surgery
125452,145852,BK Plastic Surgery
126783,147823,Wyne Plastic Surgery And Skin Care - Apkujeong
127064,148311,Korea Medical Center
129021,151544,Appealclinic
138613,168447,Renewme Skin Clinic Dongdaemun
138613,168448,Renewme Skin Clinic Hongje
138613,168449,Renewme Skin Clinic Hwagok
138613,168450,Renewme Skin Clinic Seocho
151386,182455,View Plastic Surgery
138613,197274,Renewme Skin Clinic Bundang
100299,110573,Wonjin Beauty Medical Group
110532,125243,Pitangui Medical & Beauty
113722,130256,LIFE Plastic Surgery
115172,132254,TL Plastic Surgery Korea
120451,138773,Synergy Plastic Surgery
125452,145852,BK Plastic Surgery
126783,147823,Wyne Plastic Surgery And Skin Care - Apkujeong
127064,148311,Korea Medical Center
129021,151544,Appealclinic
151113,182120,Korea University Anam Hospital
110532,125243,Pitangui Medical & Beauty
113102,129392,Banobagi Plastic Aesthetic Clinic
113722,130256,LIFE Plastic Surgery
119952,138014,Well Plastic Surgery Clinic
120451,138773,Synergy Plastic Surgery
122207,141294,Izien Plastic Surgery
125452,145852,BK Plastic Surgery
127064,148311,Korea Medical Center
129021,151544,Appealclinic
145462,174536,Korea Surgery hospital
2571,2407,Shannon Leeman
3768,3602,CosmeticVacations
18791,18581,YANNIS ALEXANDRIDES
34750,40989,CosMedocs London
87348,95317,Nip n Tuck Surgery
96632,106036,Mount Vernon Cosmetic Surgeons Ltd
98813,110992,Moorgate Aesthetics - Chants
100867,111306,Van Canneyt - London
98813,111477,Moorgate Aesthetics - Harley Street
104519,116763,Epsom Skin Clinic - Surbiton
96629,120091,Believe Clinic - Congleton
98813,132745,Moorgate Aesthetics - Design Room
98813,133567,Moorgate Aesthetics - Beauty therapy room
98813,133568,Moorgate Aesthetics- The Beauty Clinic
98813,133574,Moorgate Aesthetics - Maleeka
98813,133583,Moorgate Aesthetics - Beauty Lodge
117820,135359,Dr Gary F.Horn - London
98813,139761,Moorgate Aesthetics - Morgan Birt
98813,140111,Moorgate Aesthetics - AestheticsÁnesis
98813,140112,Moorgate Aesthetics - Bellissima
98813,140115,Moorgate Aesthetics - Silk Touch
98813,140119,Moorgate Aesthetics - Whispers
98813,140121,Moorgate Aesthetics - Athree
98813,140122,Moorgate Aesthetics - Beauty Euphoria
98813,140123,Moorgate Aesthetics - Bow
98813,140126,Moorgate Aesthetics - Jayla
87283,144095,Dr Foued Hamza - Queen Anne Street London
104519,191920,Epsom Skin Clinic - Rush
10401,10235,The Mall Advanced Dental Care
87331,95300,Dental Design Studio
89060,97283,Ultimate Smile Spa
101404,112063,Ash Dental Practice
101547,112242,Hollywood Whitening - Manchester
102576,113729,The Smile Room - Manchester Clinic
102263,125190,Smiles Dental - St Anns
110642,125411,Destination Skin - Manchester
110642,128492,Destination Skin - Manchester HoF
113895,130524,Sparkle Teeth Whitening
86760,139619,Bupa Dental Centre - St. Ann's Square
144639,173369,Foley Court Clinic
4866,4700,Derma Laser Clinics
4933,4767,Mount Merrion Clinic
32060,37625,Westland Row Medical
34656,40728,O'Connell Street Medical Centre
85614,91792,Ailesbury Clinic
86157,92652,Renaissance Laser And Skin Clinic
87629,95656,Equilibre Acupuncture
98049,107818,Family Doctors
106709,119766,Adare Cosmetics Clinic
113737,130303,Sivan Naidoo - Acupuncture Practice
120967,139632,Monkstown Natural Health Clinic
168162,205837,Inverness Clinic
18919,18707,The Beauty Studio
85614,91792,Ailesbury Clinic
86157,92652,Renaissance Laser And Skin Clinic
86509,93021,Jardines Face & Body Clinic
87629,95656,Equilibre Acupuncture
96471,105845,Coogan Bergin Clinic and College of Beauty Therapy
103169,114855,Céleste Health and Beauty
106709,119766,Adare Cosmetics Clinic
113108,129425,Fitzwilliam Private Clinic
120911,139534,Mairéad Lyons Nutrition
120962,139627,Tiger Lily Beauty Salon
96540,105927,Persona Med-Aesthetic Centre
100000,110207,The DermaCare Clinic
132725,156466,Malta Hand Clinic
134948,159848,St. Mary's Clinic
33,36892,Clinic BeauCare - London
86730,93259,The Face and Body Clinic
99739,109838,Chinbrook Medical Cosmetic Centre
100453,110763,Perfect Image Consultants
99008,126383,Quinn Clinics - London
99656,131598,EA Clinic
127947,134811,Medi-Care Treatments Wimbledon
94056,137269,Freedomhealth Online
122472,141717,Centros Unico - Bloomsbury
123947,143754,London Professional Aesthetics
125865,146423,Healing Hands Prana Spa and Academy
112079,196041,Medical Therapies Ltd - Mayfair
19529,19316,Morehampton Clinic
34535,40478,Sims IVF
87912,95996,Womens Health Clinic
92644,101205,Clane Fertility Clinic
98883,108824,Lisa Morrissey Acupuncture
102517,113582,Fertility Check
102994,114599,Inner Balance Holistic Centre
111036,125905,Livewell Counselling  Psychotherapy
114985,131888,Carewell Medical Centre Mullingar
117770,135294,Ganesh Healing (Authentic Ayurvedic Massage)
34535,138848,Sims IVF Cork
126690,147693,Human Assisted Reproduction Ireland (HARI )
161910,196975,Tap2Heal
100403,110691,Citimedic Specialty Clinic & Laboratory
116234,133451,Dermstrata Clinics - Greenbelt
116234,133452,Dermstrata Clinics - Fair Glow
116234,133453,Dermstrata Clinics - Isetann Recto
116234,133454,Dermstrata Clinics - SM Manila
116234,133455,Dermstrata Clinics - SM North The Block
116234,133456,Dermstrata Clinics - SM Valenzuela
116234,133457,Dermstrata Clinics - SM Sucat
116234,133458,Dermstrata Clinics - SM Marilao
116234,133459,Dermstrata Clinics - SM Pampanga
116234,133460,Dermstrata Clinics - Marquee Mall
116234,133461,Dermstrata Clinics - Festival Mall
116234,133462,Dermstrata Clinics -Tutuban Mall
116234,133463,Dermstrata Clinics - Commonwealth
116234,133464,Dermstrata Clinics - SM Bicutan
116234,133465,Dermstrata Clinics - SM Sta. Mesa
116234,133466,Dermstrata Clinics - SM Fairview
116234,133467,Dermstrata Clinics - SM Southmall
116234,133468,Dermstrata Clinics - Sta. Lucia
116234,133469,Dermstrata Clinics - Sta. Lucia II
116234,133470,Dermstrata Clinics - Cash & Carry
116234,133471,Dermstrata Clinics - SM Cagayan de Oro
116234,133472,Dermstrata Clinics - SM Dasmarinas
116234,133473,Dermstrata Clinics - SM Lucena
116234,133474,Dermstrata Clinics - SM Molino
116234,133475,Dermstrata Clinics - SM Bacoor
116234,133476,Dermstrata Clinics - SM Sta. Rosa
116234,133477,Dermstrata Clinics - SM Muntinlupa
116234,133478,Dermstrata Clinics - Robinsons Lipa
116234,133479,Dermstrata Clinics -McKinley Hill
116234,133480,Dermstrata Clinics - SM Mall of Asia
116234,133481,Dermstrata Clinics - Trinoma
116234,133482,Dermstrata Clinics - Market
116234,133483,Dermstrata Clinics - Robinsons Novaliches
116234,133484,Dermstrata Clinics - SM San Lazaro
120650,139111,Beverly Hills 6750
121253,140028,Endiclinique
122327,141476,BMV SkinMD
122432,141646,Isabela Derm Centre
122470,141715,Unihealth - Baypointe Hospital and Medical Center
126745,147772,Medico Global - Medical and Skin Care
145635,174785,Pineda Hair Transplant Clinic - Makati Office
145635,174799,Pineda Hair Transplant Clinic - Mindanao Office
145683,174913,Svenson - Makati City
145683,174920,Svenson-Alabang
145683,174922,Svenson- Tomas Morato
145683,174925,Svenson-Binondo
145683,174927,Svenson-Cebu City
146131,175557,Hair Infinity - The Medical City
395,336,Professional Beauty
177,1086,Beauty Holiday
100982,111444,Meditravels
111302,126326,ClinicForYou
122105,141177,Well Derm - Wroclaw
125017,145289,AM-MED
168879,206915,Dr Kulczycka Centrum Estetyki
89924,98200,Cocoona Centre for Aesthetic Transformation
94281,103101,Dr.Kamal Hussein Saleh Cosmetic and Laser Clinic
103003,114610,British Medical Consulting Centre
110378,124986,HairClinic
119458,137219,I.L.H.T
119740,137655,Unicare Medical Centre
122184,141269,Good Living Medical Centre
130810,154045,DHI
133755,158025,Sun Face Medical Center
145902,175241,Al Das Medical  Clinic
145895,175254,Al Madar Medical Center -Aquacare Medical Centre Dubai
145917,175259,Vinci Hair Transplants
99121,109078,Dermist Cosmetic Dermatology and Laser Clinic
105954,118667,Nova Clinic
109500,123677,Medicana International Hospital
110580,125302,Art Hospita
110823,125626,Estetik International
120901,139505,Dr. Evrim Pınar Güzel Kliniği
120902,139506,Dr. Hasan Findik Estetik Cerrahi Merkezi
121126,139851,Yaşar Hospital Bakirkoy Hair Transplantation
121218,139968,Be Better Güzellik Merkezi
168679,206629,Alman Galata Polyclinic
19529,19316,Morehampton Clinic
87571,95594,Mind & Body Solutions -Tuam
87912,95996,Womens Health Clinic
92644,101205,Clane Fertility Clinic
98883,108824,Lisa Morrissey Acupuncture
102517,113582,Fertility Check
102994,114599,Inner Balance Holistic Centre
111036,125905,Livewell Counselling  Psychotherapy
114985,131888,Carewell Medical Centre Mullingar
117770,135294,Ganesh Healing (Authentic Ayurvedic Massage)
120690,139207,Mary Carmody Nutrition
161910,196975,Tap2Heal
97336,106892,Klinika Bocian
98507,108398,Medica Travel
99261,109264,Gyncentrum - Fertility Clinic
101179,111703,Novum Fertility Clinic
101184,111708,Gravita Fertility Clinic
101648,112385,InviMed Warsaw
101648,112386,InviMed Poznan
101648,112387,InviMed Gdynia
101648,112388,InviMed Wroclaw
104601,116862,INVICTA Fertility Clinic Gdansk
104601,116865,INVICTA Fertility Clinic Warsaw
122277,141392,Artvimed
123496,143071,VITROLIVE Gynaecology and Fertility Clinic
123970,143795,European Health Center Otwock
125661,146157,NeoMed Poland
97336,207383,Klinika Bocian Warsaw
87196,94944,Surgical Bliss
95206,104207,Egg Donation South Africa /FertilityCareSA
490,431,Instituto Marques
1157,993,IREMA. Instituto de Reproduccion de la Marina Alta
19383,19170,ProcreaTec
92397,100821,Ceram
98567,108463,Instituto Bernabeu
102256,113190,IVF Marbella
112293,128099,Clinica Tambre
118499,136117,IVF Spain Alicante
127816,149656,HealthCare Expert
134400,159052,Unidad de Reproducción Humana
168085,205741,Hospital Ceram
168765,206742,phi Health
85539,91681,Dr. Raynald Torres Enhancements Skin and Cosmetic Surgery Alabang
94393,103221,Faces & Curves
98466,108335,Beaufaces Cosmetic Surgery & Facial Center
98641,108541,Newlife Plastic Surgery Center
98641,112849,Newlife Plastic Surgery- MegaClinic
98466,114153,Beaufaces at SM Lazo
98466,114154,Beaufaces at St Lukes
103827,115881,The Icon Clinic - Dr. Eric Yapjuangco
110973,125828,Dim-Jamora Dermatology Clinic - Pasig City
114558,131296,Dr. Karlo Capellan - Symmetry Plastic Surgery
120650,139111,Beverly Hills 6750
121254,140029,Integrity Aesthetics and Wellness Center
123475,143049,LIPS Surgical
145640,174793,Montage-Main Branch
145694,174933,Amy Patdu MD Medical Clinic
110973,196568,Dim-Jamora Dermatology Clinic - Makati
100299,110573,Wonjin Beauty Medical Group
110532,125243,Pitangui Medical & Beauty
113102,129392,Banobagi Plastic Aesthetic Clinic
113722,130256,LIFE Plastic Surgery
115172,132254,TL Plastic Surgery Korea
119952,138014,Well Plastic Surgery Clinic
122207,141294,Izien Plastic Surgery
127064,148311,Korea Medical Center
127173,148518,JK Plastic Surgery Center
129021,151544,Appealclinic
20212,20733,Ar-Razi Medical Centre
34750,40989,CosMedocs London
34750,40992,CosMedocs Portsmouth
34750,95626,CosMedocs Nottingham
94414,103245,Manchester Private Medical Clinic
95772,104899,The Cobham Clinic
99092,109049,Herts & Essex Urology
99710,109804,West Sussex Urology Chichester
115036,132088,Thornhill Clinic
34750,144227,CosMedocs Derby
128272,150454,Angel Clinic - Laser Surgery
132137,155716,Cambridge Urology Clinic
150007,180564,Dr B's Circumcision Clinic
150602,181373,BabyCircumcisions
153898,186010,Aesthetic Surgery Centre - London
153898,186011,Aesthetic Surgery Centre - Ilford
85496,91590,MJ Medical Aesthetic
85620,91799,George Plastic & Cosmetic Surgery
96875,106352,Klinik D'intan
97102,106611,Dermcare Clinic- Subang
98770,108693,Face Factors Clinic
85620,112070,George Plastic & Cosmetic Surgery - Wisma Indah
97102,124614,Skin Health Clinic- Selangor
113083,129370,Clinic Medi-i U6
113745,130314,Celine Tan Clinic
118750,136389,My Bliss Clinic
120708,139236,Da Vinci Clinic
120708,139237,Da Vinci Clinic- Gleneagles Medical Centre KL
113083,173237,Clinic Medi-i Sek15
159350,193214,Dr Ananda 's Cosmetic Surgery Clinic
96875,208058,Lyfe Clinic
28,3,Saint James Hospital Sliema
1471,1307,SAVINA CLINIC - Dental & Implantology Centre
28,37342,Saint James Hospital Zabbar
28,37343,Saint James Cosmetic Clinic Transforma
94522,103385,Cosmetica
96540,105927,Persona Med-Aesthetic Centre
101540,112223,TheSmartSkinClinic
111210,126195,Regional Dental Centre
113098,129388,Prodent Care Dental&Centre for Dental Implantology
1471,132188,SAVINA CLINIC - Dental & Implantology Centre Malta
132711,156451,Fortina Spa Resort
132712,156452,Myoka Spas - Hilton Hotel Malta
132723,156464,Bridge Point Dental
132712,156472,Myoka Spas - Radisson Blu Resort
132712,156474,Myoka Spas - Le Méridien Spa Hotel
132712,156476,Myoka Spas - Dolmen Resort Hotel Malta
134948,159848,St. Mary's Clinic
89262,97531,Los Angeles Dental Clinic
95910,105100,Clinica Dental Costa Del Sol
98455,108319,The Riviera British Dental Clinic
117884,135423,The Rejuvenation Clinic
133407,157452,Dr. Diaz Yanes - Xanit Hospital Internacional
141301,168793,NHClinicas
320,262,INTER CLINIC Praha - Radotín s.r.o.
15873,15707,Polmedicana Esteticka Chirurgie - Klinika Polmedicana
33674,39291,Beauty in Prague - Cosmetic surgery abroad
15873,40111,Polmedicana Esteticka Chirurgie - Sanofyto
15873,40112,Polmedicana Esteticka Chirurgie - Poliklinika
15873,40114,Polmedicana Esteticka Chirurgie - Homedica
116631,133949,Formé Clinic
120687,139174,Fakultni Nemocnice Ostrava
120720,139249,Plasticka a Estetika Chirurgie - Doc. MUDr. Luboš Dražan PhD
120816,139382,MUDr. Ivan Justan Ph. D.
120816,139383,MUDr. Ivan Justan Ph. D. - Surgal Clinic
136924,163075,Cosmetic Op
137243,163489,LD Clinic Prague 7
150038,180614,MUDR. David Štěpán Plastická Chirurgie
160379,194523,Cleopatra Clinic
162638,198192,Celsus Medical
3126,2961,Antiaging Group Barcelona
86436,92947,Ocean Clinic
106717,119774,LowCostmetic
111868,127463,Cirugía PlásticaEstética Córdoba Dr. Cabrera
112073,127733,Clinica Dr. Arquero
118718,136353,Instituto Perez de la Romana
127816,149656,HealthCare Expert
133399,157399,Tintoré and Brasó
142366,170268,Dra. Virginia Benitez Roig - Marbella
156870,190043,Instituto Aisthe
169109,207282,Instituto De Cirugía Plástica Dr. Iván Mañero
16085,15919,Thai International Hospital
85768,92053,Thai Medi Health
86809,93875,Bangkok Plastic Surgery Clinic
93656,102291,Thitiwat Clinic -The leader Aesthetic Surgery & Skin Laser Center
99336,109343,Chiang Cosmetic Surgery Clinics
109798,124121,Akara Clinic
109962,124413,BB Clinic & Beauty Center
125963,146574,Dr. Wimon Plastic Surgery
126012,146660,Yosaya Clinic
135853,161499,Ekachai Hospital
145780,175083,Harmony Clinic
16099,15933,BCOSS Clinic
85768,92053,Thai Medi Health
91139,99518,Kamol Cosmetic Hospital
93656,102291,Thitiwat Clinic -The leader Aesthetic Surgery & Skin Laser Center
104719,102359,Lotus Medical International Phuket
109962,124413,BB Clinic & Beauty Center
125963,146574,Dr. Wimon Plastic Surgery
125988,146623,Sikarin Aesthetics
126035,146709,Dr. Darin Solution in Beauty
145108,174051,Asia Cosmetic Thailand
150024,180593,Phoprawin Clinic
87349,95318,National Skin Centre
86219,100206,Bracesinc. Dental Clinic Pte Ltd
100911,111360,Joyce Lim Skin and Laser Clinic
86219,119945,Singapore Aesthetics Clinic
110431,125041,The Dermatology Practice
112387,128197,Dr Vanessa Phua
118212,135800,The Chelsea Clinic
119068,136740,Vedure Aesthetic Clinic
120998,139670,Alaxis Medical and Aesthetic Surgery
125733,146242,Northeast Medical Group - Bedok
125733,146249,Northeast Medical Group - Sengkang
125733,146251,Northeast Medical Group - Kallang
125733,146253,Northeast Medical Group - Tampines
125733,146254,Northeast Medical Group - Simei
125733,146255,Northeast Medical Group - Raffles Place
125733,146258,Northeast Medical Group - Jurong West
125733,146261,Northeast Medical Group - Bukit Batok
125733,146262,Northeast Medical Group - Buona Vista
125733,146264,Northeast Medical Group - Vista
132629,156353,Renaissance Dermatology Laser & Aesthetics Clinic
134173,158701,DR LEO AESTHETIC PLASTIC & RECONSTRUCTIVE SURGERY
148076,177994,Specialist Skin Clinic and Associates Pte Ltd
31442,36866,Suffolk Street Surgery
32060,37625,Westland Row Medical
34656,40728,O'Connell Street Medical Centre
85818,92147,Hanover Medical Centre
85830,92159,Talbot Street Medical Centre
96217,105429,Abbey Street Medical Centre
97558,107190,Fitzwilliam Medical Centre
106527,119527,Dr Tony O'Sullivan
106778,119932,South Circular Road Surgery
119382,137120,Custom House Square Medical Centre
126936,148063,Camden Medical
114727,170950,WhatClinic Test Clinic - Clinic 2
89046,97268,Shakespeare Surgery
94268,103087,Oakengates Medical Practice
94268,103088,Oakengates Medical Practice - Highfield Clinic
95394,104471,Dr Premnath P & Partner - White Cliffs Medical Centre
95394,104474,Dr Premnath P & Partner - White Cliffe Medical Centre Shepherdswell Surgery
96459,105832,Stanmore Clinic
97169,106691,Oxford Private Medical Practice
113680,130192,Natural Doctor
114823,131645,Wimpole Skin Care Centre
119400,137142,Life Right Behavioural Medicine Practice
94056,137269,Freedomhealth Online
124533,144637,The Private GP Clinic Sevenoaks
139270,166130,Plas Y Bryn Medical Centre
94446,103278,Chiswick Chinese Medicine Clinic
95303,104355,Fairlee Wellbeing Centre
99856,109986,The London Skin and Hair Clinic
100519,110852,Living Centre Clinic
104124,116264,China Health
111224,126213,Dr Wayne Cottrell
111563,126822,Robert Hawkins Sports Physiotherapy
94056,137269,Freedomhealth Online
119647,137514,Health Hub
119814,137820,Wellness International Ltd (Reebok Sports Club)
120914,139537,Nutrition and Vitality
128491,150772,Angel Clinic-GP Care
21489,23026,East Dulwich Primary Care Centre
21888,23709,The Green Street Green Medical Centre
22213,24244,Old Couldsdon Medical Practice
28559,31971,The Pickhurst Surgery
87681,95748,Absolute Homeopathy
96459,105832,Stanmore Clinic
105987,118707,Dr Stat Aesthetics-Anti Ageing - Harley Street
113680,130192,Natural Doctor
114823,131645,Wimpole Skin Care Centre
123068,142455,Purley War Memorial Hospital
128154,150310,The London Breast Institute
94056,102843,Freedom Health
99092,109049,Herts & Essex Urology
99258,109261,Mr Hugh Byrne MRCOG
101345,111926,Strathearn Aesthetics Clinics - Glasgow
101345,111969,Strathearn Aesthetics Clinics - Hamilton
101345,123969,Strathearn Aesthetics Clinics - Irvine
101345,123970,Strathearn Aesthetics Clinics - Paisley
111224,126213,Dr Wayne Cottrell
112980,129159,The Willow Tree Clinic
113479,129905,The Clinic MK
120752,139285,The Oakley Partnership
123004,142361,The Aesthetic & Laser Clinic
124533,144637,The Private GP Clinic Sevenoaks
133410,157426,The Wells Clinic
96881,106358,Dubai Herbal And Treatment Centre
103212,114914,Abbara Polyclinic
105260,117728,Oriana Hospital
113420,129824,Uro Diagnostic Clinic UDC
115353,132439,Koster Clinic
119984,138054,Montreal International Clinics
124262,144214,Al Biraa Clinic
126293,147162,Acacia Medical Centre
140888,168220,Dr Rami Hamed Medical Center
145836,175155,Health Bay Polyclinic - Alwasl
145963,175309,Professor Al-Samarrai Medical Center
161512,196215,Al Musalla Medical Centre
42,12,King Faisal Specialist Hospital   Research Center-Jeddah
100575,110919,Kaya Skin Clinic Riyadh
100575,140316,Kaya Skin Clinic Al Badeeah
100575,140317,Kaya Skin Clinic Art Fitness Centre
123981,143805,Essential Care
123981,143813,Essential Care - Riyadh
123981,143815,Essential Care - Al Khobar
124012,143844,Dr.Ahmad Hashem Advanced Clinics
124088,143952,Rubban Medical Center
125001,145273,Cosmoderm Clinic
137055,163252,DR.Abdulaziz Alwehaibi Medical Complex
153181,185003,Dr.Samir Abbas Medical Centers - Riyadh
153181,185004,Dr.Samir Abbas Medical Centers - Dhahran
153181,185005,Dr.Samir Abbas Medical Centers - Jeddah
153181,185006,Dr.Samir Abbas Medical Centers - Khobar
153181,185007,Dr.Samir Abbas Medical Centers - Medina
157183,190461,Specialized Clinics
163422,199284,Dr. Fadi Nasr Cosmetic and Dermatologic Surgeon
88984,97206,Eltham Osteopathy Clinic
97265,106809,Flawless Feet
105274,117730,Islington Chiropractic Clinic
105274,117744,Clerkenwell Chiropractic Clinic
106480,119437,Dermacia Beauty Salon and Pharmacy
107284,120599,The Harley Medical Foot and Nail Laser Clinic
110854,125660,Skin Rich
111449,126522,The Harley Street Dermatology Clinic
112779,128848,Teddington Osteopaths
107284,130156,The Harley Medical Foot and Nail Laser Clinic LB
107284,131348,City of London Clinic Lloyd’s Wellbeing clinic
123263,142760,Bäre Laser Therapy
125865,146423,Healing Hands Prana Spa and Academy
128272,150454,Angel Clinic - Laser Surgery
168980,207109,The Aesthetics Clinic
94129,102935,Palmerstown Medical Centre
95341,104396,Swiftbrook Medical Centre
102748,114081,Ballinteer Medical
106778,119932,South Circular Road Surgery
108210,121845,Swords Road Medical Practice
110567,125286,Bray Womens Health Centre
116103,133289,Belarmine Medical
126936,148063,Camden Medical
127154,148496,Tallaght Medical Practice
153923,186044,Moe Family Practice
161370,195878,Ballycullen Medical Services
164556,200767,Clontarf Medical Centre
99120,109077,Klinik Menara Sdn Bhd
99866,109998,The Women's Specialist OBGYN Centre
105053,117468,Kiara Medical Centre
109839,124319,Klinik Cybermedik Bukit Kemuning
113926,130571,Jaqueline Medi Homeopathic Healthcare Centre
116759,134098,Klinik Dan Surgeri Putra
120572,138943,MCU Clinic
120708,139236,Da Vinci Clinic
122650,141943,Poliklinik An-Nisa Sungai Besi
137819,164183,Clinic Familycare
151080,182086,Poliklinik Medikurnia Sdn Bhd
152311,183669,Hannan & Por Clinic
94056,102843,Freedom Health
97476,107061,Jacqueline Hurst NLP
99258,109261,Mr Hugh Byrne MRCOG
99507,109553,Grafton Square Surgery
100596,110957,The McAndrew Practice
101303,111844,Nicholas Morris Consultant Gynaecologist
109162,123154,The private psychiatric/ addiction clinic/London
109394,123527,Queens Clinic
109994,124447,Harley Street Sexual Health
112779,128848,Teddington Osteopaths
115721,132877,RoC Private Clinic
19399,19186,Wolfson Family Clinic
19672,19459,Origin Fertility Care
102255,113189,Complete Fertility Centre
103301,115097,Mr Luca Sabatini
123503,143079,Manchester Gynaecologist
123503,143082,Manchester Gynaecologist - The Alexandra Hospital
123503,143083,Manchester Gynaecologist - Regency Hospital
123562,143169,Newlife Clinic
123898,143666,Mr. Nabil Haddad - Chester Womens Health
123898,143667,Mr. Nabil Haddad - Spire Abergele Consulting Rooms
123898,143668,Mr. Nabil Haddad - BMI The Alexandra Hospital
123898,143669,Mr. Nabil Haddad - Grosvenor Nuffield Hospital
124521,144615,Reproductive Health Group
124532,144634,Concept Fertility Clinic
131517,154930,Birmingham Fertility Centre
131517,154931,Health Harmonie
150957,181938,Harley Street Fertility Clinic
164812,201116,Bristol Fertility Clinic - Mrs Uma Gordon
87681,95748,Absolute Homeopathy
89046,97268,Shakespeare Surgery
94268,103087,Oakengates Medical Practice
94268,103088,Oakengates Medical Practice - Highfield Clinic
95394,104471,Dr Premnath P & Partner - White Cliffs Medical Centre
95394,104474,Dr Premnath P & Partner - White Cliffe Medical Centre Shepherdswell Surgery
96459,105832,Stanmore Clinic
104249,116420,Surrey Docs
105987,118707,Dr Stat Aesthetics-Anti Ageing - Harley Street
113680,130192,Natural Doctor
114823,131645,Wimpole Skin Care Centre
115944,133092,Regent Street Clinic
128154,150310,The London Breast Institute
94716,103640,Wansford health
96459,105832,Stanmore Clinic
112980,129159,The Willow Tree Clinic
113625,130105,SurreyGP
94056,137269,Freedomhealth Online
120752,139285,The Oakley Partnership
122484,141729,Ealing Travel Clinic
123947,143754,London Professional Aesthetics
124533,144637,The Private GP Clinic Sevenoaks
133410,157426,The Wells Clinic
164526,200733,Strouden Park Medical Centre
165982,202824,Top Medical Clinic
99432,109457,Twickenham Laser Clinic at Maple Leaf Clinic
99739,109838,Chinbrook Medical Cosmetic Centre
99856,109986,The London Skin and Hair Clinic
99656,131598,EA Clinic
107061,134315,HairPalace Hair Transplant Clinic London
120203,138402,Hair Transplant Surgeries (HTS)
151309,182370,Rejuvenate Hair Clinics
116826,195593,UK Hair Transplant Clinics London
112079,196041,Medical Therapies Ltd - Mayfair
144792,207325,Nu Hair Clinic London
94056,102843,Freedom Health
94889,103839,The Farley Road Medical Practice-Main Surgery
94889,103840,The Farley Road Medical Practice-Branch Surgery
101655,112406,Blossoms Healthcare London Bridge
101655,112408,Blossoms Healthcare Canary Wharf
101655,112415,Blossoms Healthcare City of London
104362,116580,Richmond Practice
107294,120609,Holly House Private Hospital
113244,129591,Metromedical
114942,131816,Queen Anne Street Medical Centre
94056,137269,Freedomhealth Online
119814,137820,Wellness International Ltd (Reebok Sports Club)
124344,144322,MyHealthcare Clinic
128491,150772,Angel Clinic-GP Care
144743,173527,London Wellwoman Clinic
158200,191736,Hampstead Heath Pharmacy and Travel Health Clinic
93988,102727,Create Wellness Center - Seoul
95161,104142,SKY Wellness Center
98397,108241,Gangnam Health in Balance Center
98723,108630,Ideal Wellness Chiropractic Center in Itaewon Seoul
99599,109662,Itaewon Wellness Chiropractic Sports Medicine Center in Seoul
119869,137899,Jaseng Hospital of Korean Medicine
126847,147916,Bundang Rehabilitation Clinic
126966,148113,i-leg clinic
168556,206406,Dr. Ryu pain  chiropractic rehab clinic
169584,208004,IM chiropractic center
820,656,Piyavate International Hospital
100247,110495,Vibhavadi Medical Center
101004,111469,Vejthani Hospital
111230,126219,La Cherie Cosmetic Laser Centre
126099,146857,The Proud Clinic
126282,147151,Absolute Health
126341,147222,Camillian Hospital
145771,175070,Ramathinodi Skin Laser Center
145783,175088,The Clover Skin Clinic
166241,203159,Acellence Clinic
113420,129824,Uro Diagnostic Clinic UDC
115353,132439,Koster Clinic
120515,138860,Dr K Medical Center JLT
121402,140223,Infinity Clinic
122184,141269,Good Living Medical Centre
124262,144214,Al Biraa Clinic
126293,147162,Acacia Medical Centre
140888,168220,Dr Rami Hamed Medical Center
145948,175294,German Neuroscience Center
161512,196215,Al Musalla Medical Centre
169264,207505,Specialist Medical Centre
169423,207777,Irish Medical Clinic
16361,16195,Healthway Medical Clinic
98466,108335,Beaufaces Cosmetic Surgery & Facial Center
98466,114153,Beaufaces at SM Lazo
98466,114154,Beaufaces at St Lukes
115925,133073,RVB Hair Transplant
116234,133451,Dermstrata Clinics - Greenbelt
116234,133452,Dermstrata Clinics - Fair Glow
116234,133453,Dermstrata Clinics - Isetann Recto
116234,133454,Dermstrata Clinics - SM Manila
116234,133455,Dermstrata Clinics - SM North The Block
116234,133457,Dermstrata Clinics - SM Sucat
116234,133462,Dermstrata Clinics -Tutuban Mall
116234,133464,Dermstrata Clinics - SM Bicutan
116234,133465,Dermstrata Clinics - SM Sta. Mesa
116234,133467,Dermstrata Clinics - SM Southmall
116234,133468,Dermstrata Clinics - Sta. Lucia
116234,133469,Dermstrata Clinics - Sta. Lucia II
116234,133470,Dermstrata Clinics - Cash & Carry
116234,133475,Dermstrata Clinics - SM Bacoor
116234,133479,Dermstrata Clinics -McKinley Hill
116234,133480,Dermstrata Clinics - SM Mall of Asia
116234,133481,Dermstrata Clinics - Trinoma
116234,133482,Dermstrata Clinics - Market
116234,133484,Dermstrata Clinics - SM San Lazaro
120650,139111,Beverly Hills 6750
122414,141617,Seagull Wellness International
122428,141638,Perfect Proportions
122428,141649,Perfect Proportions - Philippine Band
122485,141731,Nu/hart hair restoration clinic
131599,155019,IVISITMED Philippines
145635,174785,Pineda Hair Transplant Clinic - Makati Office
145636,174786,Nu/Hart Hair Clinic
146131,175557,Hair Infinity - The Medical City
98026,107795,Dubai Medical Group
100575,110931,Kaya Skin Clinic Sharjah
105260,117728,Oriana Hospital
109689,124608,Kiran Dermasurge - Delhi - Panchsheel
119595,137405,Central Private Hospital
119669,137548,Cosmo Laser Medical Centre Sharjah
119766,137714,MediClinic Al Qusais
127301,148728,Sinora Beauty Salon
145870,175202,Riva Laser Medical Centre
145915,175257,Royal Hospital
153958,186082,Zulekha Hospital Sharjah
137730,195913,Dubai Hair Transplant BR Medical Suites
103212,114914,Abbara Polyclinic
113420,129824,Uro Diagnostic Clinic UDC
119681,137560,Dubai Healthcare City
121179,139926,BR Medical Suites
126293,147162,Acacia Medical Centre
127513,149118,Aster DM Healthcare Clinic
145899,175237,Algarhoud Private Hospital
145901,175239,Synergy Integrated Medical Centre
145914,175255,Al Zahra Hospital
145963,175309,Professor Al-Samarrai Medical Center
150169,180779,City Centre Clinic
153958,186081,Zulekha Hospital Dubai
