377,318,318,clinics,longdescription,body shaping,Joanna Kurmanow Plastic and Aesthetic Surgery Clinic 
3688,3522,3522,clinics,longdescription,rage,Simonblas
4981,4815,4815,clinics,Address1,M1,Medica Tour Dentistry
5336,5170,5170,clinics,shortdescription,amoxicillin,HSJ Dental
6308,6142,6142,clinics,Address1,Hawthorn,Lisalina Smile Clinic
10290,10124,10124,clinics,name,Hawthorn,Hawthorn Elaine   Associates
10290,10124,10124,clinics,longdescription,Hawthorn,Hawthorn Elaine   Associates
11115,10949,10949,clinics,Address1,Hawthorn,Lache Dental
85616,12200,12200,clinics,longdescription,72 hours,Wright Dental and Beauty Care
85616,12200,12200,clinics,longdescription,72 hours,Wright Dental and Beauty Care
12593,12427,12427,clinics,Address1,Hawthorn,Dr Andrew Henry Trueman
16252,16086,16086,clinics,longdescription,Body slimming,Skin Basix Therapy Centre
16673,16507,16507,clinics,name,Hawthorn,Hawthorn Dental Practice
16673,16507,16507,clinics,longdescription,Hawthorn,Hawthorn Dental Practice
17900,17714,17714,clinics,Address1,Hawthorn,W S C P D S
18652,18442,18442,clinics,longdescription,muscle mass,Facial and Cosmetic Enhancement Clinic
18724,18514,18514,clinics,shortdescription,Sculptra,Cheshire Image Clinic
18909,18697,18697,clinics,shortdescription,sculptra,Enhance UK - Rejuvenation Clinic
18944,18732,18732,clinics,shortdescription,body slimming,Dore Health and Beauty
18969,18757,18757,clinics,shortdescription,Sculptra,Northwood Clinic
18976,18764,18764,clinics,shortdescription,body shaping,Gender Reassignment Surgery-Chris Inglefield
18986,18774,18774,clinics,shortdescription,Sculptra,K-Aesthetics (Treatment for lines and wrinkles Surrey)
19246,19033,19033,clinics,Address1,Hawthorn,Advanced Appearance
21018,22203,22203,clinics,name,Hawthorn,Dr Jolly And Partners - Hawthorn Surgery
21018,22203,22203,clinics,longdescription,Hawthorn,Dr Jolly And Partners - Hawthorn Surgery
22808,25208,25208,clinics,longdescription,reduce weight,Weavers Medical
23935,26403,26403,clinics,Address1,Hawthorn,Dr Chung WK
23935,26403,26403,clinics,Address2,Hawthorn,Dr Chung WK
24772,27240,27240,clinics,Address1,Hawthorn,Dr Macdonald SE and Partners
26097,28565,28565,clinics,name,Hawthorn,Hawthorn Medical Practice
26097,28565,28565,clinics,longdescription,Hawthorn,Hawthorn Medical Practice
26197,28665,28665,clinics,name,Hawthorn,Hawthorn Drive Surgery
26197,28665,28665,clinics,longdescription,Hawthorn,Hawthorn Drive Surgery
26197,28665,28665,clinics,Address1,Hawthorn,Hawthorn Drive Surgery
26571,29041,29041,clinics,Address1,Hawthorn,Maywood Surgery
26700,29171,29171,clinics,longdescription,Hawthorn,NOVAK TV
27430,29912,29912,clinics,name,Hawthorn,The Hawthorn Surgery
27430,29912,29912,clinics,longdescription,Hawthorn,The Hawthorn Surgery
27635,30119,30119,clinics,Address1,Hawthorn,The Surgery - Wembury
28150,30731,30731,clinics,PostalCode,M1,City Therapy
16252,30886,30886,clinics,longdescription,Body slimming,[Deactivated] Taman Tun Dr.Ismail (Branch)
16252,30887,30887,clinics,longdescription,Body slimming,[Deactivated] Kota Damansara (Branch)
12274,31153,31153,clinics,longdescription,M1,Optical Express - Barnsley - Queen Street
12274,31176,31176,clinics,longdescription,M1,Optical Express - Derby - St Peters Way
18909,32135,32135,clinics,shortdescription,sculptra,Enhance UK - Aspire The Avenue Dental Centre
18909,32136,32136,clinics,shortdescription,sculptra,Enhance UK - Aspire South Ham Dental Practice
18909,32137,32137,clinics,shortdescription,sculptra,Enhance UK - Aspire Docklands Smile Studio
29827,34570,34570,clinics,longdescription,Hawthorn,Four Elms Medical Centre    
29827,34571,34571,clinics,longdescription,Hawthorn,Four Elms Medical Centre Branch
31219,36528,36528,clinics,PostalCode,M1,Shanghai Acupuncture Clinic
32018,37583,37583,clinics,Address1,Hawthorn,Dr Aiden Power
32415,37980,37980,clinics,Address1,Hawthorn,Dr Gabriel Stewart
