14
18
178
204
271
393
441
463
470
646
809
870
916
939
1007
1012
1062
1117
1945
2333
3144
3361
3466
3628
4764
5003
5245
6757
6959
7006
8113
9635
11859
13850
15463
15529
15594
15614
15762
15903
15929
16899
16923
18343
18352
18368
18407
18468
18590
18654
18692
18709
18754
18843
18878
21297
22397
22969
22970
23059
23110
23111
24640
24797
25973
26501
27065
27909
28218
28893
29295
29535
29610
30021
30174
30497
30581
30729
31493
31652
32248
32249
32322
32517
36797
37330
37380
37797
37859
38797
39560
39884
40370
40424
40478
40626
40681
40749
53280
64840
79538
91658
91681
91721
91734
91735
91792
92034
92078
92156
92159
92173
92562
92674
92699
92722
92834
92974
93005
93066
93196
93814
93875
93972
93992
94015
94047
94166
95190
95243
95280
95312
95366
95503
95646
95682
95750
95797
95808
96248
97130
97132
97247
98210
98924
98994
99476
99783
100382
100441
100714
100715
100716
100717
100726
100731
100806
101029
101335
101395
101500
101617
101721
102210
102232
102274
102379
102456
102636
102657
102660
102661
102662
102663
102664
102702
102773
102783
102796
102843
102844
102924
102979
103045
103140
103184
103185
103461
103503
103761
103842
103985
104061
104074
104087
104194
104198
104239
104309
104310
104311
104312
104313
104314
104333
104396
104426
104430
104529
104783
104791
104844
105061
105074
105091
105128
105190
105435
105618
105841
105843
105887
105911
105956
106020
106069
106212
106240
106256
106486
106502
106540
106610
106718
106791
106844
106976
107015
107087
107165
107166
107167
107168
107194
107304
107387
107474
107477
107537
107575
107745
107980
108041
108084
108177
108180
108181
108245
108267
108319
108375
108397
108408
108409
108467
108526
108539
108581
108616
108686
108692
108715
108722
108761
108776
108923
109053
109060
109087
109178
109252
109265
109273
109353
109440
109475
109482
109513
109554
109637
109685
109773
109849
110056
110086
110291
110302
110372
110488
110495
110647
110788
110984
111018
111067
111334
111392
111494
111504
111931
112021
112091
112121
112176
112223
112302
112511
112583
112675
112676
112692
112714
112784
112801
112875
113258
113326
113663
113736
113848
114797
114924
115881
116179
116188
116259
116269
116330
116385
116445
116449
116564
116759
116811
116830
117044
117087
117094
117280
117323
117324
117334
117340
117344
117352
117375
117376
117378
117381
117382
117389
117395
117397
117670
117711
117817
117991
118121
118136
118774
118916
119016
119051
119155
119178
119413
119414
119416
119417
119457
119560
119582
119583
119648
119668
119748
119931
120041
120190
120347
120560
120759
120760
120819
120922
120935
121066
121074
121086
121177
121246
121327
121556
121607
121662
121669
121683
121686
121730
121903
122013
122229
122271
122320
122473
122520
122847
122848
122890
123188
123189
123190
123191
123192
123193
123194
123234
123373
123445
123488
123553
123554
123555
123648
123826
124217
124392
124393
124441
124458
124595
124869
124988
125030
125180
125243
125440
125526
125636
125666
125707
125981
126145
126252
126326
126433
126474
126535
126650
126784
126785
126813
126937
127048
127049
127050
127053
127055
127056
127057
127058
127059
127235
127264
127582
127682
127933
127977
128018
128129
128150
128403
128531
128617
128660
128671
128690
128907
129309
129379
129475
129485
129567
129568
129569
129570
129571
129572
129573
129574
129582
129715
129721
129788
129938
130181
130244
130650
130850
131018
131077
131187
131226
131258
131318
131323
131344
131419
131819
132149
132259
132351
132408
132440
132442
132560
132570
132571
132572
132573
132574
132575
132576
132577
132578
132579
132580
132581
132582
132583
132584
132585
132586
132587
132588
132589
132590
132591
132592
132593
132594
132595
132596
132597
132598
132599
132600
132601
132602
132603
132604
132605
132606
132607
132608
132609
132610
132611
132612
132613
132614
132615
132616
132617
132618
132619
132730
132853
132874
132948
133049
133131
133174
133222
133292
133309
133949
133994
134079
134084
134105
134268
134530
134898
134976
135018
135055
135236
135237
135341
135356
135394
135518
135751
135783
135812
135813
135814
136031
136091
136212
136656
136720
136860
136902
136979
137089
137101
137131
137219
137269
137319
137322
137398
137821
137884
137951
138049
138176
138188
138189
138330
138339
138392
138402
138403
138404
138406
138407
138408
138409
138410
138411
138412
138413
138414
138415
138537
138708
138770
139202
139205
139206
139208
139210
139211
139212
139246
139260
139316
139326
139333
139339
139340
139341
139342
139343
139344
139345
139346
139347
139348
139349
139350
139351
139352
139374
139427
139686
139760
139790
139791
139876
139883
139926
139986
140143
140177
140289
140372
140418
140457
140466
140495
140681
140771
141082
141268
141285
141392
141566
141567
141589
141847
142168
142182
142202
142285
142290
142300
142489
142730
142731
142770
143054
143072
143078
143816
144136
144199
144502
144635
144636
144741
144746
144747
144783
144829
144850
144901
144915
144920
144922
144931
144945
144992
145038
145057
145097
145146
145153
145225
145226
145231
145234
145324
145385
145400
145591
145592
145593
145594
145595
145596
145842
145858
145992
146049
146079
146150
146209
146240
146384
146405
146423
146566
146567
146571
146575
146578
146580
146583
146584
146668
146776
146825
146935
146976
147032
147160
147168
147335
147340
147436
147570
147573
147580
147605
147612
147655
147666
147680
147751
147786
147794
147841
147843
147917
147971
147981
147991
147994
147995
147998
147999
148070
148157
148169
148184
148423
148548
148698
148856
148974
149085
149096
149159
149180
149238
149261
149265
149269
149281
149283
149296
149315
149347
149377
149387
149392
149441
149632
149656
149705
149775
149822
149838
149841
149842
150059
150107
150113
150131
150134
150140
150178
150183
150187
150201
150245
150256
150259
150261
150283
150285
150287
150291
150292
150295
150296
150302
150303
150313
150317
150318
150320
150322
150330
150338
150347
150364
150384
150386
150387
150401
150406
150410
150414
150416
150424
150426
150429
150431
150434
150435
150436
150438
150458
150462
150473
150492
150495
150496
150497
150498
150512
150520
150533
150536
150537
150539
150541
150543
150545
150546
150557
150560
150566
150569
150574
150597
150603
150606
150613
150616
150621
150633
150634
150638
150652
150653
150660
150668
150687
150689
150725
150738
150741
150753
150756
150762
150808
150809
150810
150811
150812
150813
150814
150817
150819
150820
150824
150825
150828
150831
150834
150847
150851
150852
150863
150864
150876
150877
150886
150891
150892
150897
150901
150909
150915
150916
150925
150928
150944
150955
150957
150958
150974
150978
151010
151011
151013
151018
151019
151023
151031
151033
151036
151038
151040
151042
151049
151050
151058
151059
151075
151081
151091
151105
151142
151174
151177
151188
151191
151192
151203
151205
151206
151213
151216
151217
151218
151219
151238
151243
151251
151252
151253
151254
151255
151262
151268
151270
151276
151277
151280
151285
151286
151298
151299
151307
151312
151353
151362
151363
151369
151374
151375
151381
151382
151383
151384
151385
151391
151393
151394
151395
151396
151398
151399
151765
151810
152103
152115
152172
152220
152238
152240
152242
152258
152307
152318
152321
152329
152378
152395
152566
152608
152808
152811
152821
152829
152835
152848
152858
152864
152874
152988
153000
153007
153011
153102
153110
153118
153128
153134
153135
153165
153181
153213
153230
153307
153314
153322
153372
153375
153388
153449
153740
153780
154314
154360
154387
154409
154456
154472
154535
154546
154590
154660
154671
154675
154676
154678
154881
155195
155213
155273
155375
155395
155398
155401
155495
155499
155512
155610
155622
155625
155634
155694
155764
155789
155897
155964
155969
156020
156090
156138
156240
156245
156285
156303
156380
156481
156546
156597
156611
156647
156662
156826
156849
156870
156874
156896
157012
157070
157112
157113
157117
157120
157125
157136
157139
157142
157144
157254
157295
157318
157339
157398
157436
157462
157475
157517
157530
157537
157556
157582
157633
157829
157848
157865
157872
157878
157884
157995
158028
158053
158059
158070
158074
158277
158298
158346
158350
158388
158622
158699
158701
158852
158998
159015
159019
159023
159026
159029
159032
159035
159039
159043
159045
159046
159049
159050
159402
159405
159430
159571
159586
159587
159672
159674
159689
159835
159915
159936
159938
159956
159977
159979
159982
160004
160008
160024
160105
160112
160116
160131
160138
160143
160152
160154
160211
160234
160258
160266
160287
160293
160366
160418
160452
160479
160534
160593
160599
160602
160608
160648
160673
160707
160880
160890
160897
160902
161086
161369
161629
161687
161947
161948
161949
161950
162146
162375
162838
163028
163063
163064
163071
163083
163122
163144
163147
163152
163160
163182
163194
163208
163212
163215
163221
163229
163237
163240
163246
163249
163286
163305
163313
163325
163342
163345
163348
163354
163355
163356
163357
163358
163363
163368
163420
163424
163436
163449
163453
163457
163459
163474
163482
163490
163511
163517
163518
163526
163546
163568
163576
163585
163591
163607
163619
163626
163634
163659
163672
163683
163688
163737
163747
163754
163854
163957
163997
164030
164033
164235
164731
164754
164875
165162
165163
165164
165165
165205
165314
165334
165536
166170
166211
166485
166488
166502
166735
166843
166852
166877
166906
166923
166928
167102
167223
167236
167242
167251
167307
167319
167400
167403
167404
167409
167452
167464
167517
167526
167537
167539
167544
167550
167590
167817
167820
167846
168011
168037
168041
168042
168043
168046
168053
168064
168067
168071
168074
168077
168087
168088
168102
168104
168105
168106
168107
168112
168120
168121
168129
168130
168133
168140
168143
168145
168148
168150
168153
168154
168158
168159
168162
168168
168169
168171
168176
168178
168183
168184
168185
168194
168200
168202
168208
168210
168211
168214
168216
168222
168223
168227
168228
168229
168231
168236
168240
168271
168503
168506
168509
168510
168511
168521
168522
168526
168536
168541
168542
168554
168560
168568
168569
168571
168578
168579
168582
168585
168586
168588
168589
168590
168592
168594
168595
168607
168610
168611
168612
168630
168637
168640
168642
168643
168645
168650
168653
168656
168658
168665
168682
168685
168688
168689
168697
168699
168702
168709
168711
168713
168715
168720
168726
168729
168734
168738
168744
168754
168756
168760
168768
168772
168783
168787
168791
168800
168805
168807
168816
168837
168856
168861
168864
168866
168870
168876
168904
168906
168907
168908
168911
168916
168919
168928
168929
168935
168944
168946
168959
168963
168967
168973
168982
168983
168985
168994
168997
169000
169005
169008
169015
169018
169025
169026
169038
169045
169056
169057
169058
169060
169061
169062
169066
169068
169069
169072
169076
169078
169079
169080
169088
169092
169095
169111
169116
169121
169123
169133
169135
169138
169139
169147
169227
169231
169234
169235
169236
169246
169253
169254
169261
169263
169264
169270
169279
169280
169282
169283
169288
169289
169292
169294
169295
169298
169300
169303
169304
169305
169311
169312
169322
169325
169331
169333
169337
169341
169348
169354
169355
169367
169368
169369
169370
169377
169387
169388
169389
169396
169401
169403
169404
169406
169415
169416
169424
169428
169435
169440
169447
169449
169451
169459
169466
169470
169474
169483
169486
169487
169494
169499
169506
169508
169519
169523
169528
169531
169532
169534
169549
169557
169567
169570
169572
169573
169574
169575
169605
169606
169607
169609
169611
169612
169617
169620
169625
169630
169634
169636
169637
169641
169650
169651
169673
169676
169691
169702
169703
169706
169715
169724
169725
169738
169743
169746
169750
169765
169770
169772
169777
169784
169785
169793
169797
169801
169807
169812
169813
169815
169817
169818
169819
169821
169823
169826
169827
169829
169835
169837
169840
169845
169848
169849
169850
169852
169856
169860
169871
169873
169875
169877
169880
169884
169885
169886
169891
169893
169894
169895
169900
169901
169903
169905
169907
169908
169910
169913
169917
169918
169919
169923
169925
169926
169934
169941
169949
169950
169951
169952
169957
169959
169968
169971
169976
169982
170001
170003
170006
170012
170017
170018
170021
170022
170028
170030
170032
170040
170041
170051
170058
170066
170072
170074
170075
170076
170080
170081
170083
170084
170085
170087
170088
170089
170090
170097
170107
170115
170128
170144
170149
170151
170152
170153
170156
170157
170159
170167
170170
170178
170181
170192
170193
170212
170213
170214
170218
170219
170241
170242
170244
170254
170255
170256
170259
170262
170270
170281
170303
170340
170342
170348
170351
170353
170360
170390
170399
170400
170413
170421
170422
170427
170430
170431
170432
170433
170436
170439
170440
170442
170445
170461
170463
170472
170474
170479
170489
170503
170508
170510
170518
170520
170521
170522
170523
170524
170527
170529
170530
170531
170532
170534
170535
170539
170546
170548
170551
170555
170558
170567
170569
170572
170573
170578
170595
170596
170603
170606
170609
170612
170613
170614
170615
170623
170631
170632
170634
170635
170636
170638
170641
170645
170651
170652
170665
170666
170669
170672
170684
170694
170714
170727
170728
170733
170745
170746
170759
170765
170776
170778
170782
170787
170794
170795
170806
170809
170812
170819
170824
170828
170830
170840
170841
170846
170849
170850
170853
170872
170880
170881
170884
170888
170895
170923
170928
170933
170938
170940
170943
170944
170949
170954
170962
171035
171037
171038
171040
171043
171049
171056
171074
171101
171115
171119
171123
171133
171139
171140
171145
171149
171151
171153
171156
171159
171161
171192
171201
171205
171213
171214
171217
171218
171221
171222
171227
171228
171231
171234
171236
171237
171242
171245
171256
171263
171266
171269
171270
171274
171275
171280
171282
171283
171305
171310
171311
171314
171331
171334
171336
171339
171347
171350
171351
171353
171354
171367
171385
171397
171400
171405
171409
171410
171422
171425
171428
171433
171442
171446
171457
171460
171464
171479
171500
171506
171507
171512
171517
171542
171544
171547
171549
171553
171558
171565
171572
171576
171586
171595
171596
171597
171604
171605
171608
171610
171622
171633
171635
171637
171645
171646
171665
171667
171671
171674
171680
171691
171694
171697
171701
171702
171704
171712
171713
171715
171716
171717
171722
171724
171731
171734
171735
171738
171739
171741
171751
171758
171768
171774
171784
171785
171796
171811
171816
171830
171832
171870
171875
171878
171884
171885
171889
171894
171895
171899
171903
171921
171932
171933
171940
171943
171945
171952
171954
171956
171957
171960
171976
171980
171984
171987
171989
171994
171999
172004
172017
172032
172035
172042
172046
172050
172052
172053
172055
172070
172077
172078
172081
172086
172087
172089
172094
172095
172096
172101
172104
172108
172109
172112
172120
172121
172129
172131
172132
172135
172136
172142
172150
172151
172154
172155
172156
172160
172161
172162
172164
172179
172180
172198
172205
172214
172216
172221
172224
172233
172239
172247
172254
172256
172261
172265
172271
172272
172295
172296
172303
172311
172318
172323
172331
172332
172335
172350
172351
172359
172366
172368
172370
172377
172380
172383
172385
172408
172417
172421
172423
172424
172430
172433
172434
172435
172437
172441
172443
172452
172455
172456
172457
172469
172490
172514
172522
172543
172544
172549
172550
172559
172562
172567
172572
172573
172574
172582
172590
172592
172593
172596
172605
172612
172619
172621
172622
172623
172626
172631
172633
172635
172638
172639
172641
172642
172645
172647
172668
172674
172679
172691
172698
172702
172703
172704
172706
172710
172713
172714
172722
172723
172729
172737
172742
172745
172750
172754
172761
172767
172769
172793
172853
172867
172892
172934
173187
173256
173272
173277
173284
173285
173288
173289
173290
173401
173412
173441
173491
173500
173573
173579
173581
173674
174386
174548
174558
174780
174788
174794
174983
175001
175073
175074
175088
175201
175307
175337
175365
175377
175408
175428
175451
175489
175496
175525
175841
175848
175853
175857
176058
176109
176130
176206
176413
176417
176420
176427
176511
176556
176643
176676
176679
176683
176703
176707
176930
176969
176973
177005
177238
177239
177241
177242
177248
177261
177287
177288
177296
177297
177300
177302
177327
177360
177363
177607
177608
177864
177867
177870
177872
177877
177882
177935
178077
178082
178089
178169
178187
178302
178316
178464
178805
178917
178968
178991
179004
179076
179169
179218
179220
179229
179262
179279
179296
179305
179306
179367
179456
179493
179507
179515
179518
179667
179690
179699
179872
179916
180017
180072
180091
180093
180246
180376
180388
180435
180541
180691
180754
180844
180849
180851
180895
180927
180936
180962
180998
181002
181078
181081
181208
181215
181286
181341
181527
181574
181587
181591
181599
181605
181606
181662
181946
181973
181984
182226
182227
182228
182229
182230
182231
182232
182233
182234
182235
182236
182237
182238
182239
182330
182332
182568
182619
182889
183032
183315
183398
183466
183774
183785
183799
184108
184194
184216
184463
184682
184769
184776
184787
184790
184868
184884
184892
184908
184927
184934
184975
184976
184977
184978
184979
184980
184981
184982
184983
184984
184985
184986
184987
185050
185085
185086
185120
185121
185127
185146
185152
185160
185204
185212
185214
185221
185222
185224
185225
185226
185230
185246
185247
185248
185273
185277
185304
185385
185401
185409
185415
185488
185489
185495
185507
185514
185519
185544
185553
185554
185566
185620
185622
185627
185656
185674
185777
185800
185809
185810
185831
185834
185836
185849
185854
185862
185864
185867
185884
185896
185897
185934
185949
185981
185985
185996
186010
186011
186059
186068
186075
186082
186089
186097
186104
186112
186113
186114
186152
186153
186164
186170
186172
186182
186184
186190
186192
186193
186204
186217
186222
186228
186230
186231
186237
186238
186241
186247
186263
186271
186273
186275
186278
186289
186292
186300
186309
186310
186311
186318
186319
186329
186331
186332
186333
186334
186337
186359
186363
186379
186390
186397
186444
186448
186456
186469
186472
186475
186492
186498
186503
186505
186507
186515
186522
186528
186540
186541
186542
186548
186570
186588
186623
186635
186646
186671
186672
186673
186674
186678
186681
186684
186685
186691
186698
186705
186710
186717
186721
186739
186743
186747
186748
186752
186753
186754
186757
186761
186770
186789
186802
186813
186824
186847
186870
186872
186904
186910
186939
186940
186950
186975
186979
187010
187011
187251
187264
187268
187271
187293
187310
187323
187325
187328
187337
187341
187349
187448
187476
187479
187487
187566
187598
187662
187669
187674
187677
187678
187681
187682
187683
187685
187687
187706
187772
187825
187915
187942
187945
188002
188015
188276
188305
188506
188596
188647
188725
188779
188792
188869
188907
188928
188940
188942
188977
188982
188984
189018
189023
189024
189025
189026
189027
189043
189062
189063
189064
189065
189079
189156
189194
189213
189214
189234
189242
189297
189316
189335
189342
189367
189384
189398
189448
189468
189486
189515
189560
189562
189679
189919
189955
189965
189968
189969
190045
190051
190058
190119
190232
190294
190314
190317
190375
190410
190414
190423
190426
190432
190483
190507
190568
190605
190620
190628
190720
190782
190783
190785
190827
190923
190931
190956
190995
190998
191065
191176
191188
191213
191251
191303
191389
191393
191437
191462
191497
191518
191578
191585
191607
191634
191654
191657
191663
191666
191669
191736
191759
191776
191778
191793
191805
191813
191814
191836
191844
191855
191856
191857
191858
191870
191899
191902
191903
191905
191918
191921
191947
191949
191954
191955
192006
192011
192012
192015
192017
192029
192054
192347
192361
192422
192450
192472
192497
192524
192697
192794
192825
192866
192961
192964
193056
193061
193097
193118
193149
193192
193198
193212
193234
193272
193305
193367
193370
193455
193472
193694
193825
193897
193942
194010
194080
194165
194177
194207
194311
194328
194409
194561
194581
194623
194677
194721
194740
194855
195095
195106
195109
195152
195194
195241
195244
195247
195347
195705
195715
195717
195718
195720
195721
195722
195777
195778
195792
195818
195883
196190
196280
196427
196462
196573
196574
196575
196576
196577
196578
196579
196580
196581
196582
196583
196584
196585
196586
196588
196589
196660
196717
196718
196770
196837
196887
197032
197043
197044
197074
197088
197093
197102
197118
197137
197140
197142
197144
197145
197243
197304
197426
197430
197436
197441
197443
197445
197447
197449
197453
197456
197476
197482
197484
197491
197493
197504
197707
197739
197764
197929
197966
198098
198109
198112
198115
198116
198117
198118
198119
198121
198130
198185
198187
198189
198190
198230
198241
198273
198373
198384
198387
198396
198451
198467
198615
198649
198719
198731
198764
198794
198810
198811
198831
198936
198940
198943
198962
198975
199127
199264
199362
199371
199372
199424
199443
199498
199589
199591
199711
199749
199829
199830
199941
199946
199947
199948
200005
200101
200102
200135
200175
200183
200205
200335
200450
200454
200544
200632
200639
200640
200790
200878
200883
200956
201015
201052
201158
201250
201362
201468
201472
201508
201559
201596
201731
201736
201746
201790
201797
201895
202018
202185
202238
202303
202418
202426
202482
202534
202542
202571
202617
202638
202643
202652
202674
202715
202716
202723
202861
202976
202996
203006
203095
203110
203120
203127
203128
203130
203131
203132
203134
203136
203137
203140
203197
203230
203277
203304
203321
203338
203375
203389
203394
203395
203400
203401
203403
203407
203410
203431
203439
203508
203548
203562
203569
203585
203593
203608
203619
203645
203654
203664
203678
203691
203694
203701
203715
203722
203730
203745
203755
203756
203775
203777
203792
203815
203826
203842
203849
203861
203901
203909
203954
203964
203973
203974
203980
203984
203996
203998
204000
204011
204041
204044
204051
204080
204083
204089
204106
204124
204137
204144
204147
204164
204175
204190
204194
204196
204203
204208
204216
204219
204221
204222
204283
204286
204313
204326
204328
204342
204351
204358
204379
204380
204393
204395
204397
204408
204416
204419
204458
204460
204461
204464
204474
204485
204492
204505
204509
204510
204511
204513
204514
204520
204523
204526
204531
204535
204540
204552
204557
204573
204585
204613
204618
204663
204670
204679
204681
204683
204684
204685
204686
204687
204688
204696
204719
204723
204727
204729
204734
204741
204742
204743
204756
204757
204773
204775
204777
204803
204819
204821
204835
204840
204841
204860
204864
204868
204877
204885
204900
204901
204903
204946
204947
204969
204982
204984
205001
205039
205054
205060
205063
205073
205080
205088
205090
205094
205096
205098
205100
205103
205107
205110
205111
205113
205124
205131
205137
205140
205146
205148
205155
205161
205166
205175
205187
205188
205189
205212
205213
205256
205259
205271
205273
205279
205280
205281
205282
205283
205288
205308
205312
205313
205315
205316
205319
205323
205324
205332
205350
205354
205361
205367
205384
205385
205393
205396
205397
205402
205403
205404
205410
205414
205429
205444
205462
205465
205467
205474
205475
205478
205483
205486
205487
205493
205498
205499
205503
205505
205506
205507
205508
205509
205512
205513
205514
205516
205518
205546
205569
205577
205582
205588
205589
205603
205650
205680
205687
205689
205692
205709
205710
205717
205720
205733
205734
205745
205747
205753
205756
205759
205765
205766
205769
205770
205773
205774
205782
205787
205791
205794
205802
205806
205812
205833
205881
205925
205936
205939
205957
205960
205967
205969
205975
205978
205981
205985
206004
206010
206024
206064
206069
206076
206077
206082
206087
206107
206112
206113
206115
206116
206121
206127
206173
206176
206183
206184
206187
206196
206200
206204
206383
206524
206525
206526
206527
206535
206599
206600
