125968,49579,reviews,TreatmentName,Botox
125981,1423652,Clinic_ProcedurePricing,details,insulin
125982,33660,reviews,ClinicsResponse,Junel
125982,35513,reviews,ClinicsResponse,Junel
125982,36075,reviews,ClinicsResponse,Junel
125982,45332,reviews,TEXT,Junel
126008,126008,clinics,name,Soma
126060,45264,reviews,TreatmentName,Botox
126060,57159,reviews,TEXT,allay
126145,170047,Staffs,BioHTML,Collagenase
126218,52660,reviews,TreatmentName,Botox
126252,1430435,Clinic_ProcedurePricing,details,Gardasil
126252,1430436,Clinic_ProcedurePricing,details,Twinrix
126252,1797688,Clinic_ProcedurePricing,details,Gardasil
126252,62819,reviews,TEXT,microderm
126314,59531,reviews,TreatmentName,botox
126314,60549,reviews,TreatmentName,Botox
126326,170224,Staffs,BioHTML,Lucentis
126326,170224,Staffs,BioHTML,ranibizumab
126433,1433583,Clinic_ProcedurePricing,details,morphine
126474,52611,reviews,TEXT,Juvederm
126479,126479,clinics,shortdescription,viagra
126491,126491,clinics,shortdescription,Sculptra
126491,126491,clinics,longdescription,Sculptra
126535,1435393,Clinic_ProcedurePricing,details,Xeomin
126543,280268,Staffs,BioHTML,Restylane
126543,53197,reviews,TreatmentName,Botox
126555,558429,leadfeedback,Comments,botox
126650,1437636,Clinic_ProcedurePricing,details,Tretinoin
126672,61422,reviews,TreatmentName,Botox
126672,61632,reviews,TreatmentName,Botox
126672,61805,reviews,TreatmentName,Botox
126784,279561,Staffs,BioHTML,Botox
126784,279561,Staffs,BioHTML,Dysport
126785,279562,Staffs,BioHTML,Botox
126785,279579,Staffs,BioHTML,Botox
126785,279579,Staffs,BioHTML,Juvederm
126813,1441656,Clinic_ProcedurePricing,details,insulin
126816,62148,reviews,TreatmentName,Botox
126937,126937,clinics,longdescription,Sculptra
127048,127048,clinics,longdescription,Propecia
127049,127049,clinics,longdescription,Propecia
127050,127050,clinics,longdescription,Propecia
127053,127053,clinics,longdescription,Propecia
127055,127055,clinics,longdescription,Propecia
127056,127056,clinics,longdescription,Propecia
127057,127057,clinics,longdescription,Propecia
127058,127058,clinics,longdescription,Propecia
127059,127059,clinics,longdescription,Propecia
127119,475669,leadfeedback,Comments,sculptra
127235,1451435,Clinic_ProcedurePricing,details,clopidogrel
127235,1451435,Clinic_ProcedurePricing,details,prednisone
127235,1451435,Clinic_ProcedurePricing,details,tetracycline
127264,28654,reviews,TEXT,Isotretinoin
127274,49912,reviews,TEXT,Botox
127274,49912,reviews,TreatmentName,Botox
127281,127281,clinics,longdescription,versed
127552,26138,reviews,Title,Sculptra
127552,26138,reviews,TreatmentName,Sculptra
127577,58578,reviews,TreatmentName,Sculptra
127582,127582,clinics,longdescription,Juvederm
127671,30274,reviews,TEXT,versed
127671,30289,reviews,TEXT,tetracycline
127682,172763,Staffs,BioHTML,versed
127740,62602,reviews,TreatmentName,botox
127740,66598,reviews,ReviewLongTreatment,Botox
127933,1466027,Clinic_ProcedurePricing,details,tretinoin
127977,1467027,Clinic_ProcedurePricing,details,tamoxifen
128018,1468109,Clinic_ProcedurePricing,details,tetracycline
128045,1468618,Clinic_ProcedurePricing,details,Yasmin
128045,40571,reviews,TEXT,Yasmin
128045,40572,reviews,TEXT,Yasmin
128045,40572,reviews,Title,Yasmin
128045,40573,reviews,TEXT,Yasmin
128045,40574,reviews,TEXT,Yasmin
128045,40570,reviews,TEXT,Yasmin
128045,40569,reviews,TEXT,Yasmin
128045,40575,reviews,TEXT,Yasmin
128045,40575,reviews,Title,Yasmin
128045,40576,reviews,TEXT,Yasmin
128045,40576,reviews,Title,Yasmin
128045,40577,reviews,TEXT,Yasmin
128045,40577,reviews,Title,Yasmin
128045,40578,reviews,TEXT,Yasmin
128045,40579,reviews,TEXT,Yasmin
128129,173397,Staffs,BioHTML,Soma
128150,173431,Staffs,BioHTML,SOMA
128402,1475761,Clinic_ProcedurePricing,details,Finasteride
128403,1475765,Clinic_ProcedurePricing,details,Finasteride
128531,61900,reviews,TreatmentName,Botox
128617,66719,reviews,ReviewLongTreatment,botox
128654,49710,reviews,TreatmentName,Botox
128660,174188,Staffs,BioHTML,versed
128669,49102,reviews,TEXT,botox
128669,49102,reviews,TreatmentName,Botox
128669,49108,reviews,TreatmentName,Botox
128671,1483176,Clinic_ProcedurePricing,details,tretinoin
128690,58465,reviews,TreatmentName,Dysport
128866,736975,leadfeedback,Comments,Sculptra
128897,65531,reviews,TreatmentName,Botox
128907,174574,Staffs,BioHTML,Sculptra
129303,49312,reviews,TreatmentName,Botox
129309,1495125,Clinic_ProcedurePricing,details,testosterone
129379,52319,reviews,TEXT,Restylane
129379,52319,reviews,TEXT,Sculptra
129453,46086,reviews,TreatmentName,Botox
129453,48601,reviews,TreatmentName,botox
129453,56131,reviews,TreatmentName,botox
129475,175989,Staffs,BioHTML,versed
129485,1498414,Clinic_ProcedurePricing,details,Twinrix
129496,45551,reviews,TreatmentName,Botox
129567,175465,Staffs,BioHTML,Sculptra
129567,175467,Staffs,BioHTML,Sculptra
129568,175465,Staffs,BioHTML,Sculptra
129568,175467,Staffs,BioHTML,Sculptra
129569,175465,Staffs,BioHTML,Sculptra
129569,175467,Staffs,BioHTML,Sculptra
129570,175465,Staffs,BioHTML,Sculptra
129570,175467,Staffs,BioHTML,Sculptra
129571,175465,Staffs,BioHTML,Sculptra
129571,175467,Staffs,BioHTML,Sculptra
129572,175465,Staffs,BioHTML,Sculptra
129572,175467,Staffs,BioHTML,Sculptra
129573,175465,Staffs,BioHTML,Sculptra
129573,175467,Staffs,BioHTML,Sculptra
129574,175465,Staffs,BioHTML,Sculptra
129574,175467,Staffs,BioHTML,Sculptra
129582,1500317,Clinic_ProcedurePricing,details,Emla
129625,129625,clinics,longdescription,Latisse
129715,52035,reviews,TreatmentName,Botox
129721,66547,reviews,ReviewLongTreatment,Botox
129724,46304,reviews,TreatmentName,Botox
129788,1503943,Clinic_ProcedurePricing,details,Intralipid
129789,32544,reviews,TEXT,methadone
129789,32544,reviews,TEXT,Morphine
129881,55098,reviews,TreatmentName,Botox
129881,60188,reviews,TreatmentName,Botox
129881,62059,reviews,TreatmentName,Botox
129881,63714,reviews,TreatmentName,Botox
129887,58425,reviews,TreatmentName,Botox
129938,1507061,Clinic_ProcedurePricing,details,testosterone
130024,1508480,Clinic_ProcedurePricing,details,naltrexone
130024,1508480,Clinic_ProcedurePricing,details,revia
130024,54073,reviews,TreatmentName,Naltrexone
130181,1512030,Clinic_ProcedurePricing,details,tetracycline
130187,130187,clinics,longdescription,versed
130244,1513391,Clinic_ProcedurePricing,details,midazolam
130293,46988,reviews,ClinicsResponse,Yasmin
130413,263781,Staffs,Name,Camila
130413,65374,reviews,TreatmentName,Botox
130650,1578711,Clinic_ProcedurePricing,details,testosterone
130850,1615620,Clinic_ProcedurePricing,treatment,Microderm
130850,1615621,Clinic_ProcedurePricing,treatment,Microderm
130850,1615622,Clinic_ProcedurePricing,treatment,Microderm
131018,177497,Staffs,BioHTML,Hydroxychloroquine
131077,1520391,Clinic_ProcedurePricing,details,Avastin
131187,1521212,Clinic_ProcedurePricing,details,testosterone
131226,1521794,Clinic_ProcedurePricing,details,Tetracycline
131258,177572,Staffs,BioHTML,Zyban
131318,13014,reviews,TreatmentName,Sculptra
131323,181800,Staffs,BioHTML,Sculptra
131335,131335,clinics,shortdescription,Sculptra
131335,131335,clinics,longdescription,Sculptra
131344,177609,Staffs,BioHTML,versed
131365,56793,reviews,TreatmentName,botox
131394,53863,reviews,TreatmentName,Botox
131419,131419,clinics,longdescription,Sculptra
131419,1526037,Clinic_ProcedurePricing,details,Sculptra
131428,131428,clinics,longdescription,insulin
131554,59435,reviews,TEXT,Camila
131554,61322,reviews,TreatmentName,Botox
131681,280522,Staffs,BioHTML,Juvederm
131681,280522,Staffs,BioHTML,Restylane
131819,2539698,Clinic_ProcedurePricing,details,allay
131819,2539705,Clinic_ProcedurePricing,details,testosterone
132058,688390,leadfeedback,Comments,botox
132058,56893,reviews,TreatmentName,Botox
132085,48880,reviews,TreatmentName,Botox
132085,55081,reviews,TEXT,Botox
132149,208572,Staffs,BioHTML,cyclophosphamide
132152,1546589,Clinic_ProcedurePricing,details,testosterone
132152,1546747,Clinic_ProcedurePricing,details,testosterone
132174,57017,reviews,TEXT,insulin
132237,60039,reviews,TreatmentName,botox
132237,60040,reviews,TreatmentName,Botox
132237,60114,reviews,TreatmentName,Botox
132237,60115,reviews,TreatmentName,Botox
132259,1557399,Clinic_ProcedurePricing,details,testosterone
132351,1567595,Clinic_ProcedurePricing,treatment,Retin A
132351,1567596,Clinic_ProcedurePricing,treatment,Retin A
132351,1567597,Clinic_ProcedurePricing,treatment,Retin A
132351,1567606,Clinic_ProcedurePricing,treatment,microderm
132398,218807,leadfeedback,Comments,valium
132408,132408,clinics,name,Soma
132408,1570437,Clinic_ProcedurePricing,details,SOMA
132409,57926,reviews,TreatmentName,botox
132409,57927,reviews,TEXT,botox
132409,57927,reviews,TreatmentName,botox
132409,62789,reviews,TEXT,Botox
132409,62793,reviews,TreatmentName,Botox
132440,1572191,Clinic_ProcedurePricing,details,PERIOCHIP
132441,132441,clinics,shortdescription,Testosterone
132441,132441,clinics,longdescription,Testosterone
132441,1571712,Clinic_ProcedurePricing,details,Testosterone
132441,2103046,Clinic_ProcedurePricing,details,Testosterone
132441,49994,reviews,TreatmentName,Testosterone
132441,60095,reviews,TreatmentName,Testosterone
132441,66288,reviews,ReviewLongTreatment,testosterone
132442,1571715,Clinic_ProcedurePricing,details,Estradiol
132442,1571715,Clinic_ProcedurePricing,details,Testosterone
132452,132452,clinics,longdescription,Sculptra
132560,1580157,Clinic_ProcedurePricing,details,Sculptra
132569,46515,reviews,TreatmentName,Sculptra
132569,46674,reviews,TreatmentName,Sculptra
132570,1581419,Clinic_ProcedurePricing,details,isotretinoin
132571,1580456,Clinic_ProcedurePricing,details,isotretinoin
132572,1580474,Clinic_ProcedurePricing,details,isotretinoin
132573,1580492,Clinic_ProcedurePricing,details,isotretinoin
132574,1580510,Clinic_ProcedurePricing,details,isotretinoin
132575,1580528,Clinic_ProcedurePricing,details,isotretinoin
132576,1580546,Clinic_ProcedurePricing,details,isotretinoin
132577,1580564,Clinic_ProcedurePricing,details,isotretinoin
132578,1580582,Clinic_ProcedurePricing,details,isotretinoin
132579,1580600,Clinic_ProcedurePricing,details,isotretinoin
132580,1580618,Clinic_ProcedurePricing,details,isotretinoin
132581,1580636,Clinic_ProcedurePricing,details,isotretinoin
132582,1580654,Clinic_ProcedurePricing,details,isotretinoin
132583,1580672,Clinic_ProcedurePricing,details,isotretinoin
132584,1580690,Clinic_ProcedurePricing,details,isotretinoin
132585,1580708,Clinic_ProcedurePricing,details,isotretinoin
132586,1580726,Clinic_ProcedurePricing,details,isotretinoin
132587,1580744,Clinic_ProcedurePricing,details,isotretinoin
132588,1580762,Clinic_ProcedurePricing,details,isotretinoin
132589,1580780,Clinic_ProcedurePricing,details,isotretinoin
132590,1580798,Clinic_ProcedurePricing,details,isotretinoin
132591,1580816,Clinic_ProcedurePricing,details,isotretinoin
132592,1580834,Clinic_ProcedurePricing,details,isotretinoin
132593,1580852,Clinic_ProcedurePricing,details,isotretinoin
132594,1580870,Clinic_ProcedurePricing,details,isotretinoin
132595,1580888,Clinic_ProcedurePricing,details,isotretinoin
132596,1580906,Clinic_ProcedurePricing,details,isotretinoin
132597,1580924,Clinic_ProcedurePricing,details,isotretinoin
132598,1580942,Clinic_ProcedurePricing,details,isotretinoin
132599,1580960,Clinic_ProcedurePricing,details,isotretinoin
132600,1580978,Clinic_ProcedurePricing,details,isotretinoin
132601,1580996,Clinic_ProcedurePricing,details,isotretinoin
132602,1581014,Clinic_ProcedurePricing,details,isotretinoin
132603,1581032,Clinic_ProcedurePricing,details,isotretinoin
132604,1581050,Clinic_ProcedurePricing,details,isotretinoin
132605,1581068,Clinic_ProcedurePricing,details,isotretinoin
132606,1581086,Clinic_ProcedurePricing,details,isotretinoin
132607,1581104,Clinic_ProcedurePricing,details,isotretinoin
132608,1581122,Clinic_ProcedurePricing,details,isotretinoin
132609,1581140,Clinic_ProcedurePricing,details,isotretinoin
132610,1581158,Clinic_ProcedurePricing,details,isotretinoin
132611,1581176,Clinic_ProcedurePricing,details,isotretinoin
132612,1581194,Clinic_ProcedurePricing,details,isotretinoin
132613,1581212,Clinic_ProcedurePricing,details,isotretinoin
132614,1581230,Clinic_ProcedurePricing,details,isotretinoin
132615,1581248,Clinic_ProcedurePricing,details,isotretinoin
132616,1581266,Clinic_ProcedurePricing,details,isotretinoin
132617,1581284,Clinic_ProcedurePricing,details,isotretinoin
132618,1581302,Clinic_ProcedurePricing,details,isotretinoin
132619,1581320,Clinic_ProcedurePricing,details,isotretinoin
132647,64117,reviews,TreatmentName,Botox
132707,619224,leadfeedback,Comments,botox
132730,1652358,Clinic_ProcedurePricing,details,tetracycline
132802,672805,leadfeedback,Comments,Clomid
132802,672805,leadfeedback,Comments,Metformin
132853,1595430,Clinic_ProcedurePricing,details,tetracycline
132874,1621398,Clinic_ProcedurePricing,details,Urso
132874,1621399,Clinic_ProcedurePricing,details,Urso
132948,1604398,Clinic_ProcedurePricing,details,insulin
133049,133049,clinics,longdescription,Sculptra
133049,1964277,Clinic_ProcedurePricing,details,Lumigan
133131,1620695,Clinic_ProcedurePricing,details,allay
133174,1627873,Clinic_ProcedurePricing,details,LATISSE
133222,1624113,Clinic_ProcedurePricing,details,oxytocin
133292,133292,clinics,longdescription,Sculptra
133309,1628686,Clinic_ProcedurePricing,details,Nitroglycerin
133709,133709,clinics,longdescription,Insulin
133709,1648352,Clinic_ProcedurePricing,details,insulin
133709,1648353,Clinic_ProcedurePricing,details,insulin
133723,133723,clinics,longdescription,versed
133723,1650667,Clinic_ProcedurePricing,details,Testosterone
133949,66320,reviews,ReviewLongTreatment,botox
133994,1686808,Clinic_ProcedurePricing,details,Sculptra
134079,1667889,Clinic_ProcedurePricing,details,Sculptra
134084,1667878,Clinic_ProcedurePricing,details,Sculptra
134087,134087,clinics,longdescription,versed
134105,1665360,Clinic_ProcedurePricing,treatment,Microderm
134268,1673829,Clinic_ProcedurePricing,details,oxytocin
134392,46223,reviews,TreatmentName,Sculptra
134408,47059,reviews,TreatmentName,Botox
134530,1687929,Clinic_ProcedurePricing,details,Toluene
134530,1687932,Clinic_ProcedurePricing,details,Toluene
134530,1687935,Clinic_ProcedurePricing,details,Toluene
134530,1687936,Clinic_ProcedurePricing,details,Toluene
134530,1687943,Clinic_ProcedurePricing,details,Toluene
134530,1687946,Clinic_ProcedurePricing,details,Toluene
134530,1687949,Clinic_ProcedurePricing,details,Toluene
134530,1687952,Clinic_ProcedurePricing,details,Toluene
134591,134591,clinics,longdescription,versed
134898,1706798,Clinic_ProcedurePricing,treatment,Microderm
134976,1708756,Clinic_ProcedurePricing,details,Adapalene
135018,135018,clinics,longdescription,Latisse
135055,1859231,Clinic_ProcedurePricing,details,Dopamine
135204,187522,Staffs,Name,Yasmin
135204,187523,Staffs,Name,Yasmin
135204,46332,reviews,ClinicsResponse,Yasmin
135204,56034,reviews,TEXT,Yasmin
135236,1722447,Clinic_ProcedurePricing,treatment,Emla
135237,1722624,Clinic_ProcedurePricing,treatment,Emla
135272,135272,clinics,longdescription,antara
135341,1727978,Clinic_ProcedurePricing,details,testosterone
135356,1755065,Clinic_ProcedurePricing,details,Propecia
135356,1755071,Clinic_ProcedurePricing,details,Propecia
135394,1732868,Clinic_ProcedurePricing,details,Retin A
135398,2176100,Clinic_ProcedurePricing,details,tretinoin
135398,46734,reviews,TreatmentName,Sculptra
135518,2953094,Clinic_ProcedurePricing,details,oxytocin
135751,1749344,Clinic_ProcedurePricing,details,microderm
135783,1750898,Clinic_ProcedurePricing,details,dopamine
135812,1752112,Clinic_ProcedurePricing,details,dopamine
135813,1752062,Clinic_ProcedurePricing,details,dopamine
135814,1752087,Clinic_ProcedurePricing,details,dopamine
135929,522982,leadfeedback,Comments,botox
135947,135947,clinics,name,Naltrexone
136016,46729,reviews,TreatmentName,Botox
136016,46747,reviews,TreatmentName,botox
136016,46782,reviews,TreatmentName,Botox
136016,46787,reviews,TreatmentName,Botox
136031,1799496,Clinic_ProcedurePricing,details,Lumigan
136031,66063,reviews,ReviewLongTreatment,botox
136051,52711,reviews,TreatmentName,Botox
136091,136091,clinics,longdescription,Sculptra
136212,1771877,Clinic_ProcedurePricing,details,testosterone
136387,63216,reviews,TEXT,Finasteride
136389,51987,reviews,TreatmentName,Botox
136389,51501,reviews,TEXT,botox
136656,1798059,Clinic_ProcedurePricing,details,testosterone
136720,183223,Staffs,BioHTML,Sculptra
136725,638614,leadfeedback,Comments,botox
136860,1793386,Clinic_ProcedurePricing,details,toluene
136860,1793387,Clinic_ProcedurePricing,details,toluene
136902,136902,clinics,longdescription,oxytocin
136979,1797541,Clinic_ProcedurePricing,details,Propecia
137089,62642,reviews,TEXT,versed
137101,279467,Staffs,LastName,Yasmin
137131,1803955,Clinic_ProcedurePricing,details,Emla
137219,1807365,Clinic_ProcedurePricing,treatment,Propecia
137219,1807365,Clinic_ProcedurePricing,details,Propecia
137248,1808570,Clinic_ProcedurePricing,treatment,Rotarix
137269,137269,clinics,longdescription,Xeomin
137269,1809516,Clinic_ProcedurePricing,details,Gardasil
137269,1809546,Clinic_ProcedurePricing,details,Gardasil
137269,1809578,Clinic_ProcedurePricing,details,Caverject
137319,137319,clinics,longdescription,Doral
137322,137322,clinics,longdescription,Dobutamine
137322,1811814,Clinic_ProcedurePricing,details,Dobutamine
137360,183762,Staffs,BioHTML,Fluorouracil
137398,1814751,Clinic_ProcedurePricing,details,versed
137465,54019,reviews,TreatmentName,juvederm
137486,1818104,Clinic_ProcedurePricing,treatment,BOTOX
137559,47086,reviews,TreatmentName,botulinum toxin
137559,47384,reviews,TreatmentName,Botox
137821,137821,clinics,name,Camila
137853,54812,reviews,TreatmentName,juvederm
137884,137884,clinics,longdescription,versed
137951,1847849,Clinic_ProcedurePricing,details,Sculptra
138048,45731,reviews,TreatmentName,Botox
138049,138049,clinics,longdescription,Eylea
138049,138049,clinics,longdescription,Lucentis
138049,138049,clinics,longdescription,Ozurdex
138176,1855249,Clinic_ProcedurePricing,treatment,Latisse
138188,138188,clinics,name,HGH
138189,138189,clinics,name,HGH
138330,1863530,Clinic_ProcedurePricing,treatment,Latisse
138339,1863730,Clinic_ProcedurePricing,treatment,Levulan
138392,1865831,Clinic_ProcedurePricing,details,testosterone
138397,391340,leadfeedback,Comments,Yasmin
138402,195305,Staffs,BioHTML,Propecia
138403,195305,Staffs,BioHTML,Propecia
138404,195305,Staffs,BioHTML,Propecia
138406,195305,Staffs,BioHTML,Propecia
138407,195305,Staffs,BioHTML,Propecia
138408,195305,Staffs,BioHTML,Propecia
138409,195305,Staffs,BioHTML,Propecia
138410,195305,Staffs,BioHTML,Propecia
138411,195305,Staffs,BioHTML,Propecia
138412,195305,Staffs,BioHTML,Propecia
138413,195305,Staffs,BioHTML,Propecia
138414,195305,Staffs,BioHTML,Propecia
138415,195305,Staffs,BioHTML,Propecia
138432,59663,reviews,TreatmentName,botox
138537,1869519,Clinic_ProcedurePricing,treatment,Levulan
138708,1873635,Clinic_ProcedurePricing,details,insulin
138708,1873655,Clinic_ProcedurePricing,details,insulin
138770,1875180,Clinic_ProcedurePricing,details,insulin
139202,3221953,Clinic_ProcedurePricing,treatment,Finasteride
139203,3222259,Clinic_ProcedurePricing,treatment,Finasteride
139205,3222182,Clinic_ProcedurePricing,treatment,Finasteride
139206,3222151,Clinic_ProcedurePricing,treatment,Finasteride
139208,3222211,Clinic_ProcedurePricing,treatment,Finasteride
139210,3221976,Clinic_ProcedurePricing,treatment,Finasteride
139211,3222047,Clinic_ProcedurePricing,treatment,Finasteride
139212,3222117,Clinic_ProcedurePricing,treatment,Finasteride
139236,58460,reviews,TreatmentName,Botox
139246,185972,Staffs,Name,Camila
139260,139260,clinics,longdescription,Insulin
139260,1888878,Clinic_ProcedurePricing,details,insulin
139260,1888879,Clinic_ProcedurePricing,details,insulin
139316,1890311,Clinic_ProcedurePricing,treatment,Sculptra
139326,1891277,Clinic_ProcedurePricing,treatment,Sculptra
139333,1891657,Clinic_ProcedurePricing,treatment,Sculptra
139333,1891706,Clinic_ProcedurePricing,treatment,Latisse
139339,1892855,Clinic_ProcedurePricing,treatment,Sculptra
139339,1892871,Clinic_ProcedurePricing,treatment,Latisse
139340,1892811,Clinic_ProcedurePricing,treatment,Sculptra
139340,1892827,Clinic_ProcedurePricing,treatment,Latisse
139341,1892877,Clinic_ProcedurePricing,treatment,Sculptra
139341,1892893,Clinic_ProcedurePricing,treatment,Latisse
139342,1892701,Clinic_ProcedurePricing,treatment,Sculptra
139342,1892717,Clinic_ProcedurePricing,treatment,Latisse
139343,1892943,Clinic_ProcedurePricing,treatment,Sculptra
139343,1892959,Clinic_ProcedurePricing,treatment,Latisse
139344,1892789,Clinic_ProcedurePricing,treatment,Sculptra
139344,1892805,Clinic_ProcedurePricing,treatment,Latisse
139345,1892833,Clinic_ProcedurePricing,treatment,Sculptra
139345,1892849,Clinic_ProcedurePricing,treatment,Latisse
139346,1892965,Clinic_ProcedurePricing,treatment,Sculptra
139346,1892981,Clinic_ProcedurePricing,treatment,Latisse
139347,1892745,Clinic_ProcedurePricing,treatment,Sculptra
139347,1892761,Clinic_ProcedurePricing,treatment,Latisse
139348,1892921,Clinic_ProcedurePricing,treatment,Sculptra
139348,1892937,Clinic_ProcedurePricing,treatment,Latisse
139349,1892899,Clinic_ProcedurePricing,treatment,Sculptra
139349,1892915,Clinic_ProcedurePricing,treatment,Latisse
139350,1892723,Clinic_ProcedurePricing,treatment,Sculptra
139350,1892739,Clinic_ProcedurePricing,treatment,Latisse
139351,1892679,Clinic_ProcedurePricing,treatment,Sculptra
139351,1892695,Clinic_ProcedurePricing,treatment,Latisse
139352,1892767,Clinic_ProcedurePricing,treatment,Sculptra
139352,1892783,Clinic_ProcedurePricing,treatment,Latisse
139355,51681,reviews,ClinicsResponse,Yasmin
139374,139374,clinics,longdescription,Sculptra
139427,1895107,Clinic_ProcedurePricing,treatment,Sculptra
139536,54942,reviews,TreatmentName,Botox
139540,47180,reviews,TreatmentName,Botox
139648,2065684,Clinic_ProcedurePricing,details,microderm
139686,186496,Staffs,BioHTML,versed
139760,1908540,Clinic_ProcedurePricing,details,Sculptra
139790,1908789,Clinic_ProcedurePricing,treatment,Latisse
139791,1908809,Clinic_ProcedurePricing,treatment,Latisse
139876,62481,reviews,TEXT,botox
139876,62481,reviews,TreatmentName,botox
139883,1911536,Clinic_ProcedurePricing,details,testosterone
139911,1912258,Clinic_ProcedurePricing,details,Asclera
139911,1912258,Clinic_ProcedurePricing,details,Sotradecol
139926,242446,Staffs,BioHTML,versed
139986,48719,reviews,TEXT,Botox
140143,187098,Staffs,BioHTML,metronidazole
140177,187146,Staffs,BioHTML,Chlorhexidine
140289,140289,clinics,name,Beyaz
140289,187338,Staffs,BioHTML,Beyaz
140372,187457,Staffs,BioHTML,prednisone
140418,140418,clinics,name,Renova
140457,187564,Staffs,BioHTML,sculptra
140466,140466,clinics,longdescription,Insulin
140495,187616,Staffs,BioHTML,acyclovir
140681,57948,reviews,TEXT,isotretinoin
140733,50058,reviews,TreatmentName,Botox
140733,57233,reviews,TreatmentName,botox
140733,57237,reviews,TreatmentName,botox
140771,188068,Staffs,BioHTML,Sculptra
140984,52621,reviews,TEXT,TwinRix
140989,634642,leadfeedback,Comments,Tegretol
141032,63214,reviews,TEXT,heparin
141082,1965952,Clinic_ProcedurePricing,details,accutane
141268,1974518,Clinic_ProcedurePricing,treatment,EMLA
141285,1975426,Clinic_ProcedurePricing,details,Sculptra
141314,53873,reviews,TreatmentName,botox
141336,141336,clinics,longdescription,Sculptra
141336,54762,reviews,TEXT,Sculptra
141336,54762,reviews,TreatmentName,Sculptra
141336,54934,reviews,TreatmentName,Sculptra
141336,56276,reviews,TreatmentName,Botox
141336,56276,reviews,TreatmentName,sculptra
141336,56287,reviews,TreatmentName,Botox
141336,56295,reviews,TreatmentName,botox
141336,56695,reviews,TreatmentName,Botox
141336,58738,reviews,TreatmentName,Sculptra
141336,58740,reviews,TEXT,Sculptra
141336,58740,reviews,TreatmentName,Sculptra
141336,58743,reviews,TreatmentName,Botox
141336,62304,reviews,TreatmentName,Botox
141336,62304,reviews,TreatmentName,Sculptra
141336,56783,reviews,TreatmentName,Botox
141336,56783,reviews,TreatmentName,Sculptra
141359,58389,reviews,TreatmentName,botox
141392,1979924,Clinic_ProcedurePricing,details,estradiol
141566,141566,clinics,longdescription,Artane
141567,141567,clinics,longdescription,Artane
141589,189243,Staffs,BioHTML,AMOXICILLIN
141847,141847,clinics,longdescription,Collagenase
141847,2008304,Clinic_ProcedurePricing,details,collagenase
142061,2015598,Clinic_ProcedurePricing,details,Adipex
142061,2015598,Clinic_ProcedurePricing,details,dopamine
142061,2015598,Clinic_ProcedurePricing,details,Phentermine
142061,49011,reviews,TreatmentName,Botox
142061,49058,reviews,TreatmentName,Botox
142061,49209,reviews,TreatmentName,botox
142061,50739,reviews,TreatmentName,Sculptra
142168,142168,clinics,longdescription,Sculptra
142182,2023097,Clinic_ProcedurePricing,treatment,Nystatin
142202,2024088,Clinic_ProcedurePricing,treatment,Nystatin
142285,190246,Staffs,BioHTML,insulin
142290,190246,Staffs,BioHTML,insulin
142300,190357,Staffs,BioHTML,versed
142489,2034208,Clinic_ProcedurePricing,treatment,Testosterone
142586,47915,reviews,TreatmentName,Botox
142586,47920,reviews,TreatmentName,botox
142610,60307,reviews,TreatmentName,Sculptra
142730,142730,clinics,longdescription,Sculptra
142731,142731,clinics,longdescription,Sculptra
142770,2042986,Clinic_ProcedurePricing,treatment,Tetracycline
143054,3227800,Clinic_ProcedurePricing,details,penicillin
143062,66805,reviews,TEXT,versed
143072,191315,Staffs,BioHTML,versed
143078,66644,reviews,ReviewLongTreatment,botox
143659,48051,reviews,TreatmentName,botox
143659,49327,reviews,TreatmentName,Botox
143754,50704,reviews,TreatmentName,Botox
143754,50893,reviews,TreatmentName,Botox
143754,50901,reviews,TreatmentName,Botox
143754,51110,reviews,TreatmentName,botox
143754,56818,reviews,TreatmentName,Botox
143754,59441,reviews,TreatmentName,botox
143754,62554,reviews,TreatmentName,Botox
143754,62817,reviews,TreatmentName,Botox
143754,62818,reviews,TreatmentName,Botox
143754,62843,reviews,TEXT,juvederm
143754,63557,reviews,TreatmentName,Botox
143754,63559,reviews,TreatmentName,Botox
143754,64381,reviews,TreatmentName,Botox
143754,65227,reviews,TreatmentName,Botox
143754,65259,reviews,TreatmentName,Botox
143754,51851,reviews,TreatmentName,Botox
143754,54844,reviews,TreatmentName,Botox
143754,62194,reviews,TreatmentName,Botox
143754,62196,reviews,TreatmentName,Botox
143754,62209,reviews,TreatmentName,botox
143754,63597,reviews,TreatmentName,Botox
143816,2063227,Clinic_ProcedurePricing,treatment,Tretinoin
143978,634646,leadfeedback,Comments,Tegretol
144061,540745,leadfeedback,Comments,Botox
144136,2070589,Clinic_ProcedurePricing,treatment,Sculptra
144199,2075174,Clinic_ProcedurePricing,details,Bexsero
144502,144502,clinics,name,Renova
144635,2080557,Clinic_ProcedurePricing,treatment,Testosterone
144636,2080615,Clinic_ProcedurePricing,treatment,Testosterone
144741,2082848,Clinic_ProcedurePricing,treatment,Botulinum Toxin
144746,2082872,Clinic_ProcedurePricing,treatment,Botulinum Toxin
144747,2082902,Clinic_ProcedurePricing,treatment,Botulinum Toxin
144783,193218,Staffs,Name,Yasmin
144829,2086169,Clinic_ProcedurePricing,treatment,Accutane
144850,2086621,Clinic_ProcedurePricing,treatment,Sculptra
144901,2088291,Clinic_ProcedurePricing,treatment,Botulinum Toxin
144915,2088707,Clinic_ProcedurePricing,treatment,Botulinum Toxin
144920,193378,Staffs,BioHTML,botox
144922,2088829,Clinic_ProcedurePricing,treatment,Botulinum Toxin
144931,2089091,Clinic_ProcedurePricing,treatment,Botulinum Toxin
144945,193409,Staffs,BioHTML,Botox
144945,193409,Staffs,BioHTML,Juvederm
144945,193409,Staffs,BioHTML,Perlane
144945,193409,Staffs,BioHTML,Restylane
144992,2090598,Clinic_ProcedurePricing,treatment,Botulinum Toxin
145038,2092109,Clinic_ProcedurePricing,treatment,Botulinum Toxin
145057,2092444,Clinic_ProcedurePricing,treatment,Botulinum Toxin
145080,193552,Staffs,BioHTML,Botox
145080,193553,Staffs,BioHTML,Botox
145080,193554,Staffs,BioHTML,Botox
145097,2100685,Clinic_ProcedurePricing,treatment,Sculptra
145146,2101822,Clinic_ProcedurePricing,treatment,Botulinum Toxin
145153,2101982,Clinic_ProcedurePricing,treatment,Botulinum Toxin
145225,193720,Staffs,BioHTML,Botox
145226,193719,Staffs,BioHTML,Botox
145231,149195,Staffs,BioHTML,Soma
145234,193719,Staffs,BioHTML,Botox
145324,2107413,Clinic_ProcedurePricing,details,Oxytocin
145385,193853,Staffs,BioHTML,botox
145400,2108638,Clinic_ProcedurePricing,treatment,Juvederm
145587,145587,clinics,longdescription,Gardasil
145591,2545892,Clinic_ProcedurePricing,details,allay
145591,2545899,Clinic_ProcedurePricing,details,testosterone
145592,2545931,Clinic_ProcedurePricing,details,allay
145592,2545938,Clinic_ProcedurePricing,details,testosterone
145593,2545944,Clinic_ProcedurePricing,details,allay
145593,2545951,Clinic_ProcedurePricing,details,testosterone
145594,2545905,Clinic_ProcedurePricing,details,allay
145594,2545912,Clinic_ProcedurePricing,details,testosterone
145595,2545918,Clinic_ProcedurePricing,details,allay
145595,2545925,Clinic_ProcedurePricing,details,testosterone
145596,2545957,Clinic_ProcedurePricing,details,allay
145596,2545964,Clinic_ProcedurePricing,details,testosterone
145842,145842,clinics,longdescription,Latisse
145858,224407,Staffs,BioHTML,versed
145968,677055,leadfeedback,Comments,EYLEA
145968,677055,leadfeedback,Comments,Lucentis
145992,194551,Staffs,BioHTML,sculptra
146049,194569,Staffs,BioHTML,Botox
146049,194571,Staffs,BioHTML,Botox
146079,194581,Staffs,BioHTML,Botox
146079,194581,Staffs,BioHTML,versed
146150,194639,Staffs,BioHTML,versed
146209,2123803,Clinic_ProcedurePricing,treatment,Implanon
146209,2123803,Clinic_ProcedurePricing,treatment,Mirena
146240,2124407,Clinic_ProcedurePricing,treatment,Testosterone
146384,194929,Staffs,BioHTML,sildenafil
146405,194959,Staffs,Name,Yasmin
146423,2175473,Clinic_ProcedurePricing,details,emla
146566,195139,Staffs,BioHTML,Botox
146566,195139,Staffs,BioHTML,Restylane
146567,2130912,Clinic_ProcedurePricing,details,epipen
146567,2130912,Clinic_ProcedurePricing,details,penicillin
146571,2131019,Clinic_ProcedurePricing,treatment,Restylane
146575,2131103,Clinic_ProcedurePricing,treatment,Restylane
146578,2131191,Clinic_ProcedurePricing,treatment,Restylane
146580,2131238,Clinic_ProcedurePricing,treatment,Restylane
146583,2131286,Clinic_ProcedurePricing,treatment,Restylane
146584,2131328,Clinic_ProcedurePricing,treatment,Restylane
146668,195260,Staffs,BioHTML,Restylane
146776,195324,Staffs,BioHTML,Botulinum toxin
146776,195327,Staffs,BioHTML,Botulinum toxin
146825,2139289,Clinic_ProcedurePricing,treatment,Restylane
146935,195451,Staffs,BioHTML,versed
146976,2144086,Clinic_ProcedurePricing,details,Insulin
147032,147032,clinics,longdescription,apriso
147032,147032,clinics,longdescription,Asacol
147032,147032,clinics,longdescription,canasa
147032,147032,clinics,longdescription,Lialda
147032,147032,clinics,longdescription,lotronex
147032,147032,clinics,longdescription,pegasys
147032,147032,clinics,longdescription,pentasa
147032,147032,clinics,longdescription,remicade
147032,147032,clinics,longdescription,zenpep
147034,147034,clinics,longdescription,allay
147160,147160,clinics,longdescription,Arestin
147168,2949485,Clinic_ProcedurePricing,details,Estradiol
147168,2949485,Clinic_ProcedurePricing,details,Testosterone
147168,2949490,Clinic_ProcedurePricing,details,Testosterone
147168,2949490,Clinic_ProcedurePricing,details,Viagra
147335,195940,Staffs,BioHTML,Restylane
147340,195949,Staffs,BioHTML,Botox
147340,195949,Staffs,BioHTML,Restylane
147436,147436,clinics,longdescription,insulin
147570,2162598,Clinic_ProcedurePricing,treatment,Tetracycline
147573,2162855,Clinic_ProcedurePricing,treatment,Tetracycline
147580,2162843,Clinic_ProcedurePricing,treatment,Tetracycline
147605,2165695,Clinic_ProcedurePricing,treatment,Tetracycline
147612,2164567,Clinic_ProcedurePricing,treatment,Tetracycline
147655,2166769,Clinic_ProcedurePricing,treatment,Tetracycline
147666,3016496,Clinic_ProcedurePricing,treatment,Tetracycline
147680,2167933,Clinic_ProcedurePricing,treatment,Tetracycline
147751,2170370,Clinic_ProcedurePricing,treatment,Albumin
147786,3038265,Clinic_ProcedurePricing,treatment,Gallium
147794,3038116,Clinic_ProcedurePricing,treatment,Gallium
147822,55183,reviews,TreatmentName,Botox
147841,2172422,Clinic_ProcedurePricing,treatment,Botox
147843,2171650,Clinic_ProcedurePricing,treatment,Estradiol
147917,248862,Staffs,BioHTML,Botox
147971,196666,Staffs,BioHTML,microderm
147981,2194161,Clinic_ProcedurePricing,treatment,Botulinum Toxin
147991,3283011,Clinic_ProcedurePricing,treatment,Botulinum Toxin
147994,3283073,Clinic_ProcedurePricing,treatment,Botulinum Toxin
147995,3283259,Clinic_ProcedurePricing,treatment,Botulinum Toxin
147998,3282949,Clinic_ProcedurePricing,treatment,Botulinum Toxin
147999,3283135,Clinic_ProcedurePricing,treatment,Botulinum Toxin
148021,666801,leadfeedback,Comments,Prevnar 13
148070,196778,Staffs,BioHTML,Botox
148157,196847,Staffs,BioHTML,Botox
148169,196855,Staffs,BioHTML,Botox
148169,196856,Staffs,BioHTML,Botox
148169,196858,Staffs,BioHTML,Botox
148184,196855,Staffs,BioHTML,Botox
148184,196856,Staffs,BioHTML,Botox
148184,196858,Staffs,BioHTML,Botox
148423,197074,Staffs,BioHTML,Botox
148423,197074,Staffs,BioHTML,botulinum toxin
148548,197264,Staffs,BioHTML,Botox
148698,197428,Staffs,BioHTML,Growth Hormone
148856,197580,Staffs,BioHTML,versed
148974,2208710,Clinic_ProcedurePricing,treatment,Tetracycline
149085,2211347,Clinic_ProcedurePricing,treatment,Avastin
149085,2211347,Clinic_ProcedurePricing,treatment,Lucentis
149085,2211347,Clinic_ProcedurePricing,treatment,Macugen
149096,2211375,Clinic_ProcedurePricing,treatment,Avastin
149159,2212869,Clinic_ProcedurePricing,treatment,Botulinum Toxin
149180,2214822,Clinic_ProcedurePricing,treatment,Indocyanine
149180,2215053,Clinic_ProcedurePricing,treatment,Triamcinolone
149180,2215056,Clinic_ProcedurePricing,treatment,Ozurdex
149209,198010,Staffs,BioHTML,versed
149230,198010,Staffs,BioHTML,versed
149238,2217132,Clinic_ProcedurePricing,treatment,Testosterone
149261,2218569,Clinic_ProcedurePricing,treatment,Testosterone
149265,2218762,Clinic_ProcedurePricing,treatment,Testosterone
149269,2218997,Clinic_ProcedurePricing,treatment,Indocyanine
149269,2219138,Clinic_ProcedurePricing,treatment,Triamcinolone
149269,2219140,Clinic_ProcedurePricing,treatment,Ozurdex
149281,2219958,Clinic_ProcedurePricing,treatment,Indocyanine
149281,2220069,Clinic_ProcedurePricing,treatment,Triamcinolone
149281,2220070,Clinic_ProcedurePricing,treatment,Ozurdex
149283,198060,Staffs,BioHTML,Chlorpromazine
149296,2220930,Clinic_ProcedurePricing,treatment,Clomid
149296,2220932,Clinic_ProcedurePricing,treatment,Metformin
149315,149315,clinics,longdescription,microDerm
149347,2222237,Clinic_ProcedurePricing,treatment,Doxycycline
149347,2222482,Clinic_ProcedurePricing,treatment,Estradiol
149347,2222490,Clinic_ProcedurePricing,treatment,estradiol
149377,2223101,Clinic_ProcedurePricing,treatment,Chorionic Gonadotropin
149377,2223101,Clinic_ProcedurePricing,treatment,Gonadotropin
149387,2223234,Clinic_ProcedurePricing,treatment,Chorionic Gonadotropin
149387,2223234,Clinic_ProcedurePricing,treatment,Gonadotropin
149392,2223346,Clinic_ProcedurePricing,treatment,Chorionic Gonadotropin
149392,2223346,Clinic_ProcedurePricing,treatment,Gonadotropin
149441,2224839,Clinic_ProcedurePricing,treatment,Doxycycline
149441,2224948,Clinic_ProcedurePricing,treatment,Estradiol
149441,2224983,Clinic_ProcedurePricing,treatment,Estradiol
149632,2229676,Clinic_ProcedurePricing,treatment,Finasteride
149632,2229676,Clinic_ProcedurePricing,treatment,Propecia
149656,264131,Staffs,BioHTML,Botox
149705,2231734,Clinic_ProcedurePricing,treatment,Mitomycin
149705,2231735,Clinic_ProcedurePricing,treatment,Mitomycin
149705,2231919,Clinic_ProcedurePricing,treatment,Avastin
149705,2231920,Clinic_ProcedurePricing,treatment,Avastin
149775,198547,Staffs,BioHTML,versed
149822,2234925,Clinic_ProcedurePricing,treatment,Albumin
149825,51791,reviews,TreatmentName,Botox
149838,200017,Staffs,BioHTML,Arava
149841,2235711,Clinic_ProcedurePricing,treatment,Albumin
149842,2235793,Clinic_ProcedurePricing,treatment,Albumin
150059,198913,Staffs,BioHTML,versed
150059,198916,Staffs,BioHTML,versed
150107,2247110,Clinic_ProcedurePricing,treatment,Dobutamine
150113,2247578,Clinic_ProcedurePricing,treatment,Dobutamine
150131,2248888,Clinic_ProcedurePricing,treatment,Retin-A
150134,2248591,Clinic_ProcedurePricing,treatment,Retin-A
150140,2248760,Clinic_ProcedurePricing,treatment,Asclera
150140,2249018,Clinic_ProcedurePricing,treatment,Latisse
150144,198998,Staffs,BioHTML,BOTOX
150144,198998,Staffs,BioHTML,Dysport
150144,198998,Staffs,BioHTML,Juvederm
150178,2250475,Clinic_ProcedurePricing,treatment,Finasteride
150178,2250475,Clinic_ProcedurePricing,treatment,Propecia
150183,2249481,Clinic_ProcedurePricing,treatment,Restylane
150183,2249482,Clinic_ProcedurePricing,treatment,Juvederm
150183,2249483,Clinic_ProcedurePricing,treatment,Juvederm
150183,2249502,Clinic_ProcedurePricing,treatment,Retin-A
150187,2249695,Clinic_ProcedurePricing,details,BOTOX
150187,2920000,Clinic_ProcedurePricing,details,BOTOX
150201,2251158,Clinic_ProcedurePricing,details,growth hormone
150201,2251158,Clinic_ProcedurePricing,details,Testosterone
150201,2251164,Clinic_ProcedurePricing,treatment,Testosterone
150201,2251172,Clinic_ProcedurePricing,treatment,HGH
150201,261452,Staffs,BioHTML,Botox
150201,261452,Staffs,BioHTML,Dysport
150201,261452,Staffs,BioHTML,Xeomin
150245,201494,Staffs,BioHTML,Botox
150256,2251588,Clinic_ProcedurePricing,details,Botox
150256,2251652,Clinic_ProcedurePricing,details,Botox
150256,2251652,Clinic_ProcedurePricing,details,Dysport
150256,2251652,Clinic_ProcedurePricing,details,Sculptra
150256,2251680,Clinic_ProcedurePricing,treatment,Dysport
150256,201522,Staffs,BioHTML,Botox
150256,201522,Staffs,BioHTML,Juvederm
150259,199101,Staffs,BioHTML,BOTOX
150259,199101,Staffs,BioHTML,Juvederm
150261,2251822,Clinic_ProcedurePricing,details,Botox
150283,2252752,Clinic_ProcedurePricing,treatment,Retin-A
150285,2252459,Clinic_ProcedurePricing,treatment,Dysport
150285,2252467,Clinic_ProcedurePricing,treatment,Dysport
150285,2252473,Clinic_ProcedurePricing,treatment,Dysport
150285,2252525,Clinic_ProcedurePricing,treatment,Testosterone
150287,2252482,Clinic_ProcedurePricing,details,Botulinum toxin
150287,2252487,Clinic_ProcedurePricing,details,Juvederm
150287,2252515,Clinic_ProcedurePricing,treatment,Latisse
150287,199152,Staffs,BioHTML,Botox
150291,2252910,Clinic_ProcedurePricing,details,Juvederm
150292,2252757,Clinic_ProcedurePricing,details,Botox
150292,2252757,Clinic_ProcedurePricing,details,Juvederm
150295,2252862,Clinic_ProcedurePricing,details,Botox
150295,2252869,Clinic_ProcedurePricing,details,Restylane
150296,199163,Staffs,BioHTML,Botox
150296,199164,Staffs,BioHTML,Botox
150302,2253653,Clinic_ProcedurePricing,details,Botox
150302,2253655,Clinic_ProcedurePricing,details,Juvederm
150303,2254948,Clinic_ProcedurePricing,details,Juvederm
150313,2253693,Clinic_ProcedurePricing,treatment,Adipex
150313,2253693,Clinic_ProcedurePricing,treatment,Fastin
150313,2253693,Clinic_ProcedurePricing,treatment,Phentermine
150313,2253695,Clinic_ProcedurePricing,treatment,Bontril
150316,199192,Staffs,BioHTML,Sculptra
150316,199193,Staffs,BioHTML,BOTOX
150316,199193,Staffs,BioHTML,Juvederm
150316,199193,Staffs,BioHTML,Sculptra
150317,3245224,Clinic_ProcedurePricing,treatment,Dysport
150317,3245225,Clinic_ProcedurePricing,treatment,Dysport
150317,3245226,Clinic_ProcedurePricing,treatment,Dysport
150317,3245291,Clinic_ProcedurePricing,treatment,Testosterone
150318,3244886,Clinic_ProcedurePricing,treatment,Dysport
150318,3244887,Clinic_ProcedurePricing,treatment,Dysport
150318,3244888,Clinic_ProcedurePricing,treatment,Dysport
150318,3244953,Clinic_ProcedurePricing,treatment,Testosterone
150320,3245393,Clinic_ProcedurePricing,treatment,Dysport
150320,3245394,Clinic_ProcedurePricing,treatment,Dysport
150320,3245395,Clinic_ProcedurePricing,treatment,Dysport
150320,3245460,Clinic_ProcedurePricing,treatment,Testosterone
150322,3245055,Clinic_ProcedurePricing,treatment,Dysport
150322,3245056,Clinic_ProcedurePricing,treatment,Dysport
150322,3245057,Clinic_ProcedurePricing,treatment,Dysport
150322,3245122,Clinic_ProcedurePricing,treatment,Testosterone
150330,2254867,Clinic_ProcedurePricing,details,Botox
150330,2254870,Clinic_ProcedurePricing,details,Juvederm
150338,2255185,Clinic_ProcedurePricing,details,botulinum toxin
150338,2255192,Clinic_ProcedurePricing,details,botulinum toxin
150347,2255584,Clinic_ProcedurePricing,details,BOTOX
150364,2920117,Clinic_ProcedurePricing,details,botulinum toxin
150364,2920124,Clinic_ProcedurePricing,details,botulinum toxin
150384,2256825,Clinic_ProcedurePricing,details,Restylane
150386,2256854,Clinic_ProcedurePricing,treatment,Juvederm
150387,199291,Staffs,BioHTML,BOTOX
150401,2256904,Clinic_ProcedurePricing,treatment,Juvederm
150406,2257123,Clinic_ProcedurePricing,treatment,Testosterone
150406,2257126,Clinic_ProcedurePricing,treatment,HGH
150410,264730,Staffs,BioHTML,Botox
150410,264730,Staffs,BioHTML,Dysport
150414,199319,Staffs,BioHTML,Botox
150416,2258092,Clinic_ProcedurePricing,details,BOTOX
150424,2257731,Clinic_ProcedurePricing,details,versed
150424,2257803,Clinic_ProcedurePricing,details,Juvederm
150426,199319,Staffs,BioHTML,Botox
150429,2920230,Clinic_ProcedurePricing,details,Sculptra
150429,199346,Staffs,BioHTML,Botox
150431,199350,Staffs,BioHTML,Botox
150431,199350,Staffs,BioHTML,Dysport
150431,199350,Staffs,BioHTML,Sculptra
150431,199350,Staffs,BioHTML,Xeomin
150431,199351,Staffs,BioHTML,versed
150434,199350,Staffs,BioHTML,Botox
150434,199350,Staffs,BioHTML,Dysport
150434,199350,Staffs,BioHTML,Sculptra
150434,199350,Staffs,BioHTML,Xeomin
150434,199351,Staffs,BioHTML,versed
150435,2258536,Clinic_ProcedurePricing,details,testosterone
150436,2258271,Clinic_ProcedurePricing,details,BOTOX
150438,2258442,Clinic_ProcedurePricing,details,BOTOX
150456,2259203,Clinic_ProcedurePricing,details,BOTOX
150456,2259203,Clinic_ProcedurePricing,details,botulinum toxin
150456,2259207,Clinic_ProcedurePricing,details,Perlane
150456,2259207,Clinic_ProcedurePricing,details,Restylane
150458,2920235,Clinic_ProcedurePricing,details,Botox
150460,2259256,Clinic_ProcedurePricing,details,hyaluronidase
150460,2259256,Clinic_ProcedurePricing,details,Perlane
150460,2259256,Clinic_ProcedurePricing,details,Restylane
150460,2259266,Clinic_ProcedurePricing,details,Botox
150460,2259266,Clinic_ProcedurePricing,details,Dysport
150460,2259268,Clinic_ProcedurePricing,details,Botox
150460,2259268,Clinic_ProcedurePricing,details,Dysport
150461,2259293,Clinic_ProcedurePricing,details,Botox
150461,2259385,Clinic_ProcedurePricing,details,BOTOX
150462,2259502,Clinic_ProcedurePricing,treatment,Latisse
150473,2259940,Clinic_ProcedurePricing,treatment,Tretinoin
150492,2261140,Clinic_ProcedurePricing,details,Botox
150492,2261144,Clinic_ProcedurePricing,details,Botox
150495,2261122,Clinic_ProcedurePricing,details,Botox
150495,2261126,Clinic_ProcedurePricing,details,Botox
150496,2261131,Clinic_ProcedurePricing,details,Botox
150496,2261135,Clinic_ProcedurePricing,details,Botox
150497,2261108,Clinic_ProcedurePricing,details,Botox
150497,2287409,Clinic_ProcedurePricing,details,Botox
150498,2261149,Clinic_ProcedurePricing,details,Botox
150498,2261153,Clinic_ProcedurePricing,details,Botox
150512,2265230,Clinic_ProcedurePricing,treatment,Latisse
150520,2265529,Clinic_ProcedurePricing,treatment,Retin-A
150533,2920241,Clinic_ProcedurePricing,details,Botox
150533,2920242,Clinic_ProcedurePricing,details,Restylane
150536,2266064,Clinic_ProcedurePricing,details,Juvederm
150537,2266003,Clinic_ProcedurePricing,treatment,Latisse
150539,199546,Staffs,BioHTML,BOTOX
150539,199546,Staffs,BioHTML,Restylane
150541,2266092,Clinic_ProcedurePricing,details,Juvederm
150541,2266094,Clinic_ProcedurePricing,treatment,Botox
150543,2266175,Clinic_ProcedurePricing,details,Juvederm
150543,2266177,Clinic_ProcedurePricing,treatment,Botox
150545,2266432,Clinic_ProcedurePricing,details,Juvederm
150546,2267750,Clinic_ProcedurePricing,treatment,Latisse
150546,2267752,Clinic_ProcedurePricing,treatment,Latisse
150557,2920679,Clinic_ProcedurePricing,details,Botox
150560,2266921,Clinic_ProcedurePricing,treatment,Testosterone
150560,2266926,Clinic_ProcedurePricing,treatment,Growth Hormone
150566,199574,Staffs,BioHTML,botox
150569,2267148,Clinic_ProcedurePricing,treatment,Testosterone
150569,2267149,Clinic_ProcedurePricing,treatment,Growth Hormone
150574,2267398,Clinic_ProcedurePricing,details,Juvederm
150574,2267442,Clinic_ProcedurePricing,treatment,Latisse
150597,2268339,Clinic_ProcedurePricing,details,Botox
150597,2268339,Clinic_ProcedurePricing,details,botulinum toxin
150603,2268922,Clinic_ProcedurePricing,treatment,Microderm
150603,2920355,Clinic_ProcedurePricing,details,Botulinum Toxin
150606,2268574,Clinic_ProcedurePricing,treatment,Latisse
150606,2268575,Clinic_ProcedurePricing,treatment,Latisse
150613,2269445,Clinic_ProcedurePricing,treatment,microderm
150616,199649,Staffs,BioHTML,botox
150616,199653,Staffs,BioHTML,Botox
150621,199652,Staffs,BioHTML,Botox
150633,2269896,Clinic_ProcedurePricing,details,Botox
150633,2269896,Clinic_ProcedurePricing,details,botulinum toxin
150634,2269631,Clinic_ProcedurePricing,details,botulinum toxin
150638,2270342,Clinic_ProcedurePricing,treatment,Dysport
150638,2270342,Clinic_ProcedurePricing,details,DYSPORT
150652,199701,Staffs,BioHTML,Botox
150653,199700,Staffs,BioHTML,Botox
150660,2920495,Clinic_ProcedurePricing,details,Botox
150668,2270696,Clinic_ProcedurePricing,details,Botox
150687,2271392,Clinic_ProcedurePricing,treatment,Sculptra
150687,2271430,Clinic_ProcedurePricing,treatment,Dysport
150689,2271454,Clinic_ProcedurePricing,details,Botox
150689,2271460,Clinic_ProcedurePricing,details,Restylane
150725,2272645,Clinic_ProcedurePricing,details,Juvederm
150738,2273439,Clinic_ProcedurePricing,details,Restylane
150741,2273582,Clinic_ProcedurePricing,treatment,Testosterone
150753,2274013,Clinic_ProcedurePricing,treatment,chorionic gonadotropin
150753,2274013,Clinic_ProcedurePricing,treatment,gonadotropin
150756,2274036,Clinic_ProcedurePricing,treatment,Accutane
150762,2274550,Clinic_ProcedurePricing,treatment,Soma
150808,2276057,Clinic_ProcedurePricing,treatment,Soma
150809,2276122,Clinic_ProcedurePricing,treatment,Soma
150810,2276187,Clinic_ProcedurePricing,treatment,Soma
150811,2276252,Clinic_ProcedurePricing,treatment,Soma
150812,199933,Staffs,BioHTML,CAMPATH
150813,2276320,Clinic_ProcedurePricing,treatment,Soma
150814,2276385,Clinic_ProcedurePricing,treatment,Soma
150817,2276463,Clinic_ProcedurePricing,treatment,Soma
150819,2276545,Clinic_ProcedurePricing,treatment,Soma
150820,2276640,Clinic_ProcedurePricing,treatment,Soma
150824,2276730,Clinic_ProcedurePricing,treatment,Soma
150825,2276810,Clinic_ProcedurePricing,treatment,Soma
150828,2276966,Clinic_ProcedurePricing,treatment,Soma
150831,2277054,Clinic_ProcedurePricing,treatment,Soma
150834,2277373,Clinic_ProcedurePricing,treatment,Levulan
150847,2278087,Clinic_ProcedurePricing,details,Botox
150851,2278084,Clinic_ProcedurePricing,treatment,Testosterone
150852,2278101,Clinic_ProcedurePricing,details,botulinum toxin
150863,2920833,Clinic_ProcedurePricing,details,botulinum toxin
150864,2920788,Clinic_ProcedurePricing,details,botulinum toxin
150876,2279399,Clinic_ProcedurePricing,treatment,Xiaflex
150877,200003,Staffs,BioHTML,BOTOX
150886,2279468,Clinic_ProcedurePricing,details,Botox
150891,200029,Staffs,BioHTML,Botox
150892,2279786,Clinic_ProcedurePricing,treatment,Latisse
150897,200048,Staffs,BioHTML,Botox
150897,200051,Staffs,BioHTML,Botox
150901,200050,Staffs,BioHTML,Botox
150909,2280874,Clinic_ProcedurePricing,details,Juvederm
150909,2280874,Clinic_ProcedurePricing,details,Perlane
150909,2280874,Clinic_ProcedurePricing,details,Restylane
150909,2280874,Clinic_ProcedurePricing,details,Sculptra
150909,200111,Staffs,BioHTML,Botox
150909,200111,Staffs,BioHTML,Juvederm
150909,200111,Staffs,BioHTML,Sculptra
150915,2280772,Clinic_ProcedurePricing,details,BOTOX
150916,200048,Staffs,BioHTML,Botox
150916,200051,Staffs,BioHTML,Botox
150925,2281377,Clinic_ProcedurePricing,treatment,Microderm
150925,2281380,Clinic_ProcedurePricing,treatment,Microderm
150925,2281382,Clinic_ProcedurePricing,treatment,Microderm
150928,2280932,Clinic_ProcedurePricing,treatment,Asclera
150944,2282185,Clinic_ProcedurePricing,details,Botox
150955,200111,Staffs,BioHTML,Botox
150955,200111,Staffs,BioHTML,Juvederm
150955,200111,Staffs,BioHTML,Sculptra
150957,200111,Staffs,BioHTML,Botox
150957,200111,Staffs,BioHTML,Juvederm
150957,200111,Staffs,BioHTML,Sculptra
150958,200111,Staffs,BioHTML,Botox
150958,200111,Staffs,BioHTML,Juvederm
150958,200111,Staffs,BioHTML,Sculptra
150974,2282600,Clinic_ProcedurePricing,details,Juvederm
150974,2282639,Clinic_ProcedurePricing,treatment,Botulinum Toxin
150978,2283893,Clinic_ProcedurePricing,treatment,Collagenase
150978,2920877,Clinic_ProcedurePricing,details,Dysport
151010,2283632,Clinic_ProcedurePricing,treatment,Testosterone
151011,2283532,Clinic_ProcedurePricing,details,Botulinum Toxin
151013,2920878,Clinic_ProcedurePricing,details,Botox
151013,2920878,Clinic_ProcedurePricing,details,botulinum toxin
151013,200231,Staffs,BioHTML,Botox
151013,200231,Staffs,BioHTML,Juvederm
151013,200235,Staffs,BioHTML,Botox
151013,200235,Staffs,BioHTML,Dysport
151013,200235,Staffs,BioHTML,Juvederm
151013,200235,Staffs,BioHTML,Perlane
151013,200235,Staffs,BioHTML,Restylane
151018,2284020,Clinic_ProcedurePricing,details,Sculptra
151019,200238,Staffs,BioHTML,BOTOX
151023,2284514,Clinic_ProcedurePricing,details,Restylane
151031,200251,Staffs,BioHTML,Botox
151031,200251,Staffs,BioHTML,Juvederm
151031,200251,Staffs,BioHTML,Perlane
151031,200251,Staffs,BioHTML,Restylane
151033,200238,Staffs,BioHTML,BOTOX
151036,2920947,Clinic_ProcedurePricing,details,Botox
151036,2920947,Clinic_ProcedurePricing,details,botulinum toxin
151036,200231,Staffs,BioHTML,Botox
151036,200231,Staffs,BioHTML,Juvederm
151036,200235,Staffs,BioHTML,Botox
151036,200235,Staffs,BioHTML,Dysport
151036,200235,Staffs,BioHTML,Juvederm
151036,200235,Staffs,BioHTML,Perlane
151036,200235,Staffs,BioHTML,Restylane
151038,2920889,Clinic_ProcedurePricing,details,Botox
151038,2920889,Clinic_ProcedurePricing,details,botulinum toxin
151038,200231,Staffs,BioHTML,Botox
151038,200231,Staffs,BioHTML,Juvederm
151038,200235,Staffs,BioHTML,Botox
151038,200235,Staffs,BioHTML,Dysport
151038,200235,Staffs,BioHTML,Juvederm
151038,200235,Staffs,BioHTML,Perlane
151038,200235,Staffs,BioHTML,Restylane
151040,2284939,Clinic_ProcedurePricing,details,Botox
151040,2284942,Clinic_ProcedurePricing,details,Juvederm
151042,200274,Staffs,BioHTML,Botox
151049,2921018,Clinic_ProcedurePricing,details,Botox
151049,2921018,Clinic_ProcedurePricing,details,Xeomin
151050,200269,Staffs,BioHTML,versed
151058,2285568,Clinic_ProcedurePricing,details,Botox
151059,200279,Staffs,BioHTML,BOTOX
151059,200279,Staffs,BioHTML,Restylane
151059,200282,Staffs,BioHTML,BOTOX
151059,200282,Staffs,BioHTML,Restylane
151059,200286,Staffs,BioHTML,BOTOX
151059,200286,Staffs,BioHTML,Restylane
151075,2286571,Clinic_ProcedurePricing,details,Botox
151081,200315,Staffs,BioHTML,BOTOX
151081,200316,Staffs,BioHTML,Botox
151081,200316,Staffs,BioHTML,Dysport
151081,63967,reviews,TEXT,Restylane
151081,63967,reviews,TreatmentName,Restylane
151081,66354,reviews,ReviewLongTreatment,Botox
151091,2921076,Clinic_ProcedurePricing,details,Botox
151105,2287984,Clinic_ProcedurePricing,details,Botox
151105,2287984,Clinic_ProcedurePricing,details,Juvederm
151105,2287984,Clinic_ProcedurePricing,details,Restylane
151142,2290105,Clinic_ProcedurePricing,treatment,Testosterone
151146,65156,reviews,TEXT,allay
151174,2290258,Clinic_ProcedurePricing,treatment,Testosterone
151177,2289923,Clinic_ProcedurePricing,details,botulinum toxin
151188,2290207,Clinic_ProcedurePricing,treatment,Microderm
151188,2290290,Clinic_ProcedurePricing,treatment,Microderm
151191,2290756,Clinic_ProcedurePricing,treatment,Testosterone
151191,200475,Staffs,BioHTML,Botox
151192,2290725,Clinic_ProcedurePricing,details,botulinum toxin
151203,2290581,Clinic_ProcedurePricing,treatment,Microderm
151203,2290583,Clinic_ProcedurePricing,treatment,Microderm
151205,2290654,Clinic_ProcedurePricing,treatment,Microderm
151205,2290657,Clinic_ProcedurePricing,treatment,Microderm
151206,2290716,Clinic_ProcedurePricing,treatment,Microderm
151206,2290719,Clinic_ProcedurePricing,treatment,Microderm
151213,2291290,Clinic_ProcedurePricing,details,botulinum toxin
151216,2921260,Clinic_ProcedurePricing,details,botulinum toxin
151217,2921191,Clinic_ProcedurePricing,details,botulinum toxin
151218,2921225,Clinic_ProcedurePricing,details,botulinum toxin
151219,2921157,Clinic_ProcedurePricing,details,botulinum toxin
151238,2292480,Clinic_ProcedurePricing,treatment,Levulan
151238,2292483,Clinic_ProcedurePricing,treatment,Levulan
151243,200522,Staffs,BioHTML,Botox
151251,200540,Staffs,BioHTML,insulin
151252,200540,Staffs,BioHTML,insulin
151253,200540,Staffs,BioHTML,insulin
151254,200540,Staffs,BioHTML,insulin
151255,200522,Staffs,BioHTML,Botox
151262,2292874,Clinic_ProcedurePricing,treatment,Tretinoin
151268,200574,Staffs,BioHTML,Carac
151268,200574,Staffs,BioHTML,Loprox
151268,200574,Staffs,BioHTML,Lotrisone
151268,200574,Staffs,BioHTML,Penlac
151268,200574,Staffs,BioHTML,Solodyn
151268,200574,Staffs,BioHTML,Vanos
151268,200574,Staffs,BioHTML,Ziana
151270,2293117,Clinic_ProcedurePricing,details,Botox
151270,2293119,Clinic_ProcedurePricing,details,Botox
151276,2293243,Clinic_ProcedurePricing,details,botulinum toxin
151276,2293269,Clinic_ProcedurePricing,treatment,Retin-A
151277,2293356,Clinic_ProcedurePricing,details,Juvederm
151277,2293356,Clinic_ProcedurePricing,details,Restylane
151280,2293371,Clinic_ProcedurePricing,details,BOTOX
151285,2921395,Clinic_ProcedurePricing,details,Botox
151286,2294067,Clinic_ProcedurePricing,treatment,Testosterone
151286,2294462,Clinic_ProcedurePricing,treatment,Latisse
151286,200624,Staffs,BioHTML,Botox
151298,2293812,Clinic_ProcedurePricing,details,Botox
151298,2293812,Clinic_ProcedurePricing,details,Juvederm
151298,2293812,Clinic_ProcedurePricing,details,Restylane
151299,2921393,Clinic_ProcedurePricing,details,botulinum toxin
151307,200621,Staffs,BioHTML,botulinum toxin
151312,2294325,Clinic_ProcedurePricing,details,Botox
151312,2294325,Clinic_ProcedurePricing,details,Juvederm
151353,200717,Staffs,BioHTML,microderm
151362,2295652,Clinic_ProcedurePricing,details,retin A
151363,2295722,Clinic_ProcedurePricing,details,Botox
151369,2295836,Clinic_ProcedurePricing,details,Juvederm
151374,2296071,Clinic_ProcedurePricing,treatment,Latisse
151374,200743,Staffs,BioHTML,Botox
151375,2295969,Clinic_ProcedurePricing,details,Botox
151381,3264605,Clinic_ProcedurePricing,details,Botox
151382,200759,Staffs,BioHTML,Botox
151383,3264517,Clinic_ProcedurePricing,details,Botox
151384,2296487,Clinic_ProcedurePricing,details,BOTOX
151385,3264561,Clinic_ProcedurePricing,details,Botox
151391,2296512,Clinic_ProcedurePricing,details,Botox
151393,200621,Staffs,BioHTML,botulinum toxin
151394,200621,Staffs,BioHTML,botulinum toxin
151395,200621,Staffs,BioHTML,botulinum toxin
151396,200621,Staffs,BioHTML,botulinum toxin
151398,200621,Staffs,BioHTML,botulinum toxin
151399,200621,Staffs,BioHTML,botulinum toxin
151531,51991,reviews,TreatmentName,Botox
151765,2307547,Clinic_ProcedurePricing,treatment,Tetracycline
151810,163263,Staffs,BioHTML,versed
152103,201881,Staffs,Name,Yasmin
152115,3243424,Clinic_ProcedurePricing,treatment,Finasteride
152115,3243424,Clinic_ProcedurePricing,treatment,Propecia
152172,2317434,Clinic_ProcedurePricing,details,BOTOX
152220,2319242,Clinic_ProcedurePricing,treatment,Botulinum Toxin
152238,2319461,Clinic_ProcedurePricing,treatment,Botulinum Toxin
152240,2319591,Clinic_ProcedurePricing,treatment,Botulinum Toxin
152242,2319700,Clinic_ProcedurePricing,treatment,Botulinum Toxin
152258,2320086,Clinic_ProcedurePricing,treatment,Mitomycin
152307,202196,Staffs,BioHTML,Botox
152318,2322403,Clinic_ProcedurePricing,treatment,Botulinum Toxin
152321,2322225,Clinic_ProcedurePricing,treatment,Finasteride
152329,2322557,Clinic_ProcedurePricing,treatment,Botulinum Toxin
152378,202271,Staffs,BioHTML,botulinum toxin
152395,152395,clinics,longdescription,avastin
152395,152395,clinics,longdescription,lucentis
152566,205628,Staffs,BioHTML,Botox
152608,152608,clinics,longdescription,testosterone
152808,2336140,Clinic_ProcedurePricing,treatment,Microderm
152811,202894,Staffs,BioHTML,botulinum toxin
152811,202894,Staffs,BioHTML,Dysport
152811,202894,Staffs,BioHTML,Restylane
152821,2336553,Clinic_ProcedurePricing,treatment,Botulinum Toxin
152829,202957,Staffs,BioHTML,botox
152835,202964,Staffs,BioHTML,botulinum toxin
152848,202969,Staffs,BioHTML,Botulinum toxin
152858,202976,Staffs,BioHTML,Botulinum toxin
152858,202976,Staffs,BioHTML,Juvederm
152861,203007,Staffs,BioHTML,botox
152864,202969,Staffs,BioHTML,Botulinum toxin
152874,203015,Staffs,BioHTML,botox
152988,203186,Staffs,BioHTML,Botox
152988,203186,Staffs,BioHTML,Restylane
153000,2344746,Clinic_ProcedurePricing,treatment,Intralipid
153007,2344855,Clinic_ProcedurePricing,treatment,Intralipid
153011,2344999,Clinic_ProcedurePricing,treatment,Intralipid
153102,2351122,Clinic_ProcedurePricing,treatment,Insulin
153102,203277,Staffs,BioHTML,insulin
153110,2351574,Clinic_ProcedurePricing,treatment,Albumin
153118,2351456,Clinic_ProcedurePricing,treatment,Insulin
153118,2351461,Clinic_ProcedurePricing,treatment,Insulin
153118,2352176,Clinic_ProcedurePricing,treatment,Estradiol
153118,2352177,Clinic_ProcedurePricing,treatment,Testosterone
153118,2352185,Clinic_ProcedurePricing,treatment,Growth Hormone
153118,2352194,Clinic_ProcedurePricing,treatment,Insulin
153118,2352196,Clinic_ProcedurePricing,treatment,Insulin
153118,2352198,Clinic_ProcedurePricing,treatment,Insulin
153118,2352202,Clinic_ProcedurePricing,treatment,Dopamine
153128,2352390,Clinic_ProcedurePricing,treatment,Testosterone
153128,2352404,Clinic_ProcedurePricing,treatment,Growth Hormone
153128,2352404,Clinic_ProcedurePricing,treatment,Testosterone
153134,203327,Staffs,BioHTML,Botulinum Toxin
153135,203337,Staffs,BioHTML,Botox
153165,153165,clinics,name,Antara
153181,153181,clinics,longdescription,Kenalog
153213,2355158,Clinic_ProcedurePricing,details,xylocaine
153230,203446,Staffs,BioHTML,ampicillin
153230,203446,Staffs,BioHTML,penicillin
153307,2357568,Clinic_ProcedurePricing,treatment,Visudyne
153314,2357555,Clinic_ProcedurePricing,treatment,Avastin
153314,2357558,Clinic_ProcedurePricing,treatment,Lucentis
153322,2358057,Clinic_ProcedurePricing,treatment,Avastin
153372,203679,Staffs,BioHTML,SOMA
153375,203679,Staffs,BioHTML,SOMA
153388,203700,Staffs,BioHTML,Urso
153449,203775,Staffs,BioHTML,SOMA
153740,204105,Staffs,BioHTML,Restylane
153780,153780,clinics,name,Botox
154314,2383063,Clinic_ProcedurePricing,treatment,Clomid
154360,2384319,Clinic_ProcedurePricing,treatment,Botulinum Toxin
154360,204877,Staffs,BioHTML,Botulinum toxin
154360,204877,Staffs,BioHTML,Restylane
154360,204880,Staffs,BioHTML,botulinum toxin
154387,2385606,Clinic_ProcedurePricing,treatment,Sonata
154409,2386931,Clinic_ProcedurePricing,treatment,Kenalog
154456,57831,reviews,TreatmentName,botox
154461,54147,reviews,TEXT,botox
154461,54147,reviews,TreatmentName,Botox
154472,154472,clinics,longdescription,estradiol
154535,2391676,Clinic_ProcedurePricing,treatment,Avastin
154546,205168,Staffs,BioHTML,botulinum toxin
154590,2576621,Clinic_ProcedurePricing,treatment,Durolane
154590,2576628,Clinic_ProcedurePricing,treatment,Hyalgan
154660,2396064,Clinic_ProcedurePricing,treatment,Durolane
154660,2396070,Clinic_ProcedurePricing,treatment,Synvisc
154671,2396452,Clinic_ProcedurePricing,treatment,Durolane
154671,2396453,Clinic_ProcedurePricing,treatment,Synvisc
154675,2396798,Clinic_ProcedurePricing,treatment,Durolane
154675,2396895,Clinic_ProcedurePricing,treatment,Imovax
154675,2396996,Clinic_ProcedurePricing,treatment,Albumin
154676,205342,Staffs,BioHTML,Restylane
154678,205343,Staffs,BioHTML,Perlane
154678,205343,Staffs,BioHTML,Restylane
154881,154881,clinics,longdescription,Sculptra
154889,154889,clinics,longdescription,testosterone
