377,318,318,clinics,longdescription,body shaping,Joanna Kurmanow Plastic and Aesthetic Surgery Clinic 
3688,3522,3522,clinics,longdescription,rage,Simonblas
4981,4815,4815,clinics,Address1,M1,Medica Tour Dentistry
5336,5170,5170,clinics,shortdescription,amoxicillin,HSJ Dental
85616,12200,12200,clinics,longdescription,72 hours,Wright Dental and Beauty Care
16252,16086,16086,clinics,longdescription,Body slimming,Skin Basix Therapy Centre
18621,18411,18411,clinics,longdescription,Roaccutane,Botonics - London
18652,18442,18442,clinics,longdescription,muscle mass,Facial and Cosmetic Enhancement Clinic
18724,18514,18514,clinics,shortdescription,Sculptra,Cheshire Image Clinic
18909,18697,18697,clinics,shortdescription,sculptra,Enhance UK - Rejuvenation Clinic
18944,18732,18732,clinics,shortdescription,body slimming,Dore Health and Beauty
18969,18757,18757,clinics,shortdescription,Sculptra,Northwood Clinic
18976,18764,18764,clinics,shortdescription,body shaping,Gender Reassignment Surgery-Chris Inglefield
18986,18774,18774,clinics,shortdescription,Sculptra,K-Aesthetics (Treatment for lines and wrinkles Surrey)
22808,25208,25208,clinics,longdescription,reduce weight,Weavers Medical
28150,30731,30731,clinics,PostalCode,M1,City Therapy
16252,30886,30886,clinics,longdescription,Body slimming,Taman Tun Dr.Ismail (Branch)
16252,30887,30887,clinics,longdescription,Body slimming,Kota Damansara (Branch)
12274,31153,31153,clinics,longdescription,M1,Optical Express - Barnsley - Queen Street
12274,31176,31176,clinics,longdescription,M1,Optical Express - Derby - St Peters Way
18909,32135,32135,clinics,shortdescription,sculptra,Enhance UK - Aspire The Avenue Dental Centre
18909,32136,32136,clinics,shortdescription,sculptra,Enhance UK - Aspire South Ham Dental Practice
18909,32137,32137,clinics,shortdescription,sculptra,Enhance UK - Aspire Docklands Smile Studio
18621,32771,32771,clinics,longdescription,Roaccutane,Botonics - Battersea
31219,36528,36528,clinics,PostalCode,M1,Shanghai Acupuncture Clinic - Manchester city centre branch
12274,40788,40788,clinics,longdescription,M1,Optical Express - Nottingham - Lister Gate
85597,91775,91775,clinics,shortdescription,Sculptra,Health + Aesthetics Farnham
85616,91794,91794,clinics,longdescription,72 hours,WrinkleWright
86747,93284,93284,clinics,shortdescription,Sculptra,I-Time Clinic
87051,94055,94055,clinics,longdescription,72 hours,LéVonne de Spa
88483,96602,96602,clinics,longdescription,body shaping,The Laser and Light Cosmetic Medical Clinic
89077,97324,97324,clinics,longdescription,M1,The Limes
90503,98783,98783,clinics,PostalCode,M1,Chinese Medical Clinic
116821,100122,100122,clinics,longdescription,SCULPTRA,United Medical Aesthetics
92114,100517,100517,clinics,longdescription,Tren,October Dental Surgery
92271,100688,100688,clinics,shortdescription,body shaping,Rachel Goddard Aesthetics Limited
92385,100806,100806,clinics,shortdescription,M1,Mulberry House Clinic and Laser Centre
93084,101623,101623,clinics,shortdescription,body shaping,Atelier Cosmetic Plastic and Laser Clinic-S Delhi
93084,101623,101623,clinics,longdescription,body shaping,Atelier Cosmetic Plastic and Laser Clinic-S Delhi
93509,102133,102133,clinics,PostalCode,M1,City Health Centre
93699,102341,102341,clinics,shortdescription,SCULPTRA,Skintalks Medical Aesthetics
93745,102394,102394,clinics,shortdescription,Sculptra,ALS Cosmetic LLP
93972,102708,102708,clinics,longdescription,M1,Leagrave Dental Sedation  and Implant Clinic
94320,103142,103142,clinics,longdescription,body shaping,Cirumed Clinic Marbella
94666,103545,103545,clinics,shortdescription,Sculptra,sk:n clinics - East Finchley
94666,103555,103555,clinics,shortdescription,Sculptra,sk:n clinics - Victoria
94666,103556,103556,clinics,shortdescription,Sculptra,sk:n clinics - Harley Street
94666,103557,103557,clinics,shortdescription,Sculptra,sk:n clinics – Holborn
94666,103558,103558,clinics,shortdescription,Sculptra,sk:n clinics - London Wall
94666,103559,103559,clinics,shortdescription,Sculptra,sk:n clinics - Maida Vale
94666,103560,103560,clinics,shortdescription,Sculptra,sk:n clinics - Shaftesbury Avenue
94666,103561,103561,clinics,shortdescription,Sculptra,sk:n clinics - Canary Wharf
94666,103562,103562,clinics,shortdescription,Sculptra,sk:n clinics - Brighton
94666,103563,103563,clinics,shortdescription,Sculptra,sk:n clinics - Bristol
94666,103564,103564,clinics,shortdescription,Sculptra,sk:n clinics - Chelmsford
94666,103565,103565,clinics,shortdescription,Sculptra,sk:n clinics - Guildford
94666,103566,103566,clinics,shortdescription,Sculptra,sk:n clinics - Portsmouth
94666,103567,103567,clinics,shortdescription,Sculptra,sk:n clinics - Southampton
94666,103568,103568,clinics,shortdescription,Sculptra,sk:n clinics - Epson
94666,103569,103569,clinics,shortdescription,Sculptra,sk:n clinics - Bicester
94666,103570,103570,clinics,shortdescription,Sculptra,sk:n clinics – Birmingham Bull Street
94666,103571,103571,clinics,shortdescription,Sculptra,sk:n clinics – Birmingham Edgbaston
94666,103572,103572,clinics,shortdescription,Sculptra,sk:n clinics - Cheltenham
94666,103573,103573,clinics,shortdescription,Sculptra,sk:n clinics - Leamington Spa
94666,103574,103574,clinics,shortdescription,Sculptra,sk:n clinics - Leicester
94666,103575,103575,clinics,shortdescription,Sculptra,sk:n clinics - Milton Keynes
94666,103576,103576,clinics,shortdescription,Sculptra,sk:n clinics - Northampton
94666,103577,103577,clinics,shortdescription,Sculptra,sk:n clinics - Norwich
94666,103578,103578,clinics,shortdescription,Sculptra,sk:n clinics - Nottingham
94666,103580,103580,clinics,shortdescription,Sculptra,sk:n clinics - Wolverhampton
94666,103581,103581,clinics,shortdescription,Sculptra,sk:n clinics - Aberdeen
94666,103582,103582,clinics,shortdescription,Sculptra,sk:n clinics - Edinburgh
94666,103583,103583,clinics,shortdescription,Sculptra,sk:n clinics - Glasgow
94666,103584,103584,clinics,shortdescription,Sculptra,sk:n clinics - Leeds
94666,103585,103585,clinics,shortdescription,Sculptra,sk:n clinics - Liverpool
94666,103586,103586,clinics,shortdescription,Sculptra,sk:n clinics - Manchester
94666,103587,103587,clinics,shortdescription,Sculptra,sk:n clinics - Middlesbrough
94666,103588,103588,clinics,shortdescription,Sculptra,sk:n clinics - Newcastle
94666,103589,103589,clinics,shortdescription,Sculptra,sk:n clinics - Sheffield
94843,103777,103777,clinics,PostalCode,M1,The Clinic of Trichology
95241,104243,104243,clinics,longdescription,body slimming,ENVIE SLIM AND SCULPT
95880,105062,105062,clinics,shortdescription,rage,Naturality Wellness Centre
95978,105177,105177,clinics,shortdescription,Sculptra,No8 Dental and Cosmetic
96196,105404,105404,clinics,shortdescription,Sculptra,Temple Medical Ltd
96682,106097,106097,clinics,shortdescription,Sculptra,Outline Skincare
97222,106760,106760,clinics,longdescription,body shaping,The Body Clinic Mk
97230,106770,106770,clinics,shortdescription,Sculptra,Britedent
97316,106868,106868,clinics,longdescription,M1,The Centre for Advanced Dentistry Yorkshire
97450,107028,107028,clinics,longdescription,electricity,Dr. Adé Meyer Cosmetic Dentistry
97710,107386,107386,clinics,longdescription,muscle mass,The Wellness Centre
98735,108649,108649,clinics,shortdescription,Sculptra,Advance Clinic
99093,109050,109050,clinics,PostalCode,M1,Adam Williams Aesthetics - Chorlton Mill
99235,109238,109238,clinics,longdescription,body slimming,Thomson Aesthetics Centre
99763,109865,109865,clinics,PostalCode,M1,First Choice Physio Ltd
99803,109916,109916,clinics,longdescription,M1,Aesthetika
100124,110351,110351,clinics,longdescription,Body shaping,Aum cosmetic surgery clinic
101282,111818,111818,clinics,longdescription,body slimming,Dr Alice Total Wellness - Bangsar
101282,111821,111821,clinics,longdescription,body slimming,Dr Alice Total Wellness - Klang
101309,111878,111878,clinics,longdescription,body slimming,Step In Beauty & Wellness Sdn Bhd - Burma Road Outlet
101309,111879,111879,clinics,longdescription,body slimming,Step In Beauty & Wellness Sdn Bhd - Paya Terubong Outlet
101309,111880,111880,clinics,longdescription,body slimming,Step In Beauty & Wellness Sdn Bhd - Sungai Ara Outlet
102033,112875,112875,clinics,longdescription,body shaping,Grand Plastic Surgery
102772,114159,114159,clinics,longdescription,body slimming,Californian Bloom Aesthetic Institute & Medical Spa
103162,114846,114846,clinics,longdescription,body shaping,Pureskin The Clinic
104695,116986,116986,clinics,PostalCode,M1,Dr Conlon's Aesthetic Clinics
104723,117015,117015,clinics,longdescription,M1,Irish Skin Clinic
104934,117262,117262,clinics,shortdescription,body shaping,BEAUTY by BUFORD
104934,117262,117262,clinics,longdescription,body shaping,BEAUTY by BUFORD
104978,117309,117309,clinics,longdescription,body shaping,DR. SARANG' liposuction&  weight loss clinic
104978,117309,117309,clinics,longdescription,reduce weight,DR. SARANG' liposuction&  weight loss clinic
105413,118312,118312,clinics,shortdescription,versed,GeneralSurgery Ltd at Xanit International Hospital
105918,118625,118625,clinics,longdescription,electricity,Sirens Beauty Massage & Skin Care Specialists
106134,118901,118901,clinics,shortdescription,Gardasil,St Peter's Travel Clinic
18909,118960,118960,clinics,shortdescription,sculptra,Enhance UK - Aspire Bury Knowle Dental Practice
18909,118961,118961,clinics,shortdescription,sculptra,Enhance UK - Aspire Bridge Street Dental Practice
18909,118962,118962,clinics,shortdescription,sculptra,Enhance UK - Aspire Hampshire Healthcare Centre
18909,118963,118963,clinics,shortdescription,sculptra,Enhance UK - Aspire Havant Dental Practice
18909,118964,118964,clinics,shortdescription,sculptra,Enhance UK - Aspire Dagenham Dental Practice
18909,118965,118965,clinics,shortdescription,sculptra,Enhance UK - Aspire Island Health Dental
18909,118966,118966,clinics,shortdescription,sculptra,Enhance UK - Aspire Amersham Dental
18909,118967,118967,clinics,shortdescription,sculptra,Enhance UK - Aspire Aylesbury Dental
18909,118969,118969,clinics,shortdescription,sculptra,- Aspire Lee-on-Solent Dental
106904,120080,120080,clinics,longdescription,Body Slimming,The LifeStyle Clinic
107115,120341,120341,clinics,PostalCode,M1,Silk Beauty Hair Removal
107200,120457,120457,clinics,longdescription,acceleration,Bioresonance Therapy Center
107544,120989,120989,clinics,Address2,M1,Dr Jeffrey Fialkov
107679,121161,121161,clinics,longdescription,body shaping,Poliklinika Milojevic
107679,121556,121556,clinics,longdescription,body shaping,Milo Clinic-London
108553,122261,122261,clinics,Address1,Electricity,Windor Family Dentistry
108687,122412,122412,clinics,longdescription,rage,Oxford Brookes University Osteopathic Clinic
108687,122413,122413,clinics,longdescription,rage,Department of Sport and Health Sciences - Oxford Brookes - Swindon
108736,122479,122479,clinics,shortdescription,Body Slimming,Beauty Club
109063,123003,123003,clinics,longdescription,body slimming,New Me at Lasting Enhancements
109625,123826,123826,clinics,longdescription,body shaping,Advanced Dermatology
109770,124065,124065,clinics,longdescription,body slimming,Absolute Klinik What Branch
109770,124066,124066,clinics,longdescription,body slimming,Absolute Klinik Branch Road
109770,124068,124068,clinics,longdescription,body slimming,Absolute Klinik Buri branch
109770,124070,124070,clinics,longdescription,body slimming,Absolute Klinik Branch County
109770,124072,124072,clinics,longdescription,body slimming,Absolute Klinik Autumn branch
109770,124081,124081,clinics,longdescription,body slimming,Absolute Klinik Head Office
109803,124127,124127,clinics,longdescription,body shaping,Skinmedics Clinic
109946,124396,124396,clinics,longdescription,body shaping,MedCithi Rehabilitacja & Wellness
110243,124815,124815,clinics,shortdescription,Latisse,Nirvana Laser Hair and Skin Clinic
110243,124815,124815,clinics,shortdescription,Levulan,Nirvana Laser Hair and Skin Clinic
110932,125777,125777,clinics,longdescription,MDD,Gaeta Dental Laboratory
111100,125982,125982,clinics,shortdescription,body slimming,Dermaster Thailand
111100,125982,125982,clinics,longdescription,body slimming,Dermaster Thailand
111146,126035,126035,clinics,longdescription,72 hours,Tunio Aesthetics DHCC
111423,126479,126479,clinics,shortdescription,viagra,Chinese Medicine Center
111423,126479,126479,clinics,shortdescription,Herbal viagra,Chinese Medicine Center
111426,126482,126482,clinics,Address1,M1,Botello Dental Center
94666,126491,126491,clinics,shortdescription,Sculptra,sk:n clinics - Sheffield Crystal Peaks
111480,126573,126573,clinics,longdescription,body shaping,Freshface Clinic Pyrmont
111480,126574,126574,clinics,longdescription,body shaping,Freshface Clinic Drummoyne
93084,127036,127036,clinics,shortdescription,body shaping,Atelier Cosmetic Plastic and Laser Clinic-N Dehli
93084,127036,127036,clinics,longdescription,body shaping,Atelier Cosmetic Plastic and Laser Clinic-N Dehli
113151,129485,129485,clinics,longdescription,M1,Northampton Medical Services
113475,129899,129899,clinics,longdescription,body shaping,April.31st Aesthetic Plastic Surgery Clinic
113501,129927,129927,clinics,longdescription,Body Shaping,It Figures Facial and Slimming Salon Makati Branch
113656,130146,130146,clinics,PostalCode,M1,Ocean Dental
91223,130368,130368,clinics,PostalCode,M1,Colonic Clinics - Manchester
114311,131002,131002,clinics,PostalCode,M1,Lily Hair and Beauty Salon
114496,131212,131212,clinics,PostalCode,M1,Macdonald Manchester
114589,131335,131335,clinics,shortdescription,Sculptra,Smileworks
114637,131395,131395,clinics,longdescription,body slimming,Enlighten Laser Skin Care Spa  Rothesay
114702,131469,131469,clinics,longdescription,electricity,Biothecare Estetika Richmond
18621,131629,131629,clinics,longdescription,Roaccutane,Botonics - Harley
18621,131630,131630,clinics,longdescription,Roaccutane,Botonics - Harley Street
18621,131631,131631,clinics,longdescription,Roaccutane,Botonics - Welbeck
114903,131763,131763,clinics,longdescription,M1,Dr Sachin Bawa
114979,131882,131882,clinics,longdescription,body shaping,Wimpole Aesthetics Vaser Lipo Clinic
115329,132413,132413,clinics,longdescription,Body slimming,Elite Style Polyclinic
115355,132441,132441,clinics,shortdescription,Testosterone,Maximum Performance Wellness Center
115785,132947,132947,clinics,longdescription,reduce weight,Royalway Weight Loss Clinic
115976,133128,133128,clinics,Address2,M1,Physio Performance
116068,133245,133245,clinics,shortdescription,Body Slimming,Aruba Beauty and Body Treatments
116221,133437,133437,clinics,longdescription,72 hours,Health Tour
116431,133723,133723,clinics,longdescription,versed,Skin Art Clinic
116665,133994,133994,clinics,longdescription,body shaping,Aesthetic Expert Clinic
116894,134244,134244,clinics,longdescription,body slimming,Essential Beauty
117188,134590,134590,clinics,PostalCode,M1,Reuben Wood Creatives - Manchester 2
117189,134591,134591,clinics,longdescription,versed,Renee Clinic
117231,134633,134633,clinics,PostalCode,M1,Nicky Oliver Hairdressing
117442,134930,134930,clinics,longdescription,Body Shaping,Bionix Body Designers
118614,136241,136241,clinics,PostalCode,M1,Perfection
119596,137406,137406,clinics,longdescription,Body Slimming,Slim Express
119613,137435,137435,clinics,Address1,M1,Flawless Aesthetic Clinic - Trinoma
119990,138069,138069,clinics,longdescription,body slimming,Omarosa Beauty & Laser Clinic
119229,138084,138084,clinics,PostalCode,M1,Stevenson Square Dental Centre
120038,138156,138156,clinics,longdescription,Body shaping,Spring Med Spa
120100,138272,138272,clinics,longdescription,Body Slimming,Skinbliss Dermatology Clinic
120259,138472,138472,clinics,longdescription,reduce weight,Cirugia de Obesidad Occimedgroup
120591,138966,138966,clinics,Address1,Electricity,Quay Kinetics - Physio & Sports Injury Clinic
120913,139536,139536,clinics,shortdescription,body slimming,Skin Secrets
120913,139536,139536,clinics,longdescription,body slimming,Skin Secrets
121275,140050,140050,clinics,longdescription,acceleration,Cryo-U&K Ltd
121297,140072,140072,clinics,longdescription,reduce weight,Prof.Dr Guner Ogunc
121557,140402,140402,clinics,longdescription,electricity,Blossom Physiotherapy Clinic
123077,142469,142469,clinics,PostalCode,M1,Manchester Pregnancy Advisory
123410,142961,142961,clinics,Address1,APL,Back Up Rehab Centre
123605,143231,143231,clinics,City,Tren,Sure Clinic
123941,143728,143728,clinics,longdescription,72 hours,MyMind
124432,144440,144440,clinics,longdescription,rage,Dr. Claudine Samuel
125214,145597,145597,clinics,longdescription,APL,Totalcare
18621,147125,147125,clinics,longdescription,Roaccutane,Botonics - Horsham
127186,148534,148534,clinics,name,Body Shaping,I-lipo Weight Loss and Body Shaping
127632,149307,149307,clinics,longdescription,reduce weight,Body Shape Obesity & Metabolism Management Clinic in Reynosa
128179,150348,150348,clinics,longdescription,reduce weight,Weight Loss Clinics Of America
130203,153311,153311,clinics,longdescription,acceleration,Pure Line Aesthetic Clinic
109063,154629,154629,clinics,longdescription,body slimming,New Me Absolute Beauty
109063,154631,154631,clinics,longdescription,body slimming,New Me Pure Bliss
109063,154632,154632,clinics,longdescription,body slimming,New Me Complete Beauty
109063,154633,154633,clinics,longdescription,body slimming,New Me Beautonic beauty salon and The spa
109063,154634,154634,clinics,longdescription,body slimming,New Me Hide Hair & Beauty
109063,154635,154635,clinics,longdescription,body slimming,New Me In The Pink
132377,156068,156068,clinics,longdescription,Hydrocodone,El Vigia
132377,156068,156068,clinics,longdescription,Methadone,El Vigia
132377,156068,156068,clinics,longdescription,Morphine,El Vigia
132377,156068,156068,clinics,longdescription,Oxycodone,El Vigia
132377,156068,156068,clinics,longdescription,OxyContin,El Vigia
132377,156068,156068,clinics,longdescription,Vicodin,El Vigia
135343,160533,160533,clinics,longdescription,acceleration,Dr Osadowska Clinic
135343,160534,160534,clinics,longdescription,acceleration,Dr Osadowska Clinic Warsaw
135450,160676,160676,clinics,longdescription,body shaping,Lipoline Clinic
136946,163116,163116,clinics,Address1,MD6,Maple Healthcare Center
137083,163289,163289,clinics,name,M1,M1 Med Beauty
142021,169803,169803,clinics,name,Body Slimming,Body Slimming Experts
142021,169803,169803,clinics,longdescription,body shaping,Body Slimming Experts
142262,170132,170132,clinics,longdescription,reduce weight,Apsara Aesthetic Medicine Dr. Rani V. Ramachandran
142975,171096,171096,clinics,longdescription,reduce weight,Healthy Steps Therapeutic Lifestyle Center
142975,171105,171105,clinics,longdescription,reduce weight,Bariatric Clinic
143414,171688,171688,clinics,longdescription,muscle mass,MD Weight Loss and Cosmetic
143710,172098,172098,clinics,Address1,M1,Lee Ann M. Klausner MD FACS
143851,172278,172278,clinics,name,Body Shaping,Medical Weight Loss and Body Shaping
144470,173095,173095,clinics,PostalCode,M1,Andrew Nelson Weight Loss Programs
145217,174212,174212,clinics,Address1,M1,North West Orthodontics - Manchester Clinic
145217,174212,174212,clinics,PostalCode,M1,North West Orthodontics - Manchester Clinic
147153,176846,176846,clinics,longdescription,body shaping,New Derma Aesthetic Clinic - Malad Branch
149916,180447,180447,clinics,Address1,Doral,TuOdontologa - Caracas - La Candelaria
153435,185386,185386,clinics,longdescription,REAL DEAL,Virgin Russian Hair Extensions by Eye of Envy
153437,185388,185388,clinics,longdescription,REAL DEAL,Celebrity Quality Virgin Russian Hair Extensions
153574,185562,185562,clinics,longdescription,body shaping,Chartier Clinic
153887,185998,185998,clinics,longdescription,body shaping,Regenplast
154816,187492,187492,clinics,longdescription,M1,Facial Line Softening
159095,192903,192903,clinics,longdescription,body shaping,London Bridge Plastic Surgery - London Bridge Hospital
161296,195670,195670,clinics,PostalCode,M1,Manchester Lipo by Perfection
161337,195805,195805,clinics,longdescription,electricity,Physical Science Rehabilitation
164446,200634,200634,clinics,longdescription,body shaping,Stockholm Medicus
168603,206494,206494,clinics,longdescription,Rage,Aurora Counselling Ireland
146847,206537,206537,clinics,Address2,M1,Klinika Maja 2
168783,206794,206794,clinics,longdescription,rage,Aurora Centre of Excellence
116665,207416,207416,clinics,longdescription,body shaping,Aesthetic Expert Spa
147153,208291,208291,clinics,longdescription,body shaping,New Derma Aesthetic Clinic - Mira Road Branch
170065,208831,208831,clinics,Address2,Adalat,Dnyanita Orthodontic & speciality Dental Clinic
170299,209168,209168,clinics,longdescription,body shaping,Leyla Arvas MD PhD
