desktop,http://www.whatclinic.com/cosmetic-plastic-surgery/greece/liposuction?ronanadwords=true&ronantest1=true,ok
mobile,http://www.whatclinic.com/cosmetic-plastic-surgery/greece/liposuction?ronanadwords=true&ronantest1=true,ok
desktop,http://www.whatclinic.com/cosmetic-plastic-surgery/greece?ronanadwords=true&ronantest1=true,ok
mobile,http://www.whatclinic.com/cosmetic-plastic-surgery/greece?ronanadwords=true&ronantest1=true,ok
desktop,http://www.whatclinic.com/cosmetic-plastic-surgery/hong-kong-sar/liposuction?ronanadwords=true&ronantest1=true,ok
mobile,http://www.whatclinic.com/cosmetic-plastic-surgery/hong-kong-sar/liposuction?ronanadwords=true&ronantest1=true,ok
desktop,http://www.whatclinic.com/cosmetic-plastic-surgery/greece/liposuction?ronanadwords=true&ronantest1=true,ok
mobile,http://www.whatclinic.com/cosmetic-plastic-surgery/greece/liposuction?ronanadwords=true&ronantest1=true,ok
desktop,http://www.whatclinic.com/cosmetic-plastic-surgery/greece?ronanadwords=true&ronantest1=true,ok
mobile,http://www.whatclinic.com/cosmetic-plastic-surgery/greece?ronanadwords=true&ronantest1=true,ok
desktop,http://www.whatclinic.com/cosmetic-plastic-surgery/hong-kong-sar/liposuction?ronanadwords=true&ronantest1=true,ok
mobile,http://www.whatclinic.com/cosmetic-plastic-surgery/hong-kong-sar/liposuction?ronanadwords=true&ronantest1=true,ok
desktop,http://www.whatclinic.com/cosmetic-plastic-surgery/hong-kong-sar/breast-implants?ronanadwords=true&ronantest1=true,ok
mobile,http://www.whatclinic.com/cosmetic-plastic-surgery/hong-kong-sar/breast-implants?ronanadwords=true&ronantest1=true,ok
desktop,http://www.whatclinic.com/cosmetic-plastic-surgery/hong-kong-sar?ronanadwords=true&ronantest1=true,ok
mobile,http://www.whatclinic.com/cosmetic-plastic-surgery/hong-kong-sar?ronanadwords=true&ronantest1=true,ok
desktop,http://www.whatclinic.com/cosmetic-plastic-surgery/hong-kong-sar/rhinoplasty?ronanadwords=true&ronantest1=true,ok
mobile,http://www.whatclinic.com/cosmetic-plastic-surgery/hong-kong-sar/rhinoplasty?ronanadwords=true&ronantest1=true,ok
desktop,http://www.whatclinic.com/cosmetic-plastic-surgery/hong-kong-sar/eyelid-surgery?ronanadwords=true&ronantest1=true,ok
mobile,http://www.whatclinic.com/cosmetic-plastic-surgery/hong-kong-sar/eyelid-surgery?ronanadwords=true&ronantest1=true,ok
desktop,http://www.whatclinic.com/cosmetic-plastic-surgery/hong-kong-sar/chin-implant?ronanadwords=true&ronantest1=true,ok
mobile,http://www.whatclinic.com/cosmetic-plastic-surgery/hong-kong-sar/chin-implant?ronanadwords=true&ronantest1=true,ok
desktop,http://www.whatclinic.com/cosmetic-plastic-surgery/hungary/budapest/breast-implants?ronanadwords=true&ronantest1=true,ok
mobile,http://www.whatclinic.com/cosmetic-plastic-surgery/hungary/budapest/breast-implants?ronanadwords=true&ronantest1=true,ok
