banned-term,http://www.whatclinic.com/beauty-clinics/uk/cheshire/dermal-fillers?adwords=true , Hawthorn
banned-term,http://www.whatclinic.com/beauty-clinics/united-arab-emirates/dubai/lip-augmentation?adwords=true , rage
banned-term,http://www.whatclinic.com/beauty-clinics/united-arab-emirates/dubai?adwords=true , rage
banned-term,http://www.whatclinic.com/beauty-clinics/turkey/istanbul-province/istanbul?adwords=true , Body Shaping
banned-term,http://www.whatclinic.com/beauty-clinics/uk/lancashire/manchester/dermal-fillers?adwords=true , Hawthorn
banned-term,http://www.whatclinic.com/beauty-salons/ireland/ipl-skin-rejuvenation?adwords=true , botox
banned-term,http://www.whatclinic.com/beauty-clinics/uk/west-yorkshire/dermal-fillers?adwords=true , botox
banned-term,http://www.whatclinic.com/beauty-clinics/united-arab-emirates/dubai?adwords=true , rage
banned-term,http://www.whatclinic.com/beauty-clinics/uk/dorset/bournemouth/lip-augmentation?adwords=true , botox
banned-term,http://www.whatclinic.com/cosmetic-plastic-surgery/australia/victoria/melbourne?adwords=true , Hawthorn
banned-term,http://www.whatclinic.com/beauty-clinics/uk/cheshire/dermal-fillers?adwords=true , Hawthorn
banned-term,http://www.whatclinic.com/cosmetic-plastic-surgery/australia/victoria/melbourne/fat-transfer?adwords=true , hawthorn
banned-term,http://www.whatclinic.com/beauty-clinics/uk/sclerotherapy-veins?adwords=true , botox
banned-term,http://www.whatclinic.com/beauty-clinics/united-arab-emirates/dubai/lip-augmentation?adwords=true , rage
banned-term,http://www.whatclinic.com/beauty-clinics/uk/lip-augmentation?adwords=true , botox
banned-term,http://www.whatclinic.com/beauty-clinics/uk/berkshire/dermal-fillers?adwords=true , Yasmin
banned-term,http://www.whatclinic.com/beauty-clinics/uk/south-yorkshire/sheffield/dermal-fillers?adwords=true , M1
banned-term,http://www.whatclinic.com/beauty-clinics/uk/leicestershire/leicester/lip-augmentation?adwords=true , M1
banned-term,http://www.whatclinic.com/beauty-clinics/uk/lancashire/manchester/dermal-fillers?adwords=true , Hawthorn
non-200,http://www.whatclinic.com/body-treatments/uk/middlesex/harrow-and-brent/stretch-marks-removal?adwords=true&cd=M&cb=1440675204 , response code:: 410
