2578,2414,Progettosalute Sp. z o.o. Artemiss
88963,97174,ABC Plastic Surgery in Europe - Magdalena Herman
102711,114004,AESTETICA - Plastic Surgery Clinic
111302,126326,ClinicForYou
114478,131192,Be Beauty Travel
117606,135109,Health&Beauty Concierge
120613,139060,ONLY 4 MEN
121963,141010,Perfect Medica
123002,142359,CORAMED
166997,204242,Artmedica Laser Clinic
125,204243,Beauty Poland Wroclaw
387,328,Hospital Ignacego Mościckiego
2578,2414,Progettosalute Sp. z o.o. Artemiss
92809,101335,Body Aesthetic Center
104182,116329,Euroklinika
121604,140458,Centrum Chirurgii Plastycznej Mazan
121753,140677,Medicus Estetic - Katowice
122090,141159,Tommed
122093,141162,DermaVIP
122090,141168,Tommed Daughter 1
122090,141169,Tommed Branch II
159105,192921,Klinika Chirurgii Plastycznej dr MarcinSierociński
111256,16026,Dr Martin H. S. Huang
100493,110817,TCS Aesthetics Central
105010,117419,Singapore International Cleft-Craniofacial Team
108828,122636,KM Heng Women's Clinic Pte Ltd
109020,122907,Parkway Aesthetic Clinic
111243,126232,Dr Marco Faria Correa - Plastic Surgery
119641,137507,W Aesthetic Plastic Surgery - Mount Elizabeth
119641,137520,W Aesthetic Plastic Surgery - Irrawaddy Road
123559,143166,Centre For Cosmetic Rejuvenation & Surgery
125667,146166,Orange Orthodontics and Dentofacial Orthopaedics
126294,147163,Alex Ooi and Associates Obgyn Consultants
136447,162390,Sidek Clinic For Women Pte. Ltd
156816,189973,Dream Plastic Surgery
99264,109267,Arumdaun Nara - Gangnam Branch
100299,110573,Wonjin Beauty Medical Group
