139497,166378,Michael L. Schwartz MD FACS
136442,162385,NuSmile Dental
143403,171684,Dr. Jhonny Salomon - Miami 
143480,171783,Dr. Neil C. Goodman - Palm Beach Gardens Branch
143542,171879,Loria Medical Male Enhancement - Florida
140889,168221,Dr. John Kartsonis
140885,168217,Meridian MedSpa - Washington Ave
140886,168218,Forever Young Med Spa
140897,168230,Dermacare Sout Florida South FLorida Laser Rejuvination
140893,168225,Weston Cosmetic Surgery Center
140894,168226,Bare Beauty Secrets
140879,168207,Cosmetic Surgery of Tampa Bay
140878,168205,Health Circle
140869,168213,Artisan Aesthetics Plastic Surgery - Riverview
140876,168215,Azurin Cosmetic Surgery - Miami
140882,168212,Dr. Baskot Internal Medicine and Laser Treatment
140900,168235,South Florida Dermatology - Miramar
140885,168234,Meridian MedSpa - Aragon Ave
140899,168233,South Beach Dermatology
140897,168244,Dermacare Sout Florida South FLorida Laser Rejuvination - Aventura Surgical  Center
140897,168242,Dermacare Sout Florida South FLorida Laser Rejuvination -Bri
140900,168241,South Florida Dermatology - Hialeah
140876,168201,Azurin Cosmetic Surgery - Coral Springs
140841,168160,Santuary Medical Center
140837,168155,Desired Image
140838,168156,NuLife Institute
140839,168157,Adam J. Rubinstein MD FACS
140848,168167,Robert D. Rehnke
140847,168166,Wayne Lee MD
140844,168163,Cosmeplast Cosmetic and Reconstructive Plastic Surgery
140846,168165,Anista
140826,168146,Premiere Center for Cosmetic Surgery - S. Hyde Park Ave.
140826,168141,Premiere Center for Cosmetic Surgery - West Kennedy Blvd
140827,168142,Body Contouring Inc
140833,168151,Gainesville Breast Implants - John W. Tyrone MD PLLC
140834,168152,Dr. F. Leigh Phillips
140822,168147,Bafitis Plastic Surgery-Wellington
140826,168149,Premiere Center for Cosmetic Surgery - Coral Gables
140866,168190,Robert Watine MD LLC
140867,168191,Allure Plastic Surgery Miami
140868,168192,Dr. Delilah Alonso
140865,168189,Obi Plastic Surgery Clinic
140853,168186,Avecina Medical -Oakleaf Town Center
140863,168187,Royal Cosmetic Center
140872,168197,Advanced Centre For Plastic Surgery and Medical Spa
140873,168198,Aesthetic Clinique
140871,168196,Fort Lauderdale Eye Institute
140869,168193,Artisan Aesthetics Plastic Surgery - New Tampa
140859,168195,Bay Surgical Specialists - Pasadena Ave.
140847,168174,Wayne Lee MD Brandon
140853,168175,Avecina Medical
140852,168173,The Beauty Integrity Center
140841,168170,Santuary Medical Center -Fort Lauderdale Branch
140841,168172,Santuary Medical Center - Palm Beach Gardens Branch
140860,168182,Perez Plastic Surgery
140859,168181,Bay Surgical Specialists - 7th Ave
140855,168177,Plastic Surgeon Dr. Naji K. Baddoura M.D
140858,168180,The Skin and Lash Lady
140794,168101,Weston Plastic Surgery
140796,168103,Well-Defined Anti-Aging Center
140792,168099,Physician Regional Health Care System
140783,168096,Image Lift
140778,168097,ADAS - Ponte Vedra Beach
140791,168098,Lake Sumter Landing in The Villages
140800,168108,Vanity Cosmetic Surgery - Miami Center
140801,168109,Tuscan Bliss Med Spa
140790,168095,Allenby Dermatology
140774,168085,Coral Gables Aesthetic Surgery
140783,168086,Image Lift
140774,168084,Coral Gables Aesthetic Surgery - Homestead
140780,168081,Carlos E. Wiegering M.D. Plastic and Cosmetic Surgery
140781,168082,LA Tans Spa and Medical Aesthetics
140782,168083,Naples Cosmetic Surgery Center
140788,168092,Becker Breast Implants
140777,168093,Plastic Surgery Institute and Spa - Destin
140789,168094,Dr.Carlos Spera The Crexent Business Center
140787,168091,Dr. Clayman's Miracle Day Spa
140781,168089,LA Tans Spa and Medical Aesthetics - North Miami Beach
140786,168090,Davis Facial Plastic Surgery
140818,168131,Reviva Medical Spa
140819,168132,Baldwin Park Family Practice PA
140814,168127,Kaplan Cosmetic Surgery Centers - Altamonte Springs
140815,168128,St Johns Vein Center - Jacksonville
140823,168137,Holcomb Kreithen Plastic Surgery and Medspa
140824,168138,Dr. Ralp Garramone
140814,168139,Kaplan Cosmetic Surgery Centers - Melbourne
140822,168136,Bafitis Plastic Surgery
140815,168134,St Johns Vein Center - Port Orange
140821,168135,The Aesthetic Institute of West Florida
140812,168125,ABB American-Brazilian Body Waxing
140805,168115,Miami Beauty Clinic
140806,168116,Desai Center of Plastic and Reconstructive Surgery
140807,168117,Laser Loft
140800,168114,Vanity Cosmetic Surgery - Hialeah Center
140803,168111,Body Sculpture Centers of Florida
139497,166378,Michael L. Schwartz MD FACS
136442,162385,NuSmile Dental
143403,171684,Dr. Jhonny Salomon - Miami 
143480,171783,Dr. Neil C. Goodman - Palm Beach Gardens Branch
143542,171879,Loria Medical Male Enhancement - Florida
140889,168221,Dr. John Kartsonis
140885,168217,Meridian MedSpa - Washington Ave
140886,168218,Forever Young Med Spa
140897,168230,Dermacare Sout Florida South FLorida Laser Rejuvination
140893,168225,Weston Cosmetic Surgery Center
140894,168226,Bare Beauty Secrets
140879,168207,Cosmetic Surgery of Tampa Bay
140878,168205,Health Circle
140869,168213,Artisan Aesthetics Plastic Surgery - Riverview
140876,168215,Azurin Cosmetic Surgery - Miami
140882,168212,Dr. Baskot Internal Medicine and Laser Treatment
140900,168235,South Florida Dermatology - Miramar
140885,168234,Meridian MedSpa - Aragon Ave
140899,168233,South Beach Dermatology
140897,168244,Dermacare Sout Florida South FLorida Laser Rejuvination - Aventura Surgical  Center
139497,166378,Michael L. Schwartz MD FACS
136442,162385,NuSmile Dental
143403,171684,Dr. Jhonny Salomon - Miami 
143480,171783,Dr. Neil C. Goodman - Palm Beach Gardens Branch
143542,171879,Loria Medical Male Enhancement - Florida
140889,168221,Dr. John Kartsonis
140885,168217,Meridian MedSpa - Washington Ave
140886,168218,Forever Young Med Spa
140897,168230,Dermacare Sout Florida South FLorida Laser Rejuvination
140893,168225,Weston Cosmetic Surgery Center
140894,168226,Bare Beauty Secrets
140879,168207,Cosmetic Surgery of Tampa Bay
140878,168205,Health Circle
140869,168213,Artisan Aesthetics Plastic Surgery - Riverview
140876,168215,Azurin Cosmetic Surgery - Miami
140882,168212,Dr. Baskot Internal Medicine and Laser Treatment
140900,168235,South Florida Dermatology - Miramar
140885,168234,Meridian MedSpa - Aragon Ave
140899,168233,South Beach Dermatology
140897,168244,Dermacare Sout Florida South FLorida Laser Rejuvination - Aventura Surgical  Center
140897,168242,Dermacare Sout Florida South FLorida Laser Rejuvination -Bri
140900,168241,South Florida Dermatology - Hialeah
140876,168201,Azurin Cosmetic Surgery - Coral Springs
140841,168160,Santuary Medical Center
140837,168155,Desired Image
140838,168156,NuLife Institute
140839,168157,Adam J. Rubinstein MD FACS
140848,168167,Robert D. Rehnke
140847,168166,Wayne Lee MD
140844,168163,Cosmeplast Cosmetic and Reconstructive Plastic Surgery
140846,168165,Anista
140826,168146,Premiere Center for Cosmetic Surgery - S. Hyde Park Ave.
140826,168141,Premiere Center for Cosmetic Surgery - West Kennedy Blvd
140827,168142,Body Contouring Inc
140833,168151,Gainesville Breast Implants - John W. Tyrone MD PLLC
140834,168152,Dr. F. Leigh Phillips
140822,168147,Bafitis Plastic Surgery-Wellington
140826,168149,Premiere Center for Cosmetic Surgery - Coral Gables
140866,168190,Robert Watine MD LLC
140867,168191,Allure Plastic Surgery Miami
140868,168192,Dr. Delilah Alonso
140865,168189,Obi Plastic Surgery Clinic
140853,168186,Avecina Medical -Oakleaf Town Center
140863,168187,Royal Cosmetic Center
140872,168197,Advanced Centre For Plastic Surgery and Medical Spa
140873,168198,Aesthetic Clinique
140871,168196,Fort Lauderdale Eye Institute
140869,168193,Artisan Aesthetics Plastic Surgery - New Tampa
140859,168195,Bay Surgical Specialists - Pasadena Ave.
140847,168174,Wayne Lee MD Brandon
140853,168175,Avecina Medical
140852,168173,The Beauty Integrity Center
140841,168170,Santuary Medical Center -Fort Lauderdale Branch
140841,168172,Santuary Medical Center - Palm Beach Gardens Branch
140860,168182,Perez Plastic Surgery
140859,168181,Bay Surgical Specialists - 7th Ave
140855,168177,Plastic Surgeon Dr. Naji K. Baddoura M.D
140858,168180,The Skin and Lash Lady
140794,168101,Weston Plastic Surgery
140796,168103,Well-Defined Anti-Aging Center
140792,168099,Physician Regional Health Care System
140783,168096,Image Lift
140778,168097,ADAS - Ponte Vedra Beach
140791,168098,Lake Sumter Landing in The Villages
140800,168108,Vanity Cosmetic Surgery - Miami Center
140801,168109,Tuscan Bliss Med Spa
140790,168095,Allenby Dermatology
140774,168085,Coral Gables Aesthetic Surgery
140783,168086,Image Lift
140774,168084,Coral Gables Aesthetic Surgery - Homestead
140780,168081,Carlos E. Wiegering M.D. Plastic and Cosmetic Surgery
140781,168082,LA Tans Spa and Medical Aesthetics
140782,168083,Naples Cosmetic Surgery Center
140788,168092,Becker Breast Implants
140777,168093,Plastic Surgery Institute and Spa - Destin
140789,168094,Dr.Carlos Spera The Crexent Business Center
140787,168091,Dr. Clayman's Miracle Day Spa
140781,168089,LA Tans Spa and Medical Aesthetics - North Miami Beach
140786,168090,Davis Facial Plastic Surgery
140818,168131,Reviva Medical Spa
140819,168132,Baldwin Park Family Practice PA
140814,168127,Kaplan Cosmetic Surgery Centers - Altamonte Springs
140815,168128,St Johns Vein Center - Jacksonville
140823,168137,Holcomb Kreithen Plastic Surgery and Medspa
140824,168138,Dr. Ralp Garramone
140814,168139,Kaplan Cosmetic Surgery Centers - Melbourne
140822,168136,Bafitis Plastic Surgery
140815,168134,St Johns Vein Center - Port Orange
140821,168135,The Aesthetic Institute of West Florida
140812,168125,ABB American-Brazilian Body Waxing
140805,168115,Miami Beauty Clinic
140806,168116,Desai Center of Plastic and Reconstructive Surgery
140807,168117,Laser Loft
140800,168114,Vanity Cosmetic Surgery - Hialeah Center
140803,168111,Body Sculpture Centers of Florida
139497,166378,Michael L. Schwartz MD FACS
136442,162385,NuSmile Dental
143403,171684,Dr. Jhonny Salomon - Miami 
143480,171783,Dr. Neil C. Goodman - Palm Beach Gardens Branch
143542,171879,Loria Medical Male Enhancement - Florida
140889,168221,Dr. John Kartsonis
140885,168217,Meridian MedSpa - Washington Ave
140886,168218,Forever Young Med Spa
140897,168230,Dermacare Sout Florida South FLorida Laser Rejuvination
140893,168225,Weston Cosmetic Surgery Center
140894,168226,Bare Beauty Secrets
140879,168207,Cosmetic Surgery of Tampa Bay
140878,168205,Health Circle
140869,168213,Artisan Aesthetics Plastic Surgery - Riverview
140876,168215,Azurin Cosmetic Surgery - Miami
140882,168212,Dr. Baskot Internal Medicine and Laser Treatment
140900,168235,South Florida Dermatology - Miramar
140885,168234,Meridian MedSpa - Aragon Ave
140899,168233,South Beach Dermatology
140897,168244,Dermacare Sout Florida South FLorida Laser Rejuvination - Aventura Surgical  Center
140897,168242,Dermacare Sout Florida South FLorida Laser Rejuvination -Bri
140900,168241,South Florida Dermatology - Hialeah
140876,168201,Azurin Cosmetic Surgery - Coral Springs
140841,168160,Santuary Medical Center
140837,168155,Desired Image
140838,168156,NuLife Institute
140839,168157,Adam J. Rubinstein MD FACS
140848,168167,Robert D. Rehnke
140847,168166,Wayne Lee MD
140844,168163,Cosmeplast Cosmetic and Reconstructive Plastic Surgery
140846,168165,Anista
140826,168146,Premiere Center for Cosmetic Surgery - S. Hyde Park Ave.
140826,168141,Premiere Center for Cosmetic Surgery - West Kennedy Blvd
140827,168142,Body Contouring Inc
140833,168151,Gainesville Breast Implants - John W. Tyrone MD PLLC
140834,168152,Dr. F. Leigh Phillips
140822,168147,Bafitis Plastic Surgery-Wellington
140826,168149,Premiere Center for Cosmetic Surgery - Coral Gables
140866,168190,Robert Watine MD LLC
140867,168191,Allure Plastic Surgery Miami
140868,168192,Dr. Delilah Alonso
140865,168189,Obi Plastic Surgery Clinic
140853,168186,Avecina Medical -Oakleaf Town Center
140863,168187,Royal Cosmetic Center
140872,168197,Advanced Centre For Plastic Surgery and Medical Spa
140873,168198,Aesthetic Clinique
140871,168196,Fort Lauderdale Eye Institute
140869,168193,Artisan Aesthetics Plastic Surgery - New Tampa
140859,168195,Bay Surgical Specialists - Pasadena Ave.
140847,168174,Wayne Lee MD Brandon
140853,168175,Avecina Medical
140852,168173,The Beauty Integrity Center
140841,168170,Santuary Medical Center -Fort Lauderdale Branch
140841,168172,Santuary Medical Center - Palm Beach Gardens Branch
140860,168182,Perez Plastic Surgery
140859,168181,Bay Surgical Specialists - 7th Ave
140855,168177,Plastic Surgeon Dr. Naji K. Baddoura M.D
140858,168180,The Skin and Lash Lady
140794,168101,Weston Plastic Surgery
140796,168103,Well-Defined Anti-Aging Center
140792,168099,Physician Regional Health Care System
140783,168096,Image Lift
140778,168097,ADAS - Ponte Vedra Beach
140791,168098,Lake Sumter Landing in The Villages
140800,168108,Vanity Cosmetic Surgery - Miami Center
140801,168109,Tuscan Bliss Med Spa
140790,168095,Allenby Dermatology
140774,168085,Coral Gables Aesthetic Surgery
140783,168086,Image Lift
140774,168084,Coral Gables Aesthetic Surgery - Homestead
140780,168081,Carlos E. Wiegering M.D. Plastic and Cosmetic Surgery
140781,168082,LA Tans Spa and Medical Aesthetics
140782,168083,Naples Cosmetic Surgery Center
140788,168092,Becker Breast Implants
140777,168093,Plastic Surgery Institute and Spa - Destin
140789,168094,Dr.Carlos Spera The Crexent Business Center
140787,168091,Dr. Clayman's Miracle Day Spa
140781,168089,LA Tans Spa and Medical Aesthetics - North Miami Beach
140786,168090,Davis Facial Plastic Surgery
140818,168131,Reviva Medical Spa
140819,168132,Baldwin Park Family Practice PA
140814,168127,Kaplan Cosmetic Surgery Centers - Altamonte Springs
140815,168128,St Johns Vein Center - Jacksonville
140823,168137,Holcomb Kreithen Plastic Surgery and Medspa
140824,168138,Dr. Ralp Garramone
140814,168139,Kaplan Cosmetic Surgery Centers - Melbourne
140822,168136,Bafitis Plastic Surgery
140815,168134,St Johns Vein Center - Port Orange
140821,168135,The Aesthetic Institute of West Florida
140812,168125,ABB American-Brazilian Body Waxing
140805,168115,Miami Beauty Clinic
140806,168116,Desai Center of Plastic and Reconstructive Surgery
140807,168117,Laser Loft
140800,168114,Vanity Cosmetic Surgery - Hialeah Center
140803,168111,Body Sculpture Centers of Florida
