http://www.whatclinic.com/beauty-clinics/uk/buckinghamshire/milton-keynes/dermal-fillers?adwords=true&cd=M&cb=1440674846,ok
http://www.whatclinic.com/beauty-clinics/united-arab-emirates/tattoo-removal?adwords=true&cd=M&cb=1440674850,ok
http://www.whatclinic.com/beauty-clinics/uk/east-sussex/brighton/dermal-fillers?adwords=true&cd=M&cb=1440674852,ok
http://www.whatclinic.com/beauty-clinics/uk/lancashire/manchester/mole-removal?adwords=true&cd=M&cb=1440674854,ok
http://www.whatclinic.com/beauty-clinics/uk/cheshire/dermal-fillers?adwords=true&cd=M&cb=1440674855,banned-term, Hawthorn
http://www.whatclinic.com/beauty-clinics/united-arab-emirates/dubai/lip-augmentation?adwords=true&cd=M&cb=1440674857,banned-term, rage
http://www.whatclinic.com/beauty-clinics/uk/glamorgan/cardiff?adwords=true&cd=M&cb=1440674858,ok
http://www.whatclinic.com/beauty-clinics/united-arab-emirates/dubai?adwords=true&cd=M&cb=1440674860,banned-term, rage
http://www.whatclinic.com/beauty-clinics/uk/lancashire/spider-varicose-veins?adwords=true&cd=M&cb=1440674862,ok
http://www.whatclinic.com/beauty-clinics/uk/durham/dermal-fillers?adwords=true&cd=M&cb=1440674863,ok
http://www.whatclinic.com/beauty-clinics/united-arab-emirates/dubai/sclerotherapy-veins?adwords=true&cd=M&cb=1440674865,ok
http://www.whatclinic.com/beauty-clinics/united-arab-emirates/dubai/radiesse-radiance-dermal-filler?adwords=true&cd=M&cb=1440674867,ok
http://www.whatclinic.com/beauty-clinics/uk/lanarkshire/glasgow/dermal-fillers?adwords=true&cd=M&cb=1440674868,ok
http://www.whatclinic.com/beauty-clinics/united-arab-emirates/dubai/mesotherapy?adwords=true&cd=M&cb=1440674871,ok
http://www.whatclinic.com/beauty-clinics/turkey/istanbul-province/istanbul?adwords=true&cd=M&cb=1440674873,banned-term, Body Shaping
http://www.whatclinic.com/cosmetic-plastic-surgery/australia/new-south-wales/sydney/liposuction?adwords=true&cd=M&cb=1440674875,ok
http://www.whatclinic.com/beauty-clinics/uk/nottingham/dermal-fillers?adwords=true&cd=M&cb=1440674878,ok
http://www.whatclinic.com/beauty-clinics/uk/merseyside/liverpool/dermal-fillers?adwords=true&cd=M&cb=1440674880,ok
http://www.whatclinic.com/beauty-clinics/united-arab-emirates/abu-dhabi/tattoo-removal?adwords=true&cd=M&cb=1440674881,ok
http://www.whatclinic.com/beauty-clinics/united-arab-emirates/dubai/collagen-dermal-filler?adwords=true&cd=M&cb=1440674883,ok
http://www.whatclinic.com/beauty-clinics/uk/tyne-and-wear/sunderland/dermal-fillers?adwords=true&cd=M&cb=1440674884,ok
http://www.whatclinic.com/beauty-clinics/thailand/dermal-fillers?adwords=true&cd=M&cb=1440674886,ok
http://www.whatclinic.com/beauty-clinics/uk/lancashire/manchester/dermal-fillers?adwords=true&cd=M&cb=1440674888,banned-term, Hawthorn
http://www.whatclinic.com/beauty-salons/malaysia/kuala-lumpur/laser-skin-resurfacing?adwords=true&cd=M&cb=1440674890,ok
http://www.whatclinic.com/beauty-clinics/uk/lancashire/manchester?adwords=true&cd=M&cb=1440674892,ok
http://www.whatclinic.com/beauty-clinics/uk/east-sussex/brighton/mole-removal?adwords=true&cd=M&cb=1440674894,ok
http://www.whatclinic.com/beauty-clinics/uk/london/spider-varicose-veins?adwords=true&cd=M&cb=1440674895,ok
http://www.whatclinic.com/beauty-clinics/uk/london/scar-removal?adwords=true&cd=M&cb=1440674897,ok
http://www.whatclinic.com/beauty-clinics/uk/london/radiesse-radiance-dermal-filler?adwords=true&cd=M&cb=1440674899,ok
http://www.whatclinic.com/beauty-clinics/uk/durham/spider-varicose-veins?adwords=true&cd=M&cb=1440674900,ok
http://www.whatclinic.com/beauty-salons/ireland/ipl-skin-rejuvenation?adwords=true&cd=M&cb=1440674902,banned-term, botox
http://www.whatclinic.com/beauty-clinics/uk/west-yorkshire/dermal-fillers?adwords=true&cd=M&cb=1440674904,banned-term, botox
http://www.whatclinic.com/beauty-clinics/united-arab-emirates/dubai/dermaroller-therapy?adwords=true&cd=M&cb=1440674906,ok
http://www.whatclinic.com/beauty-clinics/uk/tyne-and-wear/newcastle-upon-tyne/lip-augmentation?adwords=true&cd=M&cb=1440674907,ok
http://www.whatclinic.com/beauty-salons/malaysia/kuala-lumpur/skin-lightening?adwords=true&cd=M&cb=1440674909,ok
http://www.whatclinic.com/cosmetic-plastic-surgery/canada/alberta/calgary/liposuction?adwords=true&cd=M&cb=1440674911,ok
http://www.whatclinic.com/beauty-clinics/uk/london/london-e-district/canary-wharf?adwords=true&cd=M&cb=1440674913,ok
http://www.whatclinic.com/beauty-clinics/uk/lanarkshire/glasgow/lip-augmentation?adwords=true&cd=M&cb=1440674915,ok
http://www.whatclinic.com/beauty-clinics/uk/lancashire/manchester/spider-varicose-veins?adwords=true&cd=M&cb=1440674917,ok
http://www.whatclinic.com/body-treatments/united-arab-emirates/dubai/stretch-marks-removal?adwords=true&cd=M&cb=1440674918,ok
http://www.whatclinic.com/beauty-salons/canada/skin-lightening?adwords=true&cd=M&cb=1440674919,ok
http://www.whatclinic.com/body-treatments/malaysia/kuala-lumpur/stretch-marks-removal?adwords=true&cd=M&cb=1440674921,ok
http://www.whatclinic.com/cosmetic-plastic-surgery/canada/ontario/mississauga?adwords=true&cd=M&cb=1440674923,ok
http://www.whatclinic.com/beauty-clinics/thailand/collagen-dermal-filler?adwords=true&cd=M&cb=1440674925,ok
http://www.whatclinic.com/body-treatments/uk/west-sussex/stretch-marks-removal?adwords=true&cd=M&cb=1440674926,ok
http://www.whatclinic.com/body-treatments/ireland/county-dublin/dublin/stretch-marks-removal?adwords=true&cd=M&cb=1440674929,ok
http://www.whatclinic.com/bariatric-surgery/uk/gastric-sleeve?adwords=true&cd=M&cb=1440674930,ok
http://www.whatclinic.com/cosmetic-plastic-surgery/czech-republic/prague/rhinoplasty?adwords=true&cd=M&cb=1440674934,ok
http://www.whatclinic.com/body-treatments/united-arab-emirates/stretch-marks-removal?adwords=true&cd=M&cb=1440674936,ok
http://www.whatclinic.com/beauty-clinics/uk/hertfordshire/dermal-fillers?adwords=true&cd=M&cb=1440674938,ok
http://www.whatclinic.com/beauty-clinics/united-arab-emirates/dubai/non-surgical-nose-job?adwords=true&cd=M&cb=1440674940,ok
http://www.whatclinic.com/beauty-clinics/uk/glamorgan/cardiff/facial-thread-veins-treatment?adwords=true&cd=M&cb=1440674942,ok
http://www.whatclinic.com/beauty-salons/malaysia/kuala-lumpur/damansara-and-hartamas?adwords=true&cd=M&cb=1440674943,ok
http://www.whatclinic.com/body-treatments/uk/veinwave?adwords=true&cd=M&cb=1440674945,ok
http://www.whatclinic.com/bariatric-surgery/uk/london/gastric-bypass?adwords=true&cd=M&cb=1440674947,ok
http://www.whatclinic.com/cosmetic-plastic-surgery/czech-republic/prague/eyelid-surgery?adwords=true&cd=M&cb=1440674950,ok
http://www.whatclinic.com/beauty-clinics/uk/london/spider-varicose-veins?adwords=true&cd=M&cb=1440674952,ok
http://www.whatclinic.com/beauty-clinics/uk/mole-removal?adwords=true&cd=M&cb=1440674953,ok
http://www.whatclinic.com/beauty-clinics/united-arab-emirates/dubai/sclerotherapy-veins?adwords=true&cd=M&cb=1440674956,ok
http://www.whatclinic.com/bariatric-surgery/thailand/gastric-bypass?adwords=true&cd=M&cb=1440674957,ok
http://www.whatclinic.com/beauty-clinics/uk/berkshire/lip-augmentation?adwords=true&cd=M&cb=1440674959,ok
http://www.whatclinic.com/beauty-clinics/united-arab-emirates/dubai?adwords=true&cd=M&cb=1440674960,banned-term, rage
http://www.whatclinic.com/beauty-clinics/united-arab-emirates/abu-dhabi/mole-removal?adwords=true&cd=M&cb=1440674962,ok
http://www.whatclinic.com/beauty-clinics/united-arab-emirates/dubai/dermaroller-therapy?adwords=true&cd=M&cb=1440674963,ok
http://www.whatclinic.com/cosmetic-plastic-surgery/bulgaria?adwords=true&cd=M&cb=1440674965,ok
http://www.whatclinic.com/beauty-clinics/uk/london/scar-removal?adwords=true&cd=M&cb=1440674966,ok
http://www.whatclinic.com/cosmetic-plastic-surgery/belgium/facelift?adwords=true&cd=M&cb=1440674968,ok
http://www.whatclinic.com/cosmetic-plastic-surgery/australia/victoria/melbourne/nipple-reduction?adwords=true&cd=M&cb=1440674969,ok
http://www.whatclinic.com/beauty-clinics/uk/dorset/bournemouth/lip-augmentation?adwords=true&cd=M&cb=1440674971,banned-term, botox
http://www.whatclinic.com/beauty-clinics/uk/scotland/mole-removal?adwords=true&cd=M&cb=1440674973,ok
http://www.whatclinic.com/beauty-clinics/uk/glamorgan/cardiff/dermal-fillers?adwords=true&cd=M&cb=1440674975,ok
http://www.whatclinic.com/beauty-clinics/uk/scotland/non-surgical-nose-job?adwords=true&cd=M&cb=1440674977,ok
http://www.whatclinic.com/beauty-clinics/united-arab-emirates/tattoo-removal?adwords=true&cd=M&cb=1440674979,ok
http://www.whatclinic.com/beauty-clinics/uk/hertfordshire/dermal-fillers?adwords=true&cd=M&cb=1440674980,ok
http://www.whatclinic.com/beauty-clinics/uk/merseyside/liverpool/excessive-sweating?adwords=true&cd=M&cb=1440674982,ok
http://www.whatclinic.com/beauty-clinics/united-arab-emirates/dubai/collagen-dermal-filler?adwords=true&cd=M&cb=1440674984,ok
http://www.whatclinic.com/cosmetic-plastic-surgery/australia/queensland/gold-coast/inverted-nipple-surgery?adwords=true&cd=M&cb=1440674985,ok
http://www.whatclinic.com/cosmetic-plastic-surgery/australia/queensland/brisbane/thigh-lift?adwords=true&cd=M&cb=1440674987,ok
http://www.whatclinic.com/cosmetic-plastic-surgery/australia/calf-implants?adwords=true&cd=M&cb=1440674989,ok
http://www.whatclinic.com/beauty-clinics/uk/merseyside/liverpool/lip-augmentation?adwords=true&cd=M&cb=1440674991,ok
http://www.whatclinic.com/body-treatments/uk/merseyside/liverpool/stretch-marks-removal?adwords=true&cd=M&cb=1440674992,ok
http://www.whatclinic.com/cosmetic-plastic-surgery/australia/victoria/melbourne?adwords=true&cd=M&cb=1440674994,banned-term, Hawthorn
http://www.whatclinic.com/cosmetic-plastic-surgery/australia/queensland/brisbane/liposuction?adwords=true&cd=M&cb=1440674996,ok
http://www.whatclinic.com/beauty-clinics/united-arab-emirates/dubai/radiesse-radiance-dermal-filler?adwords=true&cd=M&cb=1440674998,ok
http://www.whatclinic.com/cosmetic-plastic-surgery/australia/new-south-wales/sydney/buttock-implants?adwords=true&cd=M&cb=1440675000,ok
http://www.whatclinic.com/beauty-clinics/uk/dorset/mole-removal?adwords=true&cd=M&cb=1440675003,ok
http://www.whatclinic.com/cosmetic-plastic-surgery/canada/ontario/hamilton?adwords=true&cd=M&cb=1440675004,ok
http://www.whatclinic.com/bariatric-surgery/uk/gastric-sleeve?adwords=true&cd=M&cb=1440675006,ok
http://www.whatclinic.com/beauty-clinics/uk/lanarkshire/glasgow/dermal-fillers?adwords=true&cd=M&cb=1440675009,ok
http://www.whatclinic.com/beauty-clinics/uk/london/platelet-rich-plasma-filler?adwords=true&cd=M&cb=1440675011,ok
http://www.whatclinic.com/beauty-clinics/uk/spider-varicose-veins?adwords=true&cd=M&cb=1440675013,ok
http://www.whatclinic.com/beauty-clinics/uk/durham/spider-varicose-veins?adwords=true&cd=M&cb=1440675015,ok
http://www.whatclinic.com/beauty-clinics/uk/lancashire/manchester/spider-varicose-veins?adwords=true&cd=M&cb=1440675017,ok
http://www.whatclinic.com/cosmetic-plastic-surgery/brazil?adwords=true&cd=M&cb=1440675019,ok
http://www.whatclinic.com/beauty-clinics/uk/cheshire/dermal-fillers?adwords=true&cd=M&cb=1440675021,banned-term, Hawthorn
http://www.whatclinic.com/cosmetic-plastic-surgery/australia/male-breast-reduction?adwords=true&cd=M&cb=1440675022,ok
http://www.whatclinic.com/beauty-clinics/uk/essex/dermal-fillers?adwords=true&cd=M&cb=1440675024,ok
http://www.whatclinic.com/cosmetic-plastic-surgery/czech-republic/buttock-lift?adwords=true&cd=M&cb=1440675026,ok
http://www.whatclinic.com/beauty-clinics/uk/scotland/lip-augmentation?adwords=true&cd=M&cb=1440675028,ok
http://www.whatclinic.com/cosmetic-plastic-surgery/australia/buttock-lift?adwords=true&cd=M&cb=1440675030,ok
http://www.whatclinic.com/cosmetic-plastic-surgery/canada/fat-transfer?adwords=true&cd=M&cb=1440675032,ok
http://www.whatclinic.com/cosmetic-plastic-surgery/australia/victoria/melbourne/fat-transfer?adwords=true&cd=M&cb=1440675033,banned-term, hawthorn
http://www.whatclinic.com/cosmetic-plastic-surgery/australia/queensland/gold-coast/male-breast-reduction?adwords=true&cd=M&cb=1440675035,ok
http://www.whatclinic.com/cosmetic-plastic-surgery/canada/thigh-lift?adwords=true&cd=M&cb=1440675037,ok
http://www.whatclinic.com/bariatric-surgery/turkey/gastric-sleeve?adwords=true&cd=M&cb=1440675038,ok
http://www.whatclinic.com/beauty-clinics/uk/london/lip-augmentation?adwords=true&cd=M&cb=1440675040,ok
http://www.whatclinic.com/beauty-clinics/united-arab-emirates/dubai/mesotherapy?adwords=true&cd=M&cb=1440675042,ok
http://www.whatclinic.com/cosmetic-plastic-surgery/australia/new-south-wales/sydney/liposuction?adwords=true&cd=M&cb=1440675043,ok
http://www.whatclinic.com/beauty-clinics/uk/sclerotherapy-veins?adwords=true&cd=M&cb=1440675045,banned-term, botox
http://www.whatclinic.com/cosmetic-plastic-surgery/czech-republic?adwords=true&cd=M&cb=1440675047,ok
http://www.whatclinic.com/cosmetic-plastic-surgery/australia/new-south-wales/sydney/nasal-tip-surgery?adwords=true&cd=M&cb=1440675049,ok
http://www.whatclinic.com/beauty-salons/united-arab-emirates/dubai/laser-wrinkle-reduction?adwords=true&cd=M&cb=1440675051,ok
http://www.whatclinic.com/cosmetic-plastic-surgery/australia/new-south-wales/sydney/thigh-lift?adwords=true&cd=M&cb=1440675052,ok
http://www.whatclinic.com/cosmetic-plastic-surgery/canada/ontario/toronto/buttock-implants?adwords=true&cd=M&cb=1440675054,ok
http://www.whatclinic.com/beauty-clinics/united-arab-emirates/abu-dhabi/tattoo-removal?adwords=true&cd=M&cb=1440675056,ok
http://www.whatclinic.com/beauty-clinics/uk/buckinghamshire/milton-keynes/dermal-fillers?adwords=true&cd=M&cb=1440675057,ok
http://www.whatclinic.com/beauty-clinics/united-arab-emirates/dubai/lip-augmentation?adwords=true&cd=M&cb=1440675059,banned-term, rage
http://www.whatclinic.com/cosmetic-plastic-surgery/argentina/buenos-aires?adwords=true&cd=M&cb=1440675062,ok
http://www.whatclinic.com/beauty-clinics/uk/scar-removal?adwords=true&cd=M&cb=1440675064,ok
http://www.whatclinic.com/beauty-clinics/uk/tyne-and-wear/sunderland/dermal-fillers?adwords=true&cd=M&cb=1440675066,ok
http://www.whatclinic.com/cosmetic-plastic-surgery/canada/ontario/toronto/inverted-nipple-surgery?adwords=true&cd=M&cb=1440675068,ok
http://www.whatclinic.com/beauty-salons/malaysia/kuala-lumpur/skin-lightening?adwords=true&cd=M&cb=1440675069,ok
http://www.whatclinic.com/cosmetic-plastic-surgery/australia/victoria/melbourne/male-breast-reduction?adwords=true&cd=M&cb=1440675071,ok
http://www.whatclinic.com/beauty-clinics/uk/lip-augmentation?adwords=true&cd=M&cb=1440675073,banned-term, botox
http://www.whatclinic.com/bariatric-surgery/turkey/istanbul-province/istanbul/gastric-sleeve?adwords=true&cd=M&cb=1440675076,ok
http://www.whatclinic.com/beauty-clinics/ireland/excessive-sweating?adwords=true&cd=M&cb=1440675078,ok
http://www.whatclinic.com/cosmetic-plastic-surgery/canada/quebec/montreal?adwords=true&cd=M&cb=1440675080,ok
http://www.whatclinic.com/beauty-clinics/uk/durham/dermal-fillers?adwords=true&cd=M&cb=1440675082,ok
http://www.whatclinic.com/cosmetic-plastic-surgery/czech-republic/prague/male-breast-reduction?adwords=true&cd=M&cb=1440675084,ok
http://www.whatclinic.com/beauty-clinics/uk/east-sussex/brighton/dermal-fillers?adwords=true&cd=M&cb=1440675086,ok
http://www.whatclinic.com/beauty-clinics/united-arab-emirates/abu-dhabi/lip-augmentation?adwords=true&cd=M&cb=1440675088,ok
http://www.whatclinic.com/beauty-clinics/uk/tyne-and-wear/dermal-fillers?adwords=true&cd=M&cb=1440675089,ok
http://www.whatclinic.com/body-treatments/ireland/county-dublin/dublin/stretch-marks-removal?adwords=true&cd=M&cb=1440675091,ok
http://www.whatclinic.com/beauty-clinics/united-arab-emirates/abu-dhabi/dermal-fillers?adwords=true&cd=M&cb=1440675093,ok
http://www.whatclinic.com/beauty-clinics/united-arab-emirates/platelet-rich-plasma-filler?adwords=true&cd=M&cb=1440675094,ok
http://www.whatclinic.com/beauty-salons/malaysia/non-surgical-facelift?adwords=true&cd=M&cb=1440675096,ok
http://www.whatclinic.com/beauty-clinics/philippines/metro-manila/tattoo-removal?adwords=true&cd=M&cb=1440675097,ok
http://www.whatclinic.com/cosmetic-plastic-surgery/australia/new-south-wales/sydney/male-breast-reduction?adwords=true&cd=M&cb=1440675099,ok
http://www.whatclinic.com/body-treatments/united-arab-emirates/dubai/stretch-marks-removal?adwords=true&cd=M&cb=1440675102,ok
http://www.whatclinic.com/beauty-clinics/thailand/tattoo-removal?adwords=true&cd=M&cb=1440675103,ok
http://www.whatclinic.com/beauty-clinics/uk/nottingham/dermal-fillers?adwords=true&cd=M&cb=1440675104,ok
http://www.whatclinic.com/beauty-clinics/uk/london/radiesse-radiance-dermal-filler?adwords=true&cd=M&cb=1440675106,ok
http://www.whatclinic.com/cosmetic-plastic-surgery/canada/alberta/calgary/liposuction?adwords=true&cd=M&cb=1440675108,ok
http://www.whatclinic.com/cosmetic-plastic-surgery/australia/queensland/brisbane/male-breast-reduction?adwords=true&cd=M&cb=1440675109,ok
http://www.whatclinic.com/cosmetic-plastic-surgery/australia/western-australia/perth/liposuction?adwords=true&cd=M&cb=1440675111,ok
http://www.whatclinic.com/bariatric-surgery/mexico/reynosa/gastric-sleeve?adwords=true&cd=M&cb=1440675113,ok
http://www.whatclinic.com/cosmetic-plastic-surgery/canada/ontario/areola-reduction?adwords=true&cd=M&cb=1440675113,ok
http://www.whatclinic.com/beauty-clinics/united-arab-emirates/dubai/platelet-rich-plasma-filler?adwords=true&cd=M&cb=1440675115,ok
http://www.whatclinic.com/beauty-clinics/uk/angus/dundee/dermal-fillers?adwords=true&cd=M&cb=1440675117,ok
http://www.whatclinic.com/beauty-clinics/uk/london/london-e-district/canary-wharf?adwords=true&cd=M&cb=1440675119,ok
http://www.whatclinic.com/cosmetic-plastic-surgery/australia/cheekbone-reduction?adwords=true&cd=M&cb=1440675120,ok
http://www.whatclinic.com/beauty-clinics/uk/tyne-and-wear/newcastle-upon-tyne/lip-augmentation?adwords=true&cd=M&cb=1440675122,ok
http://www.whatclinic.com/beauty-clinics/south-korea/lip-augmentation?adwords=true&cd=M&cb=1440675124,ok
http://www.whatclinic.com/body-treatments/ireland/county-dublin/dublin/cellulite?adwords=true&cd=M&cb=1440675126,ok
http://www.whatclinic.com/beauty-clinics/uk/london/spider-varicose-veins?adwords=true&cd=M&cb=1440675128,ok
http://www.whatclinic.com/cosmetic-plastic-surgery/australia/new-south-wales/sydney/willoughby?adwords=true&cd=M&cb=1440675129,ok
http://www.whatclinic.com/bariatric-surgery/uk/gastric-bypass?adwords=true&cd=M&cb=1440675132,ok
http://www.whatclinic.com/beauty-clinics/uk/kent/dermal-fillers?adwords=true&cd=M&cb=1440675136,ok
http://www.whatclinic.com/cosmetic-plastic-surgery/canada/ontario/labiaplasty?adwords=true&cd=M&cb=1440675138,ok
http://www.whatclinic.com/beauty-clinics/philippines/tattoo-removal?adwords=true&cd=M&cb=1440675140,ok
http://www.whatclinic.com/beauty-clinics/uk/merseyside/liverpool/dermal-fillers?adwords=true&cd=M&cb=1440675142,ok
http://www.whatclinic.com/bariatric-surgery/egypt/gastric-sleeve?adwords=true&cd=M&cb=1440675144,ok
http://www.whatclinic.com/beauty-salons/united-arab-emirates/dubai/laser-skin-tightening?adwords=true&cd=M&cb=1440675146,ok
http://www.whatclinic.com/beauty-clinics/uk/nottingham/lip-augmentation?adwords=true&cd=M&cb=1440675148,ok
http://www.whatclinic.com/cosmetic-plastic-surgery/australia/queensland/fat-transfer?adwords=true&cd=M&cb=1440675150,ok
http://www.whatclinic.com/cosmetic-plastic-surgery/costa-rica?adwords=true&cd=M&cb=1440675152,ok
http://www.whatclinic.com/cosmetic-plastic-surgery/canada/neck-lift?adwords=true&cd=M&cb=1440675154,ok
http://www.whatclinic.com/cosmetic-plastic-surgery/czech-republic/prague?adwords=true&cd=M&cb=1440675155,ok
http://www.whatclinic.com/cosmetic-plastic-surgery/australia/victoria/melbourne/facelift?adwords=true&cd=M&cb=1440675157,ok
http://www.whatclinic.com/cosmetic-plastic-surgery/australia/new-south-wales/sydney/buttock-lift?adwords=true&cd=M&cb=1440675159,ok
http://www.whatclinic.com/beauty-clinics/thailand/bangkok/scar-removal?adwords=true&cd=M&cb=1440675161,ok
http://www.whatclinic.com/bariatric-surgery/south-korea/gastric-bypass?adwords=true&cd=M&cb=1440675163,ok
http://www.whatclinic.com/beauty-clinics/uk/berkshire/dermal-fillers?adwords=true&cd=M&cb=1440675164,banned-term, Yasmin
http://www.whatclinic.com/beauty-clinics/uk/south-yorkshire/sheffield/dermal-fillers?adwords=true&cd=M&cb=1440675165,banned-term, M1
http://www.whatclinic.com/beauty-clinics/uk/london/sclerotherapy-veins?adwords=true&cd=M&cb=1440675167,ok
http://www.whatclinic.com/beauty-clinics/uk/kent/spider-varicose-veins?adwords=true&cd=M&cb=1440675169,ok
http://www.whatclinic.com/cosmetic-plastic-surgery/canada/ontario/fat-transfer?adwords=true&cd=M&cb=1440675171,ok
http://www.whatclinic.com/body-treatments/canada/quebec/montreal/stretch-marks-removal?adwords=true&cd=M&cb=1440675173,ok
http://www.whatclinic.com/beauty-clinics/uk/lancashire/spider-varicose-veins?adwords=true&cd=M&cb=1440675174,ok
http://www.whatclinic.com/beauty-clinics/uk/leicestershire/leicester/lip-augmentation?adwords=true&cd=M&cb=1440675176,banned-term, M1
http://www.whatclinic.com/beauty-clinics/united-arab-emirates/dubai/excessive-sweating?adwords=true&cd=M&cb=1440675179,ok
http://www.whatclinic.com/beauty-clinics/uk/london/london-w-district/harley-street/lip-augmentation?adwords=true&cd=M&cb=1440675181,ok
http://www.whatclinic.com/beauty-clinics/australia/south-australia/adelaide/spider-varicose-veins?adwords=true&cd=M&cb=1440675183,ok
http://www.whatclinic.com/beauty-clinics/uk/lancashire/manchester/excessive-sweating?adwords=true&cd=M&cb=1440675185,ok
http://www.whatclinic.com/cosmetic-plastic-surgery/greece?adwords=true&cd=M&cb=1440675187,ok
http://www.whatclinic.com/beauty-clinics/uk/oxfordshire/facial-thread-veins-treatment?adwords=true&cd=M&cb=1440675189,ok
http://www.whatclinic.com/beauty-clinics/uk/tyne-and-wear/newcastle-upon-tyne/dermal-fillers?adwords=true&cd=M&cb=1440675191,ok
http://www.whatclinic.com/beauty-clinics/uk/lancashire/manchester/dermal-fillers?adwords=true&cd=M&cb=1440675193,banned-term, Hawthorn
http://www.whatclinic.com/beauty-clinics/uk/hampshire/southampton/facial-thread-veins-treatment?adwords=true&cd=M&cb=1440675194,ok
http://www.whatclinic.com/beauty-salons/canada/skin-lightening?adwords=true&cd=M&cb=1440675196,ok
http://www.whatclinic.com/bariatric-surgery/uk/london/gastric-bypass?adwords=true&cd=M&cb=1440675197,ok
http://www.whatclinic.com/beauty-clinics/uk/nottingham/facial-thread-veins-treatment?adwords=true&cd=M&cb=1440675200,ok
http://www.whatclinic.com/cosmetic-plastic-surgery/germany/facelift?adwords=true&cd=M&cb=1440675202,ok
http://www.whatclinic.com/body-treatments/uk/middlesex/harrow-and-brent/stretch-marks-removal?adwords=true&cd=M&cb=1440675204, non-200,410
