868,704,2637,reviews,YouRecommend,Camila,Dentists in Cancun
868,704,2676,reviews,YouReturn,Camila,Dentists in Cancun
868,704,5784,reviews,YouRecommend,Camila,Dentists in Cancun
5336,5170,5170,clinics,shortdescription,amoxicillin,HSJ Dental
18724,18514,18514,clinics,shortdescription,Sculptra,Cheshire Image Clinic
18909,18697,18697,clinics,shortdescription,sculptra,Enhance UK - Rejuvenation Clinic
18930,18718,18718,clinics,Address1,Miltown,Revive Medi-clinic
18969,18757,18757,clinics,shortdescription,Sculptra,Northwood Clinic
18986,18774,18774,clinics,shortdescription,Sculptra,K-Aesthetics (Treatment for lines and wrinkles Surrey)
21937,23794,64647,Staffs,Additional_Notes,Mirena,Heacham Group Practice - Heacham Surgery
21937,23794,64652,Staffs,Additional_Notes,Mirena,Heacham Group Practice - Heacham Surgery
21937,23795,64647,Staffs,Additional_Notes,Mirena,Heacham Group Practice - Snettisham Surgery
21937,23795,64652,Staffs,Additional_Notes,Mirena,Heacham Group Practice - Snettisham Surgery
22418,24591,69322,Staffs,Special_Interests,Implanon,Green Lane Medical Centre
22418,24591,69330,Staffs,Special_Interests,Implanon,Green Lane Medical Centre
22418,24592,69322,Staffs,Special_Interests,Implanon,Harnall Lane Medical Centre (Branch Site)
22418,24592,69330,Staffs,Special_Interests,Implanon,Harnall Lane Medical Centre (Branch Site)
22604,24880,71142,Staffs,Additional_Notes,Implanon,The Kingthorne Group Practice - Kingthorne House 83a
22604,24880,71144,Staffs,Additional_Notes,Implanon,The Kingthorne Group Practice - Kingthorne House 83a
22604,24881,71142,Staffs,Additional_Notes,Implanon,The Kingthorne Group Practice
22604,24881,71144,Staffs,Additional_Notes,Implanon,The Kingthorne Group Practice
23047,25514,74725,Staffs,Special_Interests,Implanon,Ball Tree Surgery
25408,27876,83548,Staffs,Special_Interests,implanon,Dr Sherlaw S R & Partners
25825,28293,85127,Staffs,Additional_Notes,Warfarin,Dr Withers A W J & Partners
25874,28342,85351,Staffs,Additional_Notes,Warfarin,ELSDALE STREET SURGERY
26222,28690,28690,clinics,Address1,Artane,Islam Ms
18909,32135,32135,clinics,shortdescription,sculptra,Enhance UK - Aspire The Avenue Dental Centre
18909,32136,32136,clinics,shortdescription,sculptra,Enhance UK - Aspire South Ham Dental Practice
18909,32137,32137,clinics,shortdescription,sculptra,Enhance UK - Aspire Docklands Smile Studio
32098,37663,37663,clinics,City,Miltown,Dr Billy O'Connell - The Medical Centre
32768,38333,38333,clinics,Address2,Artane,Dr M Maguire
32780,38345,38345,clinics,City,Miltown,Dr Mahon Sean
34247,39884,39884,clinics,Address1,Artane,Chen Hong - Medical Centre
34343,39992,39992,clinics,Address2,Artane,Stephen Cleary
34343,39992,39992,clinics,City,Artane,Stephen Cleary
34737,40976,45954,reviews,TEXT,Valium,Sacred Heart Dental Clinic
34744,40983,690263,clinics_services,Description,botox,Oliver's Dental Studio
85595,91773,79675,leadfeedback,Comments,sculptra,Amaris B. Clinic
85597,91775,91775,clinics,shortdescription,Sculptra,Health + Aesthetics Farnham
85842,92173,727969,clinics_services,Description,Botox,CosmeticliniC
86452,92963,10006,reviews,YouReturn,Restylane,Kathryn Revell Cosmetic
86616,93132,918091,clinics_services,Description,Botox,Dental Studios by Simon Goran
86747,93284,93284,clinics,shortdescription,Sculptra,I-Time Clinic
87128,94142,13425,reviews,TEXT,allay,Onslow Gardens Dental Practice
86045,97140,124914,Staffs,BioHTML,imiquimod,Solas Dermatology and Laser  Clinic
89161,97418,97418,clinics,Address1,SULAR,ERKUT AKÇALI
91121,99500,2501,reviews,YouReturn,definity,Turret Orthodontics
91318,99701,401598,leadfeedback,Comments,Botox,Hospital Universitario Lenin
116821,100122,100122,clinics,longdescription,SCULPTRA,United Medical Aesthetics
92310,100732,598357,leadfeedback,Comments,botox,Centro de Otorrinolaringologia y especialidades
92376,100797,774415,clinics_services,Description,Botox,Centre For Cosmetic & Reconstructive Surgery
92376,100797,774415,clinics_services,Description,Juvederm,Centre For Cosmetic & Reconstructive Surgery
92376,100797,774415,clinics_services,Description,Perlane,Centre For Cosmetic & Reconstructive Surgery
92376,100797,774415,clinics_services,Description,Restylane,Centre For Cosmetic & Reconstructive Surgery
92975,101535,774470,clinics_services,Description,botox,Ambrosia Clinic
92975,101535,774470,clinics_services,Description,Juvederm,Ambrosia Clinic
93664,102299,1002765,clinics_services,Description,botox,Aquis Aesthetics
93699,102341,102341,clinics,shortdescription,SCULPTRA,Skintalks
93745,102394,102394,clinics,shortdescription,Sculptra,ALS Cosmetic LLP
94031,102809,102809,clinics,Address2,Artane,the health plex
94666,103545,103545,clinics,shortdescription,Sculptra,sk:n clinics - East Finchley
94666,103555,103555,clinics,shortdescription,Sculptra,sk:n clinics - Victoria
94666,103556,103556,clinics,shortdescription,Sculptra,sk:n clinics - Harley Street
94666,103557,103557,clinics,shortdescription,Sculptra,sk:n clinics – Holborn
94666,103558,103558,clinics,shortdescription,Sculptra,sk:n clinics - London Wall
94666,103559,103559,clinics,shortdescription,Sculptra,sk:n clinics - Maida Vale
94666,103560,103560,clinics,shortdescription,Sculptra,sk:n clinics - Shaftesbury Avenue
94666,103561,103561,clinics,shortdescription,Sculptra,sk:n clinics - Canary Wharf
94666,103562,103562,clinics,shortdescription,Sculptra,sk:n clinics - Brighton
94666,103563,103563,clinics,shortdescription,Sculptra,sk:n clinics - Bristol
94666,103564,103564,clinics,shortdescription,Sculptra,sk:n clinics - Chelmsford
94666,103565,103565,clinics,shortdescription,Sculptra,sk:n clinics - Guildford
94666,103566,103566,clinics,shortdescription,Sculptra,sk:n clinics - Portsmouth
94666,103567,103567,clinics,shortdescription,Sculptra,sk:n clinics - Southampton
94666,103568,103568,clinics,shortdescription,Sculptra,sk:n clinics - Epson
94666,103569,103569,clinics,shortdescription,Sculptra,sk:n clinics - Bicester
94666,103570,103570,clinics,shortdescription,Sculptra,sk:n clinics – Birmingham Bull Street
94666,103571,103571,clinics,shortdescription,Sculptra,sk:n clinics – Birmingham Edgbaston
94666,103572,103572,clinics,shortdescription,Sculptra,sk:n clinics - Cheltenham
94666,103573,103573,clinics,shortdescription,Sculptra,sk:n clinics - Leamington Spa
94666,103574,103574,clinics,shortdescription,Sculptra,sk:n clinics - Leicester
94666,103575,103575,clinics,shortdescription,Sculptra,sk:n clinics - Milton Keynes
94666,103576,103576,clinics,shortdescription,Sculptra,sk:n clinics - Northampton
94666,103577,103577,clinics,shortdescription,Sculptra,sk:n clinics - Norwich
94666,103578,103578,clinics,shortdescription,Sculptra,sk:n clinics - Nottingham
94666,103580,103580,clinics,shortdescription,Sculptra,sk:n clinics - Wolverhampton
94666,103581,103581,clinics,shortdescription,Sculptra,sk:n clinics - Aberdeen
94666,103582,103582,clinics,shortdescription,Sculptra,sk:n clinics - Edinburgh
94666,103583,103583,clinics,shortdescription,Sculptra,sk:n clinics - Glasgow
94666,103584,103584,clinics,shortdescription,Sculptra,sk:n clinics - Leeds
94666,103585,103585,clinics,shortdescription,Sculptra,sk:n clinics - Liverpool
94666,103586,103586,clinics,shortdescription,Sculptra,sk:n clinics - Manchester
94666,103587,103587,clinics,shortdescription,Sculptra,sk:n clinics - Middlesbrough
94666,103588,103588,clinics,shortdescription,Sculptra,sk:n clinics - Newcastle
94666,103589,103589,clinics,shortdescription,Sculptra,sk:n clinics - Sheffield
95651,104751,104751,clinics,longdescription,Camila,Evertton Dentistry
95956,105155,732836,clinics_services,Description,Amoxicillin,The Surgery - Majid Vahid
95890,105163,964989,Clinic_ProcedurePricing,details,bevacizumab,Ultimo Aesthetic & Dental Center - Surabaya
95978,105177,105177,clinics,shortdescription,Sculptra,No8 Dental and Cosmetic
96196,105404,105404,clinics,shortdescription,Sculptra,Temple Medical Ltd
96513,105900,67096,reviews,TEXT,Botox,My Beauty Doctor
96682,106097,106097,clinics,shortdescription,Sculptra,Outline Skincare
96810,106276,999813,clinics_services,Description,Botox,Therapie Clinic Dublin
96836,106306,10147,reviews,TEXT,clomid,Jo George
97230,106770,106770,clinics,shortdescription,Sculptra,Britedent
97514,107105,151558,leadfeedback,Comments,accutane,Stamford Skin Centre
97876,107611,107611,clinics,Address1,Beyaz,Denta Life
98123,107918,800658,clinics_services,Description,Botox,DermaHealth
98123,107918,800658,clinics_services,Description,Juvederm,DermaHealth
98123,107918,800658,clinics_services,Description,Restylane,DermaHealth
98123,107918,800660,clinics_services,Description,Botox,DermaHealth
98735,108649,108649,clinics,shortdescription,Sculptra,Advance Clinic
98841,108773,108773,clinics,Address1,Artane,Northside Osteopathy
98841,108773,108773,clinics,Address2,Artane,Northside Osteopathy
99627,109695,646966,leadfeedback,Comments,Botox,Renaissance Skin Care - Berwick
99765,109867,815758,clinics_services,Description,Botox,Emma Wright Aesthetics
100035,110250,768930,clinics_services,Description,Botox,Prime Care Medical & Dental
100372,110655,771380,clinics_services,Description,botox,Looks Divine - Nedlands Clinic
100418,110714,110714,clinics,Address2,artane,Dr Tarekzourob Surgery
100785,111198,779803,clinics_services,Description,Botox,Hairatage Salon - Hairdressing & Aesthetics
101094,111568,1578761,Clinic_ProcedurePricing,details,Ritalin,River Holistic Centre
102013,112855,112855,clinics,Address2,Artane,Dr Wagdy Mitry
102045,112900,151161,Staffs,BioHTML,meth,Lidums Dental
102086,112969,112969,clinics,Address1,Sonata,Dentists on Broadbeach
102358,113312,792473,clinics_services,Description,Botox,Sandes Avenue Dental Practice
88924,113639,1964076,Clinic_ProcedurePricing,details,Lumigan,Medicetics Harley Street
103236,114938,114938,clinics,Address1,Beyaz,Op.Dr. Hüseyin Altun
103599,115571,559373,leadfeedback,Comments,sculptra,Absolute Image
103633,115611,16619,reviews,TEXT,sculptra,Celevenus Wellness & Aesthetic Clinic
103633,115611,16619,reviews,Title,sculptra,Celevenus Wellness & Aesthetic Clinic
104005,116129,1012293,clinics_services,Description,botox,Dentistry at the Gallery
95890,116190,1216464,Clinic_ProcedurePricing,details,bevacizumab,Ultimo Aesthetic & Dental Center- Bali
99627,116257,19211,reviews,ClinicsResponse,Restylane,Renaissance Skin Care- Mornington
104337,116546,566562,leadfeedback,Comments,botox,Klinik Harmoni (Dr Hon Aesthetic Clinic)
99103,116731,1228434,Clinic_ProcedurePricing,details,Finasteride,Elite Hair Restoration Bristol
99103,116733,1228442,Clinic_ProcedurePricing,details,Finasteride,Elite Hair Restoration Leeds
99103,116734,1228446,Clinic_ProcedurePricing,details,Finasteride,Elite Hair Restoration Newcastle
99103,116738,1228617,Clinic_ProcedurePricing,details,Finasteride,Elite Hair Restoration Manchester
104859,117178,34282,reviews,Title,Yasmin,Dr. Michael's Dental Clinic
105019,117428,117428,clinics,longdescription,Insulin,Livelife Hospitals
105302,117774,1251316,Clinic_ProcedurePricing,details,EMLA,Dr. Pather Aesthetics - Hillingdon
105413,118312,118312,clinics,shortdescription,versed,GeneralSurgery Ltd at Xanit International Hospital
106134,118901,118901,clinics,shortdescription,Gardasil,St Peter's Travel Clinic
18909,118960,118960,clinics,shortdescription,sculptra,Enhance UK - Aspire Bury Knowle Dental Practice
18909,118961,118961,clinics,shortdescription,sculptra,Enhance UK - Aspire Bridge Street Dental Practice
18909,118962,118962,clinics,shortdescription,sculptra,Enhance UK - Aspire Hampshire Healthcare Centre
18909,118963,118963,clinics,shortdescription,sculptra,Enhance UK - Aspire Havant Dental Practice
18909,118964,118964,clinics,shortdescription,sculptra,Enhance UK - Aspire Dagenham Dental Practice
18909,118965,118965,clinics,shortdescription,sculptra,Enhance UK - Aspire Island Health Dental
18909,118966,118966,clinics,shortdescription,sculptra,Enhance UK - Aspire Amersham Dental
18909,118967,118967,clinics,shortdescription,sculptra,Enhance UK - Aspire Aylesbury Dental
18909,118969,118969,clinics,shortdescription,sculptra,- Aspire Lee-on-Solent Dental
106392,119223,119223,clinics,Address1,Beyaz,Estetistanbul
98506,119412,3509989,Clinic_ProcedurePricing,details,Sculptra,Stratford Dermatherapy Clinic - Chantilly
106715,119772,55190,reviews,TEXT,finasteride,COSMEDICA Hair Transplant
120085,120497,164191,Staffs,BioHTML,insulin,IREGA Cancun
107640,121118,121118,clinics,Address1,Meridia,Richard Rival Cosmetic Surgery Toronto Central
107736,121230,1998757,Clinic_ProcedurePricing,details,BOTOX,Laser Esthetiques & Guelph Vein Clinic
107848,121392,639173,leadfeedback,Comments,Sculptra,Murphy Laser
108723,122465,122465,clinics,longdescription,cambia,Hair Center Mexico by Bosley
109134,124216,532126,leadfeedback,Comments,botox,About Face Skin & Hair - Port Augusta
110192,124729,233483,leadfeedback,Comments,sculptra,Dr. Prinya Surgery and Skin Laser Center
110243,124815,124815,clinics,shortdescription,Latisse,Nirvana Laser Hair and Skin Clinic
110243,124815,124815,clinics,shortdescription,Levulan,Nirvana Laser Hair and Skin Clinic
110664,125433,27437,reviews,ClinicsResponse,botox,Smooth Creation
101313,125446,544816,leadfeedback,Comments,Botox,Botastic Aesthetics Ltd Scarborough
111031,125899,882029,clinics_services,Description,Botox,East Midlands Cosmetic Dental Centre
111100,125982,33660,reviews,ClinicsResponse,Junel,Dermaster Thailand
111361,126387,885948,clinics_services,Description,Botox,Revolution Medical Aesthetics
111423,126479,126479,clinics,shortdescription,viagra,Chinese Medicine Center
94666,126491,126491,clinics,shortdescription,Sculptra,sk:n clinics - Sheffield Crystal Peaks
111711,127119,475669,leadfeedback,Comments,sculptra,Wolds Dental Studio
112027,127671,30274,reviews,TEXT,versed,Beverly Hills Medical Group Dental
104859,128045,1468618,Clinic_ProcedurePricing,details,Yasmin,Dr. Michael's Children's Dental Center
104859,128045,40572,reviews,TEXT,Yasmin,Dr. Michael's Children's Dental Center
99103,128402,1475761,Clinic_ProcedurePricing,details,Finasteride,Elite Hair Restoration Cardiff
112709,128745,1113631,clinics_services,Description,botox,Stepback Cosmetic Medicine
112782,128852,963776,clinics_services,Description,Botox,Visakha Institute of Skin & Allergy
112902,129050,905897,clinics_services,Description,botox,Skin-Esteem
113013,129262,924427,clinics_services,Description,Botox,Simply Aesthetics
113388,129789,32544,reviews,TEXT,Morphine,Glanmire Holistic Centre
113676,130187,130187,clinics,longdescription,versed,Physio Ergo Healthcare
114589,131335,131335,clinics,shortdescription,Sculptra,Smileworks
114698,131461,921883,clinics_services,Description,Cipro,Dott. Salvatore Tocci
114805,131619,928458,clinics_services,Description,botox,Ageless Face and Body
114842,131680,131680,clinics,Address2,Artane,DenturesPlus
115024,132058,688390,leadfeedback,Comments,botox,Metro Bangkok Clinic
115314,132398,218807,leadfeedback,Comments,valium,The Plastic Surgery Centre
115355,132441,132441,clinics,shortdescription,Testosterone,Maximum Performance Wellness Center
116431,133723,133723,clinics,longdescription,versed,Skin Art Clinic
117189,134591,134591,clinics,longdescription,versed,Renee Clinic
117209,134611,998129,clinics_services,Description,depen,D.S.Prosthetic & Orthotic Rehab Clinic
117523,135018,948997,clinics_services,Description,Botox,Body Silk Clinic
117892,135431,758125,leadfeedback,Comments,propecia,Hair Restoration Blackrock
118318,135929,522982,leadfeedback,Comments,botox,New Town Skin Repair Clinic
118701,136336,136336,clinics,Address2,Artane,Dr John Taylor
93293,137106,137106,clinics,Address2,Doral,Tabash Dentistry - Florida
120200,138397,391340,leadfeedback,Comments,Yasmin,Nu-Follica Hair Clinics - Johannesberg
120800,139355,51681,reviews,ClinicsResponse,Yasmin,Dublin Skin and Laser Clinic
121019,139711,139711,clinics,Address1,Sular,Inter Estetik
121213,139963,139963,clinics,Address1,Yasmin,Prof. Dr. Deniz İŞCEN
121537,140378,140378,clinics,Address1,Beyaz,Gaziantep Ortodonti Kliniğine
121984,141032,63214,reviews,TEXT,heparin,Cellular Treatments India
122380,141566,141566,clinics,Address2,Artane,AcuRelief Acupuncture
122381,141567,141567,clinics,Address1,Artane,Physicare Bodywork Therapy
96810,142572,1097876,clinics_services,Description,Botox,Therapie Clinic Malahide
96810,142573,1097906,clinics_services,Description,Botox,Therapie Clinic Waterford
96810,142574,1097826,clinics_services,Description,Botox,Therapie Clinic Cork
96810,142575,1097866,clinics_services,Description,Botox,Therapie Clinic Limerick
96810,142576,1097856,clinics_services,Description,Botox,Therapie Clinic Galway
96810,142577,1097806,clinics_services,Description,Botox,Therapie Clinic Athlone
124098,143978,634646,leadfeedback,Comments,Tegretol,United Doctors Hospital
124160,144061,540745,leadfeedback,Comments,Botox,AZ Sint-Jan - Brugges
125119,145452,1061019,clinics_services,Description,Botox,Dr Kamil Alrustom Skin and Laser Centre
125549,145968,677055,leadfeedback,Comments,EYLEA,Optical Express
125549,145968,677055,leadfeedback,Comments,Lucentis,Optical Express
126914,148021,666801,leadfeedback,Comments,Prevnar 13,MedConsult Clinic
128258,150456,2259207,Clinic_ProcedurePricing,details,Perlane,Peter Fisher M.D.
128258,150456,2259207,Clinic_ProcedurePricing,details,Restylane,Peter Fisher M.D.
128262,150460,2259256,Clinic_ProcedurePricing,details,hyaluronidase,Texas Facial Plastic Surgery and ENT
128262,150460,2259256,Clinic_ProcedurePricing,details,Perlane,Texas Facial Plastic Surgery and ENT
128262,150460,2259256,Clinic_ProcedurePricing,details,Restylane,Texas Facial Plastic Surgery and ENT
129895,152861,281819,Staffs,BioHTML,botox,ВИТА ЕСТЕТИК ЦЕНТЪР
130584,153781,204154,Staffs,BioHTML,Mirena,Debrecen Nőgyógyászat
132377,156068,156068,clinics,longdescription,Hydrocodone,El Vigia
132377,156068,156068,clinics,longdescription,Methadone,El Vigia
132377,156068,156068,clinics,longdescription,Morphine,El Vigia
132377,156068,156068,clinics,longdescription,Oxycodone,El Vigia
132377,156068,156068,clinics,longdescription,OxyContin,El Vigia
132377,156068,156068,clinics,longdescription,Vicodin,El Vigia
135541,160858,612461,leadfeedback,Comments,effient,The Eye Care Centre
136974,163158,215912,Staffs,BioHTML,Botulinum Toxin,Dermatologische Gemeinschaftspraxis
137836,164202,514983,leadfeedback,Comments,gardasil,Dr. Maria Gavrilina Clinic
96810,166314,1097916,clinics_services,Description,Botox,Therapie Hair Salon Dublin
141234,168713,168713,clinics,City,Doral,Prana Health
141443,169003,169003,clinics,City,Doral,Eve Women's Centers
141642,169265,169265,clinics,City,Doral,Pierini Esthetic Surgery
141797,169486,169486,clinics,City,Doral,Acebo Health Center
148853,179082,179082,clinics,Address1,Arava,Levitas Fertility And IVF Israel
149916,180447,180447,clinics,Address1,Doral,TuOdontologa.com
154354,186588,186588,clinics,City,Doral,Avoid the Knife
154526,186824,186824,clinics,City,Doral,DermaLaser Med Spa
154556,186904,186904,clinics,City,Doral,Oasis Dream Spa
154580,186939,186939,clinics,City,Doral,Aromas MedSpa
154447,186940,186940,clinics,City,Doral,Advanced Dermartology And Cosmetic Surgery-Dr. Schif
157120,190347,190347,clinics,City,Doral,Dr. Victoria Garcia and Associates
157327,190628,190628,clinics,City,Doral,Dentist Miami Concierge Dentistry of Florida
157632,190994,190994,clinics,City,Doral,Smile Studio
96810,196783,1097846,clinics_services,Description,Botox,Therapie Clinic Kildare
96810,196786,1097816,clinics_services,Description,Botox,Therapie Clinic Belfast
96810,196787,1097836,clinics_services,Description,Botox,Therapie Clinic Derry
96810,196790,1097886,clinics_services,Description,Botox,Therapie Clinic Newry
96810,196792,1097896,clinics_services,Description,Botox,Therapie Clinic Sligo
115271,203903,3506646,Clinic_ProcedurePricing,treatment,Retin A,Skinhealth Spa - Nantwich
115271,203903,3506647,Clinic_ProcedurePricing,treatment,Retin A,Skinhealth Spa - Nantwich
168696,206650,280994,Staffs,BioHTML,Botox,Bahria Town Hospital
168748,206708,281153,Staffs,BioHTML,Botox,Dr. Acky Friedman - Dermatology and Aesthetics
168790,206801,206801,clinics,longdescription,Testosterone,Dr. Tan & Partners @ Scotts
168790,206801,281567,Staffs,BioHTML,versed,Dr. Tan & Partners @ Scotts
