151698,182897,182897,clinics,name,Hawthorn,Elizabeth Biagi - Hawthorn Health Clinic
153435,185386,185386,clinics,longdescription,REAL DEAL,Virgin Russian Hair Extensions by Eye of Envy
153437,185388,185388,clinics,longdescription,REAL DEAL,Celebrity Quality Virgin Russian Hair Extensions
153574,185562,185562,clinics,longdescription,body shaping,Chartier Clinic
154645,187202,187202,clinics,City,Hawthorn,Dr Rodger Davies
154816,187492,187492,clinics,longdescription,M1,Facial Line Softening
159095,192903,192903,clinics,longdescription,body shaping,London Bridge Plastic Surgery - London Bridge Hospital
161296,195670,195670,clinics,PostalCode,M1,Manchester Lipo by Perfection
161337,195805,195805,clinics,longdescription,electricity,Physical Science Rehabilitation
164446,200634,200634,clinics,longdescription,body shaping,Stockholm Medicus
166573,203626,203626,clinics,City,Hawthorn,ARC Plastic Surgery Melbourne
168603,206494,206494,clinics,longdescription,Rage,Aurora Counselling Ireland
146847,206537,206537,clinics,Address2,M1,Klinika Maja 2
168783,206794,206794,clinics,longdescription,rage,Aurora Centre of Excellence
168970,207095,207095,clinics,name,Hawthorn,Hawthorn Road Family Dental Clinic - Dr. Mahima Krongold
168970,207095,207095,clinics,Address1,Hawthorn,Hawthorn Road Family Dental Clinic - Dr. Mahima Krongold
169019,207171,207171,clinics,Address1,Hawthorn,Cognitive Behaviour Therapy 24-7
169187,207387,207387,clinics,longdescription,Artane,Holistica
169187,207387,207387,clinics,Address2,Artane,Holistica
116665,207416,207416,clinics,longdescription,body shaping,Aesthetic Expert-Burrow Street
147153,208291,208291,clinics,longdescription,body shaping,New Derma Aesthetic Clinic - Mira Road Branch
169763,208322,208322,clinics,City,Hawthorn,Swan Urology
