desktop,banned-term,http://www.whatclinic.com/cosmetic-plastic-surgery/hungary/liposuction?adwords=true&adtest1=true , Body Shaping
mobile,banned-term,http://www.whatclinic.com/cosmetic-plastic-surgery/hungary/liposuction?adwords=true&adtest1=true , Body Shaping
mobile,banned-term,http://www.whatclinic.com/cosmetic-plastic-surgery/hungary?adwords=true&adtest1=true , Body Shaping
desktop,banned-term,http://www.whatclinic.com/cosmetic-plastic-surgery/india/mumbai?adwords=true&adtest1=true , body shaping
mobile,banned-term,http://www.whatclinic.com/cosmetic-plastic-surgery/india/mumbai?adwords=true&adtest1=true , body shaping
desktop,banned-term,http://www.whatclinic.com/cosmetic-plastic-surgery/india?adwords=true&adtest1=true , 72 hours
desktop,banned-term,http://www.whatclinic.com/cosmetic-plastic-surgery/india?adwords=true&adtest1=true , 72 hours
desktop,banned-term,http://www.whatclinic.com/cosmetic-plastic-surgery/india?adwords=true&adtest1=true , 72 hours
desktop,banned-term,http://www.whatclinic.com/cosmetic-plastic-surgery/india?adwords=true&adtest1=true , 72 hours
mobile,banned-term,http://www.whatclinic.com/cosmetic-plastic-surgery/india/mumbai/eyelid-surgery?adwords=true&adtest1=true , Yasmin
desktop,banned-term,http://www.whatclinic.com/cosmetic-plastic-surgery/india/new-delhi/liposuction?adwords=true&adtest1=true , body slimming
mobile,banned-term,http://www.whatclinic.com/cosmetic-plastic-surgery/india/new-delhi/liposuction?adwords=true&adtest1=true , body slimming
desktop,banned-term,http://www.whatclinic.com/cosmetic-plastic-surgery/india/kolkata/liposuction?adwords=true&adtest1=true , body shaping
mobile,banned-term,http://www.whatclinic.com/cosmetic-plastic-surgery/india/kolkata/liposuction?adwords=true&adtest1=true , body shaping
desktop,banned-term,http://www.whatclinic.com/cosmetic-plastic-surgery/india/new-delhi/rhinoplasty?adwords=true&adtest1=true , body slimming
mobile,banned-term,http://www.whatclinic.com/cosmetic-plastic-surgery/india/new-delhi/rhinoplasty?adwords=true&adtest1=true , body slimming
mobile,banned-term,http://www.whatclinic.com/cosmetic-plastic-surgery/india/mumbai/full-abdominoplasty?adwords=true&adtest1=true , Yasmin
desktop,banned-term,http://www.whatclinic.com/cosmetic-plastic-surgery/india/mumbai?adwords=true&adtest1=true , body shaping
mobile,banned-term,http://www.whatclinic.com/cosmetic-plastic-surgery/india/mumbai?adwords=true&adtest1=true , body shaping
desktop,banned-term,http://www.whatclinic.com/cosmetic-plastic-surgery/india/jaw-contouring?adwords=true&adtest1=true , yAz
desktop,banned-term,http://www.whatclinic.com/cosmetic-plastic-surgery/india/eyelid-surgery?adwords=true&adtest1=true , Syeda
mobile,banned-term,http://www.whatclinic.com/cosmetic-plastic-surgery/india/eyelid-surgery?adwords=true&adtest1=true , Syeda
desktop,banned-term,http://www.whatclinic.com/cosmetic-plastic-surgery/india/new-delhi/breast-implants?adwords=true&adtest1=true , body slimming
mobile,banned-term,http://www.whatclinic.com/cosmetic-plastic-surgery/india/new-delhi/breast-implants?adwords=true&adtest1=true , body slimming
desktop,banned-term,http://www.whatclinic.com/cosmetic-plastic-surgery/india/liposuction?adwords=true&adtest1=true , body shaping
mobile,banned-term,http://www.whatclinic.com/cosmetic-plastic-surgery/india/liposuction?adwords=true&adtest1=true , body shaping
mobile,banned-term,http://www.whatclinic.com/cosmetic-plastic-surgery/india/pune/rhinoplasty?adwords=true&adtest1=true , muscle mass
desktop,banned-term,http://www.whatclinic.com/cosmetic-plastic-surgery/india/new-delhi/laser-assisted-liposuction?adwords=true&adtest1=true , body slimming
mobile,banned-term,http://www.whatclinic.com/cosmetic-plastic-surgery/india/new-delhi/laser-assisted-liposuction?adwords=true&adtest1=true , body slimming
mobile,banned-term,http://www.whatclinic.com/cosmetic-plastic-surgery/hungary?adwords=true&adtest1=true , Body Shaping
mobile,banned-term,http://www.whatclinic.com/cosmetic-plastic-surgery/hungary?adwords=true&adtest1=true , Body Shaping
mobile,banned-term,http://www.whatclinic.com/cosmetic-plastic-surgery/hungary?adwords=true&adtest1=true , Body Shaping
mobile,banned-term,http://www.whatclinic.com/cosmetic-plastic-surgery/hungary?adwords=true&adtest1=true , Body Shaping
mobile,banned-term,http://www.whatclinic.com/cosmetic-plastic-surgery/hungary?adwords=true&adtest1=true , Body Shaping
mobile,banned-term,http://www.whatclinic.com/cosmetic-plastic-surgery/hungary?adwords=true&adtest1=true , Body Shaping
