14,611231,leadfeedback,Comments,botox
178,30192,reviews,TEXT,insulin
271,62622,reviews,TEXT,effient
393,393,clinics,longdescription,Interferon
441,2427,reviews,TEXT,morphine
470,54200,reviews,TEXT,Novocain
704,1862,reviews,TEXT,Camila
704,2382,reviews,ClinicsResponse,Camila
704,2609,reviews,TEXT,Camila
704,2637,reviews,YouRecommend,Camila
704,2676,reviews,YouReturn,Camila
704,4793,reviews,TEXT,Camila
704,4853,reviews,TEXT,Camila
704,5784,reviews,YouRecommend,Camila
704,1545,reviews,TEXT,Camila
809,809,clinics,longdescription,versed
870,870,clinics,longdescription,Valium
870,2154,reviews,TEXT,valium
1012,1012,clinics,longdescription,meth
1117,49132,reviews,TEXT,allay
1945,1945,clinics,longdescription,versed
4764,4764,clinics,longdescription,Sculptra
5170,5170,clinics,shortdescription,amoxicillin
9027,64832,reviews,TreatmentName,Botox
18343,18343,clinics,name,Allay
18343,18343,clinics,longdescription,Allay
18400,50590,reviews,TreatmentName,Botox
18514,18514,clinics,shortdescription,Sculptra
18654,18654,clinics,longdescription,Cipro
18697,18697,clinics,shortdescription,sculptra
18757,18757,clinics,shortdescription,Sculptra
18774,18774,clinics,shortdescription,Sculptra
18843,53378,reviews,TEXT,botox
18843,53378,reviews,TreatmentName,botox
23794,64647,Staffs,Additional_Notes,Mirena
23794,64652,Staffs,Additional_Notes,Mirena
23795,64647,Staffs,Additional_Notes,Mirena
23795,64652,Staffs,Additional_Notes,Mirena
24591,69322,Staffs,Special_Interests,Implanon
24591,69330,Staffs,Special_Interests,Implanon
24592,69322,Staffs,Special_Interests,Implanon
24592,69330,Staffs,Special_Interests,Implanon
24880,71142,Staffs,Additional_Notes,Implanon
24880,71144,Staffs,Additional_Notes,Implanon
24881,71142,Staffs,Additional_Notes,Implanon
24881,71144,Staffs,Additional_Notes,Implanon
25514,74725,Staffs,Special_Interests,Implanon
27876,83548,Staffs,Special_Interests,implanon
28293,85127,Staffs,Additional_Notes,Warfarin
28342,85351,Staffs,Additional_Notes,Warfarin
32135,32135,clinics,shortdescription,sculptra
32136,32136,clinics,shortdescription,sculptra
32137,32137,clinics,shortdescription,sculptra
32322,2002325,Clinic_ProcedurePricing,details,Sculptra
32574,24883,reviews,TreatmentName,Sculptra
37632,39277,reviews,TreatmentName,methadone
38495,46997,reviews,TreatmentName,implanon
39884,39884,clinics,name,Artane
40424,40424,clinics,longdescription,versed
40558,32009,reviews,ClinicsResponse,Juvederm
40558,47925,reviews,TreatmentName,Botox
40558,51353,reviews,TreatmentName,Botox
40558,54014,reviews,TreatmentName,Botox
40681,40681,clinics,longdescription,versed
40976,45954,reviews,TEXT,Valium
53280,3590,reviews,TEXT,Novocain
91658,91658,clinics,longdescription,Chlorhexidine
91681,31420,leadfeedback,Comments,versed
91713,54653,reviews,TreatmentName,Botox
91713,59642,reviews,TreatmentName,Botox
91713,60186,reviews,TreatmentName,Botox
91713,61049,reviews,TreatmentName,Botox
91721,91721,clinics,longdescription,Sculptra
91773,79675,leadfeedback,Comments,sculptra
91775,91775,clinics,shortdescription,Sculptra
92136,42304,reviews,ClinicsResponse,Botox
92136,60663,reviews,TreatmentName,botox
92156,12887,reviews,TEXT,Sonata
92156,12887,reviews,staffname,Sonata
92834,455940,leadfeedback,Comments,Botox
92839,52842,reviews,TreatmentName,Botox
92963,9450,reviews,ClinicsResponse,botox
92963,10006,reviews,YouReturn,Restylane
92963,35028,reviews,ClinicsResponse,Botox
92963,55758,reviews,TreatmentName,Botox
93005,93005,clinics,longdescription,Soma
93005,126243,Staffs,BioHTML,Soma
93196,59876,leadfeedback,Comments,versed
93284,93284,clinics,shortdescription,Sculptra
93284,49427,reviews,TreatmentName,botox
93284,49510,reviews,TreatmentName,Botox
93972,26397,leadfeedback,Comments,calis
94025,53615,reviews,TreatmentName,Botox
94142,13425,reviews,TEXT,allay
95280,40378,reviews,TEXT,Valium
95312,26380,reviews,TEXT,PerioGard
95366,407853,leadfeedback,Comments,botox
95485,8189,reviews,TreatmentName,Sculptra
95682,95682,clinics,longdescription,Sculptra
95797,829414,Clinic_ProcedurePricing,details,depen
95808,51692,reviews,TEXT,botox
96248,96248,clinics,longdescription,versed
96248,42280,reviews,TEXT,Novocain
97140,124914,Staffs,BioHTML,Aldara
97140,124914,Staffs,BioHTML,imiquimod
97222,47774,reviews,TreatmentName,botox
97247,66798,reviews,TEXT,Botox
97516,60945,reviews,TEXT,restylane
97516,60946,reviews,TreatmentName,restylane
97516,60947,reviews,TreatmentName,restylane
98214,52648,reviews,TreatmentName,Botox
99500,2501,reviews,YouReturn,definity
99701,401598,leadfeedback,Comments,Botox
100122,100122,clinics,longdescription,SCULPTRA
100441,100441,clinics,longdescription,Yasmin
100714,878772,Clinic_ProcedurePricing,details,Avastin
100714,878772,Clinic_ProcedurePricing,details,Lucentis
100714,878772,Clinic_ProcedurePricing,details,Ozurdex
100732,598357,leadfeedback,Comments,botox
102341,102341,clinics,shortdescription,SCULPTRA
102394,102394,clinics,shortdescription,Sculptra
102702,102702,clinics,longdescription,Gardisil
102702,102702,clinics,longdescription,Suboxone
102702,102702,clinics,longdescription,Synvisc
102796,61743,reviews,TEXT,tramadol
102844,735086,leadfeedback,Comments,insulin
103140,103140,clinics,longdescription,Artane
103185,918578,Clinic_ProcedurePricing,details,Avastin
103185,918578,Clinic_ProcedurePricing,details,Lucentis
103185,918578,Clinic_ProcedurePricing,details,Ozurdex
103545,103545,clinics,shortdescription,Sculptra
103555,103555,clinics,shortdescription,Sculptra
103556,103556,clinics,shortdescription,Sculptra
103557,103557,clinics,shortdescription,Sculptra
103558,103558,clinics,shortdescription,Sculptra
103559,103559,clinics,shortdescription,Sculptra
103560,103560,clinics,shortdescription,Sculptra
103561,103561,clinics,shortdescription,Sculptra
103562,103562,clinics,shortdescription,Sculptra
103563,103563,clinics,shortdescription,Sculptra
103564,103564,clinics,shortdescription,Sculptra
103565,103565,clinics,shortdescription,Sculptra
103566,103566,clinics,shortdescription,Sculptra
103567,103567,clinics,shortdescription,Sculptra
103568,103568,clinics,shortdescription,Sculptra
103569,103569,clinics,shortdescription,Sculptra
103570,103570,clinics,shortdescription,Sculptra
103571,103571,clinics,shortdescription,Sculptra
103572,103572,clinics,shortdescription,Sculptra
103573,103573,clinics,shortdescription,Sculptra
103574,103574,clinics,shortdescription,Sculptra
103575,103575,clinics,shortdescription,Sculptra
103576,103576,clinics,shortdescription,Sculptra
103577,103577,clinics,shortdescription,Sculptra
103578,103578,clinics,shortdescription,Sculptra
103580,103580,clinics,shortdescription,Sculptra
103581,103581,clinics,shortdescription,Sculptra
103582,103582,clinics,shortdescription,Sculptra
103583,103583,clinics,shortdescription,Sculptra
103584,103584,clinics,shortdescription,Sculptra
103584,161924,Staffs,BioHTML,Sculptra
103585,103585,clinics,shortdescription,Sculptra
103586,103586,clinics,shortdescription,Sculptra
103587,103587,clinics,shortdescription,Sculptra
103588,103588,clinics,shortdescription,Sculptra
103589,103589,clinics,shortdescription,Sculptra
103825,46276,reviews,TreatmentName,Botox
103985,151108,leadfeedback,Comments,Penicillin
104315,32521,reviews,Title,Sculptra
104315,32521,reviews,TreatmentName,Sculptra
104426,4025,reviews,TEXT,clomid
104426,6119,reviews,TEXT,Clomid
104426,6321,reviews,TEXT,clomid
104426,6349,reviews,TEXT,clomid
104426,7189,reviews,TEXT,luveris
104640,47376,reviews,TreatmentName,Botox
104640,47420,reviews,TreatmentName,Botox
104640,47633,reviews,TreatmentName,Botox
104640,51646,reviews,TreatmentName,Botox
104640,62931,reviews,TreatmentName,Botox
104640,47122,reviews,TreatmentName,Botox
104640,49750,reviews,TreatmentName,Botox
104640,57066,reviews,TreatmentName,Botox
104640,60747,reviews,TreatmentName,Botox
104751,104751,clinics,longdescription,Camila
104954,60111,reviews,TreatmentName,Botox
105042,45914,reviews,TreatmentName,Botox
105042,46169,reviews,TreatmentName,Botox
105042,55104,reviews,TreatmentName,botox
105042,56881,reviews,TreatmentName,Botox
105061,15103,reviews,TEXT,Clomid
105061,15104,reviews,TEXT,Clomid
105061,49713,reviews,TEXT,Clomid
105091,560594,leadfeedback,Comments,Botox
105163,964989,Clinic_ProcedurePricing,details,bevacizumab
105177,105177,clinics,shortdescription,Sculptra
105177,105177,clinics,longdescription,Sculptra
105404,105404,clinics,shortdescription,Sculptra
105461,62791,reviews,TreatmentName,Botox
105461,62925,reviews,TreatmentName,Botox
105608,24347,reviews,ClinicsResponse,botox
105618,658880,leadfeedback,Comments,Botox
105629,56060,reviews,TreatmentName,botox
105844,59240,reviews,TreatmentName,botox
105848,46548,reviews,TreatmentName,Botox
105900,7601,reviews,ClinicsResponse,Botox
105900,19203,reviews,ClinicsResponse,botox
105956,542319,leadfeedback,Comments,botox
105966,48718,reviews,TreatmentName,Botox
105966,50037,reviews,TreatmentName,Botox
106097,106097,clinics,shortdescription,Sculptra
106212,79676,leadfeedback,Comments,Sculptra
106306,10147,reviews,TEXT,clomid
106315,59512,reviews,TreatmentName,Botox
106540,8209,reviews,TEXT,versed
106611,49941,reviews,TreatmentName,botox
106718,106718,clinics,longdescription,Soma
106770,106770,clinics,shortdescription,Sculptra
106791,58624,reviews,TEXT,tramadol
107015,107015,clinics,longdescription,Collagenase
107105,151558,leadfeedback,Comments,accutane
107167,1012117,Clinic_ProcedurePricing,details,tetracycline
107297,107297,clinics,name,Artane
107297,55133,reviews,ClinicsResponse,Artane
107474,107474,clinics,longdescription,versed
107477,8684,reviews,TEXT,insulin
107537,238346,leadfeedback,Comments,Sculptra
107537,470034,leadfeedback,Comments,Botox
107575,208160,leadfeedback,Comments,sculptra
107918,46516,reviews,TreatmentName,Botox
107980,107980,clinics,longdescription,Clomid
108267,108267,clinics,longdescription,Artane
108319,50974,reviews,TEXT,Restylane
108397,161369,Staffs,BioHTML,Sculptra
108423,46764,reviews,TreatmentName,botox
108423,48078,reviews,TreatmentName,botox
108649,108649,clinics,shortdescription,Sculptra
108692,208161,leadfeedback,Comments,sculptra
108732,52622,reviews,TreatmentName,Botox
108732,53327,reviews,TreatmentName,Botox
108776,1049587,Clinic_ProcedurePricing,details,periostat
108948,54958,reviews,TreatmentName,Botox
108948,51567,reviews,TreatmentName,botox
108948,52088,reviews,TreatmentName,Botox
108948,53035,reviews,TreatmentName,botox
108948,59210,reviews,TreatmentName,Botox
108958,48007,reviews,TreatmentName,BOTOX
108958,51155,reviews,TreatmentName,Botox
108958,51155,reviews,TreatmentName,Juvederm
108958,47416,reviews,TreatmentName,Botox
109044,50985,reviews,TreatmentName,Botox
109046,59304,reviews,TreatmentName,Botox
109087,109087,clinics,longdescription,Hyalgan
109178,12332,reviews,TEXT,Yasmin
109302,49878,reviews,TreatmentName,botox
109454,49400,reviews,TreatmentName,Botox
109483,61571,reviews,TreatmentName,Botox
109637,48240,reviews,TEXT,Yaz
109695,646966,leadfeedback,Comments,Botox
109695,16694,reviews,ClinicsResponse,Restylane
109695,51796,reviews,TreatmentName,botox
109733,198340,leadfeedback,Comments,Sculptra
109733,47749,reviews,TreatmentName,Botox
109733,59223,reviews,TreatmentName,Botox
110086,110086,clinics,longdescription,Sculptra
110335,50231,reviews,TreatmentName,Botox
110372,56923,reviews,TreatmentName,Botox
110488,1090125,Clinic_ProcedurePricing,details,testosterone
110495,110495,clinics,longdescription,versed
110763,46761,reviews,TreatmentName,Botox
110763,46768,reviews,TreatmentName,Botox
110992,13342,reviews,TreatmentName,Sculptra
111018,111018,clinics,longdescription,versed
111477,13333,reviews,TreatmentName,Sculptra
111477,14891,reviews,TreatmentName,Sculptra
111568,1578761,Clinic_ProcedurePricing,details,Ritalin
111588,55976,reviews,UserName,Yasmin
111588,64827,reviews,TreatmentName,Botox
111888,61575,reviews,TreatmentName,Botox
111931,111931,clinics,longdescription,versed
111946,45675,reviews,TreatmentName,Botox
111946,45677,reviews,TreatmentName,botox
111946,45688,reviews,TreatmentName,Botox
111946,45702,reviews,TreatmentName,Botox
112091,25975,reviews,TEXT,versed
112121,139285,leadfeedback,Comments,stimate
112176,36992,reviews,TEXT,versed
112360,49304,reviews,TreatmentName,Botox
112429,51426,reviews,TreatmentName,dysport
112429,47273,reviews,TreatmentName,botox
112577,49448,reviews,TreatmentName,botox
112577,53071,reviews,TreatmentName,Botox
112577,57980,reviews,UserName,Yasmin
112577,62638,reviews,TreatmentName,Botox
112577,52190,reviews,TreatmentName,Botox
112577,57410,reviews,TreatmentName,botox
112583,62467,reviews,TEXT,Juvederm
112747,46642,reviews,TreatmentName,Botox
112747,58026,reviews,TreatmentName,Botox
112784,1142370,Clinic_ProcedurePricing,details,allay
112801,15498,reviews,TEXT,versed
112900,151161,Staffs,BioHTML,meth
113523,48095,reviews,TreatmentName,Botox
113639,1964076,Clinic_ProcedurePricing,details,Lumigan
113676,55551,reviews,TreatmentName,Botox
113676,55550,reviews,TreatmentName,Botox
113676,52636,reviews,TreatmentName,botox
113736,1163930,Clinic_ProcedurePricing,details,Sculptra
114174,54271,reviews,TreatmentName,Botox
114174,54274,reviews,TreatmentName,Botox
114746,54280,reviews,TreatmentName,Botox
114746,62468,reviews,TreatmentName,Botox
114953,48164,reviews,TreatmentName,botox
115441,652044,leadfeedback,Comments,Botox
115441,54763,reviews,TreatmentName,Botox
115571,559373,leadfeedback,Comments,sculptra
115611,16619,reviews,TEXT,sculptra
115611,16619,reviews,Title,sculptra
115611,16619,reviews,TreatmentName,sculptra
115611,39044,reviews,TEXT,Sculptra
115611,39044,reviews,TreatmentName,Sculptra
115611,32879,reviews,TEXT,Sculptra
115611,32879,reviews,TreatmentName,Sculptra
116179,66386,reviews,TEXT,insulin
116190,1216464,Clinic_ProcedurePricing,details,bevacizumab
116190,48802,reviews,TreatmentName,Botox
116257,19211,reviews,ClinicsResponse,Restylane
116259,54300,reviews,TreatmentName,Botox
116347,51945,reviews,TreatmentName,Botox
116347,52164,reviews,TreatmentName,Botox
116385,25637,reviews,TEXT,Nasonex
116445,116445,clinics,longdescription,testosterone
116546,566562,leadfeedback,Comments,botox
116731,1228434,Clinic_ProcedurePricing,details,Finasteride
116732,1228438,Clinic_ProcedurePricing,details,Finasteride
116733,1228442,Clinic_ProcedurePricing,details,Finasteride
116734,1228446,Clinic_ProcedurePricing,details,Finasteride
116738,1228617,Clinic_ProcedurePricing,details,Finasteride
116830,56544,reviews,TEXT,juvederm
116830,56544,reviews,TreatmentName,Juvederm
116867,46269,reviews,TreatmentName,botox
116867,63054,reviews,TreatmentName,Botox
117088,48179,reviews,TreatmentName,Mirena
117094,1236170,Clinic_ProcedurePricing,details,tetracycline
117178,31591,reviews,TEXT,Yasmin
117178,34280,reviews,TEXT,Yasmin
117178,34281,reviews,TEXT,Yasmin
117178,34282,reviews,TEXT,Yasmin
117178,34282,reviews,Title,Yasmin
117178,34283,reviews,TEXT,Yasmin
117178,34284,reviews,TEXT,Yasmin
117178,34285,reviews,TEXT,Yasmin
117178,34285,reviews,Title,Yasmin
117178,34286,reviews,TEXT,Yasmin
117178,34286,reviews,Title,Yasmin
117178,34287,reviews,TEXT,Yasmin
117178,34287,reviews,Title,Yasmin
117178,34288,reviews,TEXT,Yasmin
117178,34289,reviews,TEXT,Yasmin
117280,117280,clinics,longdescription,Methadone
117280,117280,clinics,longdescription,Subutex
117297,64522,reviews,TreatmentName,Botox
117297,64667,reviews,TreatmentName,Botox
117428,117428,clinics,longdescription,Insulin
117774,1251316,Clinic_ProcedurePricing,details,EMLA
118148,52023,reviews,TreatmentName,Botox
118312,118312,clinics,shortdescription,versed
118746,57978,reviews,TreatmentName,botox
118901,118901,clinics,shortdescription,Gardasil
118960,118960,clinics,shortdescription,sculptra
118961,118961,clinics,shortdescription,sculptra
118962,118962,clinics,shortdescription,sculptra
118963,118963,clinics,shortdescription,sculptra
118964,118964,clinics,shortdescription,sculptra
118965,118965,clinics,shortdescription,sculptra
118966,118966,clinics,shortdescription,sculptra
118967,118967,clinics,shortdescription,sculptra
118969,118969,clinics,shortdescription,sculptra
118984,48816,reviews,TreatmentName,Botox
119168,52456,reviews,TreatmentName,botox
119168,53346,reviews,TreatmentName,Botox
119168,45747,reviews,TreatmentName,Botox
119168,53664,reviews,TreatmentName,Botox
119168,54464,reviews,TreatmentName,Botox
119168,46337,reviews,TreatmentName,Botox
119178,119178,clinics,longdescription,penicillin
119412,3509975,Clinic_ProcedurePricing,details,metronidazole
119412,3509989,Clinic_ProcedurePricing,details,Sculptra
119413,3510167,Clinic_ProcedurePricing,details,metronidazole
119413,3510181,Clinic_ProcedurePricing,details,Sculptra
119414,3510071,Clinic_ProcedurePricing,details,metronidazole
119414,3510085,Clinic_ProcedurePricing,details,Sculptra
119416,3510263,Clinic_ProcedurePricing,details,metronidazole
119416,3510277,Clinic_ProcedurePricing,details,Sculptra
119417,3509879,Clinic_ProcedurePricing,details,metronidazole
119417,3509893,Clinic_ProcedurePricing,details,Sculptra
119529,56437,reviews,TreatmentName,Botox
119772,50963,reviews,TEXT,Finasteride
119772,50963,reviews,TEXT,Propecia
119772,55190,reviews,TEXT,finasteride
119772,58649,reviews,TEXT,propecia
120038,61010,reviews,TreatmentName,Botox
120269,56534,reviews,TreatmentName,Botox
120497,164191,Staffs,BioHTML,insulin
120754,54587,reviews,TreatmentName,botox
120945,60750,reviews,TreatmentName,Juvederm
120945,61878,reviews,TreatmentName,Botox
120945,52090,reviews,TreatmentName,Botox
120945,60749,reviews,TreatmentName,Juvederm
121074,639174,leadfeedback,Comments,Sculptra
121230,1998757,Clinic_ProcedurePricing,details,BOTOX
121230,2603533,Clinic_ProcedurePricing,details,Latisse
121292,65335,reviews,TreatmentName,Botox
121392,639173,leadfeedback,Comments,Sculptra
121999,63226,reviews,TreatmentName,Botox
122008,45266,reviews,TreatmentName,Botox
122465,122465,clinics,longdescription,cambia
122465,122465,clinics,longdescription,Propecia
122520,122520,clinics,longdescription,versed
122543,45273,reviews,TreatmentName,Botox
122570,51842,reviews,TEXT,botox
122570,51842,reviews,TreatmentName,Botox
123218,51136,reviews,TreatmentName,botox
123225,49897,reviews,TreatmentName,botox
123373,123373,clinics,name,Beyaz
123440,53000,reviews,TreatmentName,Botox
123445,55348,reviews,TEXT,botox
123445,55349,reviews,TEXT,botox
123648,123648,clinics,longdescription,Soma
123743,26745,reviews,ClinicsResponse,Yasmin
124216,532126,leadfeedback,Comments,botox
124377,56217,reviews,TreatmentName,Botox
124458,124458,clinics,longdescription,versed
124628,57439,reviews,TreatmentName,Botox
124729,233483,leadfeedback,Comments,sculptra
124815,124815,clinics,shortdescription,Latisse
124815,124815,clinics,shortdescription,Levulan
124866,48738,reviews,TreatmentName,Botox
124987,65513,reviews,TreatmentName,botox
124990,56359,reviews,TreatmentName,Botox
125006,125006,clinics,longdescription,Clomid
125030,125030,clinics,longdescription,versed
125362,56155,reviews,TreatmentName,Sculptra
125433,27437,reviews,ClinicsResponse,botox
125446,544816,leadfeedback,Comments,Botox
125526,42654,reviews,TEXT,versed
125665,50442,reviews,TEXT,botox
125665,50442,reviews,TreatmentName,botox
125968,49579,reviews,TreatmentName,Botox
125982,33660,reviews,ClinicsResponse,Junel
125982,35513,reviews,ClinicsResponse,Junel
125982,36075,reviews,ClinicsResponse,Junel
125982,45332,reviews,TEXT,Junel
126008,126008,clinics,name,Soma
126060,57159,reviews,TEXT,allay
126060,45264,reviews,TreatmentName,Botox
126218,52660,reviews,TreatmentName,Botox
126314,59531,reviews,TreatmentName,botox
126314,60549,reviews,TreatmentName,Botox
126479,126479,clinics,shortdescription,viagra
126491,126491,clinics,shortdescription,Sculptra
126543,53197,reviews,TreatmentName,Botox
126555,558429,leadfeedback,Comments,botox
126672,61632,reviews,TreatmentName,Botox
126672,61805,reviews,TreatmentName,Botox
126672,61422,reviews,TreatmentName,Botox
126816,62148,reviews,TreatmentName,Botox
127119,475669,leadfeedback,Comments,sculptra
127264,28654,reviews,TEXT,Isotretinoin
127274,49912,reviews,TreatmentName,Botox
127281,127281,clinics,longdescription,versed
127552,26138,reviews,Title,Sculptra
127552,26138,reviews,TreatmentName,Sculptra
127577,58578,reviews,TreatmentName,Sculptra
127671,30274,reviews,TEXT,versed
127671,30289,reviews,TEXT,tetracycline
127740,62602,reviews,TreatmentName,botox
128045,1468618,Clinic_ProcedurePricing,details,Yasmin
128045,40569,reviews,TEXT,Yasmin
128045,40570,reviews,TEXT,Yasmin
128045,40571,reviews,TEXT,Yasmin
128045,40572,reviews,TEXT,Yasmin
128045,40572,reviews,Title,Yasmin
128045,40573,reviews,TEXT,Yasmin
128045,40574,reviews,TEXT,Yasmin
128045,40575,reviews,TEXT,Yasmin
128045,40575,reviews,Title,Yasmin
128045,40576,reviews,TEXT,Yasmin
128045,40576,reviews,Title,Yasmin
128045,40577,reviews,TEXT,Yasmin
128045,40577,reviews,Title,Yasmin
128045,40578,reviews,TEXT,Yasmin
128045,40579,reviews,TEXT,Yasmin
128402,1475761,Clinic_ProcedurePricing,details,Finasteride
128654,49710,reviews,TreatmentName,Botox
128669,49108,reviews,TreatmentName,Botox
128669,49102,reviews,TreatmentName,Botox
128866,736975,leadfeedback,Comments,Sculptra
128897,65531,reviews,TreatmentName,Botox
129303,49312,reviews,TreatmentName,Botox
129453,46086,reviews,TreatmentName,Botox
129453,48601,reviews,TreatmentName,botox
129453,56131,reviews,TreatmentName,botox
129496,45551,reviews,TreatmentName,Botox
129625,129625,clinics,longdescription,Latisse
129724,46304,reviews,TreatmentName,Botox
129789,32544,reviews,TEXT,methadone
129789,32544,reviews,TEXT,Morphine
129881,60188,reviews,TreatmentName,Botox
129881,62059,reviews,TreatmentName,Botox
129881,63714,reviews,TreatmentName,Botox
129881,55098,reviews,TreatmentName,Botox
129887,58425,reviews,TreatmentName,Botox
130024,54073,reviews,TreatmentName,Naltrexone
130187,130187,clinics,longdescription,versed
130293,46988,reviews,UserName,Yasmin
130293,46988,reviews,ClinicsResponse,Yasmin
130413,65374,reviews,TreatmentName,Botox
131335,131335,clinics,shortdescription,Sculptra
131365,56793,reviews,TreatmentName,botox
131394,53863,reviews,TreatmentName,Botox
131428,131428,clinics,longdescription,insulin
131554,59435,reviews,UserName,Camila
131554,59435,reviews,TEXT,Camila
131554,61322,reviews,TreatmentName,Botox
131681,280522,Staffs,BioHTML,Juvederm
131681,280522,Staffs,BioHTML,Restylane
132058,688390,leadfeedback,Comments,botox
132085,48880,reviews,TreatmentName,Botox
132085,55081,reviews,TEXT,Botox
132152,1546589,Clinic_ProcedurePricing,details,testosterone
132152,1546747,Clinic_ProcedurePricing,details,testosterone
132174,57017,reviews,TEXT,insulin
132237,60039,reviews,TreatmentName,botox
132237,60040,reviews,TreatmentName,Botox
132237,60114,reviews,TreatmentName,Botox
132237,60115,reviews,TreatmentName,Botox
132398,218807,leadfeedback,Comments,valium
132409,62793,reviews,TreatmentName,Botox
132441,132441,clinics,shortdescription,Testosterone
132441,132441,clinics,longdescription,Testosterone
132441,49994,reviews,TreatmentName,Testosterone
132441,60095,reviews,TreatmentName,Testosterone
132452,132452,clinics,longdescription,Sculptra
132569,46674,reviews,TreatmentName,Sculptra
132569,46515,reviews,TreatmentName,Sculptra
132647,64117,reviews,TreatmentName,Botox
132707,619224,leadfeedback,Comments,botox
132802,672805,leadfeedback,Comments,Clomid
132802,672805,leadfeedback,Comments,Metformin
133709,133709,clinics,longdescription,Insulin
133723,133723,clinics,longdescription,versed
134087,134087,clinics,longdescription,versed
134392,46223,reviews,TreatmentName,Sculptra
134408,47059,reviews,TreatmentName,Botox
134591,134591,clinics,longdescription,versed
135204,46332,reviews,ClinicsResponse,Yasmin
135204,56034,reviews,TEXT,Yasmin
135272,135272,clinics,longdescription,antara
135398,46734,reviews,TreatmentName,Sculptra
135929,522982,leadfeedback,Comments,botox
135947,135947,clinics,name,Naltrexone
136016,46729,reviews,TreatmentName,Botox
136016,46747,reviews,TreatmentName,botox
136016,46782,reviews,TreatmentName,Botox
136016,46787,reviews,TreatmentName,Botox
136051,52711,reviews,TreatmentName,Botox
136387,63216,reviews,TEXT,Finasteride
136389,51987,reviews,TreatmentName,Botox
136725,638614,leadfeedback,Comments,botox
137248,1808570,Clinic_ProcedurePricing,treatment,Rotarix
137360,183762,Staffs,BioHTML,Fluorouracil
137465,54019,reviews,TreatmentName,juvederm
137486,1818104,Clinic_ProcedurePricing,treatment,BOTOX
137559,47086,reviews,TreatmentName,botulinum toxin
137559,47384,reviews,TreatmentName,Botox
137853,54812,reviews,TreatmentName,juvederm
138048,45731,reviews,TreatmentName,Botox
138397,391340,leadfeedback,Comments,Yasmin
138432,59663,reviews,TreatmentName,botox
139203,3222259,Clinic_ProcedurePricing,treatment,Finasteride
139236,58460,reviews,TreatmentName,Botox
139355,51681,reviews,UserName,Yasmin
139355,51681,reviews,ClinicsResponse,Yasmin
139536,54942,reviews,TreatmentName,Botox
139540,47180,reviews,TreatmentName,Botox
139648,2065684,Clinic_ProcedurePricing,details,microderm
139911,52659,reviews,UserName,Yasmin
140733,50058,reviews,TreatmentName,Botox
140733,57233,reviews,TreatmentName,botox
140733,57237,reviews,TreatmentName,botox
140984,52621,reviews,TEXT,TwinRix
140989,634642,leadfeedback,Comments,Tegretol
141032,63214,reviews,TEXT,heparin
141314,53873,reviews,TreatmentName,botox
141336,54762,reviews,TEXT,Sculptra
141336,54762,reviews,TreatmentName,Sculptra
141336,54934,reviews,TreatmentName,Sculptra
141336,56276,reviews,TreatmentName,Botox
141336,56276,reviews,TreatmentName,sculptra
141336,56287,reviews,TreatmentName,Botox
141336,56295,reviews,TreatmentName,botox
141336,56695,reviews,TreatmentName,Botox
141336,56783,reviews,TreatmentName,Botox
141336,56783,reviews,TreatmentName,Sculptra
141336,58738,reviews,TreatmentName,Sculptra
141336,58740,reviews,TEXT,Sculptra
141336,58740,reviews,TreatmentName,Sculptra
141336,58743,reviews,TreatmentName,Botox
141336,62304,reviews,TreatmentName,Botox
141336,62304,reviews,TreatmentName,Sculptra
141359,58389,reviews,TreatmentName,botox
142061,49058,reviews,TreatmentName,Botox
142061,49209,reviews,TreatmentName,botox
142061,50739,reviews,TreatmentName,Sculptra
142061,49011,reviews,TreatmentName,Botox
142586,47915,reviews,TreatmentName,Botox
142586,47920,reviews,TreatmentName,botox
142610,60307,reviews,TreatmentName,Sculptra
143062,66805,reviews,TEXT,versed
143659,48051,reviews,TreatmentName,botox
143659,49327,reviews,TreatmentName,Botox
143754,51851,reviews,TreatmentName,Botox
143754,54844,reviews,TreatmentName,Botox
143754,62196,reviews,TreatmentName,Botox
143754,65227,reviews,TreatmentName,Botox
143754,50704,reviews,TreatmentName,Botox
143754,50893,reviews,TreatmentName,Botox
143754,50901,reviews,TreatmentName,Botox
143754,51110,reviews,TreatmentName,botox
143754,56818,reviews,TreatmentName,Botox
143754,59441,reviews,TreatmentName,botox
143754,62194,reviews,TreatmentName,Botox
143754,62209,reviews,TreatmentName,botox
143754,62554,reviews,TreatmentName,Botox
143754,62818,reviews,TreatmentName,Botox
143754,63557,reviews,TreatmentName,Botox
143754,63559,reviews,TreatmentName,Botox
143754,63597,reviews,TreatmentName,Botox
143754,64381,reviews,TreatmentName,Botox
143754,65259,reviews,TreatmentName,Botox
143978,634646,leadfeedback,Comments,Tegretol
144061,540745,leadfeedback,Comments,Botox
145080,193552,Staffs,BioHTML,Botox
145080,193553,Staffs,BioHTML,Botox
145080,193554,Staffs,BioHTML,Botox
145587,145587,clinics,longdescription,GARDASIL
145968,677055,leadfeedback,Comments,EYLEA
145968,677055,leadfeedback,Comments,Lucentis
147034,147034,clinics,longdescription,allay
147822,55183,reviews,TreatmentName,Botox
148021,666801,leadfeedback,Comments,Prevnar 13
149825,51791,reviews,TreatmentName,Botox
150144,198998,Staffs,BioHTML,BOTOX
150144,198998,Staffs,BioHTML,Dysport
150144,198998,Staffs,BioHTML,Juvederm
150316,199192,Staffs,BioHTML,Sculptra
150316,199193,Staffs,BioHTML,BOTOX
150316,199193,Staffs,BioHTML,Juvederm
150316,199193,Staffs,BioHTML,Sculptra
150456,2259207,Clinic_ProcedurePricing,details,Perlane
150456,2259207,Clinic_ProcedurePricing,details,Restylane
150460,2259256,Clinic_ProcedurePricing,details,hyaluronidase
150460,2259256,Clinic_ProcedurePricing,details,Perlane
150460,2259256,Clinic_ProcedurePricing,details,Restylane
150461,2259385,Clinic_ProcedurePricing,details,BOTOX
151146,65156,reviews,TEXT,allay
151531,51991,reviews,TreatmentName,Botox
154461,54147,reviews,TEXT,botox
154461,54147,reviews,TreatmentName,Botox
154889,154889,clinics,longdescription,Testosterone
155727,59511,reviews,TreatmentName,botox
156068,156068,clinics,longdescription,Hydrocodone
156068,156068,clinics,longdescription,Methadone
156068,156068,clinics,longdescription,Morphine
156068,156068,clinics,longdescription,Oxycodone
156068,156068,clinics,longdescription,OxyContin
156068,156068,clinics,longdescription,Vicodin
156957,62239,reviews,TEXT,Calis
158113,2484047,Clinic_ProcedurePricing,treatment,Microderm
158113,2484125,Clinic_ProcedurePricing,treatment,Microderm
159146,58154,reviews,TreatmentName,Botox
159146,62635,reviews,TreatmentName,Botox
159146,64164,reviews,TreatmentName,Botox
159570,63664,reviews,TEXT,allay
159617,64178,reviews,TreatmentName,Botox
160533,62237,reviews,TEXT,Botox
160533,62237,reviews,TreatmentName,Botox
160533,62235,reviews,TreatmentName,Botox
160858,612461,leadfeedback,Comments,effient
161947,2546371,Clinic_ProcedurePricing,details,testosterone
161948,2546380,Clinic_ProcedurePricing,details,testosterone
161949,2546389,Clinic_ProcedurePricing,details,testosterone
161950,2546398,Clinic_ProcedurePricing,details,testosterone
162367,54437,reviews,TreatmentName,Botox
162367,54441,reviews,TreatmentName,Botox
162367,54447,reviews,TreatmentName,Botox
162367,57052,reviews,TreatmentName,Botox
163024,54756,reviews,TEXT,Botox
163997,217272,Staffs,BioHTML,Soma
164202,514983,leadfeedback,Comments,gardasil
164840,57703,reviews,TEXT,Botox
165265,59460,reviews,TEXT,sculptra
165265,59460,reviews,TreatmentName,Sculptra
165265,59461,reviews,TEXT,Sculptra
165265,59461,reviews,TreatmentName,Sculptra
165265,59755,reviews,TreatmentName,Restylane
165265,60720,reviews,TreatmentName,botox
165334,219724,Staffs,BioHTML,Restylane
167984,60277,reviews,TreatmentName,Botox
167984,60280,reviews,TreatmentName,Botox
168176,2659732,Clinic_ProcedurePricing,details,anticholinergic
168245,60509,reviews,TreatmentName,botox
168870,2674736,Clinic_ProcedurePricing,details,Restylane
169177,57724,reviews,TreatmentName,botox
169177,57725,reviews,TreatmentName,botox
169333,2685101,Clinic_ProcedurePricing,details,Juvederm
169369,2924532,Clinic_ProcedurePricing,details,Juvederm
169369,2924532,Clinic_ProcedurePricing,details,Restylane
169406,2924592,Clinic_ProcedurePricing,details,BOTOX
169499,2688164,Clinic_ProcedurePricing,details,testosterone
169650,2691600,Clinic_ProcedurePricing,treatment,MicroDerm
169676,2692668,Clinic_ProcedurePricing,details,Sculptra
169871,2697041,Clinic_ProcedurePricing,treatment,Latisse
169903,226306,Staffs,BioHTML,BOTOX
169923,226332,Staffs,BioHTML,Botox
170003,226470,Staffs,BioHTML,Botox
170032,2925843,Clinic_ProcedurePricing,details,Juvederm
170032,2925843,Clinic_ProcedurePricing,details,Restylane
170040,3256260,Clinic_ProcedurePricing,details,Perlane
170040,3256260,Clinic_ProcedurePricing,details,Restylane
170159,2703931,Clinic_ProcedurePricing,treatment,Juvederm
170242,226719,Staffs,BioHTML,Botox
170242,226719,Staffs,BioHTML,Perlane
170242,226719,Staffs,BioHTML,Restylane
170242,226735,Staffs,BioHTML,Botox
170242,226735,Staffs,BioHTML,Perlane
170242,226735,Staffs,BioHTML,Restylane
170270,2926368,Clinic_ProcedurePricing,treatment,Latisse
170522,2927333,Clinic_ProcedurePricing,details,testosterone
170578,2927670,Clinic_ProcedurePricing,details,Botox
170578,2927670,Clinic_ProcedurePricing,details,Botulinum Toxin
170606,2714683,Clinic_ProcedurePricing,treatment,Restylane
170606,2714684,Clinic_ProcedurePricing,treatment,Juvederm
171123,2929339,Clinic_ProcedurePricing,details,Botox
171336,2730849,Clinic_ProcedurePricing,details,Juvederm
171343,65181,reviews,TEXT,Botox
171343,65181,reviews,TreatmentName,Dysport
171734,2931180,Clinic_ProcedurePricing,details,Botox
171943,2744560,Clinic_ProcedurePricing,details,Botox
172004,2931837,Clinic_ProcedurePricing,treatment,Latisse
172096,2932019,Clinic_ProcedurePricing,treatment,Evolence
172121,229203,Staffs,BioHTML,BOTOX
172135,2932179,Clinic_ProcedurePricing,details,Botox
172155,2932319,Clinic_ProcedurePricing,details,BOTOX
172377,2932925,Clinic_ProcedurePricing,treatment,Latisse
172441,2757259,Clinic_ProcedurePricing,details,Botox
172514,229714,Staffs,BioHTML,Botox
172514,229714,Staffs,BioHTML,Restylane
172593,2760632,Clinic_ProcedurePricing,details,Juvederm
172722,2762997,Clinic_ProcedurePricing,details,Botox
174097,61246,reviews,TreatmentName,Botox
174097,61247,reviews,TreatmentName,Botox
174097,61249,reviews,TreatmentName,Botox
174384,58028,reviews,TreatmentName,Botox
174548,232001,Staffs,BioHTML,Botox
174548,232001,Staffs,BioHTML,Restylane
176643,234826,Staffs,BioHTML,botox
176930,2835244,Clinic_ProcedurePricing,treatment,Botox
177239,235738,Staffs,BioHTML,Botox
177608,236322,Staffs,BioHTML,Botox
177608,236362,Staffs,BioHTML,Botox
177864,236630,Staffs,BioHTML,botulinum toxin
177864,236631,Staffs,BioHTML,botulinum toxin
177870,280518,Staffs,BioHTML,Botox
177870,280520,Staffs,BioHTML,BOTOX
177872,236646,Staffs,BioHTML,botulinum toxin
177872,236648,Staffs,BioHTML,Botulinum toxin
179004,237933,Staffs,BioHTML,Avastin
182681,60998,reviews,TreatmentName,Botox
182681,63978,reviews,TreatmentName,Botox
182681,64746,reviews,TreatmentName,Botox
183774,244210,Staffs,BioHTML,botulinum toxin
183799,244210,Staffs,BioHTML,botulinum toxin
185017,64230,reviews,TreatmentName,Botox
185017,64232,reviews,TreatmentName,Botox
185050,245397,Staffs,BioHTML,Yasmin
185050,245397,Staffs,Name,Yasmin
185854,246342,Staffs,BioHTML,Botox
186007,63790,reviews,TreatmentName,Botox
186011,3005435,Clinic_ProcedurePricing,treatment,Kenalog
186153,3009088,Clinic_ProcedurePricing,details,botox
186153,246771,Staffs,BioHTML,Botox
186172,246810,Staffs,BioHTML,versed
186231,246947,Staffs,BioHTML,Renova
186456,247185,Staffs,BioHTML,BOTOX
186456,247185,Staffs,BioHTML,Dysport
186456,247185,Staffs,BioHTML,Restylane
188779,63668,reviews,TEXT,Propecia
189214,3080873,Clinic_ProcedurePricing,treatment,Arestin
193795,63412,reviews,TreatmentName,Botox
193795,64565,reviews,TreatmentName,Botox
193795,64592,reviews,TreatmentName,Botox
193795,65014,reviews,TreatmentName,Botox
195054,64183,reviews,TreatmentName,botox
195054,64783,reviews,TreatmentName,botox
196280,3248672,Clinic_ProcedurePricing,treatment,Testosterone
197043,3294935,Clinic_ProcedurePricing,treatment,indocyanine
197044,3294898,Clinic_ProcedurePricing,treatment,indocyanine
198384,267964,Staffs,BioHTML,Avastin
198384,267964,Staffs,BioHTML,Lucentis
198384,267964,Staffs,BioHTML,RETISERT
198384,267964,Staffs,BioHTML,Triamcinolone
198396,267964,Staffs,BioHTML,Avastin
198396,267964,Staffs,BioHTML,Lucentis
198396,267964,Staffs,BioHTML,RETISERT
198396,267964,Staffs,BioHTML,Triamcinolone
200781,55529,reviews,TreatmentName,Botox
201797,272973,Staffs,BioHTML,botulinum toxin
203403,3405436,Clinic_ProcedurePricing,details,botulinum toxin
204777,277190,Staffs,BioHTML,Botox
204900,3439379,Clinic_ProcedurePricing,treatment,Microderm
205060,277696,Staffs,BioHTML,Botox
205577,278535,Staffs,BioHTML,Botox
206497,52324,reviews,TreatmentName,Botox
