868,704,2382,reviews,ClinicsResponse,Camila,Dentists in Cancun
868,704,2676,reviews,YouReturn,Camila,Dentists in Cancun
868,704,2637,reviews,YouRecommend,Camila,Dentists in Cancun
868,704,5784,reviews,YouRecommend,Camila,Dentists in Cancun
5336,5170,5170,clinics,shortdescription,amoxicillin,HSJ Dental
9193,9027,64832,reviews,TreatmentName,Botox,The Temple Practice - Leeds
18610,18400,50590,reviews,TreatmentName,Botox,Harley Street Treatments Ltd
18724,18514,18514,clinics,shortdescription,Sculptra,Cheshire Image Clinic
18909,18697,18697,clinics,shortdescription,sculptra,Enhance UK - Rejuvenation Clinic
18930,18718,18718,clinics,Address1,Miltown,Revive Medi-clinic
18969,18757,18757,clinics,shortdescription,Sculptra,Northwood Clinic
18986,18774,18774,clinics,shortdescription,Sculptra,K-Aesthetics (Treatment for lines and wrinkles Surrey)
21937,23794,64647,Staffs,Additional_Notes,Mirena,Heacham Group Practice - Heacham Surgery
21937,23794,64652,Staffs,Additional_Notes,Mirena,Heacham Group Practice - Heacham Surgery
21937,23795,64647,Staffs,Additional_Notes,Mirena,Heacham Group Practice - Snettisham Surgery
21937,23795,64652,Staffs,Additional_Notes,Mirena,Heacham Group Practice - Snettisham Surgery
22418,24591,69322,Staffs,Special_Interests,Implanon,Green Lane Medical Centre
22418,24591,69330,Staffs,Special_Interests,Implanon,Green Lane Medical Centre
22418,24592,69322,Staffs,Special_Interests,Implanon,Harnall Lane Medical Centre (Branch Site)
22418,24592,69330,Staffs,Special_Interests,Implanon,Harnall Lane Medical Centre (Branch Site)
22604,24880,71142,Staffs,Additional_Notes,Implanon,The Kingthorne Group Practice - Kingthorne House 83a
22604,24880,71144,Staffs,Additional_Notes,Implanon,The Kingthorne Group Practice - Kingthorne House 83a
22604,24881,71142,Staffs,Additional_Notes,Implanon,The Kingthorne Group Practice
22604,24881,71144,Staffs,Additional_Notes,Implanon,The Kingthorne Group Practice
23047,25514,74725,Staffs,Special_Interests,Implanon,Ball Tree Surgery
25408,27876,83548,Staffs,Special_Interests,implanon,Dr Sherlaw S R & Partners
25825,28293,85127,Staffs,Additional_Notes,Warfarin,Dr Withers A W J & Partners
25874,28342,85351,Staffs,Additional_Notes,Warfarin,ELSDALE STREET SURGERY
26222,28690,28690,clinics,Address1,Artane,Islam Ms
18909,32135,32135,clinics,shortdescription,sculptra,Enhance UK - Aspire The Avenue Dental Centre
18909,32136,32136,clinics,shortdescription,sculptra,Enhance UK - Aspire South Ham Dental Practice
18909,32137,32137,clinics,shortdescription,sculptra,Enhance UK - Aspire Docklands Smile Studio
2570,32574,24883,reviews,TreatmentName,Sculptra,Aesthetic Beauty Centre - Newcastle
32067,37632,39277,reviews,TreatmentName,methadone,Mountjoy Street Medical Practice
32098,37663,37663,clinics,City,Miltown,Dr Billy O'Connell - The Medical Centre
