111167,126060,45264,reviews,TreatmentName,Botox,Medaesthetics Australia
111229,126218,52660,reviews,TreatmentName,Botox,Rejuvinox Clinic
111295,126314,60549,reviews,TreatmentName,Botox,London Cosmetic Clinic
111295,126314,59531,reviews,TreatmentName,botox,London Cosmetic Clinic
111361,126387,885948,clinics_services,Description,Botox,Revolution Medical Aesthetics
111423,126479,126479,clinics,shortdescription,viagra,Chinese Medicine Center
94666,126491,126491,clinics,shortdescription,Sculptra,sk:n clinics - Sheffield Crystal Peaks
18767,126543,53197,reviews,TreatmentName,Botox,Renew Aesthetic Clinic - Naas
111473,126555,558429,leadfeedback,Comments,botox,Bodyworx Aesthetics Clinic
111515,126672,61422,reviews,TreatmentName,Botox,Facial Aesthetics
111515,126672,61632,reviews,TreatmentName,Botox,Facial Aesthetics
111515,126672,61805,reviews,TreatmentName,Botox,Facial Aesthetics
111561,126816,62148,reviews,TreatmentName,Botox,Dr. Francois Johan Duminy
111711,127119,475669,leadfeedback,Comments,sculptra,Wolds Dental Studio
111769,127274,49912,reviews,TreatmentName,Botox,Enhance Cosmetic Clinic
111772,127281,127281,clinics,longdescription,versed,Aadhan Dental Care
111926,127552,26138,reviews,TreatmentName,Sculptra,The Tan and Beauty Salon
111943,127577,58578,reviews,TreatmentName,Sculptra,River Medical Cosmetic
112027,127671,30274,reviews,TEXT,versed,Beverly Hills Medical Group Dental
112079,127740,62602,reviews,TreatmentName,botox,Medical Therapies Ltd
104859,128045,1468618,Clinic_ProcedurePricing,details,Yasmin,Dr. Michael's Children's Dental Center
104859,128045,40575,reviews,TEXT,Yasmin,Dr. Michael's Children's Dental Center
104859,128045,40575,reviews,Title,Yasmin,Dr. Michael's Children's Dental Center
104859,128045,40574,reviews,TEXT,Yasmin,Dr. Michael's Children's Dental Center
104859,128045,40573,reviews,TEXT,Yasmin,Dr. Michael's Children's Dental Center
104859,128045,40572,reviews,TEXT,Yasmin,Dr. Michael's Children's Dental Center
104859,128045,40572,reviews,Title,Yasmin,Dr. Michael's Children's Dental Center
104859,128045,40571,reviews,TEXT,Yasmin,Dr. Michael's Children's Dental Center
104859,128045,40570,reviews,TEXT,Yasmin,Dr. Michael's Children's Dental Center
104859,128045,40569,reviews,TEXT,Yasmin,Dr. Michael's Children's Dental Center
104859,128045,40576,reviews,TEXT,Yasmin,Dr. Michael's Children's Dental Center
104859,128045,40576,reviews,Title,Yasmin,Dr. Michael's Children's Dental Center
104859,128045,40577,reviews,TEXT,Yasmin,Dr. Michael's Children's Dental Center
104859,128045,40577,reviews,Title,Yasmin,Dr. Michael's Children's Dental Center
104859,128045,40578,reviews,TEXT,Yasmin,Dr. Michael's Children's Dental Center
104859,128045,40579,reviews,TEXT,Yasmin,Dr. Michael's Children's Dental Center
99103,128402,1475761,Clinic_ProcedurePricing,details,Finasteride,Elite Hair Restoration Cardiff
112663,128654,49710,reviews,TreatmentName,Botox,Northumbria Skin Rejuvenation Clinic
106045,128669,49108,reviews,TreatmentName,Botox,Elixir Treatments at The Salon Hair and Beauty
106045,128669,49102,reviews,TreatmentName,Botox,Elixir Treatments at The Salon Hair and Beauty
112709,128745,1113631,clinics_services,Description,botox,Stepback Cosmetic Medicine
112782,128852,963776,clinics_services,Description,Botox,Visakha Institute of Skin & Allergy
112791,128866,736975,leadfeedback,Comments,Sculptra,CorDerm Advanced Dermatology and Laser Center
112813,128897,65531,reviews,TreatmentName,Botox,SKin-FX Precision Aesthetics
112902,129050,905897,clinics_services,Description,botox,Skin-Esteem
113013,129262,924427,clinics_services,Description,Botox,Simply Aesthetics
113041,129303,49312,reviews,TreatmentName,Botox,Beauty Aesthetics
113124,129453,46086,reviews,TreatmentName,Botox,DERMA Plus Clinic Phuket
113124,129453,48601,reviews,TreatmentName,botox,DERMA Plus Clinic Phuket
113124,129453,56131,reviews,TreatmentName,botox,DERMA Plus Clinic Phuket
113162,129496,45551,reviews,TreatmentName,Botox,FreshFaced-by-Helen
113269,129625,129625,clinics,longdescription,Latisse,New Image Cosmetic & Medical Centre
113347,129724,46304,reviews,TreatmentName,Botox,Samvat Clinic
113388,129789,32544,reviews,TEXT,methadone,Glanmire Holistic Centre
113388,129789,32544,reviews,TEXT,Morphine,Glanmire Holistic Centre
113463,129881,60188,reviews,TreatmentName,Botox,Hemel Cosmetic Clinic
113463,129881,62059,reviews,TreatmentName,Botox,Hemel Cosmetic Clinic
113463,129881,55098,reviews,TreatmentName,Botox,Hemel Cosmetic Clinic
113463,129881,63714,reviews,TreatmentName,Botox,Hemel Cosmetic Clinic
113467,129887,58425,reviews,TreatmentName,Botox,Wells Clinic Ashford
113553,130024,54073,reviews,TreatmentName,Naltrexone,Dr.Mahmoud Ghanem Psychotherapy Clinic
113676,130187,130187,clinics,longdescription,versed,Physio Ergo Healthcare
125,130293,46988,reviews,ClinicsResponse,Yasmin,Medical Holidays Abroad Odessa
113809,130413,65374,reviews,TreatmentName,Botox,Dr. Andres Freschi
114589,131335,131335,clinics,shortdescription,Sculptra,Smileworks
114610,131365,56793,reviews,TreatmentName,botox,True Aesthetics
114636,131394,53863,reviews,TreatmentName,Botox,Doctor Cosmetic
114667,131428,131428,clinics,longdescription,insulin,Acu Solution and Acupuncture Clinic
114698,131461,921883,clinics_services,Description,Cipro,Dott. Salvatore Tocci
114766,131554,59435,reviews,TEXT,Camila,Cotswold Face Aesthetics Clinic
114766,131554,61322,reviews,TreatmentName,Botox,Cotswold Face Aesthetics Clinic
114805,131619,928458,clinics_services,Description,botox,Ageless Face and Body
114842,131680,131680,clinics,Address2,Artane,DenturesPlus
114843,131681,280522,Staffs,BioHTML,Juvederm,The Aesthetic Laser Centre
114843,131681,280522,Staffs,BioHTML,Restylane,The Aesthetic Laser Centre
115024,132058,688390,leadfeedback,Comments,botox,Metro Bangkok Clinic
115033,132085,48880,reviews,TreatmentName,Botox,Sydney Cosmetic Centre
115033,132085,55081,reviews,TEXT,Botox,Sydney Cosmetic Centre
98791,132152,1546589,Clinic_ProcedurePricing,details,testosterone,The Sanctuary Spa
98791,132152,1546747,Clinic_ProcedurePricing,details,testosterone,The Sanctuary Spa
115112,132174,57017,reviews,TEXT,insulin,Perth Surgical & Bariatrics
115161,132237,60039,reviews,TreatmentName,botox,Aesthetic Spirit
115161,132237,60040,reviews,TreatmentName,Botox,Aesthetic Spirit
115161,132237,60114,reviews,TreatmentName,Botox,Aesthetic Spirit
115161,132237,60115,reviews,TreatmentName,Botox,Aesthetic Spirit
115314,132398,218807,leadfeedback,Comments,valium,The Plastic Surgery Centre
115325,132409,62793,reviews,TreatmentName,Botox,Caroline Benson
115355,132441,132441,clinics,shortdescription,Testosterone,Maximum Performance Wellness Center
115355,132441,132441,clinics,longdescription,Testosterone,Maximum Performance Wellness Center
115355,132441,49994,reviews,TreatmentName,Testosterone,Maximum Performance Wellness Center
115355,132441,60095,reviews,TreatmentName,Testosterone,Maximum Performance Wellness Center
115366,132452,132452,clinics,longdescription,Sculptra,Monte Carlo Plastic Surgery
115467,132569,46674,reviews,TreatmentName,Sculptra,Novello Skin
115467,132569,46515,reviews,TreatmentName,Sculptra,Novello Skin
115496,132647,64117,reviews,TreatmentName,Botox,Rippon Medical Services
115555,132707,619224,leadfeedback,Comments,botox,Cascade Aesthetics
115644,132802,672805,leadfeedback,Comments,Clomid,IVF Bridge Fertility Centre
115644,132802,672805,leadfeedback,Comments,Metformin,IVF Bridge Fertility Centre
116419,133709,133709,clinics,longdescription,Insulin,Shivam Hospital
116431,133723,133723,clinics,longdescription,versed,Skin Art Clinic
116748,134087,134087,clinics,longdescription,versed,Beauty Basics Wales
116500,134392,46223,reviews,TreatmentName,Sculptra,Mills Medical Services - Leeds
117036,134408,47059,reviews,TreatmentName,Botox,TLC - Leicestershire
117189,134591,134591,clinics,longdescription,versed,Renee Clinic
117209,134611,998129,clinics_services,Description,depen,D.S.Prosthetic & Orthotic Rehab Clinic
117523,135018,948997,clinics_services,Description,Botox,Body Silk Clinic
117690,135204,46332,reviews,ClinicsResponse,Yasmin,Elm Court Clinic
117690,135204,56034,reviews,TEXT,Yasmin,Elm Court Clinic
117748,135272,135272,clinics,longdescription,antara,CBC. Beauty care
117859,135398,46734,reviews,TreatmentName,Sculptra,The Lovely Clinic
117892,135431,758125,leadfeedback,Comments,propecia,Hair Restoration Blackrock
118318,135929,522982,leadfeedback,Comments,botox,New Town Skin Repair Clinic
118336,135947,135947,clinics,name,Naltrexone,Naltrexone Ireland
118403,136016,46729,reviews,TreatmentName,Botox,Kingdom Aesthetics
118403,136016,46747,reviews,TreatmentName,botox,Kingdom Aesthetics
118403,136016,46782,reviews,TreatmentName,Botox,Kingdom Aesthetics
118403,136016,46787,reviews,TreatmentName,Botox,Kingdom Aesthetics
118435,136051,52711,reviews,TreatmentName,Botox,Body & Beauty Studio
118701,136336,136336,clinics,Address2,Artane,Dr John Taylor
118748,136387,63216,reviews,TEXT,Finasteride,Transest Hair Transplant
118750,136389,51987,reviews,TreatmentName,Botox,My Bliss Clinic
119053,136725,638614,leadfeedback,Comments,botox,Aequabis Medispa
93293,137106,137106,clinics,Address2,Doral,Tabash Dentistry - Florida
118496,137248,1808570,Clinic_ProcedurePricing,treatment,Rotarix,Healthsprings Medical Clinic
119556,137360,183762,Staffs,BioHTML,Fluorouracil,Op.Dr. Ömer Buhşem
119621,137465,54019,reviews,TreatmentName,juvederm,Call Lane Aesthetics
119614,137486,1818104,Clinic_ProcedurePricing,treatment,BOTOX,Jumeirah Dr.Amina Al Amiri's Clinic
119680,137559,47086,reviews,TreatmentName,botulinum toxin,Dr BK The Ultimate Dental and Medical Aesthetics Clinic
119680,137559,47384,reviews,TreatmentName,Botox,Dr BK The Ultimate Dental and Medical Aesthetics Clinic
119838,137853,54812,reviews,TreatmentName,juvederm,Dr Kamal Bhana Specialist Dermatologist
119981,138048,45731,reviews,TreatmentName,Botox,Dr Shazeya Aesthetic Clinician
120200,138397,391340,leadfeedback,Comments,Yasmin,Nu-Follica Hair Clinics - Johannesberg
120219,138432,59663,reviews,TreatmentName,botox,Cosmetic Surgery Cyprus
16069,139203,3222259,Clinic_ProcedurePricing,treatment,Finasteride,BERGMANN KORD - Thessaloniki
120708,139236,58460,reviews,TreatmentName,Botox,Da Vinci Clinic
120800,139355,51681,reviews,ClinicsResponse,Yasmin,Dublin Skin and Laser Clinic
120913,139536,54942,reviews,TreatmentName,Botox,Skin Secrets
120915,139540,47180,reviews,TreatmentName,Botox,Rejuvenate Clinics
120982,139648,2065684,Clinic_ProcedurePricing,details,microderm,Harmony Health & Beauty
121019,139711,139711,clinics,Address1,Sular,Inter Estetik
121213,139963,139963,clinics,Address1,Yasmin,Prof. Dr. Deniz İŞCEN
121537,140378,140378,clinics,Address1,Beyaz,Gaziantep Ortodonti Kliniğine
121788,140733,50058,reviews,TreatmentName,Botox,Dr. Gabriela Aguilar
121788,140733,57233,reviews,TreatmentName,botox,Dr. Gabriela Aguilar
121788,140733,57237,reviews,TreatmentName,botox,Dr. Gabriela Aguilar
121946,140984,52621,reviews,TEXT,TwinRix,Saudi German Hospital - Jeddah
121946,140989,634642,leadfeedback,Comments,Tegretol,Saudi German Hospital - Madinah
121984,141032,63214,reviews,TEXT,heparin,Cellular Treatments India
122222,141314,53873,reviews,TreatmentName,botox,Dr. Ashraf Abolfotooh Plastic & Reconstructive Surgery Clinic
122241,141336,54762,reviews,TEXT,Sculptra,DrHB Clinic
122241,141336,54762,reviews,TreatmentName,Sculptra,DrHB Clinic
122241,141336,58743,reviews,TreatmentName,Botox,DrHB Clinic
122241,141336,58740,reviews,TEXT,Sculptra,DrHB Clinic
122241,141336,58740,reviews,TreatmentName,Sculptra,DrHB Clinic
122241,141336,56783,reviews,TreatmentName,Botox,DrHB Clinic
122241,141336,56783,reviews,TreatmentName,Sculptra,DrHB Clinic
122241,141336,56695,reviews,TreatmentName,Botox,DrHB Clinic
122241,141336,56295,reviews,TreatmentName,botox,DrHB Clinic
122241,141336,56287,reviews,TreatmentName,Botox,DrHB Clinic
122241,141336,56276,reviews,TreatmentName,Botox,DrHB Clinic
122241,141336,56276,reviews,TreatmentName,sculptra,DrHB Clinic
122241,141336,54934,reviews,TreatmentName,Sculptra,DrHB Clinic
122241,141336,62304,reviews,TreatmentName,Botox,DrHB Clinic
122241,141336,62304,reviews,TreatmentName,Sculptra,DrHB Clinic
122241,141336,58738,reviews,TreatmentName,Sculptra,DrHB Clinic
121788,141359,58389,reviews,TreatmentName,botox,Dr. Gabriela Aguilar - Leeds
122380,141566,141566,clinics,Address2,Artane,AcuRelief Acupuncture
122381,141567,141567,clinics,Address1,Artane,Physicare Bodywork Therapy
122757,142061,49058,reviews,TreatmentName,Botox,Premier Clinic Taman Tun Dr Ismail
122757,142061,49209,reviews,TreatmentName,botox,Premier Clinic Taman Tun Dr Ismail
122757,142061,50739,reviews,TreatmentName,Sculptra,Premier Clinic Taman Tun Dr Ismail
122757,142061,49011,reviews,TreatmentName,Botox,Premier Clinic Taman Tun Dr Ismail
96810,142572,1097876,clinics_services,Description,Botox,Therapie Clinic Malahide
96810,142573,1097906,clinics_services,Description,Botox,Therapie Clinic Waterford
96810,142574,1097826,clinics_services,Description,Botox,Therapie Clinic Cork
96810,142575,1097866,clinics_services,Description,Botox,Therapie Clinic Limerick
96810,142576,1097856,clinics_services,Description,Botox,Therapie Clinic Galway
96810,142577,1097806,clinics_services,Description,Botox,Therapie Clinic Athlone
123142,142586,47915,reviews,TreatmentName,Botox,Age Refined Medical Cosmetic Centre
123142,142586,47920,reviews,TreatmentName,botox,Age Refined Medical Cosmetic Centre
123166,142610,60307,reviews,TreatmentName,Sculptra,Skinqure Leeds Clinic
123488,143062,66805,reviews,TEXT,versed,Bites and Braces
123891,143659,48051,reviews,TreatmentName,botox,Eternal Youth Nurse Led Aesthetics Clinic
123891,143659,49327,reviews,TreatmentName,Botox,Eternal Youth Nurse Led Aesthetics Clinic
123947,143754,51851,reviews,TreatmentName,Botox,London Professional Aesthetics
123947,143754,54844,reviews,TreatmentName,Botox,London Professional Aesthetics
123947,143754,62196,reviews,TreatmentName,Botox,London Professional Aesthetics
123947,143754,65227,reviews,TreatmentName,Botox,London Professional Aesthetics
123947,143754,50704,reviews,TreatmentName,Botox,London Professional Aesthetics
123947,143754,50893,reviews,TreatmentName,Botox,London Professional Aesthetics
123947,143754,50901,reviews,TreatmentName,Botox,London Professional Aesthetics
123947,143754,51110,reviews,TreatmentName,botox,London Professional Aesthetics
123947,143754,56818,reviews,TreatmentName,Botox,London Professional Aesthetics
123947,143754,59441,reviews,TreatmentName,botox,London Professional Aesthetics
123947,143754,62194,reviews,TreatmentName,Botox,London Professional Aesthetics
123947,143754,62209,reviews,TreatmentName,botox,London Professional Aesthetics
123947,143754,62554,reviews,TreatmentName,Botox,London Professional Aesthetics
123947,143754,62818,reviews,TreatmentName,Botox,London Professional Aesthetics
123947,143754,63557,reviews,TreatmentName,Botox,London Professional Aesthetics
123947,143754,63559,reviews,TreatmentName,Botox,London Professional Aesthetics
123947,143754,63597,reviews,TreatmentName,Botox,London Professional Aesthetics
123947,143754,64381,reviews,TreatmentName,Botox,London Professional Aesthetics
123947,143754,65259,reviews,TreatmentName,Botox,London Professional Aesthetics
124098,143978,634646,leadfeedback,Comments,Tegretol,United Doctors Hospital
124160,144061,540745,leadfeedback,Comments,Botox,AZ Sint-Jan - Brugges
124842,145080,193552,Staffs,BioHTML,Botox,Aesthetic Centre Tremoille
124842,145080,193553,Staffs,BioHTML,Botox,Aesthetic Centre Tremoille
124842,145080,193554,Staffs,BioHTML,Botox,Aesthetic Centre Tremoille
125119,145452,1061019,clinics_services,Description,Botox,Dr Kamil Alrustom Skin and Laser Centre
125212,145587,145587,clinics,longdescription,GARDASIL,Klinik Bangsar South
125549,145968,677055,leadfeedback,Comments,EYLEA,Optical Express
125549,145968,677055,leadfeedback,Comments,Lucentis,Optical Express
126258,147034,147034,clinics,longdescription,allay,Dr Karnik' Eye Clinic
16442,147822,55183,reviews,TreatmentName,Botox,The White Smile Clinic South County Dublin
126914,148021,666801,leadfeedback,Comments,Prevnar 13,MedConsult Clinic
127903,149825,51791,reviews,TreatmentName,Botox,Amara Aesthetics
128068,150144,198998,Staffs,BioHTML,BOTOX,Roberts Cosmetic Surgery Center
128068,150144,198998,Staffs,BioHTML,Dysport,Roberts Cosmetic Surgery Center
128068,150144,198998,Staffs,BioHTML,Juvederm,Roberts Cosmetic Surgery Center
128158,150316,199192,Staffs,BioHTML,Sculptra,Central Texas Dermatology
128158,150316,199193,Staffs,BioHTML,BOTOX,Central Texas Dermatology
128158,150316,199193,Staffs,BioHTML,Juvederm,Central Texas Dermatology
128158,150316,199193,Staffs,BioHTML,Sculptra,Central Texas Dermatology
128258,150456,2259207,Clinic_ProcedurePricing,details,Perlane,Peter Fisher M.D.
128258,150456,2259207,Clinic_ProcedurePricing,details,Restylane,Peter Fisher M.D.
128262,150460,2259256,Clinic_ProcedurePricing,details,hyaluronidase,Texas Facial Plastic Surgery and ENT
128262,150460,2259256,Clinic_ProcedurePricing,details,Perlane,Texas Facial Plastic Surgery and ENT
128262,150460,2259256,Clinic_ProcedurePricing,details,Restylane,Texas Facial Plastic Surgery and ENT
128263,150461,2259385,Clinic_ProcedurePricing,details,BOTOX,Dr. Stuart Lipton MD
128742,151146,65156,reviews,TEXT,allay,Suffolk Skin Clinic
129009,151531,51991,reviews,TreatmentName,Botox,Clinic Neo
129895,152861,281819,Staffs,BioHTML,botox,ВИТА ЕСТЕТИК ЦЕНТЪР
130584,153781,204154,Staffs,BioHTML,Mirena,Debrecen Nőgyógyászat
131139,154461,54147,reviews,TEXT,botox,Suite 7 Cosmetic Clinic
131139,154461,54147,reviews,TreatmentName,Botox,Suite 7 Cosmetic Clinic
126656,154889,154889,clinics,longdescription,Testosterone,The Bedside Manner
