51726
51848
51865
51908
52020
52157
52181
52192
52208
52250
52309
52380
52401
52417
52422
52462
52487
52492
52519
52588
52598
52669
52716
52738
52801
52837
52838
52876
52922
52924
52945
52985
53017
53089
53102
53158
53254
53278
53309
53325
53413
53420
53439
53462
53493
53503
53538
53555
53567
53637
53750
53760
53800
53836
53850
53898
53906
53938
53942
53948
54098
54125
54164
54171
54182
54229
54230
54313
54338
54509
54519
54723
54745
54766
54779
54809
54839
54923
54937
54959
54973
55072
55233
55251
55333
55513
55547
55611
55782
55853
55964
55965
55993
56004
56028
56093
56138
56141
56157
56228
56232
56257
56259
56357
56401
56412
56436
56481
56482
56524
56531
56604
56767
56925
56980
57196
57343
57447
57452
57488
57547
57569
57615
57669
57753
57811
57886
58025
58118
58212
58275
58296
58388
58481
58623
58696
58766
58813
58863
59011
59270
59396
59409
59507
59520
59688
59723
59726
59780
59873
60101
60140
60176
60208
60288
60352
60428
60454
60548
60626
60638
60663
60665
60748
60790
60819
60977
60994
61076
61083
61187
61204
61281
61288
61307
61338
61369
61392
61395
61426
61506
61590
61699
61893
61916
61953
61993
62023
62132
62140
62220
62308
62339
62411
62434
62451
62478
62526
62698
62705
62832
62833
62958
62998
63012
63106
63211
63226
63278
63395
63474
63520
63583
63651
63730
63833
63843
63844
63847
63851
63983
64044
64077
64091
64141
64153
64164
64177
64367
64385
64437
64442
64471
64485
64520
64556
64672
64752
64859
64895
64939
64988
64999
65007
65030
65099
65102
65155
65190
65374
65405
65424
65468
65494
65535
65556
65588
65590
65605
65620
65764
65836
65845
65929
65942
66109
66214
66314
66358
66393
66394
66470
66484
66623
66685
66812
66909
66995
67095
67134
67136
67153
67155
67158
67207
67244
67275
67305
67319
67381
67442
67463
67470
67471
67560
67615
67658
67659
67687
67706
67787
67946
67993
68000
68015
68088
68110
68279
68282
68355
68414
68459
68503
68554
68589
68742
68929
69007
69102
69139
69302
69331
69353
69650
69758
69773
69782
69875
69937
69955
70022
70070
70168
70201
70241
70320
70369
70378
70497
70518
70577
70610
70710
70737
70819
70863
71019
71041
71126
71157
71159
71221
71259
71343
71549
71698
71743
71746
71784
71826
71914
71957
71991
72369
72408
72451
72455
72494
72722
72794
72844
72992
73062
73179
73254
73328
73377
73468
73501
73564
73576
73622
73645
73712
73899
73921
73954
74084
74192
74273
74411
74424
74433
74438
74441
74464
74475
74554
74564
74692
74898
74937
74997
75121
75161
75195
75252
75295
75336
75455
75467
75559
75593
75694
75729
75738
75740
75900
75904
75909
75944
76074
76125
76126
76160
76235
76264
76317
76416
76588
76668
76684
76861
76869
76978
76985
77087
77091
77109
77113
77126
77138
77206
77250
77266
77281
77301
77400
77448
77485
77530
77658
77672
77726
77740
77764
77862
78003
78016
78061
78155
78166
78172
78207
78222
78360
78362
78372
78409
78492
78595
78615
78625
78629
78630
78642
78667
78684
78800
78819
78831
78850
78867
78952
79035
79051
79094
79123
79148
79203
79259
79302
79318
79353
79411
79423
79430
79485
79492
79582
79607
79610
79762
79774
79791
79881
79909
79994
80058
80096
80141
80254
80344
80389
80465
80501
80525
80548
80564
80574
80741
80744
80794
80864
80865
80985
80991
81136
81181
81336
81395
81517
81714
81716
81724
81785
81793
81876
81928
82006
82009
82110
82138
82215
82298
82314
82348
82468
82539
