14,611231,leadfeedback,Comments,botox
18,279890,Staffs,BioHTML,meth
18,279890,Staffs,LastName,meth
178,30192,reviews,TEXT,insulin
204,4682,Clinic_ProcedurePricing,details,Metronidazole
271,62622,reviews,TEXT,effient
393,393,clinics,longdescription,Interferon
441,2427,reviews,TEXT,morphine
463,232370,Staffs,Name,Yazmin
470,54200,reviews,TEXT,Novocain
646,11547,Clinic_ProcedurePricing,details,tetracycline
704,1545,reviews,TEXT,Camila
704,1862,reviews,TEXT,Camila
704,2382,reviews,ClinicsResponse,Camila
704,2609,reviews,TEXT,Camila
704,2637,reviews,YouRecommend,Camila
704,2676,reviews,YouReturn,Camila
704,4793,reviews,TEXT,Camila
704,4853,reviews,TEXT,Camila
704,5784,reviews,YouRecommend,Camila
809,809,clinics,longdescription,versed
870,870,clinics,longdescription,Valium
870,2154,reviews,TEXT,valium
916,17138,Clinic_ProcedurePricing,details,tetracycline
939,17604,Clinic_ProcedurePricing,details,Tetracycline
1007,18610,Clinic_ProcedurePricing,details,tetracycline
1012,1012,clinics,longdescription,meth
1012,2755,Staffs,BioHTML,meth
1062,19604,Clinic_ProcedurePricing,details,tetracycline
1062,1772492,Clinic_ProcedurePricing,details,tetracycline
1117,49132,reviews,TEXT,allay
1945,1945,clinics,longdescription,versed
2333,42378,Clinic_ProcedurePricing,details,tetracycline
3144,52923,reviews,TreatmentName,Sculptra
3361,183169,Staffs,Name,Yasmin
3466,2769,Staffs,BioHTML,versed
3628,66184,reviews,ReviewLongTreatment,Artane
4764,4764,clinics,longdescription,Sculptra
5003,24034,Staffs,Name,Camila
5170,5170,clinics,shortdescription,amoxicillin
5170,37172,reviews,TEXT,amoxicillin
5245,279835,Staffs,BioHTML,Botox
5245,279835,Staffs,BioHTML,Restylane
5245,279836,Staffs,BioHTML,Botox
6757,6757,clinics,longdescription,Sculptra
6959,27391,Staffs,Name,Yasmin
7006,132538,Staffs,BioHTML,versed
8113,29423,Staffs,BioHTML,tetracycline
9027,64832,reviews,TreatmentName,Botox
9635,10388,Staffs,LastName,Yaz
11859,11859,clinics,longdescription,Sculptra
11859,66600,reviews,ReviewLongTreatment,Botox
13850,280904,Staffs,BioHTML,Botox
15463,172301,Clinic_ProcedurePricing,details,Novocain
15529,52207,reviews,TEXT,BOTOX
15529,52207,reviews,TreatmentName,BOTOX
15594,64803,reviews,TEXT,botox
15614,15614,clinics,longdescription,Sculptra
15762,53451,reviews,TEXT,Botox
15762,53451,reviews,TreatmentName,Botox
15903,3221914,Clinic_ProcedurePricing,treatment,Finasteride
15929,43159,reviews,TEXT,morphine
16899,231048,Staffs,BioHTML,allay
16923,16923,clinics,longdescription,Yasmin
16923,42284,Staffs,Name,Yasmin
18343,18343,clinics,name,Allay
18343,18343,clinics,longdescription,Allay
18352,58883,reviews,TreatmentName,Botox
18352,58884,reviews,TreatmentName,Botox
18368,18368,clinics,longdescription,Sculptra
18400,18400,clinics,longdescription,Sculptra
18400,50590,reviews,TreatmentName,Botox
18407,46894,Staffs,BioHTML,Sculptra
18468,18468,clinics,longdescription,Sculptra
18514,18514,clinics,shortdescription,Sculptra
18590,46955,Staffs,BioHTML,Sculptra
18654,18654,clinics,longdescription,Cipro
18692,18692,clinics,longdescription,Propecia
18697,18697,clinics,shortdescription,sculptra
18709,1599622,Clinic_ProcedurePricing,details,microderm
18754,1996544,Clinic_ProcedurePricing,details,Sculptra
18757,18757,clinics,shortdescription,Sculptra
18774,18774,clinics,shortdescription,Sculptra
18774,18774,clinics,longdescription,sculptra
18843,53378,reviews,TEXT,botox
18843,53378,reviews,TreatmentName,botox
18878,18878,clinics,longdescription,Sculptra
21297,21297,clinics,longdescription,Yasmin
21297,53654,Staffs,Name,Yasmin
22397,22397,clinics,longdescription,Yasmin
22397,109388,Staffs,Name,Yasmin
22969,22969,clinics,longdescription,Syeda
22969,60616,Staffs,Name,Syeda
22969,60627,Staffs,Name,Syeda
22970,22970,clinics,longdescription,Syeda
22970,60616,Staffs,Name,Syeda
22970,60627,Staffs,Name,Syeda
23059,23059,clinics,longdescription,insulin
23110,23110,clinics,longdescription,Yasmin
23110,61193,Staffs,Name,Yasmin
23111,23111,clinics,longdescription,Yasmin
23111,61193,Staffs,Name,Yasmin
23794,64647,Staffs,Additional_Notes,Mirena
23794,64652,Staffs,Additional_Notes,Mirena
23795,64647,Staffs,Additional_Notes,Mirena
23795,64652,Staffs,Additional_Notes,Mirena
24591,69322,Staffs,Special_Interests,Implanon
24591,69330,Staffs,Special_Interests,Implanon
24592,69322,Staffs,Special_Interests,Implanon
24592,69330,Staffs,Special_Interests,Implanon
24640,95993,Staffs,BioHTML,insulin
24797,24797,clinics,longdescription,Yasmin
24797,70616,Staffs,Name,Yasmin
24880,71142,Staffs,Additional_Notes,Implanon
24880,71144,Staffs,Additional_Notes,Implanon
24881,71142,Staffs,Additional_Notes,Implanon
24881,71144,Staffs,Additional_Notes,Implanon
25514,74725,Staffs,Special_Interests,Implanon
25973,27755,reviews,TEXT,antabuse
26501,26501,clinics,longdescription,Yasmin
26501,78653,Staffs,Name,Yasmin
27065,27065,clinics,longdescription,Yasmin
27065,80656,Staffs,Name,Yasmin
27876,83548,Staffs,Special_Interests,implanon
27909,27909,clinics,longdescription,Yasmin
27909,83619,Staffs,Name,Yasmin
28218,28218,clinics,longdescription,Yasmin
28218,84823,Staffs,Name,Yasmin
28293,85127,Staffs,Additional_Notes,Warfarin
28342,85351,Staffs,Additional_Notes,Warfarin
28893,28893,clinics,longdescription,Yasmin
28893,87587,Staffs,LastName,Yasmin
29295,29295,clinics,longdescription,Yasmin
29295,89506,Staffs,Name,Yasmin
29535,29535,clinics,longdescription,Yasmin
29535,90449,Staffs,Name,Yasmin
29610,29610,clinics,longdescription,Soma
29610,90751,Staffs,Name,Soma
30021,30021,clinics,longdescription,Syeda
30021,92792,Staffs,Name,Syeda
30174,30174,clinics,longdescription,Soma
30174,93554,Staffs,Name,Soma
30497,30497,clinics,longdescription,SYEDA
30497,95045,Staffs,Name,SYEDA
30581,95247,Staffs,BioHTML,versed
30729,95372,Staffs,LastName,Urso
31493,50286,reviews,TEXT,botox
31493,50286,reviews,TreatmentName,botox
31652,31652,clinics,longdescription,Yasmin
31652,96045,Staffs,Name,Yasmin
32135,32135,clinics,shortdescription,sculptra
32136,32136,clinics,shortdescription,sculptra
32137,32137,clinics,shortdescription,sculptra
32248,46894,Staffs,BioHTML,Sculptra
32249,46894,Staffs,BioHTML,Sculptra
32322,2002325,Clinic_ProcedurePricing,details,Sculptra
32517,348564,Clinic_ProcedurePricing,details,Midazolam
32574,24883,reviews,TEXT,sculptra
32574,24883,reviews,Title,Sculptra
32574,24883,reviews,TreatmentName,Sculptra
36797,10737,reviews,TEXT,Sculptra
37330,37330,clinics,longdescription,Sculptra
37380,2588341,Clinic_ProcedurePricing,treatment,xanax
37632,39277,reviews,TreatmentName,methadone
37797,4608,reviews,TEXT,versed
37859,49732,reviews,TEXT,xanax
38495,46997,reviews,TreatmentName,implanon
38797,38797,clinics,name,Syeda
38797,105713,Staffs,Name,Syeda
39560,57782,reviews,TEXT,Botox
39560,57782,reviews,TreatmentName,Botox
39884,39884,clinics,name,Artane
40370,504243,leadfeedback,Comments,botox
40370,53220,reviews,TEXT,botox
40424,40424,clinics,longdescription,versed
40478,7869,reviews,TEXT,clomid
40558,32009,reviews,ClinicsResponse,Juvederm
40558,51353,reviews,TreatmentName,Botox
40558,51103,reviews,TreatmentName,Botox
40558,52010,reviews,TEXT,botox
40558,52010,reviews,TreatmentName,Botox
40558,47925,reviews,TreatmentName,Botox
40558,59617,reviews,TEXT,Botox
40558,59617,reviews,TreatmentName,Botox
40558,54014,reviews,TreatmentName,Botox
40626,409950,Clinic_ProcedurePricing,details,Midazolam
40681,40681,clinics,longdescription,versed
40749,412794,Clinic_ProcedurePricing,details,amoxicillin
40749,412794,Clinic_ProcedurePricing,details,tetracycline
40976,45954,reviews,TEXT,Valium
