180844,263643,Staffs,BioHTML,insulin
180849,263643,Staffs,BioHTML,insulin
180851,263643,Staffs,BioHTML,insulin
180895,240064,Staffs,BioHTML,Botox
180927,240121,Staffs,BioHTML,Botulinum Toxin
180936,240131,Staffs,BioHTML,Botox
180962,240169,Staffs,BioHTML,Botox
180998,240212,Staffs,BioHTML,BOTOX
180998,240212,Staffs,BioHTML,Botulinum Toxin
180998,240212,Staffs,BioHTML,JUVEDERM
181002,240212,Staffs,BioHTML,BOTOX
181002,240212,Staffs,BioHTML,Botulinum Toxin
181002,240212,Staffs,BioHTML,JUVEDERM
181078,240309,Staffs,BioHTML,Botox
181081,240308,Staffs,BioHTML,Botulinum Toxin
181208,240445,Staffs,BioHTML,Botox
181215,240457,Staffs,BioHTML,Botox
181286,240539,Staffs,BioHTML,Botulinum Toxin
181341,181341,clinics,name,Sculptra
181527,240816,Staffs,BioHTML,BOTOX
181574,2909368,Clinic_ProcedurePricing,treatment,Clomid
181587,2909874,Clinic_ProcedurePricing,treatment,Latisse
181591,2910136,Clinic_ProcedurePricing,treatment,Latisse
181599,2910100,Clinic_ProcedurePricing,treatment,Latisse
181605,2910154,Clinic_ProcedurePricing,treatment,Latisse
181606,2910118,Clinic_ProcedurePricing,treatment,Latisse
181662,2911529,Clinic_ProcedurePricing,treatment,Botulinum Toxin
181946,241617,Staffs,BioHTML,versed
181973,3231609,Clinic_ProcedurePricing,details,finasteride
181973,241279,Staffs,BioHTML,finasteride
181984,241313,Staffs,BioHTML,Avastin
181984,241313,Staffs,BioHTML,Lucentis
182226,195305,Staffs,BioHTML,Propecia
182227,195305,Staffs,BioHTML,Propecia
182228,195305,Staffs,BioHTML,Propecia
182229,195305,Staffs,BioHTML,Propecia
182230,195305,Staffs,BioHTML,Propecia
182231,195305,Staffs,BioHTML,Propecia
182232,195305,Staffs,BioHTML,Propecia
182233,195305,Staffs,BioHTML,Propecia
182234,195305,Staffs,BioHTML,Propecia
182235,195305,Staffs,BioHTML,Propecia
182236,195305,Staffs,BioHTML,Propecia
182237,195305,Staffs,BioHTML,Propecia
182238,195305,Staffs,BioHTML,Propecia
182239,195305,Staffs,BioHTML,Propecia
182330,242055,Staffs,BioHTML,versed
182332,2937544,Clinic_ProcedurePricing,treatment,LATISSE
182568,242483,Staffs,Name,Soma
182619,57765,reviews,TEXT,kenalog
182681,60998,reviews,TreatmentName,Botox
182681,63852,reviews,TEXT,botox
182681,63853,reviews,TEXT,botox
182681,63978,reviews,TreatmentName,Botox
182681,64746,reviews,TreatmentName,Botox
182889,51993,reviews,TreatmentName,dysport
182889,51994,reviews,TreatmentName,dysport
182889,51997,reviews,TreatmentName,dysport
182889,52038,reviews,TEXT,botox
182889,52038,reviews,TEXT,dysport
182889,52038,reviews,TreatmentName,dysport
183032,243384,Staffs,BioHTML,Botox
183315,243724,Staffs,Name,Yazmin
183398,243773,Staffs,BioHTML,Botox
183466,243833,Staffs,BioHTML,Botox
183774,244210,Staffs,BioHTML,Botox
183774,244210,Staffs,BioHTML,botulinum toxin
183774,244210,Staffs,BioHTML,LATISSE
183774,244210,Staffs,BioHTML,Restylane
183785,244165,Staffs,LastName,Yasmin
183799,244210,Staffs,BioHTML,Botox
183799,244210,Staffs,BioHTML,botulinum toxin
183799,244210,Staffs,BioHTML,LATISSE
183799,244210,Staffs,BioHTML,Restylane
184108,244490,Staffs,BioHTML,Botox
184194,244597,Staffs,Name,Yasmin
184216,184216,clinics,longdescription,SCULPTRA
184463,244815,Staffs,BioHTML,Botox
184463,244815,Staffs,BioHTML,Botulinum Toxin
184682,244987,Staffs,BioHTML,Botox
184769,2980235,Clinic_ProcedurePricing,details,Botox
184776,195260,Staffs,BioHTML,Restylane
184787,184787,clinics,name,Sonata
184790,2980578,Clinic_ProcedurePricing,details,Botox
184868,2981522,Clinic_ProcedurePricing,treatment,Retin-A
184884,2981698,Clinic_ProcedurePricing,details,Juvederm
184884,2981698,Clinic_ProcedurePricing,details,Restylane
184884,2981698,Clinic_ProcedurePricing,details,Wydase
184892,2981749,Clinic_ProcedurePricing,details,botulinum toxin
184892,245165,Staffs,BioHTML,BOTOX
184908,2981977,Clinic_ProcedurePricing,details,Botox
184927,2982830,Clinic_ProcedurePricing,details,Juvederm
184927,245189,Staffs,BioHTML,BOTOX
184927,245189,Staffs,BioHTML,JUVEDERM
184934,2982940,Clinic_ProcedurePricing,treatment,Testosterone
184975,195305,Staffs,BioHTML,Propecia
184976,195305,Staffs,BioHTML,Propecia
184977,195305,Staffs,BioHTML,Propecia
184978,195305,Staffs,BioHTML,Propecia
184979,195305,Staffs,BioHTML,Propecia
184980,195305,Staffs,BioHTML,Propecia
184981,195305,Staffs,BioHTML,Propecia
184982,195305,Staffs,BioHTML,Propecia
184983,195305,Staffs,BioHTML,Propecia
184984,195305,Staffs,BioHTML,Propecia
184985,195305,Staffs,BioHTML,Propecia
184986,195305,Staffs,BioHTML,Propecia
184987,195305,Staffs,BioHTML,Propecia
185017,64230,reviews,TreatmentName,Botox
185017,64232,reviews,TreatmentName,Botox
185050,245397,Staffs,BioHTML,Yasmin
185050,245397,Staffs,Name,Yasmin
185085,245421,Staffs,BioHTML,Botox
185085,245421,Staffs,BioHTML,Dysport
185085,245424,Staffs,BioHTML,Botox
185085,245424,Staffs,BioHTML,Juvederm
185086,245431,Staffs,BioHTML,Botox
185086,245431,Staffs,BioHTML,Juvederm
185086,245431,Staffs,BioHTML,Restylane
185086,245431,Staffs,BioHTML,Sculptra
185120,2989223,Clinic_ProcedurePricing,details,Botox
185120,2989224,Clinic_ProcedurePricing,details,Botox
185121,245473,Staffs,BioHTML,Botox
185121,245473,Staffs,BioHTML,Sculptra
185127,245473,Staffs,BioHTML,Botox
185127,245473,Staffs,BioHTML,Sculptra
185146,245499,Staffs,BioHTML,Botox
185146,245499,Staffs,BioHTML,Juvederm
185152,2989594,Clinic_ProcedurePricing,treatment,Microderm
185152,2989760,Clinic_ProcedurePricing,treatment,Microderm
185160,245513,Staffs,BioHTML,Botox
185204,245545,Staffs,BioHTML,Botox
185212,2990263,Clinic_ProcedurePricing,treatment,Juvederm
185212,2990265,Clinic_ProcedurePricing,treatment,Restylane
185214,2990272,Clinic_ProcedurePricing,details,Perlane
185214,2990272,Clinic_ProcedurePricing,details,Restylane
185214,245557,Staffs,BioHTML,Botox
185221,2990339,Clinic_ProcedurePricing,treatment,Juvederm
185221,2990340,Clinic_ProcedurePricing,treatment,Restylane
185222,2990390,Clinic_ProcedurePricing,details,Perlane
185222,2990390,Clinic_ProcedurePricing,details,Restylane
185222,245557,Staffs,BioHTML,Botox
185224,245545,Staffs,BioHTML,Botox
185225,245545,Staffs,BioHTML,Botox
185226,245545,Staffs,BioHTML,Botox
185230,245574,Staffs,BioHTML,Botox
185230,245574,Staffs,BioHTML,Restylane
185246,245574,Staffs,BioHTML,Botox
185246,245574,Staffs,BioHTML,Restylane
185247,245574,Staffs,BioHTML,Botox
185247,245574,Staffs,BioHTML,Restylane
185248,245574,Staffs,BioHTML,Botox
185248,245574,Staffs,BioHTML,Restylane
185273,245619,Staffs,BioHTML,Botox
185277,2991298,Clinic_ProcedurePricing,details,Botox
185277,245623,Staffs,BioHTML,Botox
185304,245649,Staffs,BioHTML,Botox
185304,245649,Staffs,BioHTML,Juvederm
185304,245649,Staffs,BioHTML,Perlane
185304,245649,Staffs,BioHTML,Restylane
185304,245649,Staffs,BioHTML,Sculptra
185385,2993290,Clinic_ProcedurePricing,treatment,Asclera
185401,2993548,Clinic_ProcedurePricing,treatment,Microderm
185401,245835,Staffs,BioHTML,Botox
185401,245835,Staffs,BioHTML,Juvederm
185401,245835,Staffs,BioHTML,Restylane
185409,245855,Staffs,BioHTML,versed
185415,2993821,Clinic_ProcedurePricing,details,botulinum toxin
185488,245918,Staffs,BioHTML,Botox
185488,245918,Staffs,BioHTML,Restylane
185488,245918,Staffs,BioHTML,Sculptra
185489,245922,Staffs,BioHTML,Yasmin
185489,245922,Staffs,LastName,Yasmin
185495,245922,Staffs,BioHTML,Yasmin
185495,245922,Staffs,LastName,Yasmin
185507,2995659,Clinic_ProcedurePricing,details,Botulinum toxin
185514,2996119,Clinic_ProcedurePricing,details,digoxin
185514,2996119,Clinic_ProcedurePricing,details,spironolactone
185519,2996210,Clinic_ProcedurePricing,details,Juvederm
185519,2996210,Clinic_ProcedurePricing,details,Perlane
185519,2996210,Clinic_ProcedurePricing,details,Restylane
185544,245984,Staffs,BioHTML,botox
185553,245997,Staffs,BioHTML,Botox
185554,245984,Staffs,BioHTML,botox
185566,245997,Staffs,BioHTML,Botox
185620,246065,Staffs,BioHTML,Botox
185622,246077,Staffs,BioHTML,versed
185627,246080,Staffs,BioHTML,Botox
185656,2998743,Clinic_ProcedurePricing,details,Botox
185674,2998947,Clinic_ProcedurePricing,treatment,Propecia
185777,3262412,Clinic_ProcedurePricing,treatment,Growth Hormone
185777,3262412,Clinic_ProcedurePricing,treatment,Testosterone
185800,3001303,Clinic_ProcedurePricing,details,versed
185809,3001484,Clinic_ProcedurePricing,details,Botox
185810,3001446,Clinic_ProcedurePricing,treatment,Levulan
185831,246310,Staffs,BioHTML,Botox
185831,246310,Staffs,BioHTML,Juvederm
185831,246310,Staffs,BioHTML,Restylane
185834,246329,Staffs,BioHTML,Botox
185836,3001995,Clinic_ProcedurePricing,treatment,Testosterone
185849,246332,Staffs,BioHTML,Botox
185854,246342,Staffs,BioHTML,Botox
185854,246342,Staffs,BioHTML,Yasmin
185854,246347,Staffs,Name,Yasmin
185862,246352,Staffs,BioHTML,Dysport
185862,246352,Staffs,BioHTML,Perlane
185862,246352,Staffs,BioHTML,Restylane
185864,185864,clinics,name,Soma
185867,3002787,Clinic_ProcedurePricing,details,Botulinum Toxin
185884,3003081,Clinic_ProcedurePricing,details,botulinum toxin
185896,246400,Staffs,BioHTML,botox
185896,246400,Staffs,BioHTML,dysport
185897,3003126,Clinic_ProcedurePricing,details,Juvederm
185934,246439,Staffs,BioHTML,Botox
185934,246439,Staffs,BioHTML,Juvederm
185934,246439,Staffs,BioHTML,Restylane
185949,3004113,Clinic_ProcedurePricing,details,botulinum toxin
185981,246487,Staffs,BioHTML,Botox
185985,246493,Staffs,BioHTML,Botox
185985,246493,Staffs,BioHTML,Juvederm
185985,246493,Staffs,BioHTML,Restylane
185996,246493,Staffs,BioHTML,Botox
185996,246493,Staffs,BioHTML,Juvederm
185996,246493,Staffs,BioHTML,Restylane
186007,63790,reviews,TreatmentName,Botox
186010,3005363,Clinic_ProcedurePricing,treatment,Kenalog
186011,3005435,Clinic_ProcedurePricing,treatment,Kenalog
186059,246661,Staffs,BioHTML,Botox
186059,246665,Staffs,BioHTML,botox
186068,246679,Staffs,BioHTML,Botox
186068,246679,Staffs,BioHTML,Restylane
186075,246684,Staffs,BioHTML,Botox
186082,281031,Staffs,BioHTML,versed
186089,3007627,Clinic_ProcedurePricing,details,Botox
186097,246715,Staffs,BioHTML,XIAFLEX
186104,246720,Staffs,BioHTML,versed
186112,246728,Staffs,BioHTML,Botox
186112,246728,Staffs,BioHTML,Dysport
186113,246731,Staffs,BioHTML,botox
186114,3008406,Clinic_ProcedurePricing,details,Restylane
186152,3009095,Clinic_ProcedurePricing,details,Perlane
186152,3009095,Clinic_ProcedurePricing,details,Restylane
186153,3009088,Clinic_ProcedurePricing,details,botox
186153,246771,Staffs,BioHTML,Botox
186164,3009314,Clinic_ProcedurePricing,treatment,Accutane
186170,3009533,Clinic_ProcedurePricing,treatment,Asclera
186172,246810,Staffs,BioHTML,versed
186182,246839,Staffs,BioHTML,Botox
186182,246839,Staffs,BioHTML,Juvederm
186184,246833,Staffs,BioHTML,Botox
186190,3010129,Clinic_ProcedurePricing,details,Botox
186190,246931,Staffs,BioHTML,Botox
186190,246931,Staffs,BioHTML,Perlane
186190,246931,Staffs,BioHTML,Restylane
186192,246833,Staffs,BioHTML,Botox
186193,246833,Staffs,BioHTML,Botox
186204,246856,Staffs,BioHTML,Botox
186217,246856,Staffs,BioHTML,Botox
186222,246879,Staffs,BioHTML,botox
186228,246940,Staffs,BioHTML,Botox
186228,246940,Staffs,BioHTML,Dysport
186228,246940,Staffs,BioHTML,Juvederm
186228,246940,Staffs,BioHTML,Perlane
186228,246940,Staffs,BioHTML,Restylane
186230,246942,Staffs,BioHTML,Botox
186231,246947,Staffs,BioHTML,Botox
186231,246947,Staffs,BioHTML,Renova
186237,246856,Staffs,BioHTML,Botox
186238,3012675,Clinic_ProcedurePricing,details,Botox
186238,3012675,Clinic_ProcedurePricing,details,Xeomin
186241,246887,Staffs,BioHTML,versed
186247,246895,Staffs,BioHTML,Botox
186247,246897,Staffs,BioHTML,Botox
186263,3013299,Clinic_ProcedurePricing,treatment,Asclera
186271,246994,Staffs,BioHTML,Botox
186271,246994,Staffs,BioHTML,Dysport
186271,246994,Staffs,BioHTML,Juvederm
186271,246994,Staffs,BioHTML,Restylane
186273,246942,Staffs,BioHTML,Botox
186275,246994,Staffs,BioHTML,Botox
186275,246994,Staffs,BioHTML,Dysport
186275,246994,Staffs,BioHTML,Juvederm
186275,246994,Staffs,BioHTML,Restylane
186278,247026,Staffs,BioHTML,Botox
186289,246945,Staffs,BioHTML,Sculptra
186292,246945,Staffs,BioHTML,Sculptra
186300,186300,clinics,longdescription,atropine
186309,3014872,Clinic_ProcedurePricing,details,Botulinum toxin
186309,3014872,Clinic_ProcedurePricing,details,Viagra
186309,3014882,Clinic_ProcedurePricing,details,Viagra
186310,3014817,Clinic_ProcedurePricing,treatment,Testosterone
186310,3014830,Clinic_ProcedurePricing,treatment,Testosterone
186311,3014839,Clinic_ProcedurePricing,details,Botox
186318,247017,Staffs,BioHTML,BOTOX
186318,247017,Staffs,BioHTML,Restylane
186319,3015126,Clinic_ProcedurePricing,treatment,Levulan
186329,247017,Staffs,BioHTML,BOTOX
186329,247017,Staffs,BioHTML,Restylane
186331,3015153,Clinic_ProcedurePricing,treatment,Levulan
186332,247017,Staffs,BioHTML,BOTOX
186332,247017,Staffs,BioHTML,Restylane
186333,3015326,Clinic_ProcedurePricing,treatment,Testosterone
186334,3015204,Clinic_ProcedurePricing,treatment,Levulan
186337,247050,Staffs,BioHTML,Botox
186359,247068,Staffs,BioHTML,Dysport
186359,247068,Staffs,BioHTML,Restylane
186363,247072,Staffs,BioHTML,botox
186379,247086,Staffs,BioHTML,Botox
186379,247086,Staffs,BioHTML,Dysport
186379,247086,Staffs,BioHTML,versed
186379,247087,Staffs,BioHTML,botox
186390,247116,Staffs,BioHTML,Botox
186390,247116,Staffs,BioHTML,Sculptra
186397,3016432,Clinic_ProcedurePricing,details,Botulinum Toxin
186444,3017612,Clinic_ProcedurePricing,details,BOTOX
186448,3017867,Clinic_ProcedurePricing,treatment,Testosterone
186456,3018053,Clinic_ProcedurePricing,details,botulinum toxin
186456,247185,Staffs,BioHTML,BOTOX
186456,247185,Staffs,BioHTML,Dysport
186456,247185,Staffs,BioHTML,Restylane
186469,3018157,Clinic_ProcedurePricing,details,Botox
186472,3018297,Clinic_ProcedurePricing,details,botulinum toxin
186475,3018364,Clinic_ProcedurePricing,details,Xeomin
186475,247206,Staffs,BioHTML,BOTOX
186475,247206,Staffs,BioHTML,Restylane
186475,247207,Staffs,BioHTML,BOTOX
186475,247207,Staffs,BioHTML,Juvederm
186492,247235,Staffs,BioHTML,Botox
186492,247235,Staffs,BioHTML,Juvederm
186492,247235,Staffs,BioHTML,Restylane
186498,3018840,Clinic_ProcedurePricing,details,Juvederm
186498,247237,Staffs,BioHTML,Botox
186503,247244,Staffs,BioHTML,BOTOX
186505,3018985,Clinic_ProcedurePricing,treatment,Testosterone
186507,247235,Staffs,BioHTML,Botox
186507,247235,Staffs,BioHTML,Juvederm
186507,247235,Staffs,BioHTML,Restylane
186515,3019240,Clinic_ProcedurePricing,details,testosterone
186522,3019558,Clinic_ProcedurePricing,details,Botox
186528,3019782,Clinic_ProcedurePricing,details,versed
186540,3019631,Clinic_ProcedurePricing,details,Botox
186541,3019697,Clinic_ProcedurePricing,details,Botox
186542,247299,Staffs,BioHTML,Sculptra
186548,3262745,Clinic_ProcedurePricing,details,versed
186570,247339,Staffs,BioHTML,Botox
186588,186588,clinics,name,Doral
186623,247442,Staffs,BioHTML,Botox
186635,247455,Staffs,BioHTML,Botox
186646,247472,Staffs,BioHTML,Botox
186646,247472,Staffs,BioHTML,Juvederm
186671,247472,Staffs,BioHTML,Botox
186671,247472,Staffs,BioHTML,Juvederm
186672,247472,Staffs,BioHTML,Botox
186672,247472,Staffs,BioHTML,Juvederm
186673,247472,Staffs,BioHTML,Botox
186673,247472,Staffs,BioHTML,Juvederm
186674,247472,Staffs,BioHTML,Botox
186674,247472,Staffs,BioHTML,Juvederm
186678,247472,Staffs,BioHTML,Botox
186678,247472,Staffs,BioHTML,Juvederm
186681,3022641,Clinic_ProcedurePricing,treatment,Microderm
186684,3022756,Clinic_ProcedurePricing,details,Botulinum Toxin
186685,247501,Staffs,BioHTML,Botox
186691,247507,Staffs,BioHTML,Botox
186698,186698,clinics,name,Doral
186698,247518,Staffs,BioHTML,Doral
186705,247532,Staffs,BioHTML,BOTOX
186710,247540,Staffs,BioHTML,Botox
186717,3023273,Clinic_ProcedurePricing,details,Botox
186721,247550,Staffs,BioHTML,Botox
186739,247550,Staffs,BioHTML,Botox
186743,247550,Staffs,BioHTML,Botox
186747,247550,Staffs,BioHTML,Botox
186748,247550,Staffs,BioHTML,Botox
186752,247550,Staffs,BioHTML,Botox
186753,247550,Staffs,BioHTML,Botox
186754,247550,Staffs,BioHTML,Botox
186757,247550,Staffs,BioHTML,Botox
186761,247550,Staffs,BioHTML,Botox
186770,247604,Staffs,BioHTML,botox
186789,3024680,Clinic_ProcedurePricing,details,botulinum toxin
186789,3024682,Clinic_ProcedurePricing,details,Juvederm
186802,247645,Staffs,BioHTML,Botox
186813,3025255,Clinic_ProcedurePricing,treatment,Testosterone
186824,247671,Staffs,BioHTML,Botulinum Toxin
186847,3026100,Clinic_ProcedurePricing,details,Juvederm
186870,247733,Staffs,BioHTML,Botox
186872,247725,Staffs,BioHTML,Botox
186904,186904,clinics,name,Doral
186910,247733,Staffs,BioHTML,Botox
186939,186939,clinics,name,Doral
186940,186940,clinics,name,Doral
186950,3028157,Clinic_ProcedurePricing,details,botulinum toxin
186975,3028197,Clinic_ProcedurePricing,details,botulinum toxin
186979,3031031,Clinic_ProcedurePricing,treatment,Asclera
187010,3033018,Clinic_ProcedurePricing,treatment,Asclera
187011,3033048,Clinic_ProcedurePricing,treatment,Asclera
187251,3033198,Clinic_ProcedurePricing,treatment,Clomid
187264,3036502,Clinic_ProcedurePricing,treatment,Clomid
187268,3036481,Clinic_ProcedurePricing,treatment,Clomid
187271,3036695,Clinic_ProcedurePricing,treatment,Clomid
187271,3036723,Clinic_ProcedurePricing,treatment,Femara
187271,3036723,Clinic_ProcedurePricing,treatment,Letrozole
187271,3036728,Clinic_ProcedurePricing,treatment,Bravelle
187271,3036728,Clinic_ProcedurePricing,treatment,Follistim
187271,3036728,Clinic_ProcedurePricing,treatment,Gonal
187293,3036882,Clinic_ProcedurePricing,treatment,Clomid
187293,3036883,Clinic_ProcedurePricing,treatment,Femara
187293,3036883,Clinic_ProcedurePricing,treatment,Letrozole
187293,3036884,Clinic_ProcedurePricing,treatment,Bravelle
187293,3036884,Clinic_ProcedurePricing,treatment,Follistim
187293,3036884,Clinic_ProcedurePricing,treatment,Gonal
187310,3037149,Clinic_ProcedurePricing,treatment,Gardasil
187323,248026,Staffs,BioHTML,testosterone
187325,248030,Staffs,BioHTML,gonadotropin
187328,3037334,Clinic_ProcedurePricing,treatment,Mirena
187337,248026,Staffs,BioHTML,testosterone
187341,3037524,Clinic_ProcedurePricing,treatment,Letrozole
187349,3037600,Clinic_ProcedurePricing,treatment,Letrozole
187448,3038885,Clinic_ProcedurePricing,treatment,Mirena
187448,3038886,Clinic_ProcedurePricing,treatment,Implanon
187448,248166,Staffs,BioHTML,Gardasil
187476,3039198,Clinic_ProcedurePricing,treatment,Testosterone
187479,3239792,Clinic_ProcedurePricing,treatment,Propecia
187487,3039251,Clinic_ProcedurePricing,treatment,Testosterone
187566,248332,Staffs,LastName,Sular
187598,248377,Staffs,BioHTML,versed
187662,3042423,Clinic_ProcedurePricing,treatment,Arestin
187669,248526,Staffs,BioHTML,versed
187674,3042709,Clinic_ProcedurePricing,treatment,Arestin
187677,3042781,Clinic_ProcedurePricing,treatment,Arestin
187678,3042733,Clinic_ProcedurePricing,treatment,Arestin
187681,3042853,Clinic_ProcedurePricing,treatment,Arestin
187682,3042757,Clinic_ProcedurePricing,treatment,Arestin
187683,3042685,Clinic_ProcedurePricing,treatment,Arestin
187685,3042829,Clinic_ProcedurePricing,treatment,Arestin
187687,3042805,Clinic_ProcedurePricing,treatment,Arestin
187706,3043224,Clinic_ProcedurePricing,treatment,Arestin
187772,248704,Staffs,BioHTML,versed
187825,248807,Staffs,BioHTML,versed
187915,3054147,Clinic_ProcedurePricing,treatment,Arestin
187942,3054558,Clinic_ProcedurePricing,treatment,OraVerse
187945,249087,Staffs,BioHTML,versed
188002,280238,Staffs,BioHTML,BOTULINUM TOXIN
188015,249267,Staffs,BioHTML,versed
188276,249724,Staffs,BioHTML,Botox
188305,3062638,Clinic_ProcedurePricing,treatment,Arestin
188506,250169,Staffs,BioHTML,versed
188596,3068968,Clinic_ProcedurePricing,treatment,Arestin
188647,250429,Staffs,BioHTML,versed
188725,3071727,Clinic_ProcedurePricing,treatment,Arestin
188779,63668,reviews,TEXT,Propecia
188792,253875,Staffs,BioHTML,versed
188869,3074662,Clinic_ProcedurePricing,treatment,OraVerse
188907,250908,Staffs,BioHTML,versed
188928,3076467,Clinic_ProcedurePricing,treatment,Estradiol
188940,250966,Staffs,BioHTML,Mirena
188940,250966,Staffs,BioHTML,Nuvaring
188940,250966,Staffs,BioHTML,Paragard
188942,3076428,Clinic_ProcedurePricing,treatment,Gardasil
188977,3076748,Clinic_ProcedurePricing,treatment,Estradiol
188982,3077122,Clinic_ProcedurePricing,treatment,Insulin
188984,3077128,Clinic_ProcedurePricing,treatment,Clomid
189018,3077307,Clinic_ProcedurePricing,treatment,Insulin
189023,3077400,Clinic_ProcedurePricing,treatment,Morphine
189024,3077484,Clinic_ProcedurePricing,treatment,Morphine
189025,3077569,Clinic_ProcedurePricing,treatment,Morphine
189026,3077653,Clinic_ProcedurePricing,treatment,Morphine
189027,3077737,Clinic_ProcedurePricing,treatment,Morphine
189043,3078138,Clinic_ProcedurePricing,treatment,Implanon
189043,3078138,Clinic_ProcedurePricing,treatment,Ortho Evra
189043,3078143,Clinic_ProcedurePricing,treatment,Nuvaring
189043,3078146,Clinic_ProcedurePricing,treatment,Mirena
189043,3078149,Clinic_ProcedurePricing,treatment,Depo-Provera
189043,3078149,Clinic_ProcedurePricing,treatment,Provera
189043,3078153,Clinic_ProcedurePricing,treatment,Paragard
189062,3078482,Clinic_ProcedurePricing,treatment,Implanon
189062,3078482,Clinic_ProcedurePricing,treatment,Ortho Evra
189062,3078486,Clinic_ProcedurePricing,treatment,Paragard
189062,3078487,Clinic_ProcedurePricing,treatment,Mirena
189062,3078488,Clinic_ProcedurePricing,treatment,Depo-Provera
189062,3078488,Clinic_ProcedurePricing,treatment,Provera
189062,3078505,Clinic_ProcedurePricing,treatment,Nuvaring
189063,3078572,Clinic_ProcedurePricing,treatment,Implanon
189063,3078572,Clinic_ProcedurePricing,treatment,Ortho Evra
189063,3078576,Clinic_ProcedurePricing,treatment,Paragard
189063,3078577,Clinic_ProcedurePricing,treatment,Mirena
189063,3078578,Clinic_ProcedurePricing,treatment,Depo-Provera
189063,3078578,Clinic_ProcedurePricing,treatment,Provera
189063,3078595,Clinic_ProcedurePricing,treatment,Nuvaring
189064,3078617,Clinic_ProcedurePricing,treatment,Implanon
189064,3078617,Clinic_ProcedurePricing,treatment,Ortho Evra
189064,3078621,Clinic_ProcedurePricing,treatment,Paragard
189064,3078622,Clinic_ProcedurePricing,treatment,Mirena
189064,3078623,Clinic_ProcedurePricing,treatment,Depo-Provera
189064,3078623,Clinic_ProcedurePricing,treatment,Provera
189064,3078640,Clinic_ProcedurePricing,treatment,Nuvaring
189065,3078527,Clinic_ProcedurePricing,treatment,Implanon
189065,3078527,Clinic_ProcedurePricing,treatment,Ortho Evra
189065,3078531,Clinic_ProcedurePricing,treatment,Paragard
189065,3078532,Clinic_ProcedurePricing,treatment,Mirena
189065,3078533,Clinic_ProcedurePricing,treatment,Depo-Provera
189065,3078533,Clinic_ProcedurePricing,treatment,Provera
189065,3078550,Clinic_ProcedurePricing,treatment,Nuvaring
189079,251111,Staffs,BioHTML,BOTOX
189156,251177,Staffs,BioHTML,Propecia
189194,3080724,Clinic_ProcedurePricing,treatment,Arestin
189213,3080915,Clinic_ProcedurePricing,treatment,Arestin
189214,3080873,Clinic_ProcedurePricing,treatment,Arestin
189234,3081509,Clinic_ProcedurePricing,treatment,Arestin
189242,3081539,Clinic_ProcedurePricing,treatment,Arestin
189297,251406,Staffs,BioHTML,Botox
189316,3083578,Clinic_ProcedurePricing,treatment,Arestin
189335,3083720,Clinic_ProcedurePricing,treatment,ARESTIN
189342,251493,Staffs,BioHTML,Botox
189367,251535,Staffs,BioHTML,versed
189384,3084707,Clinic_ProcedurePricing,details,Restylane
189398,3085131,Clinic_ProcedurePricing,details,Botox
189448,251686,Staffs,BioHTML,Botox
189468,251686,Staffs,BioHTML,Botox
189486,3087315,Clinic_ProcedurePricing,treatment,Arestin
189515,3087645,Clinic_ProcedurePricing,treatment,Arestin
189515,251799,Staffs,BioHTML,versed
189560,3088369,Clinic_ProcedurePricing,treatment,Arestin
189562,251862,Staffs,BioHTML,Tetracycline
189679,252074,Staffs,BioHTML,Botox
189679,252074,Staffs,BioHTML,Juvederm
189679,252074,Staffs,BioHTML,Restylane
189919,252489,Staffs,BioHTML,versed
189955,3096243,Clinic_ProcedurePricing,treatment,Arestin
189965,3096304,Clinic_ProcedurePricing,treatment,Arestin
189968,3096344,Clinic_ProcedurePricing,treatment,Arestin
189969,3096373,Clinic_ProcedurePricing,treatment,Arestin
190045,3097911,Clinic_ProcedurePricing,treatment,Latisse
190051,252676,Staffs,BioHTML,versed
190058,252692,Staffs,BioHTML,versed
190119,252802,Staffs,BioHTML,Botox
190232,252986,Staffs,BioHTML,versed
190294,253089,Staffs,BioHTML,versed
190314,3104006,Clinic_ProcedurePricing,treatment,Gonadotropin
190317,3104098,Clinic_ProcedurePricing,treatment,Gardasil
190317,3104131,Clinic_ProcedurePricing,treatment,Mirena
190317,3104131,Clinic_ProcedurePricing,treatment,Paragard
190375,3104795,Clinic_ProcedurePricing,treatment,Mirena
190410,253230,Staffs,BioHTML,Nexplanon
190414,3105458,Clinic_ProcedurePricing,treatment,Mirena
190414,3105458,Clinic_ProcedurePricing,treatment,ParaGard
190423,3105521,Clinic_ProcedurePricing,treatment,Mirena
190423,3105521,Clinic_ProcedurePricing,treatment,ParaGard
190426,3105545,Clinic_ProcedurePricing,treatment,Mirena
190426,3105545,Clinic_ProcedurePricing,treatment,ParaGard
190432,253249,Staffs,BioHTML,Botox
190483,253345,Staffs,BioHTML,versed
190507,253368,Staffs,BioHTML,Finasteride
190507,253368,Staffs,BioHTML,Propecia
190507,253369,Staffs,BioHTML,Propecia
190568,3107472,Clinic_ProcedurePricing,treatment,Arestin
190605,253503,Staffs,BioHTML,botox
190620,253503,Staffs,BioHTML,botox
190628,190628,clinics,name,Doral
190720,253687,Staffs,BioHTML,Botox
190782,3111855,Clinic_ProcedurePricing,treatment,Arestin
190782,3111917,Clinic_ProcedurePricing,details,Botox
190783,253803,Staffs,BioHTML,versed
190785,253813,Staffs,BioHTML,Botox
190827,190827,clinics,longdescription,Doral
190923,254029,Staffs,BioHTML,versed
190931,254029,Staffs,BioHTML,versed
190956,3115572,Clinic_ProcedurePricing,treatment,Arestin
190995,254132,Staffs,BioHTML,Botulinum toxin
190998,190998,clinics,name,Doral
191065,254247,Staffs,BioHTML,Botox
191176,3119878,Clinic_ProcedurePricing,details,Botox
191188,191188,clinics,name,Doral
191213,3120709,Clinic_ProcedurePricing,treatment,Arestin
191251,254597,Staffs,BioHTML,Botox
191303,254696,Staffs,BioHTML,versed
191389,64757,reviews,TEXT,Botox
191393,262288,Staffs,BioHTML,Botox
191437,254927,Staffs,BioHTML,Botox
191462,254962,Staffs,BioHTML,Botox
191462,254962,Staffs,BioHTML,Juvederm
191497,255025,Staffs,BioHTML,Botox
191518,255062,Staffs,BioHTML,Botox
191578,255155,Staffs,BioHTML,Insulin
191585,3128215,Clinic_ProcedurePricing,treatment,Mirena
191607,3128407,Clinic_ProcedurePricing,treatment,Mirena
191634,255207,Staffs,BioHTML,gonadotropin
191654,255237,Staffs,BioHTML,versed
191657,255237,Staffs,BioHTML,versed
191663,255253,Staffs,BioHTML,insulin
191666,255257,Staffs,BioHTML,Botox
191669,255253,Staffs,BioHTML,insulin
191736,3377831,Clinic_ProcedurePricing,details,Bexsero
191759,3130623,Clinic_ProcedurePricing,treatment,Mirena
191759,3130659,Clinic_ProcedurePricing,treatment,Nexplanon
191759,255404,Staffs,BioHTML,Implanon
191776,3130799,Clinic_ProcedurePricing,treatment,Nexplanon
191776,3130802,Clinic_ProcedurePricing,treatment,Mirena
191776,255404,Staffs,BioHTML,Implanon
191778,3130841,Clinic_ProcedurePricing,treatment,Nexplanon
191778,3130844,Clinic_ProcedurePricing,treatment,Mirena
191778,255404,Staffs,BioHTML,Implanon
191793,255455,Staffs,BioHTML,Nexplanon
191805,3131381,Clinic_ProcedurePricing,treatment,Mirena
191813,3131402,Clinic_ProcedurePricing,treatment,Mirena
191814,3131414,Clinic_ProcedurePricing,treatment,Mirena
191836,255525,Staffs,BioHTML,insulin
191844,3132047,Clinic_ProcedurePricing,treatment,Depo-Provera
191844,3132047,Clinic_ProcedurePricing,treatment,Provera
191855,255525,Staffs,BioHTML,insulin
191856,255525,Staffs,BioHTML,insulin
191857,255525,Staffs,BioHTML,insulin
191858,255525,Staffs,BioHTML,insulin
191870,255562,Staffs,BioHTML,versed
191899,3132773,Clinic_ProcedurePricing,treatment,Mirena
191899,3132775,Clinic_ProcedurePricing,treatment,ParaGard
191902,255607,Staffs,BioHTML,misoprostol
191903,3132982,Clinic_ProcedurePricing,treatment,gonadotropin
191903,3132982,Clinic_ProcedurePricing,treatment,Pergonal
191903,3132982,Clinic_ProcedurePricing,treatment,Repronex
191903,3133671,Clinic_ProcedurePricing,treatment,Gonadotropin
191903,3133694,Clinic_ProcedurePricing,treatment,Clomid
191905,3132983,Clinic_ProcedurePricing,treatment,Depo-Provera
191905,3132983,Clinic_ProcedurePricing,treatment,Norplant
191905,3132983,Clinic_ProcedurePricing,treatment,Provera
191918,3133739,Clinic_ProcedurePricing,treatment,Clomid
191918,3133744,Clinic_ProcedurePricing,treatment,Gonadotropin
191918,3133745,Clinic_ProcedurePricing,treatment,gonadotropin
191918,3133745,Clinic_ProcedurePricing,treatment,Pergonal
191918,3133745,Clinic_ProcedurePricing,treatment,Repronex
191921,255636,Staffs,BioHTML,Botox
191947,255661,Staffs,BioHTML,finasteride
191947,255661,Staffs,BioHTML,Latisse
191947,255661,Staffs,BioHTML,Lumigan
191947,255661,Staffs,BioHTML,Propecia
191949,255661,Staffs,BioHTML,finasteride
191949,255661,Staffs,BioHTML,Latisse
191949,255661,Staffs,BioHTML,Lumigan
191949,255661,Staffs,BioHTML,Propecia
191954,255661,Staffs,BioHTML,finasteride
191954,255661,Staffs,BioHTML,Latisse
191954,255661,Staffs,BioHTML,Lumigan
191954,255661,Staffs,BioHTML,Propecia
191955,255661,Staffs,BioHTML,finasteride
191955,255661,Staffs,BioHTML,Latisse
191955,255661,Staffs,BioHTML,Lumigan
191955,255661,Staffs,BioHTML,Propecia
192006,255699,Staffs,BioHTML,finasteride
192006,255699,Staffs,BioHTML,LAtisse
192006,255699,Staffs,BioHTML,Lumigan
192006,255699,Staffs,BioHTML,Propecia
192011,255699,Staffs,BioHTML,finasteride
192011,255699,Staffs,BioHTML,LAtisse
192011,255699,Staffs,BioHTML,Lumigan
192011,255699,Staffs,BioHTML,Propecia
192012,255699,Staffs,BioHTML,finasteride
192012,255699,Staffs,BioHTML,LAtisse
192012,255699,Staffs,BioHTML,Lumigan
192012,255699,Staffs,BioHTML,Propecia
192015,255699,Staffs,BioHTML,finasteride
192015,255699,Staffs,BioHTML,LAtisse
192015,255699,Staffs,BioHTML,Lumigan
192015,255699,Staffs,BioHTML,Propecia
192017,255699,Staffs,BioHTML,finasteride
192017,255699,Staffs,BioHTML,LAtisse
192017,255699,Staffs,BioHTML,Lumigan
192017,255699,Staffs,BioHTML,Propecia
192029,65373,reviews,TreatmentName,Dysport
192054,257995,Staffs,BioHTML,Botox
192347,57834,reviews,TEXT,botox
192361,3143452,Clinic_ProcedurePricing,details,Botox
192361,256292,Staffs,BioHTML,Botox
192422,256392,Staffs,BioHTML,versed
192450,3145064,Clinic_ProcedurePricing,treatment,Arestin
192472,3145638,Clinic_ProcedurePricing,treatment,Chloral Hydrate
192497,256521,Staffs,BioHTML,versed
192524,3146921,Clinic_ProcedurePricing,treatment,Arestin
192697,3151164,Clinic_ProcedurePricing,treatment,Arestin
192794,3152878,Clinic_ProcedurePricing,treatment,Arestin
192825,3153711,Clinic_ProcedurePricing,treatment,Arestin
192866,257183,Staffs,BioHTML,Botox
192961,3157457,Clinic_ProcedurePricing,treatment,Arestin
192964,257446,Staffs,BioHTML,versed
193056,257654,Staffs,BioHTML,Botox
193061,3159963,Clinic_ProcedurePricing,treatment,Arestin
193097,3160908,Clinic_ProcedurePricing,treatment,Arestin
193118,3161494,Clinic_ProcedurePricing,treatment,Arestin
193149,193149,clinics,name,Soma
193192,257944,Staffs,BioHTML,Botox
193198,257944,Staffs,BioHTML,Botox
193212,3163711,Clinic_ProcedurePricing,treatment,Finasteride
193234,3164066,Clinic_ProcedurePricing,treatment,Arestin
193272,3164847,Clinic_ProcedurePricing,treatment,Arestin
193305,3165341,Clinic_ProcedurePricing,details,insulin
193367,258295,Staffs,BioHTML,versed
193370,3167075,Clinic_ProcedurePricing,treatment,Arestin
193455,3169264,Clinic_ProcedurePricing,treatment,Arestin
193472,3169656,Clinic_ProcedurePricing,treatment,Valium
193694,3175636,Clinic_ProcedurePricing,treatment,Arestin
193795,63412,reviews,TreatmentName,Botox
193795,64565,reviews,TreatmentName,Botox
193795,64592,reviews,TreatmentName,Botox
193795,65014,reviews,TreatmentName,Botox
193825,259355,Staffs,BioHTML,Botox
193897,3181151,Clinic_ProcedurePricing,treatment,Arestin
193942,3182417,Clinic_ProcedurePricing,treatment,Arestin
194010,259779,Staffs,Name,Yasmin
194080,3185595,Clinic_ProcedurePricing,treatment,Arestin
194165,63580,reviews,TEXT,Botox
194177,260100,Staffs,BioHTML,valium
194207,260149,Staffs,BioHTML,Insulin
194311,3191308,Clinic_ProcedurePricing,treatment,Arestin
194328,260401,Staffs,BioHTML,Botox
194409,260563,Staffs,BioHTML,versed
194561,194561,clinics,longdescription,Tretinoin
194581,194581,clinics,name,Renova
194623,261015,Staffs,BioHTML,Botox
194623,261015,Staffs,BioHTML,Restylane
194677,261122,Staffs,BioHTML,Botox
194721,3200701,Clinic_ProcedurePricing,details,botox
194740,3201108,Clinic_ProcedurePricing,treatment,Arestin
194855,261430,Staffs,BioHTML,Botox
195054,64183,reviews,TreatmentName,botox
195054,64184,reviews,TEXT,botox
195054,64184,reviews,TreatmentName,botox
195054,64783,reviews,TreatmentName,botox
195095,3208366,Clinic_ProcedurePricing,treatment,Arestin
195106,3208469,Clinic_ProcedurePricing,treatment,Arestin
195109,3208777,Clinic_ProcedurePricing,treatment,Arestin
195152,261989,Staffs,BioHTML,versed
195152,261990,Staffs,BioHTML,versed
195194,3210403,Clinic_ProcedurePricing,treatment,Arestin
195241,262169,Staffs,BioHTML,versed
195244,3211375,Clinic_ProcedurePricing,treatment,Arestin
195247,262182,Staffs,BioHTML,botulinum toxin
195347,3213793,Clinic_ProcedurePricing,treatment,Arestin
195705,3223527,Clinic_ProcedurePricing,details,Finasteride
195715,195715,clinics,longdescription,Propecia
195717,195717,clinics,longdescription,Propecia
195718,195718,clinics,longdescription,Propecia
195720,3223969,Clinic_ProcedurePricing,details,testosterone
195721,3223983,Clinic_ProcedurePricing,details,testosterone
195722,3223976,Clinic_ProcedurePricing,details,testosterone
195777,3226468,Clinic_ProcedurePricing,details,Propecia
195778,3226459,Clinic_ProcedurePricing,details,Propecia
195792,3235437,Clinic_ProcedurePricing,treatment,Testosterone
195792,263091,Staffs,BioHTML,testosterone
195818,3319353,Clinic_ProcedurePricing,treatment,Xeomin
195818,3319356,Clinic_ProcedurePricing,treatment,Xeomin
195818,3319359,Clinic_ProcedurePricing,treatment,Xeomin
195818,3319362,Clinic_ProcedurePricing,treatment,Xeomin
195818,3319365,Clinic_ProcedurePricing,treatment,Xeomin
195818,3319366,Clinic_ProcedurePricing,treatment,Xeomin
195883,195883,clinics,longdescription,allay
196190,3242690,Clinic_ProcedurePricing,details,chlorhexidine
196280,3248672,Clinic_ProcedurePricing,treatment,Testosterone
196427,3262680,Clinic_ProcedurePricing,details,versed
196462,3267872,Clinic_ProcedurePricing,details,Botulinum Toxin
196566,200574,Staffs,BioHTML,Carac
196566,200574,Staffs,BioHTML,Loprox
196566,200574,Staffs,BioHTML,Lotrisone
196566,200574,Staffs,BioHTML,Penlac
196566,200574,Staffs,BioHTML,Solodyn
196566,200574,Staffs,BioHTML,Vanos
196566,200574,Staffs,BioHTML,Ziana
196573,3278488,Clinic_ProcedurePricing,details,botulinum toxin
196574,3278558,Clinic_ProcedurePricing,details,botulinum toxin
196575,3278593,Clinic_ProcedurePricing,details,botulinum toxin
196576,3278640,Clinic_ProcedurePricing,details,botulinum toxin
196577,3278689,Clinic_ProcedurePricing,details,botulinum toxin
196578,3278729,Clinic_ProcedurePricing,details,botulinum toxin
196579,3278768,Clinic_ProcedurePricing,details,botulinum toxin
196580,3278811,Clinic_ProcedurePricing,details,botulinum toxin
196581,3278861,Clinic_ProcedurePricing,details,botulinum toxin
196582,3278900,Clinic_ProcedurePricing,details,botulinum toxin
196583,3278937,Clinic_ProcedurePricing,details,botulinum toxin
196584,3278973,Clinic_ProcedurePricing,details,botulinum toxin
196585,3279012,Clinic_ProcedurePricing,details,botulinum toxin
196586,3279078,Clinic_ProcedurePricing,details,botulinum toxin
196588,3279114,Clinic_ProcedurePricing,details,botulinum toxin
196589,3279149,Clinic_ProcedurePricing,details,botulinum toxin
196660,3283197,Clinic_ProcedurePricing,treatment,Botulinum Toxin
196717,265753,Staffs,BioHTML,versed
196718,265753,Staffs,BioHTML,versed
196770,265850,Staffs,Name,Camila
196837,265955,Staffs,BioHTML,SOMA
196887,266021,Staffs,BioHTML,versed
197032,3294734,Clinic_ProcedurePricing,treatment,Triamcinolone
197032,3294739,Clinic_ProcedurePricing,treatment,Macugen
197032,3294741,Clinic_ProcedurePricing,treatment,Avastin
197032,3294743,Clinic_ProcedurePricing,treatment,Lucentis
197032,3294758,Clinic_ProcedurePricing,treatment,Eylea
197032,3294760,Clinic_ProcedurePricing,treatment,Eylea
197032,3294762,Clinic_ProcedurePricing,treatment,Eylea
197032,3294836,Clinic_ProcedurePricing,treatment,indocyanine
197043,3294905,Clinic_ProcedurePricing,treatment,Triamcinolone
197043,3294907,Clinic_ProcedurePricing,treatment,Macugen
197043,3294908,Clinic_ProcedurePricing,treatment,Avastin
197043,3294909,Clinic_ProcedurePricing,treatment,Lucentis
197043,3294910,Clinic_ProcedurePricing,treatment,Eylea
197043,3294911,Clinic_ProcedurePricing,treatment,Eylea
197043,3294912,Clinic_ProcedurePricing,treatment,Eylea
197043,3294935,Clinic_ProcedurePricing,treatment,indocyanine
197044,3294868,Clinic_ProcedurePricing,treatment,Triamcinolone
197044,3294870,Clinic_ProcedurePricing,treatment,Macugen
197044,3294871,Clinic_ProcedurePricing,treatment,Avastin
197044,3294872,Clinic_ProcedurePricing,treatment,Lucentis
197044,3294873,Clinic_ProcedurePricing,treatment,Eylea
197044,3294874,Clinic_ProcedurePricing,treatment,Eylea
197044,3294875,Clinic_ProcedurePricing,treatment,Eylea
197044,3294898,Clinic_ProcedurePricing,treatment,indocyanine
197074,266289,Staffs,BioHTML,botulinum toxin
197088,266289,Staffs,BioHTML,botulinum toxin
197093,3295797,Clinic_ProcedurePricing,details,botulinum toxin
197102,3295985,Clinic_ProcedurePricing,details,botulinum toxin
197118,266319,Staffs,BioHTML,Botox
197137,266319,Staffs,BioHTML,Botox
197140,266319,Staffs,BioHTML,Botox
197142,266319,Staffs,BioHTML,Botox
197144,266319,Staffs,BioHTML,Botox
197145,266319,Staffs,BioHTML,Botox
197243,266497,Staffs,BioHTML,tetracycline
197304,3300254,Clinic_ProcedurePricing,treatment,Triluma
197426,266758,Staffs,BioHTML,vancomycin
197430,266761,Staffs,BioHTML,botulinum toxin
197436,266767,Staffs,BioHTML,cyclosporine
197441,266761,Staffs,BioHTML,botulinum toxin
197443,266761,Staffs,BioHTML,botulinum toxin
197445,266761,Staffs,BioHTML,botulinum toxin
197447,266761,Staffs,BioHTML,botulinum toxin
197449,266761,Staffs,BioHTML,botulinum toxin
197453,266761,Staffs,BioHTML,botulinum toxin
197456,266761,Staffs,BioHTML,botulinum toxin
197476,3305097,Clinic_ProcedurePricing,details,Botox
197482,3305346,Clinic_ProcedurePricing,details,Botox
197484,3305316,Clinic_ProcedurePricing,details,Botox
197491,3305286,Clinic_ProcedurePricing,details,Botox
197493,3305376,Clinic_ProcedurePricing,details,Botox
197504,266816,Staffs,BioHTML,Botox
197707,267152,Staffs,BioHTML,Botox
197707,272141,Staffs,BioHTML,Botox
197739,3310120,Clinic_ProcedurePricing,details,Gardasil
197739,3310137,Clinic_ProcedurePricing,details,Gardasil
197764,267263,Staffs,BioHTML,Botox
197929,267441,Staffs,BioHTML,botulinum toxin
197966,197966,clinics,name,Renova
198098,3316954,Clinic_ProcedurePricing,treatment,Latanoprost
198109,3317326,Clinic_ProcedurePricing,treatment,Latanoprost
198112,3317428,Clinic_ProcedurePricing,treatment,Latanoprost
198115,3317190,Clinic_ProcedurePricing,treatment,Latanoprost
198116,3317394,Clinic_ProcedurePricing,treatment,Latanoprost
198117,3317292,Clinic_ProcedurePricing,treatment,Latanoprost
198118,3317258,Clinic_ProcedurePricing,treatment,Latanoprost
198119,3317360,Clinic_ProcedurePricing,treatment,Latanoprost
198121,3317224,Clinic_ProcedurePricing,treatment,Latanoprost
198130,267635,Staffs,BioHTML,Botox
198185,267675,Staffs,BioHTML,Botox
198187,267675,Staffs,BioHTML,Botox
198189,267675,Staffs,BioHTML,Botox
198190,267675,Staffs,BioHTML,Botox
198230,3320625,Clinic_ProcedurePricing,details,botulinum toxin
198241,3320828,Clinic_ProcedurePricing,details,Botox
198273,3320896,Clinic_ProcedurePricing,details,hyaluronidase
198373,3322465,Clinic_ProcedurePricing,details,Botox
198384,267964,Staffs,BioHTML,Avastin
198384,267964,Staffs,BioHTML,Lucentis
198384,267964,Staffs,BioHTML,RETISERT
198384,267964,Staffs,BioHTML,Triamcinolone
198387,3322505,Clinic_ProcedurePricing,details,Botox
198396,267964,Staffs,BioHTML,Avastin
198396,267964,Staffs,BioHTML,Lucentis
198396,267964,Staffs,BioHTML,RETISERT
198396,267964,Staffs,BioHTML,Triamcinolone
198451,268018,Staffs,BioHTML,Botox
198467,268039,Staffs,BioHTML,Mirena
198615,268305,Staffs,BioHTML,BOTOX
198649,3326944,Clinic_ProcedurePricing,treatment,Mirena
198680,268376,Staffs,BioHTML,Botox
198696,268376,Staffs,BioHTML,Botox
198719,268437,Staffs,BioHTML,versed
198731,268437,Staffs,BioHTML,versed
198764,268519,Staffs,BioHTML,Mirena
198794,268566,Staffs,BioHTML,Botulinum toxin
198810,268566,Staffs,BioHTML,Botulinum toxin
198811,268566,Staffs,BioHTML,Botulinum toxin
198831,3331164,Clinic_ProcedurePricing,treatment,Botox
198831,3331165,Clinic_ProcedurePricing,treatment,Botox
198936,198936,clinics,name,Equipoise
198936,3333245,Clinic_ProcedurePricing,treatment,Equipoise
198936,3333311,Clinic_ProcedurePricing,treatment,Equipoise
198940,268838,Staffs,BioHTML,Botox
198943,198943,clinics,longdescription,Insulin
198962,268871,Staffs,BioHTML,Restylane
198975,3334225,Clinic_ProcedurePricing,details,Botox
198975,3334227,Clinic_ProcedurePricing,details,Botox
199127,269200,Staffs,BioHTML,botulinum toxin
199264,269452,Staffs,BioHTML,botulinum toxin
199362,3341590,Clinic_ProcedurePricing,details,botulinum toxin
199371,3341679,Clinic_ProcedurePricing,details,botulinum toxin
199372,3341695,Clinic_ProcedurePricing,details,botulinum toxin
199424,3342637,Clinic_ProcedurePricing,details,Botox
199443,199443,clinics,name,Definity
199443,269688,Staffs,BioHTML,Definity
199498,269744,Staffs,BioHTML,Botulinum Toxin
199589,269879,Staffs,BioHTML,Botulinum Toxin
199591,3345338,Clinic_ProcedurePricing,treatment,Albumin
199711,3346657,Clinic_ProcedurePricing,details,Juvederm
199749,3348351,Clinic_ProcedurePricing,treatment,Guanidine
199829,199829,clinics,name,Camila
199829,270164,Staffs,Name,Camila
199830,199830,clinics,name,Camila
199830,270166,Staffs,BioHTML,Camila
199830,270166,Staffs,Name,Camila
199941,270355,Staffs,Name,Camila
199946,270355,Staffs,Name,Camila
199947,270355,Staffs,Name,Camila
199948,270355,Staffs,Name,Camila
200005,270449,Staffs,Name,Camila
200101,270622,Staffs,Name,Camila
200102,200102,clinics,name,Camila
200102,270636,Staffs,Name,Camila
200135,270683,Staffs,BioHTML,botox
200175,3355552,Clinic_ProcedurePricing,details,Botulinum toxin
200183,3355781,Clinic_ProcedurePricing,details,botulinum toxin
200205,270817,Staffs,Name,Camila
200335,3358681,Clinic_ProcedurePricing,details,botox
200450,271248,Staffs,Name,Camila
200454,271242,Staffs,Name,Camila
200544,271379,Staffs,Name,Camila
200632,3363290,Clinic_ProcedurePricing,treatment,Testosterone
200639,271508,Staffs,BioHTML,botulinum toxin
200640,271513,Staffs,LastName,Cotrim
200781,55529,reviews,TreatmentName,Botox
200790,271808,Staffs,Name,Camila
200878,3367642,Clinic_ProcedurePricing,details,Botulinum toxin
200883,3367689,Clinic_ProcedurePricing,details,Botulinum toxin
200956,271977,Staffs,BioHTML,finasteride
201015,272042,Staffs,Name,Camila
201052,272089,Staffs,BioHTML,botulinum toxin
201158,272170,Staffs,Name,Camila
201250,272296,Staffs,Name,Camila
201362,3375262,Clinic_ProcedurePricing,details,botulinum toxin
201468,272555,Staffs,Name,Camila
201472,272563,Staffs,Name,Camila
201508,272611,Staffs,BioHTML,botox
201559,272687,Staffs,Name,Camila
201596,272707,Staffs,BioHTML,Botulinum Toxin
201731,272886,Staffs,BioHTML,Botulinum Toxin
201736,272886,Staffs,BioHTML,Botulinum Toxin
201746,272903,Staffs,BioHTML,Botulinum Toxin
201790,272961,Staffs,BioHTML,BOTOX
201790,272961,Staffs,BioHTML,botulinum toxin
201797,272973,Staffs,BioHTML,Botox
201797,272973,Staffs,BioHTML,botulinum toxin
201797,272974,Staffs,BioHTML,Botox
201895,273115,Staffs,BioHTML,Botox
202018,273296,Staffs,Name,Camila
202185,273514,Staffs,BioHTML,botox
202238,273608,Staffs,Name,Camila
202303,3388694,Clinic_ProcedurePricing,treatment,Botulinum Toxin
202303,3388707,Clinic_ProcedurePricing,treatment,Botulinum Toxin
202303,273749,Staffs,BioHTML,Botulinum Toxin
202418,273874,Staffs,BioHTML,Botulinum Toxin
202426,273874,Staffs,BioHTML,Botulinum Toxin
202482,273989,Staffs,Name,Camila
202534,274032,Staffs,Name,Camila
202542,274045,Staffs,BioHTML,Botox
202542,274045,Staffs,BioHTML,Botulinum Toxin
202571,274090,Staffs,BioHTML,Camila
202617,274148,Staffs,BioHTML,Botulinum Toxin
202638,274170,Staffs,BioHTML,Botulinum Toxin
202643,274178,Staffs,BioHTML,heparin
202652,274178,Staffs,BioHTML,heparin
202674,202674,clinics,name,Camila
202674,274218,Staffs,Name,Camila
202715,274284,Staffs,BioHTML,Botulinum Toxin
202716,202716,clinics,name,Soma
202723,274311,Staffs,BioHTML,Botulinum Toxin
202861,274541,Staffs,Name,Camila
202976,274693,Staffs,BioHTML,Growth Hormone
202996,274726,Staffs,Name,Camila
203006,274726,Staffs,Name,Camila
203095,274866,Staffs,BioHTML,Botulinum Toxin
203110,274876,Staffs,Name,Camila
203120,274876,Staffs,Name,Camila
203127,274876,Staffs,Name,Camila
203128,274876,Staffs,Name,Camila
203130,274876,Staffs,Name,Camila
203131,274876,Staffs,Name,Camila
203132,274876,Staffs,Name,Camila
203134,274876,Staffs,Name,Camila
203136,274876,Staffs,Name,Camila
203137,274898,Staffs,BioHTML,Botulinum Toxin
203140,274876,Staffs,Name,Camila
203197,275021,Staffs,BioHTML,Botox
203197,279319,Staffs,BioHTML,Botox
203197,279321,Staffs,BioHTML,botox
203230,275043,Staffs,BioHTML,botulinum toxin
203277,203277,clinics,name,Renova
203304,275137,Staffs,Name,Camila
203321,275172,Staffs,BioHTML,Botox
203338,275191,Staffs,BioHTML,versed
203375,3405093,Clinic_ProcedurePricing,details,botox
203389,275239,Staffs,BioHTML,BOTOX
203389,275239,Staffs,BioHTML,Juvederm
203389,275239,Staffs,BioHTML,Restylane
203394,3405466,Clinic_ProcedurePricing,details,testosterone
203395,3405383,Clinic_ProcedurePricing,details,botulinum toxin
203400,275239,Staffs,BioHTML,BOTOX
203400,275239,Staffs,BioHTML,Juvederm
203400,275239,Staffs,BioHTML,Restylane
203401,3405618,Clinic_ProcedurePricing,details,testosterone
203403,3405436,Clinic_ProcedurePricing,details,botulinum toxin
203407,275256,Staffs,BioHTML,Botox
203407,275256,Staffs,BioHTML,Juvederm
203410,3405660,Clinic_ProcedurePricing,details,testosterone
203431,275287,Staffs,BioHTML,botox
203439,275292,Staffs,BioHTML,Botox
203508,275462,Staffs,BioHTML,versed
203548,275492,Staffs,BioHTML,BOTOX
203548,275493,Staffs,BioHTML,versed
203562,275524,Staffs,BioHTML,Botox
203569,275524,Staffs,BioHTML,Botox
203585,3408812,Clinic_ProcedurePricing,treatment,Growth Hormone
203585,3408843,Clinic_ProcedurePricing,treatment,Testosterone
203593,3408913,Clinic_ProcedurePricing,treatment,Testosterone
203593,3408914,Clinic_ProcedurePricing,treatment,Growth Hormone
203608,3409398,Clinic_ProcedurePricing,details,Botox
203619,3409671,Clinic_ProcedurePricing,details,Juvederm
203619,275587,Staffs,BioHTML,Botox
203619,275587,Staffs,BioHTML,Juvederm
203619,275588,Staffs,BioHTML,Botox
203619,275590,Staffs,BioHTML,Botox
203619,275590,Staffs,BioHTML,Juvederm
203619,275590,Staffs,BioHTML,Restylane
203645,275610,Staffs,BioHTML,Botox
203654,275610,Staffs,BioHTML,Botox
203664,275626,Staffs,BioHTML,Botox
203664,275627,Staffs,BioHTML,Botox
203664,275627,Staffs,BioHTML,Juvederm
203664,275627,Staffs,BioHTML,Restylane
203678,3410742,Clinic_ProcedurePricing,details,Botulinum toxin
203691,275658,Staffs,BioHTML,Botox
203691,275658,Staffs,BioHTML,Dysport
203691,275658,Staffs,BioHTML,Perlane
203691,275658,Staffs,BioHTML,Restylane
203691,275658,Staffs,BioHTML,Sculptra
203694,275665,Staffs,BioHTML,BOTOX
203701,275669,Staffs,BioHTML,Hydroxyurea
203715,3411592,Clinic_ProcedurePricing,treatment,Levulan
203722,3411706,Clinic_ProcedurePricing,treatment,Testosterone
203722,3411943,Clinic_ProcedurePricing,treatment,Testosterone
203722,3411947,Clinic_ProcedurePricing,treatment,Testosterone
203730,3411762,Clinic_ProcedurePricing,treatment,Levulan
203745,275707,Staffs,BioHTML,versed
203755,3412357,Clinic_ProcedurePricing,treatment,Testosterone
203756,3412415,Clinic_ProcedurePricing,details,Perlane
203756,275720,Staffs,BioHTML,Botox
203756,275720,Staffs,BioHTML,Dysport
203756,275720,Staffs,BioHTML,Juvederm
203756,275720,Staffs,BioHTML,Restylane
203775,275753,Staffs,BioHTML,Dysport
203775,275753,Staffs,BioHTML,Sculptra
203775,275753,Staffs,BioHTML,Xeomin
203777,275758,Staffs,BioHTML,Botox
203777,275758,Staffs,BioHTML,Juvederm
203777,275758,Staffs,BioHTML,Perlane
203777,275758,Staffs,BioHTML,Restylane
203792,275758,Staffs,BioHTML,Botox
203792,275758,Staffs,BioHTML,Juvederm
203792,275758,Staffs,BioHTML,Perlane
203792,275758,Staffs,BioHTML,Restylane
203815,275802,Staffs,BioHTML,Botox
203815,275802,Staffs,BioHTML,Juvederm
203815,275802,Staffs,BioHTML,Xeomin
203826,275802,Staffs,BioHTML,Botox
203826,275802,Staffs,BioHTML,Juvederm
203826,275802,Staffs,BioHTML,Xeomin
203842,275837,Staffs,BioHTML,versed
203849,275842,Staffs,BioHTML,Botox
203849,275842,Staffs,BioHTML,Juvederm
203849,275843,Staffs,BioHTML,Botox
203849,275843,Staffs,BioHTML,Juvederm
203849,275843,Staffs,BioHTML,Restylane
203861,275837,Staffs,BioHTML,versed
203901,3415895,Clinic_ProcedurePricing,treatment,Retin A
203901,3415896,Clinic_ProcedurePricing,treatment,Retin A
203901,3415897,Clinic_ProcedurePricing,treatment,Retin A
203901,3415906,Clinic_ProcedurePricing,treatment,microderm
203909,3416444,Clinic_ProcedurePricing,treatment,Retin A
203909,3416445,Clinic_ProcedurePricing,treatment,Retin A
203909,3416446,Clinic_ProcedurePricing,treatment,Retin A
203909,3416455,Clinic_ProcedurePricing,treatment,microderm
203954,275948,Staffs,BioHTML,Botox
203964,3417566,Clinic_ProcedurePricing,details,Juvederm
203973,203973,clinics,name,Soma
203973,3417741,Clinic_ProcedurePricing,details,Botox
203973,3417791,Clinic_ProcedurePricing,treatment,Soma
203973,3417916,Clinic_ProcedurePricing,treatment,Soma
203973,275974,Staffs,BioHTML,Soma
203974,3417831,Clinic_ProcedurePricing,details,Botox
203980,3418088,Clinic_ProcedurePricing,details,Botulinum toxin
203984,3418153,Clinic_ProcedurePricing,details,botulinum toxin
203996,276009,Staffs,BioHTML,BOTOX
203998,3418345,Clinic_ProcedurePricing,details,botulinum toxin
204000,3418295,Clinic_ProcedurePricing,details,botulinum toxin
204011,276024,Staffs,BioHTML,Botox
204011,276024,Staffs,BioHTML,Juvederm
204041,276055,Staffs,BioHTML,Botox
204044,3419356,Clinic_ProcedurePricing,details,botulinum toxin
204051,3419384,Clinic_ProcedurePricing,details,Botox
204080,276107,Staffs,BioHTML,Dysport
204080,276107,Staffs,BioHTML,Perlane
204080,276107,Staffs,BioHTML,Restylane
204083,3420003,Clinic_ProcedurePricing,treatment,Testosterone
204089,276172,Staffs,BioHTML,botox
204106,279362,Staffs,BioHTML,Restylane
204124,3420636,Clinic_ProcedurePricing,treatment,Latisse
204137,276219,Staffs,BioHTML,Botox
204144,276219,Staffs,BioHTML,Botox
204147,3421123,Clinic_ProcedurePricing,treatment,Levulan
204164,3421488,Clinic_ProcedurePricing,details,bimatoprost
204175,3421566,Clinic_ProcedurePricing,details,bimatoprost
204190,3421986,Clinic_ProcedurePricing,details,Restylane
204194,276310,Staffs,BioHTML,Botox
204194,276310,Staffs,BioHTML,Juvederm
204196,3422223,Clinic_ProcedurePricing,details,Dysport
204203,276323,Staffs,BioHTML,Botox
204208,3422454,Clinic_ProcedurePricing,details,botulinum toxin
204216,3422588,Clinic_ProcedurePricing,details,Botox
204219,3422667,Clinic_ProcedurePricing,details,Botox
204221,3422696,Clinic_ProcedurePricing,details,Botox
204222,3422718,Clinic_ProcedurePricing,details,Botox
204283,276460,Staffs,BioHTML,Botox
204286,3424097,Clinic_ProcedurePricing,details,Botox
204286,3424097,Clinic_ProcedurePricing,details,Dysport
204286,3424097,Clinic_ProcedurePricing,details,Xeomin
204313,3424791,Clinic_ProcedurePricing,treatment,Microderm
204313,3424836,Clinic_ProcedurePricing,treatment,Latisse
204326,276530,Staffs,BioHTML,botox
204328,276535,Staffs,BioHTML,BOTOX
204342,3425453,Clinic_ProcedurePricing,details,albumin
204351,276558,Staffs,BioHTML,versed
204358,276570,Staffs,BioHTML,versed
204379,3426468,Clinic_ProcedurePricing,details,Botox
204379,3426468,Clinic_ProcedurePricing,details,botulinum toxin
204379,3426468,Clinic_ProcedurePricing,details,Dysport
204379,3426484,Clinic_ProcedurePricing,details,Juvederm
204379,3426484,Clinic_ProcedurePricing,details,Restylane
204380,276594,Staffs,BioHTML,Levulan
204393,3426616,Clinic_ProcedurePricing,treatment,Microderm
204395,276607,Staffs,BioHTML,Botox
204395,276607,Staffs,BioHTML,Dysport
204395,276607,Staffs,BioHTML,Juvederm
204395,276607,Staffs,BioHTML,Perlane
204395,276607,Staffs,BioHTML,Restylane
204397,276594,Staffs,BioHTML,Levulan
204408,3426844,Clinic_ProcedurePricing,details,Botox
204416,3427029,Clinic_ProcedurePricing,details,Botulinum Toxin
204419,276683,Staffs,BioHTML,Botox
204458,3427629,Clinic_ProcedurePricing,details,Juvederm
204460,3427759,Clinic_ProcedurePricing,details,Botox
204461,276683,Staffs,BioHTML,Botox
204464,3427791,Clinic_ProcedurePricing,details,Juvederm
204474,276713,Staffs,BioHTML,Botox
204485,276713,Staffs,BioHTML,Botox
204492,3428560,Clinic_ProcedurePricing,details,Botulinum Toxin
204505,3428829,Clinic_ProcedurePricing,details,Botulinum Toxin
204509,3428853,Clinic_ProcedurePricing,details,Botulinum Toxin
204510,3428781,Clinic_ProcedurePricing,details,Botulinum Toxin
204511,3428805,Clinic_ProcedurePricing,details,Botulinum Toxin
204513,3428757,Clinic_ProcedurePricing,details,Botulinum Toxin
204514,3429070,Clinic_ProcedurePricing,treatment,Testosterone
204520,3429143,Clinic_ProcedurePricing,details,botulinum toxin
204523,3429166,Clinic_ProcedurePricing,treatment,Testosterone
204526,3429173,Clinic_ProcedurePricing,treatment,Testosterone
204531,3429338,Clinic_ProcedurePricing,details,testosterone
204535,3429635,Clinic_ProcedurePricing,treatment,Microderm
204540,276804,Staffs,BioHTML,Botox
204552,276829,Staffs,BioHTML,Botox
204552,276829,Staffs,BioHTML,Juvederm
204552,276829,Staffs,BioHTML,Restylane
204557,276833,Staffs,BioHTML,Botox
204573,3430680,Clinic_ProcedurePricing,details,botulinum toxin
204585,3431222,Clinic_ProcedurePricing,details,BOTOX
204613,3431613,Clinic_ProcedurePricing,details,testosterone
204618,3431649,Clinic_ProcedurePricing,details,testosterone
204663,3432826,Clinic_ProcedurePricing,details,Botulinum Toxin
204670,277005,Staffs,BioHTML,Latisse
204679,3433052,Clinic_ProcedurePricing,details,Botulinum Toxin
204681,3433132,Clinic_ProcedurePricing,details,Botulinum Toxin
204683,277034,Staffs,BioHTML,Botox
204683,277034,Staffs,BioHTML,Dysport
204683,277034,Staffs,BioHTML,Juvederm
204683,277034,Staffs,BioHTML,Restylane
204684,277028,Staffs,BioHTML,Botox
204684,277028,Staffs,BioHTML,Dysport
204684,277028,Staffs,BioHTML,Juvederm
204684,277028,Staffs,BioHTML,Perlane
204684,277028,Staffs,BioHTML,Restylane
204684,277028,Staffs,BioHTML,Xeomin
204685,277026,Staffs,BioHTML,Botox
204685,277026,Staffs,BioHTML,Juvederm
204686,3433227,Clinic_ProcedurePricing,details,Botulinum Toxin
204687,3433314,Clinic_ProcedurePricing,details,Botulinum Toxin
204688,3433434,Clinic_ProcedurePricing,details,Botulinum Toxin
204696,277049,Staffs,BioHTML,Botox
204696,277049,Staffs,BioHTML,Juvederm
204719,3434391,Clinic_ProcedurePricing,treatment,Latisse
204723,277098,Staffs,BioHTML,Botulinum Toxin
204723,277098,Staffs,BioHTML,Juvederm
204727,277105,Staffs,BioHTML,Botox
204727,277105,Staffs,BioHTML,Juvederm
204727,277107,Staffs,BioHTML,Botox
204729,3434885,Clinic_ProcedurePricing,treatment,Microderm
204729,3434897,Clinic_ProcedurePricing,treatment,Microderm
204729,3434907,Clinic_ProcedurePricing,treatment,Microderm
204734,277118,Staffs,BioHTML,Botox
204741,3435091,Clinic_ProcedurePricing,details,Botulinum toxin
204742,277118,Staffs,BioHTML,Botox
204743,3435090,Clinic_ProcedurePricing,details,botulinum toxin
204756,3435246,Clinic_ProcedurePricing,details,Botulinum toxin
204757,3435268,Clinic_ProcedurePricing,details,Botulinum toxin
204773,3435857,Clinic_ProcedurePricing,details,Botox
204775,277182,Staffs,BioHTML,Botox
204777,3436044,Clinic_ProcedurePricing,treatment,RENOVA
204777,277189,Staffs,BioHTML,Botox
204777,277190,Staffs,BioHTML,Botox
204803,3436751,Clinic_ProcedurePricing,details,Restylane
204819,3437157,Clinic_ProcedurePricing,details,Restylane
204821,3437085,Clinic_ProcedurePricing,details,botulinum toxin
204835,3437412,Clinic_ProcedurePricing,details,botulinum toxin
204840,3437483,Clinic_ProcedurePricing,details,botulinum toxin
204841,3437510,Clinic_ProcedurePricing,details,botulinum toxin
204860,277330,Staffs,BioHTML,Botox
204860,277330,Staffs,BioHTML,Dysport
204860,277330,Staffs,BioHTML,Juvederm
204860,277330,Staffs,BioHTML,Perlane
204860,277330,Staffs,BioHTML,Restylane
204860,277330,Staffs,BioHTML,Xeomin
204864,3437999,Clinic_ProcedurePricing,details,Botox
204868,3438307,Clinic_ProcedurePricing,details,Botulinum Toxin
204877,3438401,Clinic_ProcedurePricing,details,Botulinum Toxin
204885,277371,Staffs,BioHTML,Botox
204885,277371,Staffs,BioHTML,Dysport
204885,277371,Staffs,BioHTML,Juvederm
204885,277371,Staffs,BioHTML,Perlane
204885,277371,Staffs,BioHTML,Restylane
204885,277371,Staffs,BioHTML,Xeomin
204900,3439379,Clinic_ProcedurePricing,treatment,Microderm
204901,277405,Staffs,BioHTML,Botox
204903,277411,Staffs,BioHTML,BOTOX
204946,3440612,Clinic_ProcedurePricing,details,Botox
204947,277492,Staffs,BioHTML,Botox
204969,3441156,Clinic_ProcedurePricing,details,testosterone
204982,277554,Staffs,BioHTML,Retin-A
204984,277560,Staffs,BioHTML,Apomorphine
205001,3441705,Clinic_ProcedurePricing,treatment,Microderm
205001,3441706,Clinic_ProcedurePricing,treatment,Levulan
205001,3441745,Clinic_ProcedurePricing,details,Botox
205001,277593,Staffs,BioHTML,Botox
205001,277593,Staffs,BioHTML,Juvederm
205001,277593,Staffs,BioHTML,Sculptra
205039,3442740,Clinic_ProcedurePricing,treatment,Levulan
205039,277651,Staffs,BioHTML,Botox
205039,277651,Staffs,BioHTML,Evolence
205039,277651,Staffs,BioHTML,Juvederm
205039,277651,Staffs,BioHTML,Perlane
205039,277651,Staffs,BioHTML,Restylane
205039,277655,Staffs,BioHTML,Botox
205039,277655,Staffs,BioHTML,Juvederm
205039,277655,Staffs,BioHTML,Restylane
205039,277656,Staffs,BioHTML,Botox
205039,277656,Staffs,BioHTML,Juvederm
205054,3442833,Clinic_ProcedurePricing,treatment,Levulan
205054,277651,Staffs,BioHTML,Botox
205054,277651,Staffs,BioHTML,Evolence
205054,277651,Staffs,BioHTML,Juvederm
205054,277651,Staffs,BioHTML,Perlane
205054,277651,Staffs,BioHTML,Restylane
205054,277655,Staffs,BioHTML,Botox
205054,277655,Staffs,BioHTML,Juvederm
205054,277655,Staffs,BioHTML,Restylane
205054,277656,Staffs,BioHTML,Botox
205054,277656,Staffs,BioHTML,Juvederm
205060,277696,Staffs,BioHTML,Botox
205063,3444433,Clinic_ProcedurePricing,details,Botox
205073,277718,Staffs,BioHTML,Sculptra
205080,205080,clinics,name,Sonata
205088,277742,Staffs,BioHTML,Botox
205090,277748,Staffs,BioHTML,Botox
205094,277755,Staffs,BioHTML,botox
205094,277755,Staffs,BioHTML,dysport
205096,277748,Staffs,BioHTML,Botox
205098,277748,Staffs,BioHTML,Botox
205100,277748,Staffs,BioHTML,Botox
205103,277748,Staffs,BioHTML,Botox
205107,3445212,Clinic_ProcedurePricing,details,Botox
205110,277780,Staffs,BioHTML,versed
205111,3445564,Clinic_ProcedurePricing,details,Botox
205113,277788,Staffs,BioHTML,Botox
205113,277788,Staffs,BioHTML,Dysport
205113,277793,Staffs,BioHTML,Botox
205124,3445623,Clinic_ProcedurePricing,details,botox
205131,277824,Staffs,BioHTML,Botox
205131,277829,Staffs,BioHTML,botox
205137,277838,Staffs,BioHTML,botulinum toxin
205140,277846,Staffs,BioHTML,Botox
205146,3446214,Clinic_ProcedurePricing,details,Botox
205148,3446166,Clinic_ProcedurePricing,details,BOTOX
205155,277868,Staffs,BioHTML,versed
205161,3446440,Clinic_ProcedurePricing,details,Botox
205166,3446473,Clinic_ProcedurePricing,details,Botox
205175,205175,clinics,longdescription,Finasteride
205187,277943,Staffs,BioHTML,Botox
205187,277943,Staffs,BioHTML,Dysport
205187,277943,Staffs,BioHTML,Juvederm
205187,277943,Staffs,BioHTML,Restylane
205187,277943,Staffs,BioHTML,Xeomin
205188,277943,Staffs,BioHTML,Botox
205188,277943,Staffs,BioHTML,Dysport
205188,277943,Staffs,BioHTML,Juvederm
205188,277943,Staffs,BioHTML,Restylane
205188,277943,Staffs,BioHTML,Xeomin
205189,277943,Staffs,BioHTML,Botox
205189,277943,Staffs,BioHTML,Dysport
205189,277943,Staffs,BioHTML,Juvederm
205189,277943,Staffs,BioHTML,Restylane
205189,277943,Staffs,BioHTML,Xeomin
205212,3447691,Clinic_ProcedurePricing,treatment,Metformin
205213,3447712,Clinic_ProcedurePricing,treatment,Metformin
205256,278085,Staffs,BioHTML,BOTOX
205259,278135,Staffs,BioHTML,Botox
205271,278109,Staffs,BioHTML,Botox
205271,278109,Staffs,BioHTML,Juvederm
205273,278113,Staffs,BioHTML,Xiaflex
205279,278113,Staffs,BioHTML,Xiaflex
205280,278113,Staffs,BioHTML,Xiaflex
205281,278113,Staffs,BioHTML,Xiaflex
205282,278113,Staffs,BioHTML,Xiaflex
205283,278113,Staffs,BioHTML,Xiaflex
205288,3448968,Clinic_ProcedurePricing,details,Botox
205308,3449388,Clinic_ProcedurePricing,details,Botox
205312,3449377,Clinic_ProcedurePricing,details,botulinum toxin
205313,3449415,Clinic_ProcedurePricing,details,Restylane
205315,3449396,Clinic_ProcedurePricing,details,botulinum toxin
205316,3449408,Clinic_ProcedurePricing,details,botulinum toxin
205319,3449420,Clinic_ProcedurePricing,details,botulinum toxin
205323,3449491,Clinic_ProcedurePricing,details,Restylane
205324,3449524,Clinic_ProcedurePricing,details,Restylane
205332,278193,Staffs,BioHTML,Botox
205332,278193,Staffs,BioHTML,Dysport
205332,278193,Staffs,BioHTML,Juvederm
205350,3450326,Clinic_ProcedurePricing,details,Botulinum toxin
205354,3450363,Clinic_ProcedurePricing,details,Botulinum toxin
205361,3450573,Clinic_ProcedurePricing,treatment,Microderm
205367,3450702,Clinic_ProcedurePricing,treatment,Levulan
205384,278286,Staffs,BioHTML,Botox
205384,278286,Staffs,BioHTML,Dysport
205384,278294,Staffs,BioHTML,Botox
205385,278287,Staffs,BioHTML,Meridia
205393,3451315,Clinic_ProcedurePricing,treatment,Asclera
205396,278295,Staffs,BioHTML,Botox
205397,278298,Staffs,BioHTML,Botox
205397,278298,Staffs,BioHTML,Restylane
205397,278298,Staffs,BioHTML,Sculptra
205402,278287,Staffs,BioHTML,Meridia
205403,278287,Staffs,BioHTML,Meridia
205404,278287,Staffs,BioHTML,Meridia
205410,278298,Staffs,BioHTML,Botox
205410,278298,Staffs,BioHTML,Restylane
205410,278298,Staffs,BioHTML,Sculptra
205414,3451749,Clinic_ProcedurePricing,details,botulinum toxin
205429,3452131,Clinic_ProcedurePricing,details,BOTOX
205444,3452473,Clinic_ProcedurePricing,details,botulinum toxin
205462,3452811,Clinic_ProcedurePricing,treatment,Testosterone
205462,3452831,Clinic_ProcedurePricing,treatment,Growth Hormone
205465,3452855,Clinic_ProcedurePricing,details,botulinum toxin
205467,278401,Staffs,BioHTML,Botox
205467,278401,Staffs,BioHTML,Dysport
205474,278401,Staffs,BioHTML,Botox
205474,278401,Staffs,BioHTML,Dysport
205475,278401,Staffs,BioHTML,Botox
205475,278401,Staffs,BioHTML,Dysport
205478,278411,Staffs,BioHTML,Meridia
205483,3453284,Clinic_ProcedurePricing,details,botulinum toxin
205486,3453305,Clinic_ProcedurePricing,details,botulinum toxin
205487,3453319,Clinic_ProcedurePricing,details,botulinum toxin
205493,3453513,Clinic_ProcedurePricing,details,Restylane
205498,3453587,Clinic_ProcedurePricing,details,botulinum toxin
205499,278441,Staffs,BioHTML,Botox
205499,278442,Staffs,BioHTML,Botox
205503,3453674,Clinic_ProcedurePricing,details,botulinum toxin
205505,3453712,Clinic_ProcedurePricing,details,botulinum toxin
205506,278441,Staffs,BioHTML,Botox
205506,278442,Staffs,BioHTML,Botox
205507,3453750,Clinic_ProcedurePricing,details,botulinum toxin
205508,278441,Staffs,BioHTML,Botox
205508,278442,Staffs,BioHTML,Botox
205509,3453788,Clinic_ProcedurePricing,details,botulinum toxin
205512,3454048,Clinic_ProcedurePricing,details,Botox
205512,3454048,Clinic_ProcedurePricing,details,botulinum toxin
205513,278453,Staffs,BioHTML,Juvederm
205513,278453,Staffs,BioHTML,Restylane
205514,3453936,Clinic_ProcedurePricing,details,Botulinum Toxin
205516,278453,Staffs,BioHTML,Juvederm
205516,278453,Staffs,BioHTML,Restylane
205518,278463,Staffs,BioHTML,Botox
205518,278463,Staffs,BioHTML,Dysport
205518,278463,Staffs,BioHTML,Xeomin
205546,3454942,Clinic_ProcedurePricing,details,testosterone
205569,3454873,Clinic_ProcedurePricing,treatment,Levulan
205577,3455075,Clinic_ProcedurePricing,details,Botox
205577,278535,Staffs,BioHTML,Botox
205582,278543,Staffs,BioHTML,Botox
205582,278543,Staffs,BioHTML,Dysport
205588,3455392,Clinic_ProcedurePricing,treatment,Levulan
205588,278564,Staffs,BioHTML,Botox
205589,278558,Staffs,BioHTML,Botox
205603,3455691,Clinic_ProcedurePricing,treatment,Anastrozole
205603,3455695,Clinic_ProcedurePricing,treatment,Testosterone
205650,3456818,Clinic_ProcedurePricing,details,botulinum toxin
205680,278676,Staffs,BioHTML,Botox
205687,278676,Staffs,BioHTML,Botox
205689,3458119,Clinic_ProcedurePricing,details,Botox
205689,3458123,Clinic_ProcedurePricing,details,Juvederm
205689,278691,Staffs,BioHTML,Botox
205689,278691,Staffs,BioHTML,Juvederm
205689,278692,Staffs,BioHTML,Botox
205689,278692,Staffs,BioHTML,Juvederm
205689,278693,Staffs,BioHTML,Botox
205689,278693,Staffs,BioHTML,Juvederm
205692,3458181,Clinic_ProcedurePricing,details,Botox
205692,3459536,Clinic_ProcedurePricing,treatment,Restylane
205692,3459536,Clinic_ProcedurePricing,details,Restylane
205709,278728,Staffs,BioHTML,versed
205710,278739,Staffs,BioHTML,Botox
205717,3458682,Clinic_ProcedurePricing,details,Botox
205717,278727,Staffs,BioHTML,Botox
205720,3458702,Clinic_ProcedurePricing,details,Botox
205720,278727,Staffs,BioHTML,Botox
205733,278728,Staffs,BioHTML,versed
205734,278736,Staffs,BioHTML,Botox
205734,278736,Staffs,BioHTML,Juvederm
205745,3459487,Clinic_ProcedurePricing,details,Restylane
205747,3459527,Clinic_ProcedurePricing,details,Botox
205747,278759,Staffs,BioHTML,Botox
205747,278759,Staffs,BioHTML,Juvederm
205753,3459537,Clinic_ProcedurePricing,details,Restylane
205756,278769,Staffs,BioHTML,Botox
205759,3459791,Clinic_ProcedurePricing,details,botulinum toxin
205759,3459813,Clinic_ProcedurePricing,details,Juvederm
205759,278775,Staffs,BioHTML,Retin-A
205765,3459778,Clinic_ProcedurePricing,treatment,Restylane
205765,3459778,Clinic_ProcedurePricing,details,Restylane
205765,3459784,Clinic_ProcedurePricing,details,Botox
205766,278781,Staffs,BioHTML,Botox
205769,3459834,Clinic_ProcedurePricing,details,Juvederm
205769,3459838,Clinic_ProcedurePricing,details,botulinum toxin
205769,278775,Staffs,BioHTML,Retin-A
205770,3459861,Clinic_ProcedurePricing,details,Juvederm
205770,3459865,Clinic_ProcedurePricing,details,botulinum toxin
205770,278775,Staffs,BioHTML,Retin-A
205773,3460081,Clinic_ProcedurePricing,details,Botox
205774,278781,Staffs,BioHTML,Botox
205782,3460527,Clinic_ProcedurePricing,details,Botox
205787,3460239,Clinic_ProcedurePricing,details,Dysport
205791,3460429,Clinic_ProcedurePricing,details,Botox
205794,278816,Staffs,BioHTML,BOTOX
205794,278816,Staffs,BioHTML,Latisse
205802,3460624,Clinic_ProcedurePricing,details,botox
205806,3461001,Clinic_ProcedurePricing,details,botulinum toxin
205812,278855,Staffs,BioHTML,BOTOX
205812,278859,Staffs,BioHTML,BOTOX
205812,278859,Staffs,BioHTML,versed
205833,278892,Staffs,BioHTML,Botox
205881,3462723,Clinic_ProcedurePricing,details,Botox
205925,3463807,Clinic_ProcedurePricing,details,Botox
205936,279095,Staffs,BioHTML,Botox
205939,3464048,Clinic_ProcedurePricing,treatment,Asclera
205957,3464462,Clinic_ProcedurePricing,treatment,Accutane
205960,279119,Staffs,BioHTML,Botox
205960,279121,Staffs,BioHTML,Botox
205967,3464558,Clinic_ProcedurePricing,treatment,Accutane
205969,3464611,Clinic_ProcedurePricing,treatment,Accutane
205975,279132,Staffs,BioHTML,Botox
205975,279132,Staffs,BioHTML,Juvederm
205978,279139,Staffs,BioHTML,Botox
205981,3464957,Clinic_ProcedurePricing,details,Perlane
205981,3464957,Clinic_ProcedurePricing,details,Restylane
205985,3465397,Clinic_ProcedurePricing,treatment,Microderm
205985,3465401,Clinic_ProcedurePricing,treatment,Microderm
205985,3465403,Clinic_ProcedurePricing,treatment,Microderm
206004,3465615,Clinic_ProcedurePricing,details,Botox
206010,3465871,Clinic_ProcedurePricing,details,Botox
206024,279194,Staffs,BioHTML,Botox
206064,279257,Staffs,BioHTML,Bleomycin
206069,279267,Staffs,BioHTML,Botulinum toxin
206076,3469268,Clinic_ProcedurePricing,details,spironolactone
206077,3469350,Clinic_ProcedurePricing,treatment,microderm
206082,3469322,Clinic_ProcedurePricing,details,spironolactone
206087,3469741,Clinic_ProcedurePricing,details,botox
206107,3470056,Clinic_ProcedurePricing,details,Botox
206112,3470158,Clinic_ProcedurePricing,details,Botox
206112,279341,Staffs,BioHTML,Botox
206113,3470152,Clinic_ProcedurePricing,details,botulinum toxin
206115,3470145,Clinic_ProcedurePricing,details,Botox
206116,3470140,Clinic_ProcedurePricing,details,Botox
206121,3470313,Clinic_ProcedurePricing,treatment,Levulan
206127,3470449,Clinic_ProcedurePricing,details,botulinum toxin
206173,3471223,Clinic_ProcedurePricing,details,Juvederm
206176,3471238,Clinic_ProcedurePricing,details,botox
206183,3471417,Clinic_ProcedurePricing,details,Botox
206183,3471417,Clinic_ProcedurePricing,details,botulinum toxin
206184,279431,Staffs,BioHTML,Bleomycin
206187,3471451,Clinic_ProcedurePricing,details,Juvederm
206196,279444,Staffs,BioHTML,Botox
206200,3471769,Clinic_ProcedurePricing,details,botulinum toxin
206204,3471851,Clinic_ProcedurePricing,details,botulinum toxin
206383,3481177,Clinic_ProcedurePricing,treatment,Juvederm
206383,3481177,Clinic_ProcedurePricing,treatment,Restylane
206497,52324,reviews,TreatmentName,Botox
206524,280590,Staffs,BioHTML,Botox
206525,280590,Staffs,BioHTML,Botox
206526,3492433,Clinic_ProcedurePricing,details,abobotulinumtoxinA
206526,3492433,Clinic_ProcedurePricing,details,Dysport
206526,280593,Staffs,BioHTML,Botox
206526,280593,Staffs,BioHTML,Restylane
206527,280598,Staffs,BioHTML,Botox
206535,235755,Staffs,BioHTML,Botox
206599,3497268,Clinic_ProcedurePricing,treatment,Avastin
206600,3497391,Clinic_ProcedurePricing,treatment,Latisse
