38495,46997,reviews,TreatmentName,implanon
38797,38797,clinics,name,Syeda
38797,105713,Staffs,Name,Syeda
39560,57782,reviews,TEXT,Botox
39560,57782,reviews,TreatmentName,Botox
39884,39884,clinics,name,Artane
40370,504243,leadfeedback,Comments,botox
40370,53220,reviews,TEXT,botox
40424,40424,clinics,longdescription,versed
40478,7869,reviews,TEXT,clomid
40558,32009,reviews,ClinicsResponse,Juvederm
40558,47925,reviews,TreatmentName,Botox
40558,51103,reviews,TreatmentName,Botox
40558,51353,reviews,TreatmentName,Botox
40558,52010,reviews,TEXT,botox
40558,52010,reviews,TreatmentName,Botox
40558,54014,reviews,TreatmentName,Botox
40558,59617,reviews,TEXT,Botox
40558,59617,reviews,TreatmentName,Botox
40626,409950,Clinic_ProcedurePricing,details,Midazolam
40681,40681,clinics,longdescription,versed
40749,412794,Clinic_ProcedurePricing,details,amoxicillin
40749,412794,Clinic_ProcedurePricing,details,tetracycline
40976,45954,reviews,TEXT,Valium
53280,3590,reviews,TEXT,Novocain
64840,3211343,Clinic_ProcedurePricing,treatment,Arestin
79538,260460,Staffs,BioHTML,Botox
91658,91658,clinics,longdescription,Chlorhexidine
91681,31420,leadfeedback,Comments,versed
91681,3204,reviews,TEXT,versed
91713,53803,reviews,TEXT,Botox
91713,53803,reviews,TreatmentName,Botox
91713,54653,reviews,TreatmentName,Botox
91713,59642,reviews,TreatmentName,Botox
91713,60186,reviews,TreatmentName,Botox
91713,61049,reviews,TreatmentName,Botox
91713,62309,reviews,TEXT,Botox
91713,62309,reviews,Title,Botox
91721,91721,clinics,longdescription,Sculptra
91734,771586,Clinic_ProcedurePricing,details,Novocain
91735,771614,Clinic_ProcedurePricing,details,Novocain
91773,79675,leadfeedback,Comments,sculptra
91775,91775,clinics,shortdescription,Sculptra
91792,773220,Clinic_ProcedurePricing,details,Clindamycin
91792,773220,Clinic_ProcedurePricing,details,Doxycycline
91792,773220,Clinic_ProcedurePricing,details,Minocin
91792,773250,Clinic_ProcedurePricing,details,Elidel
91792,773250,Clinic_ProcedurePricing,details,Levulan
91792,773250,Clinic_ProcedurePricing,details,Metvixia
91792,773250,Clinic_ProcedurePricing,details,pimecrolimus
91792,773250,Clinic_ProcedurePricing,details,Protopic
91792,773250,Clinic_ProcedurePricing,details,tacrolimus
92034,92034,clinics,longdescription,Sculptra
92078,781591,Clinic_ProcedurePricing,details,tetracycline
92136,42304,reviews,ClinicsResponse,Botox
92136,60663,reviews,TreatmentName,botox
92156,12887,reviews,TEXT,Sonata
92156,12887,reviews,staffname,Sonata
92159,401836,leadfeedback,Comments,Coumadin
92173,92173,clinics,longdescription,Sculptra
92562,124991,Staffs,BioHTML,versed
92674,92674,clinics,longdescription,Sculptra
92699,92699,clinics,longdescription,Sculptra
92699,791087,Clinic_ProcedurePricing,details,Sculptra
92722,52853,reviews,TreatmentName,Botox
92834,455940,leadfeedback,Comments,Botox
92839,52842,reviews,TreatmentName,Botox
92839,60870,reviews,TreatmentName,Botox
92963,9450,reviews,ClinicsResponse,botox
92963,10006,reviews,YouReturn,Restylane
92963,35028,reviews,ClinicsResponse,Botox
92963,55758,reviews,TreatmentName,Botox
92963,66808,reviews,TEXT,Botox
92963,66808,reviews,ReviewLongTreatment,Botox
92974,797612,Clinic_ProcedurePricing,details,Amoxicillin
92974,797612,Clinic_ProcedurePricing,details,Augmentin
92974,797612,Clinic_ProcedurePricing,details,Metronidazole
92974,797612,Clinic_ProcedurePricing,details,Nystatin
93005,93005,clinics,longdescription,Soma
93005,126243,Staffs,BioHTML,Soma
93066,799665,Clinic_ProcedurePricing,details,erythromycin
93066,799665,Clinic_ProcedurePricing,details,Tetracycline
93066,799666,Clinic_ProcedurePricing,details,erythromycin
93066,799666,Clinic_ProcedurePricing,details,Tetracycline
93196,59876,leadfeedback,Comments,versed
93196,11893,reviews,TEXT,versed
93196,28892,reviews,TEXT,tetracycline
93284,93284,clinics,shortdescription,Sculptra
93284,49427,reviews,TreatmentName,botox
93284,49510,reviews,TreatmentName,Botox
93814,126099,Staffs,BioHTML,LUCENTIS
93814,126099,Staffs,BioHTML,ranibizumab
93875,283348,leadfeedback,Comments,methadone
93972,26397,leadfeedback,Comments,calis
93992,810085,Clinic_ProcedurePricing,details,testosterone
94015,810677,Clinic_ProcedurePricing,details,Novocain
94025,811019,Clinic_ProcedurePricing,details,Retin-A
94025,152505,Staffs,BioHTML,Sculptra
94025,53615,reviews,TreatmentName,Botox
94047,94047,clinics,longdescription,sculptra
94047,811530,Clinic_ProcedurePricing,details,Sculptra
94142,13425,reviews,TEXT,allay
94166,94166,clinics,longdescription,Sculptra
95190,131349,Staffs,Name,Soma
95243,48963,reviews,TEXT,Restylane
95280,40378,reviews,TEXT,Valium
95312,26380,reviews,TEXT,PerioGard
95366,407853,leadfeedback,Comments,botox
95485,95485,clinics,longdescription,Sculptra
95485,821817,Clinic_ProcedurePricing,details,Sculptra
95485,8189,reviews,TreatmentName,Sculptra
95503,95503,clinics,longdescription,Sculptra
95646,136628,Staffs,BioHTML,Morphine
95682,95682,clinics,longdescription,Sculptra
95682,127540,Staffs,BioHTML,Sculptra
95750,95750,clinics,longdescription,Sculptra
95750,127634,Staffs,BioHTML,Sculptra
95797,829414,Clinic_ProcedurePricing,details,depen
95808,51692,reviews,TEXT,botox
96248,96248,clinics,longdescription,versed
96248,42280,reviews,TEXT,Novocain
97130,197210,Staffs,BioHTML,versed
97132,97132,clinics,longdescription,Sculptra
97132,1964208,Clinic_ProcedurePricing,details,Lumigan
97140,124914,Staffs,BioHTML,Aldara
97140,124914,Staffs,BioHTML,imiquimod
97222,47774,reviews,TreatmentName,botox
97247,66798,reviews,TEXT,Botox
97247,66798,reviews,ReviewLongTreatment,Botox
97516,60945,reviews,TEXT,restylane
97516,60946,reviews,TEXT,restylane
97516,60946,reviews,TreatmentName,restylane
97516,60947,reviews,TEXT,restylane
97516,60947,reviews,TreatmentName,restylane
98210,860810,Clinic_ProcedurePricing,details,Sculptra
98214,52648,reviews,TreatmentName,Botox
98924,189280,Staffs,BioHTML,Botox
98994,865802,Clinic_ProcedurePricing,details,versed
99476,99476,clinics,longdescription,Emla
99500,2501,reviews,YouReturn,definity
99701,401598,leadfeedback,Comments,Botox
99783,871317,Clinic_ProcedurePricing,details,tretinoin
100122,100122,clinics,longdescription,SCULPTRA
100382,165885,Staffs,BioHTML,versed
100441,100441,clinics,longdescription,Yasmin
100441,133685,Staffs,Name,Yasmin
100714,878772,Clinic_ProcedurePricing,details,Avastin
100714,878772,Clinic_ProcedurePricing,details,Lucentis
100714,878772,Clinic_ProcedurePricing,details,Ozurdex
100715,878830,Clinic_ProcedurePricing,details,Avastin
100715,878830,Clinic_ProcedurePricing,details,Lucentis
100715,878830,Clinic_ProcedurePricing,details,Ozurdex
100716,878889,Clinic_ProcedurePricing,details,Avastin
100716,878889,Clinic_ProcedurePricing,details,Lucentis
100716,878889,Clinic_ProcedurePricing,details,Ozurdex
100717,878948,Clinic_ProcedurePricing,details,Avastin
100717,878948,Clinic_ProcedurePricing,details,Lucentis
100717,878948,Clinic_ProcedurePricing,details,Ozurdex
100726,148866,Staffs,BioHTML,Sculptra
100731,879298,Clinic_ProcedurePricing,details,tetracycline
100732,598357,leadfeedback,Comments,botox
100806,879866,Clinic_ProcedurePricing,details,sculptra
101029,881928,Clinic_ProcedurePricing,details,tetracycline
101335,101335,clinics,longdescription,Sculptra
101335,101335,clinics,longdescription,Tretinoin
101335,296719,leadfeedback,Comments,sculptra
101395,101395,clinics,name,Yaz
101500,65904,reviews,ReviewLongTreatment,Botox
101617,890985,Clinic_ProcedurePricing,details,Testosterone
101721,892201,Clinic_ProcedurePricing,details,testosterone
102210,135356,Staffs,BioHTML,doxycycline
102232,102232,clinics,name,Evista
102232,135407,Staffs,BioHTML,Evista
102274,102274,clinics,longdescription,Sculptra
102274,898127,Clinic_ProcedurePricing,details,Sculptra
102341,102341,clinics,shortdescription,SCULPTRA
102341,102341,clinics,longdescription,SCULPTRA
102379,194664,Staffs,Name,Camila
102394,102394,clinics,shortdescription,Sculptra
102394,102394,clinics,longdescription,Sculptra
102456,902496,Clinic_ProcedurePricing,details,xylocaine
102636,142855,Staffs,BioHTML,Sculptra
102657,906760,Clinic_ProcedurePricing,details,xylocaine
102660,906877,Clinic_ProcedurePricing,details,xylocaine
102661,906918,Clinic_ProcedurePricing,details,xylocaine
102662,906959,Clinic_ProcedurePricing,details,xylocaine
102663,906999,Clinic_ProcedurePricing,details,xylocaine
102664,907040,Clinic_ProcedurePricing,details,xylocaine
102702,102702,clinics,longdescription,Gardisil
102702,102702,clinics,longdescription,Suboxone
102702,102702,clinics,longdescription,Synvisc
102773,909094,Clinic_ProcedurePricing,details,Sculptra
102783,102783,clinics,longdescription,Sculptra
102796,61743,reviews,TEXT,tramadol
102843,910817,Clinic_ProcedurePricing,details,Gardasil
102843,910856,Clinic_ProcedurePricing,details,Gardasil
102844,735086,leadfeedback,Comments,insulin
102924,48605,reviews,TEXT,sculptra
102979,1845890,Clinic_ProcedurePricing,treatment,Sculptra
102979,1845890,Clinic_ProcedurePricing,details,Sculptra
103045,61958,reviews,TEXT,Botox
103045,61959,reviews,TEXT,Botox
103140,103140,clinics,longdescription,Artane
103184,918537,Clinic_ProcedurePricing,details,Avastin
103184,918537,Clinic_ProcedurePricing,details,Lucentis
103184,918537,Clinic_ProcedurePricing,details,Ozurdex
103185,918578,Clinic_ProcedurePricing,details,Avastin
103185,918578,Clinic_ProcedurePricing,details,Lucentis
103185,918578,Clinic_ProcedurePricing,details,Ozurdex
103461,103461,clinics,longdescription,Sculptra
103461,24135,reviews,TEXT,Sculptra
103503,48964,reviews,TreatmentName,Botox
103545,103545,clinics,shortdescription,Sculptra
103545,103545,clinics,longdescription,Sculptra
103555,103555,clinics,shortdescription,Sculptra
103555,103555,clinics,longdescription,Sculptra
103556,103556,clinics,shortdescription,Sculptra
103557,103557,clinics,shortdescription,Sculptra
103558,103558,clinics,shortdescription,Sculptra
103559,103559,clinics,shortdescription,Sculptra
103559,103559,clinics,longdescription,Sculptra
103560,103560,clinics,shortdescription,Sculptra
103560,103560,clinics,longdescription,Sculptra
103561,103561,clinics,shortdescription,Sculptra
103561,103561,clinics,longdescription,Sculptra
103562,103562,clinics,shortdescription,Sculptra
103562,103562,clinics,longdescription,Sculptra
103563,103563,clinics,shortdescription,Sculptra
103563,103563,clinics,longdescription,Sculptra
103564,103564,clinics,shortdescription,Sculptra
103564,103564,clinics,longdescription,Sculptra
103565,103565,clinics,shortdescription,Sculptra
103565,103565,clinics,longdescription,Sculptra
103566,103566,clinics,shortdescription,Sculptra
103566,103566,clinics,longdescription,Sculptra
103567,103567,clinics,shortdescription,Sculptra
103567,103567,clinics,longdescription,Sculptra
103568,103568,clinics,shortdescription,Sculptra
103568,103568,clinics,longdescription,Sculptra
103569,103569,clinics,shortdescription,Sculptra
103569,103569,clinics,longdescription,Sculptra
103570,103570,clinics,shortdescription,Sculptra
103570,103570,clinics,longdescription,Sculptra
103571,103571,clinics,shortdescription,Sculptra
103572,103572,clinics,shortdescription,Sculptra
103572,103572,clinics,longdescription,Sculptra
103573,103573,clinics,shortdescription,Sculptra
103573,103573,clinics,longdescription,Sculptra
103574,103574,clinics,shortdescription,Sculptra
103574,103574,clinics,longdescription,Sculptra
103575,103575,clinics,shortdescription,Sculptra
103575,103575,clinics,longdescription,Sculptra
103576,103576,clinics,shortdescription,Sculptra
103576,103576,clinics,longdescription,Sculptra
103577,103577,clinics,shortdescription,Sculptra
103577,103577,clinics,longdescription,Sculptra
103578,103578,clinics,shortdescription,Sculptra
103578,103578,clinics,longdescription,Sculptra
103580,103580,clinics,shortdescription,Sculptra
103580,103580,clinics,longdescription,Sculptra
103581,103581,clinics,shortdescription,Sculptra
103582,103582,clinics,shortdescription,Sculptra
103582,103582,clinics,longdescription,Sculptra
103583,103583,clinics,shortdescription,Sculptra
103583,103583,clinics,longdescription,Sculptra
103584,103584,clinics,shortdescription,Sculptra
103584,103584,clinics,longdescription,Sculptra
103584,161924,Staffs,BioHTML,Sculptra
103585,103585,clinics,shortdescription,Sculptra
103585,103585,clinics,longdescription,Sculptra
103586,103586,clinics,shortdescription,Sculptra
103586,103586,clinics,longdescription,Sculptra
103587,103587,clinics,shortdescription,Sculptra
103587,103587,clinics,longdescription,Sculptra
103588,103588,clinics,shortdescription,Sculptra
103588,103588,clinics,longdescription,Sculptra
103589,103589,clinics,shortdescription,Sculptra
103589,103589,clinics,longdescription,Sculptra
103761,3485979,Clinic_ProcedurePricing,treatment,Microderm
103825,46276,reviews,TreatmentName,Botox
103842,7137,reviews,TEXT,microderm
103985,151108,leadfeedback,Comments,Penicillin
104061,939766,Clinic_ProcedurePricing,details,oxytocin
104074,940185,Clinic_ProcedurePricing,details,tetracycline
104087,104087,clinics,longdescription,Sculptra
104194,942783,Clinic_ProcedurePricing,details,fluoxetine
104194,942783,Clinic_ProcedurePricing,details,fluvoxamine
104194,942783,Clinic_ProcedurePricing,details,paroxetine
104194,942783,Clinic_ProcedurePricing,details,sertraline
104198,104198,clinics,longdescription,Sculptra
104239,943937,Clinic_ProcedurePricing,treatment,Letrozole
104309,140574,Staffs,BioHTML,Sculptra
104310,140549,Staffs,BioHTML,Sculptra
104311,140569,Staffs,BioHTML,Sculptra
104312,140549,Staffs,BioHTML,Sculptra
104313,140597,Staffs,BioHTML,Sculptra
104314,140574,Staffs,BioHTML,Sculptra
104315,140574,Staffs,BioHTML,Sculptra
104315,32521,reviews,Title,Sculptra
104315,32521,reviews,TreatmentName,Sculptra
104333,278353,Staffs,BioHTML,Botox
104333,278353,Staffs,BioHTML,Sculptra
104333,53691,reviews,TreatmentName,Botox
104396,947155,Clinic_ProcedurePricing,details,Nuvaring
104426,4025,reviews,TEXT,clomid
104426,6321,reviews,TEXT,clomid
104426,6349,reviews,TEXT,clomid
104426,7189,reviews,TEXT,luveris
104426,6119,reviews,TEXT,Clomid
104430,947862,Clinic_ProcedurePricing,details,testosterone
104430,947890,Clinic_ProcedurePricing,details,testosterone
104529,950329,Clinic_ProcedurePricing,details,Midazolam
104640,47122,reviews,TreatmentName,Botox
104640,47376,reviews,TreatmentName,Botox
104640,47420,reviews,TreatmentName,Botox
104640,47633,reviews,TreatmentName,Botox
104640,49750,reviews,TreatmentName,Botox
104640,51646,reviews,TreatmentName,Botox
104640,57066,reviews,TreatmentName,Botox
104640,60747,reviews,TreatmentName,Botox
104640,62931,reviews,TreatmentName,Botox
104751,104751,clinics,name,Camila
104751,104751,clinics,longdescription,Camila
104751,139694,Staffs,Name,Camila
104783,954892,Clinic_ProcedurePricing,details,tetracycline
104791,139712,Staffs,BioHTML,soma
104844,51996,reviews,TEXT,Nevanac
104954,54982,reviews,TreatmentName,botox
104954,60111,reviews,TreatmentName,Botox
105042,46169,reviews,TreatmentName,Botox
105042,55104,reviews,TreatmentName,botox
105042,55106,reviews,TreatmentName,botox
105042,55229,reviews,TreatmentName,botox
105042,45914,reviews,TreatmentName,Botox
105042,55108,reviews,TreatmentName,botox
105042,55177,reviews,TreatmentName,Botox
105042,56881,reviews,TreatmentName,Botox
105042,55182,reviews,TreatmentName,Botox
105042,55180,reviews,TreatmentName,Botox
105061,15103,reviews,TEXT,Clomid
105061,15104,reviews,TEXT,Clomid
105061,49713,reviews,TEXT,Clomid
105074,962644,Clinic_ProcedurePricing,details,bevacizumab
105091,963121,Clinic_ProcedurePricing,details,Sculptra
105091,560594,leadfeedback,Comments,Botox
105128,49932,reviews,TEXT,furacin
105163,964989,Clinic_ProcedurePricing,details,bevacizumab
105177,105177,clinics,shortdescription,Sculptra
105177,105177,clinics,longdescription,Sculptra
105190,247715,Staffs,BioHTML,versed
105404,105404,clinics,shortdescription,Sculptra
105435,140549,Staffs,BioHTML,Sculptra
105461,105461,clinics,longdescription,sculptra
105461,62791,reviews,TreatmentName,Botox
105461,62925,reviews,TreatmentName,Botox
105608,24347,reviews,ClinicsResponse,botox
105618,658880,leadfeedback,Comments,Botox
105629,56060,reviews,TreatmentName,botox
105841,105841,clinics,longdescription,Xeomin
105841,56597,reviews,TreatmentName,Botox
105841,56598,reviews,TreatmentName,Botox
105841,56599,reviews,TreatmentName,Botox
105843,141026,Staffs,BioHTML,Sculptra
105844,59240,reviews,TreatmentName,botox
105848,46548,reviews,TreatmentName,Botox
105848,35044,reviews,TEXT,Kenalog
105887,105887,clinics,longdescription,Sculptra
105887,195896,Staffs,BioHTML,Sculptra
105900,7601,reviews,ClinicsResponse,Botox
105900,19203,reviews,ClinicsResponse,botox
105911,105911,clinics,longdescription,Sculptra
105956,542319,leadfeedback,Comments,botox
105966,48718,reviews,TreatmentName,Botox
105966,50037,reviews,TreatmentName,Botox
106020,106020,clinics,longdescription,Sculptra
106069,106069,clinics,longdescription,Sculptra
106097,106097,clinics,shortdescription,Sculptra
106097,106097,clinics,longdescription,Sculptra
106212,79676,leadfeedback,Comments,Sculptra
106240,989360,Clinic_ProcedurePricing,details,allay
106256,989946,Clinic_ProcedurePricing,details,Sculptra
106306,10147,reviews,TEXT,clomid
106315,59432,reviews,TreatmentName,Botox
106315,59512,reviews,TreatmentName,Botox
106486,994938,Clinic_ProcedurePricing,details,Metronidazole
106486,57617,reviews,TEXT,botox
106486,57617,reviews,TreatmentName,Botox
106486,57618,reviews,TEXT,botox
106486,57618,reviews,TreatmentName,Botox
106486,57753,reviews,TEXT,botox
106486,57753,reviews,TreatmentName,Botox
106502,106502,clinics,longdescription,Bexsero
106502,106502,clinics,longdescription,Malarone
106540,8209,reviews,TEXT,versed
106610,997905,Clinic_ProcedurePricing,details,chlorhexidine
106611,49941,reviews,TreatmentName,botox
106718,106718,clinics,longdescription,Soma
106718,149195,Staffs,BioHTML,Soma
106770,106770,clinics,shortdescription,Sculptra
106770,106770,clinics,longdescription,Sculptra
106791,58624,reviews,TEXT,tramadol
106844,63454,reviews,TEXT,penicillin
106976,1006665,Clinic_ProcedurePricing,details,SCULPTRA
107015,107015,clinics,longdescription,Collagenase
107087,107087,clinics,longdescription,Emla
107087,1009359,Clinic_ProcedurePricing,details,Emla
107105,151558,leadfeedback,Comments,accutane
107165,1011829,Clinic_ProcedurePricing,details,tetracycline
107166,1011973,Clinic_ProcedurePricing,details,tetracycline
107167,1012117,Clinic_ProcedurePricing,details,tetracycline
107168,1012261,Clinic_ProcedurePricing,details,tetracycline
107194,66351,reviews,ReviewLongTreatment,novocain
107297,107297,clinics,name,Artane
107297,55133,reviews,ClinicsResponse,Artane
107304,532988,leadfeedback,Comments,botox
107387,1017972,Clinic_ProcedurePricing,details,Latisse
107474,107474,clinics,longdescription,versed
107477,1019528,Clinic_ProcedurePricing,details,insulin
107477,8684,reviews,TEXT,insulin
107537,238346,leadfeedback,Comments,Sculptra
107537,470034,leadfeedback,Comments,Botox
107575,107575,clinics,longdescription,Sculptra
107575,1021344,Clinic_ProcedurePricing,details,hyaluronidase
107575,1021384,Clinic_ProcedurePricing,details,Gonadotropin
107575,1021384,Clinic_ProcedurePricing,details,testosterone
107575,1021389,Clinic_ProcedurePricing,details,Sculptra
107575,1021391,Clinic_ProcedurePricing,details,Finasteride
107575,1021391,Clinic_ProcedurePricing,details,Propecia
107575,1021414,Clinic_ProcedurePricing,details,finasteride
107575,1021414,Clinic_ProcedurePricing,details,Propecia
107575,208160,leadfeedback,Comments,sculptra
107745,143124,Staffs,BioHTML,Sculptra
107918,46516,reviews,TreatmentName,Botox
107980,107980,clinics,longdescription,Clomid
108041,277454,Staffs,BioHTML,Yasmin
108084,1032723,Clinic_ProcedurePricing,details,testosterone
108177,143626,Staffs,BioHTML,Anakinra
108177,143626,Staffs,BioHTML,Rituxan
108180,143626,Staffs,BioHTML,Anakinra
108180,143626,Staffs,BioHTML,Rituxan
108181,143626,Staffs,BioHTML,Anakinra
108181,143626,Staffs,BioHTML,Rituxan
108245,108245,clinics,longdescription,Sculptra
108267,108267,clinics,longdescription,Artane
108319,50974,reviews,TEXT,Restylane
108375,49159,reviews,TEXT,botox
108397,1039786,Clinic_ProcedurePricing,details,Sculptra
108397,1784584,Clinic_ProcedurePricing,details,brimonidine
108397,1784584,Clinic_ProcedurePricing,details,metronidazole
108397,161369,Staffs,BioHTML,Sculptra
108408,140549,Staffs,BioHTML,Sculptra
108409,149442,Staffs,BioHTML,Sculptra
108423,46764,reviews,TreatmentName,botox
108423,48078,reviews,TreatmentName,botox
108467,157167,Staffs,Name,Yasmin
108526,181388,Staffs,BioHTML,Soma
108539,1043286,Clinic_ProcedurePricing,details,Retin A
108581,52810,reviews,TreatmentName,botox
108616,1534407,Clinic_ProcedurePricing,details,testosterone
108616,1545836,Clinic_ProcedurePricing,details,testosterone
108616,1545837,Clinic_ProcedurePricing,details,testosterone
108616,1545838,Clinic_ProcedurePricing,details,testosterone
108649,108649,clinics,shortdescription,Sculptra
108686,147522,Staffs,BioHTML,bleomycin
108692,208161,leadfeedback,Comments,sculptra
108715,52557,reviews,TEXT,botox
108722,1048101,Clinic_ProcedurePricing,details,testosterone
108722,1048151,Clinic_ProcedurePricing,details,testosterone
108722,1545833,Clinic_ProcedurePricing,details,testosterone
108722,1545834,Clinic_ProcedurePricing,details,testosterone
108722,1545835,Clinic_ProcedurePricing,details,testosterone
108732,2234382,Clinic_ProcedurePricing,details,prednisone
108732,52622,reviews,TreatmentName,Botox
108732,53327,reviews,TreatmentName,Botox
108761,144603,Staffs,BioHTML,versed
108776,1049587,Clinic_ProcedurePricing,details,periostat
108923,1052778,Clinic_ProcedurePricing,details,Gardasil
108923,1052787,Clinic_ProcedurePricing,details,Gardasil
108948,51567,reviews,TreatmentName,botox
108948,52088,reviews,TreatmentName,Botox
108948,53035,reviews,TreatmentName,botox
108948,53036,reviews,TEXT,Botox
108948,53036,reviews,TreatmentName,botox
108948,54958,reviews,TreatmentName,Botox
108948,54959,reviews,TEXT,botox
108948,54959,reviews,TreatmentName,Botox
108948,54960,reviews,TEXT,botox
108948,54960,reviews,TreatmentName,Botox
108948,59210,reviews,TreatmentName,Botox
108958,47416,reviews,TreatmentName,Botox
108958,48007,reviews,TreatmentName,BOTOX
108958,51155,reviews,TEXT,Botox
108958,51155,reviews,TreatmentName,Botox
108958,51155,reviews,TreatmentName,Juvederm
109044,50985,reviews,TreatmentName,Botox
109046,59304,reviews,TreatmentName,Botox
109053,109053,clinics,longdescription,Latisse
109053,109053,clinics,longdescription,Tretinoin
109060,1055844,Clinic_ProcedurePricing,details,Finasteride
109087,109087,clinics,longdescription,Hyalgan
109178,12332,reviews,TEXT,Yasmin
109252,1061069,Clinic_ProcedurePricing,details,Midazolam
109265,1061371,Clinic_ProcedurePricing,details,chorionic gonadotropin
109265,1061371,Clinic_ProcedurePricing,details,gonadotropin
109273,145660,Staffs,BioHTML,Bevacizumab
109302,49878,reviews,TreatmentName,botox
109353,109353,clinics,longdescription,Sculptra
109353,53963,reviews,TEXT,Sculptra
109353,53964,reviews,TEXT,Botox
109440,1547597,Clinic_ProcedurePricing,details,Soma
109454,49400,reviews,TEXT,botox
109454,49400,reviews,TreatmentName,Botox
109475,53229,reviews,TEXT,botox
109482,1066088,Clinic_ProcedurePricing,details,accutane
109483,61571,reviews,TreatmentName,Botox
109513,1066815,Clinic_ProcedurePricing,details,chlorhexidine
109554,146843,Staffs,BioHTML,versed
109637,146757,Staffs,BioHTML,Yaz
109637,146757,Staffs,Name,Yaz
109637,48240,reviews,TEXT,Yaz
109685,1070677,Clinic_ProcedurePricing,details,CYCLOSPORINE
109695,646966,leadfeedback,Comments,Botox
109695,16694,reviews,ClinicsResponse,Restylane
109695,51796,reviews,TreatmentName,botox
109733,198340,leadfeedback,Comments,Sculptra
109733,47749,reviews,TreatmentName,Botox
109733,59223,reviews,Title,Botox
109733,59223,reviews,TreatmentName,Botox
109773,1072797,Clinic_ProcedurePricing,details,xylocaine
109849,1074690,Clinic_ProcedurePricing,details,Clomid
110056,1079191,Clinic_ProcedurePricing,details,isotretinoin
110086,110086,clinics,longdescription,Sculptra
110086,1080285,Clinic_ProcedurePricing,details,Sculptra
110291,1085368,Clinic_ProcedurePricing,details,tetracycline
110302,1085682,Clinic_ProcedurePricing,details,Retin A
110302,1085682,Clinic_ProcedurePricing,details,Tretinoin
110335,50231,reviews,TreatmentName,Botox
110372,56923,reviews,TreatmentName,Botox
110488,1090120,Clinic_ProcedurePricing,details,insulin
110488,1090121,Clinic_ProcedurePricing,details,insulin
110488,1090122,Clinic_ProcedurePricing,details,insulin
110488,1090125,Clinic_ProcedurePricing,details,testosterone
110495,110495,clinics,longdescription,versed
110647,110647,clinics,longdescription,Sculptra
110763,46761,reviews,TreatmentName,Botox
110763,46768,reviews,TreatmentName,Botox
110788,148411,Staffs,BioHTML,versed
110984,63507,reviews,TEXT,botox
110992,13342,reviews,TreatmentName,Sculptra
111018,111018,clinics,longdescription,versed
111018,1102533,Clinic_ProcedurePricing,treatment,Latisse
111018,1102533,Clinic_ProcedurePricing,details,Latisse
111067,13351,reviews,TreatmentName,Sculptra
111334,149015,Staffs,BioHTML,EMLA
111334,149016,Staffs,BioHTML,EMLA
111334,149018,Staffs,BioHTML,EMLA
111392,160856,Staffs,BioHTML,Sculptra
111477,13333,reviews,TreatmentName,Sculptra
111477,14891,reviews,TreatmentName,Sculptra
111494,1113479,Clinic_ProcedurePricing,details,Latisse
111504,53436,reviews,TEXT,versed
111568,1578761,Clinic_ProcedurePricing,details,Ritalin
111588,64827,reviews,TreatmentName,Botox
111888,61575,reviews,TreatmentName,Botox
111931,111931,clinics,longdescription,versed
111931,1124171,Clinic_ProcedurePricing,details,versed
111946,45675,reviews,TreatmentName,Botox
111946,45677,reviews,TreatmentName,botox
111946,45688,reviews,TreatmentName,Botox
111946,45702,reviews,TreatmentName,Botox
112021,149690,Staffs,BioHTML,versed
112091,25975,reviews,TEXT,versed
112121,139285,leadfeedback,Comments,stimate
112176,36992,reviews,TEXT,versed
112223,62802,reviews,TreatmentName,botox
112302,50426,reviews,TEXT,Botox
112360,49304,reviews,TreatmentName,Botox
112429,47273,reviews,TreatmentName,botox
112429,51426,reviews,TreatmentName,dysport
112511,112511,clinics,longdescription,versed
112577,49448,reviews,TreatmentName,botox
112577,49814,reviews,TreatmentName,Botox
112577,52190,reviews,TreatmentName,Botox
112577,53071,reviews,TreatmentName,Botox
112577,56185,reviews,TEXT,Botox
112577,57410,reviews,TreatmentName,botox
112577,62638,reviews,TreatmentName,Botox
112577,64534,reviews,TreatmentName,Botox
112583,62467,reviews,TEXT,Juvederm
112675,50394,reviews,TreatmentName,Botox
112676,53099,reviews,TEXT,botox
112676,53099,reviews,TreatmentName,Botox
112692,112692,clinics,longdescription,Sculptra
112714,183713,Staffs,LastName,Yasmin
112747,46642,reviews,TreatmentName,Botox
112747,58026,reviews,TreatmentName,Botox
112784,1142370,Clinic_ProcedurePricing,details,allay
112801,15498,reviews,TEXT,versed
112875,112875,clinics,longdescription,Sevoflurane
112900,151161,Staffs,BioHTML,meth
113258,16644,reviews,TEXT,tetracycline
113326,1154335,Clinic_ProcedurePricing,details,Sculptra
113523,48095,reviews,TreatmentName,Botox
113639,113639,clinics,longdescription,Sculptra
113639,1964076,Clinic_ProcedurePricing,details,Lumigan
113663,113663,clinics,longdescription,Sculptra
113676,52636,reviews,TreatmentName,botox
113676,55550,reviews,TreatmentName,Botox
113676,55551,reviews,TreatmentName,Botox
113736,1163930,Clinic_ProcedurePricing,details,Sculptra
113848,62871,reviews,TEXT,Botox
114174,54271,reviews,TreatmentName,Botox
114174,54274,reviews,TEXT,botox
114174,54274,reviews,TreatmentName,Botox
114746,54280,reviews,TreatmentName,Botox
114746,62468,reviews,TreatmentName,Botox
114797,49854,reviews,TreatmentName,Botox
114924,1192930,Clinic_ProcedurePricing,details,dopamine
114924,1192937,Clinic_ProcedurePricing,details,dopamine
114953,48164,reviews,TreatmentName,botox
115441,652044,leadfeedback,Comments,Botox
115441,54763,reviews,TreatmentName,Botox
115571,559373,leadfeedback,Comments,sculptra
115611,1204008,Clinic_ProcedurePricing,details,Sculptra
115611,16619,reviews,TEXT,sculptra
115611,16619,reviews,Title,sculptra
115611,16619,reviews,TreatmentName,sculptra
115611,32879,reviews,TEXT,Sculptra
115611,32879,reviews,TreatmentName,Sculptra
115611,39044,reviews,TEXT,Sculptra
115611,39044,reviews,TreatmentName,Sculptra
115881,158369,Staffs,BioHTML,versed
116179,66386,reviews,TEXT,insulin
116188,1722035,Clinic_ProcedurePricing,treatment,Emla
116190,1216464,Clinic_ProcedurePricing,details,bevacizumab
116190,48802,reviews,TreatmentName,Botox
116190,51408,reviews,TreatmentName,botox
116257,19211,reviews,ClinicsResponse,Restylane
116259,54300,reviews,TreatmentName,Botox
116269,1217985,Clinic_ProcedurePricing,details,tretinoin
116330,1219393,Clinic_ProcedurePricing,details,Xiaflex
116347,51945,reviews,TreatmentName,Botox
116347,52164,reviews,TreatmentName,Botox
116385,25637,reviews,TEXT,Nasonex
116445,116445,clinics,longdescription,testosterone
116445,1222459,Clinic_ProcedurePricing,details,Testosterone
116449,39757,reviews,TEXT,allay
116546,566562,leadfeedback,Comments,botox
116564,156118,Staffs,BioHTML,versed
116731,1228434,Clinic_ProcedurePricing,details,Finasteride
116732,1228438,Clinic_ProcedurePricing,details,Finasteride
116733,1228442,Clinic_ProcedurePricing,details,Finasteride
116734,1228446,Clinic_ProcedurePricing,details,Finasteride
116738,1228617,Clinic_ProcedurePricing,details,Finasteride
116759,157167,Staffs,Name,Yasmin
116811,64219,reviews,TreatmentName,Botox
116830,56544,reviews,TEXT,juvederm
116830,56544,reviews,TreatmentName,Juvederm
116867,46269,reviews,TreatmentName,botox
116867,63054,reviews,TreatmentName,Botox
117044,117044,clinics,longdescription,HGH
117087,57609,reviews,TEXT,Propecia
117088,48179,reviews,TreatmentName,Mirena
117094,1236170,Clinic_ProcedurePricing,details,tetracycline
117178,1237725,Clinic_ProcedurePricing,details,Yasmin
117178,1237751,Clinic_ProcedurePricing,details,Yasmin
117178,1881122,Clinic_ProcedurePricing,details,Yasmin
117178,157867,Staffs,BioHTML,Yasmin
117178,157867,Staffs,Name,Yasmin
117178,34280,reviews,TEXT,Yasmin
117178,34281,reviews,TEXT,Yasmin
117178,34282,reviews,TEXT,Yasmin
117178,34282,reviews,Title,Yasmin
117178,34287,reviews,TEXT,Yasmin
117178,34287,reviews,Title,Yasmin
117178,34288,reviews,TEXT,Yasmin
117178,34289,reviews,TEXT,Yasmin
117178,34286,reviews,TEXT,Yasmin
117178,34286,reviews,Title,Yasmin
117178,34285,reviews,TEXT,Yasmin
117178,34285,reviews,Title,Yasmin
117178,34284,reviews,TEXT,Yasmin
117178,34283,reviews,TEXT,Yasmin
117178,31591,reviews,TEXT,Yasmin
117280,117280,clinics,longdescription,Methadone
117280,117280,clinics,longdescription,Subutex
117297,1240278,Clinic_ProcedurePricing,details,Botox
117297,2001826,Clinic_ProcedurePricing,details,Botox
117297,64522,reviews,TreatmentName,Botox
117297,64667,reviews,TreatmentName,Botox
117323,1240925,Clinic_ProcedurePricing,details,Botox
117323,2004766,Clinic_ProcedurePricing,details,Botox
117324,1240943,Clinic_ProcedurePricing,details,Botox
117324,2002204,Clinic_ProcedurePricing,details,Botox
117334,1241123,Clinic_ProcedurePricing,details,Botox
117334,1996910,Clinic_ProcedurePricing,details,Botox
117340,1241231,Clinic_ProcedurePricing,details,Botox
117340,2001682,Clinic_ProcedurePricing,details,Botox
117344,1241303,Clinic_ProcedurePricing,details,Botox
117344,2000042,Clinic_ProcedurePricing,details,Botox
117352,1241447,Clinic_ProcedurePricing,details,Botox
117352,1995133,Clinic_ProcedurePricing,details,Botox
117375,1241861,Clinic_ProcedurePricing,details,Botox
117375,2000960,Clinic_ProcedurePricing,details,Botox
117376,1241879,Clinic_ProcedurePricing,details,Botox
117376,1998654,Clinic_ProcedurePricing,details,Botox
117378,1241907,Clinic_ProcedurePricing,details,Botox
117378,1999940,Clinic_ProcedurePricing,details,Botox
117381,1241961,Clinic_ProcedurePricing,details,Botox
117381,2001361,Clinic_ProcedurePricing,details,Botox
117382,1241979,Clinic_ProcedurePricing,details,Botox
117382,2004409,Clinic_ProcedurePricing,details,Botox
117389,1242105,Clinic_ProcedurePricing,details,Botox
117389,2004569,Clinic_ProcedurePricing,details,Botox
117395,1242213,Clinic_ProcedurePricing,details,Botox
117395,2000377,Clinic_ProcedurePricing,details,Botox
117397,1242249,Clinic_ProcedurePricing,details,Botox
117397,2001714,Clinic_ProcedurePricing,details,Botox
117428,117428,clinics,longdescription,Insulin
117670,160191,Staffs,BioHTML,Retin-A
117711,55203,reviews,TEXT,botox
117711,55203,reviews,TreatmentName,Botox
117711,57165,reviews,TreatmentName,Botox
117774,1251316,Clinic_ProcedurePricing,details,EMLA
117774,1251325,Clinic_ProcedurePricing,details,EMLA
117817,1252374,Clinic_ProcedurePricing,details,Microderm
117991,1255883,Clinic_ProcedurePricing,details,Midazolam
118121,199902,Staffs,BioHTML,versed
118136,1257944,Clinic_ProcedurePricing,details,Botox
118136,1994162,Clinic_ProcedurePricing,details,Botox
118148,52023,reviews,TreatmentName,Botox
118312,118312,clinics,shortdescription,versed
118746,57978,reviews,TreatmentName,botox
118774,33437,reviews,TEXT,Sculptra
118774,33437,reviews,TreatmentName,Sculptra
118901,118901,clinics,shortdescription,Gardasil
118901,1273846,Clinic_ProcedurePricing,details,Gardasil
118901,1273850,Clinic_ProcedurePricing,details,mannitol
118916,65846,reviews,ReviewLongTreatment,Botox
118960,118960,clinics,shortdescription,sculptra
118961,118961,clinics,shortdescription,sculptra
118962,118962,clinics,shortdescription,sculptra
118963,118963,clinics,shortdescription,sculptra
118964,118964,clinics,shortdescription,sculptra
118965,118965,clinics,shortdescription,sculptra
118966,118966,clinics,shortdescription,sculptra
118967,118967,clinics,shortdescription,sculptra
118969,118969,clinics,shortdescription,sculptra
118984,48816,reviews,TreatmentName,Botox
119016,22854,reviews,TEXT,versed
119051,66809,reviews,TEXT,botox
119051,66809,reviews,ReviewLongTreatment,Botox
119155,163263,Staffs,BioHTML,versed
119168,45747,reviews,TreatmentName,Botox
119168,46337,reviews,TreatmentName,Botox
119168,52456,reviews,TreatmentName,botox
119168,53346,reviews,TreatmentName,Botox
119168,53664,reviews,TreatmentName,Botox
119168,54464,reviews,TreatmentName,Botox
119178,119178,clinics,longdescription,penicillin
119412,2080129,Clinic_ProcedurePricing,details,brimonidine
119412,2080129,Clinic_ProcedurePricing,details,metronidazole
119413,2080206,Clinic_ProcedurePricing,details,brimonidine
119413,2080206,Clinic_ProcedurePricing,details,metronidazole
119414,2080270,Clinic_ProcedurePricing,details,brimonidine
119414,2080270,Clinic_ProcedurePricing,details,metronidazole
119416,1283799,Clinic_ProcedurePricing,details,Sculptra
119416,1784645,Clinic_ProcedurePricing,details,brimonidine
119416,1784645,Clinic_ProcedurePricing,details,metronidazole
119417,2080184,Clinic_ProcedurePricing,details,brimonidine
119417,2080184,Clinic_ProcedurePricing,details,metronidazole
119457,66780,reviews,ReviewLongTreatment,Botox
119529,56437,reviews,TreatmentName,Botox
119560,119560,clinics,longdescription,Sculptra
119560,127634,Staffs,BioHTML,Sculptra
119582,1722079,Clinic_ProcedurePricing,treatment,Emla
119583,1722256,Clinic_ProcedurePricing,treatment,Emla
119648,49161,reviews,TEXT,botox
119668,59358,reviews,TEXT,Botox
119748,48818,reviews,TreatmentName,Sculptra
119748,49276,reviews,TreatmentName,EVOLENCE
119772,50963,reviews,TEXT,Finasteride
119772,50963,reviews,TEXT,Propecia
119772,55190,reviews,TEXT,finasteride
119772,58649,reviews,TEXT,propecia
119772,66558,reviews,ReviewLongTreatment,Finasteride
119931,262688,Staffs,BioHTML,Botox
119931,66565,reviews,TEXT,Botox
119931,66565,reviews,ReviewLongTreatment,Botox
120038,61009,reviews,TEXT,Botox
120038,61009,reviews,TreatmentName,Botox
120038,61010,reviews,TreatmentName,Botox
120041,161859,Staffs,BioHTML,Sculptra
120190,162031,Staffs,BioHTML,botulinum toxin
120269,56534,reviews,TreatmentName,Botox
120347,1304435,Clinic_ProcedurePricing,details,tetracycline
120497,164191,Staffs,BioHTML,insulin
120560,1308652,Clinic_ProcedurePricing,details,morphine
120560,1308652,Clinic_ProcedurePricing,details,Tramadol
120754,54587,reviews,TreatmentName,botox
120759,162826,Staffs,BioHTML,Latisse
120760,162826,Staffs,BioHTML,Latisse
120819,163021,Staffs,BioHTML,versed
120922,163015,Staffs,BioHTML,versed
120935,52278,reviews,TreatmentName,botox
120945,52090,reviews,TreatmentName,Botox
120945,60749,reviews,TreatmentName,Juvederm
120945,60750,reviews,TreatmentName,Juvederm
120945,61878,reviews,TreatmentName,Botox
121066,3483628,Clinic_ProcedurePricing,treatment,Midazolam
121074,639174,leadfeedback,Comments,Sculptra
121086,1591172,Clinic_ProcedurePricing,treatment,Latisse
121177,1323498,Clinic_ProcedurePricing,details,albumin
121230,1998757,Clinic_ProcedurePricing,details,BOTOX
121230,2603533,Clinic_ProcedurePricing,details,Latisse
121246,265341,Staffs,BioHTML,botulinum toxin
121292,65335,reviews,TreatmentName,Botox
121327,163513,Staffs,BioHTML,versed
121392,639173,leadfeedback,Comments,Sculptra
121556,52341,reviews,TEXT,Botox
121556,52341,reviews,TreatmentName,Botox
121607,1332333,Clinic_ProcedurePricing,details,Fluconazole
121607,1332333,Clinic_ProcedurePricing,details,Itraconazole
121662,163908,Staffs,BioHTML,Sculptra
121669,163908,Staffs,BioHTML,Sculptra
121683,2056935,Clinic_ProcedurePricing,details,Tazarotene
121683,2056935,Clinic_ProcedurePricing,details,Tretinoin
121683,2063623,Clinic_ProcedurePricing,details,insulin
121683,2063633,Clinic_ProcedurePricing,details,insulin
121683,2063643,Clinic_ProcedurePricing,details,insulin
121686,1333883,Clinic_ProcedurePricing,details,Accutane
121730,166417,Staffs,BioHTML,versed
121903,164319,Staffs,BioHTML,versed
121999,63226,reviews,TreatmentName,Botox
122008,45266,reviews,TreatmentName,Botox
122013,164473,Staffs,BioHTML,prednisone
122229,164843,Staffs,BioHTML,Sculptra
122271,164922,Staffs,BioHTML,versed
122320,165000,Staffs,BioHTML,Botox
122465,122465,clinics,longdescription,cambia
122465,122465,clinics,longdescription,Propecia
122473,122473,clinics,longdescription,Sculptra
122520,122520,clinics,longdescription,versed
122543,45273,reviews,TreatmentName,Botox
122570,51842,reviews,TEXT,botox
122570,51842,reviews,TreatmentName,Botox
122847,165660,Staffs,BioHTML,estradiol
122847,165660,Staffs,BioHTML,gonadotropin
122848,1357841,Clinic_ProcedurePricing,details,versed
122890,49374,reviews,TEXT,dysport
122890,49374,reviews,TreatmentName,botox
123188,165660,Staffs,BioHTML,estradiol
123188,165660,Staffs,BioHTML,gonadotropin
123189,165660,Staffs,BioHTML,estradiol
123189,165660,Staffs,BioHTML,gonadotropin
123190,165660,Staffs,BioHTML,estradiol
123190,165660,Staffs,BioHTML,gonadotropin
123191,165660,Staffs,BioHTML,estradiol
123191,165660,Staffs,BioHTML,gonadotropin
123192,165660,Staffs,BioHTML,estradiol
123192,165660,Staffs,BioHTML,gonadotropin
123193,165660,Staffs,BioHTML,estradiol
123193,165660,Staffs,BioHTML,gonadotropin
123194,165660,Staffs,BioHTML,estradiol
123194,165660,Staffs,BioHTML,gonadotropin
123218,51136,reviews,TreatmentName,botox
123225,49897,reviews,TreatmentName,botox
123234,1365460,Clinic_ProcedurePricing,details,microderm
123373,123373,clinics,name,Beyaz
123440,53000,reviews,TreatmentName,Botox
123445,55348,reviews,TEXT,botox
123445,55349,reviews,TEXT,botox
123488,166238,Staffs,BioHTML,Flunitrazepam
123553,166314,Staffs,Name,Yasmin
123554,166314,Staffs,Name,Yasmin
123555,166314,Staffs,Name,Yasmin
123648,123648,clinics,longdescription,Soma
123743,26745,reviews,ClinicsResponse,Yasmin
123826,1377272,Clinic_ProcedurePricing,details,Doxycycline
123826,1377272,Clinic_ProcedurePricing,details,Minocycline
123826,1377272,Clinic_ProcedurePricing,details,Tetracycline
124216,532126,leadfeedback,Comments,botox
124217,64924,reviews,TEXT,Dysport
124377,56217,reviews,TreatmentName,Botox
124392,1388849,Clinic_ProcedurePricing,details,sculptra
124392,167129,Staffs,BioHTML,Sculptra
124393,1388928,Clinic_ProcedurePricing,details,sculptra
124393,167129,Staffs,BioHTML,Sculptra
124441,1390090,Clinic_ProcedurePricing,details,depen
124458,124458,clinics,longdescription,versed
124595,58535,reviews,TEXT,Emla
124628,57439,reviews,TreatmentName,Botox
124729,233483,leadfeedback,Comments,sculptra
124815,124815,clinics,shortdescription,Latisse
124815,124815,clinics,shortdescription,Levulan
124866,48738,reviews,TreatmentName,Botox
124869,1400237,Clinic_ProcedurePricing,details,finasteride
124987,65513,reviews,TreatmentName,botox
124988,1402499,Clinic_ProcedurePricing,details,allay
124990,56359,reviews,TreatmentName,Botox
124990,63022,reviews,TreatmentName,juvederm
125006,125006,clinics,longdescription,Clomid
125006,1403010,Clinic_ProcedurePricing,details,Testosterone
125030,125030,clinics,longdescription,versed
125180,174504,Staffs,BioHTML,Sculptra
125243,125243,clinics,longdescription,Sevoflurane
125362,56155,reviews,TreatmentName,Sculptra
125433,27437,reviews,ClinicsResponse,botox
125440,125440,clinics,longdescription,Artane
125446,544816,leadfeedback,Comments,Botox
125526,42654,reviews,TEXT,versed
125636,1745487,Clinic_ProcedurePricing,details,Finasteride
125636,1745487,Clinic_ProcedurePricing,details,Propecia
125665,50442,reviews,TEXT,botox
125665,50442,reviews,TreatmentName,botox
125666,50765,reviews,TEXT,botox
125666,50765,reviews,TreatmentName,botox
125666,50767,reviews,TEXT,botox
125666,50767,reviews,TreatmentName,botox
125666,50768,reviews,TEXT,botox
125666,50768,reviews,TreatmentName,botox
125707,27134,reviews,TEXT,Sculptra
125968,49579,reviews,TreatmentName,Botox
