117189,134591,134591,clinics,longdescription,versed,Renee Clinic
102033,112875,112875,clinics,longdescription,body shaping,Grand Plastic Surgery
113475,129899,129899,clinics,longdescription,body shaping,April.31st Aesthetic Plastic Surgery Clinic
102033,112875,112875,clinics,longdescription,body shaping,Grand Plastic Surgery
102033,112875,112875,clinics,longdescription,body shaping,Grand Plastic Surgery
102033,112875,112875,clinics,longdescription,body shaping,Grand Plastic Surgery
102033,112875,112875,clinics,longdescription,body shaping,Grand Plastic Surgery
102033,112875,112875,clinics,longdescription,body shaping,Grand Plastic Surgery
102033,112875,112875,clinics,longdescription,body shaping,Grand Plastic Surgery
102033,112875,112875,clinics,longdescription,body shaping,Grand Plastic Surgery
102033,112875,112875,clinics,longdescription,body shaping,Grand Plastic Surgery
113475,129899,129899,clinics,longdescription,body shaping,April.31st Aesthetic Plastic Surgery Clinic
102033,112875,112875,clinics,longdescription,body shaping,Grand Plastic Surgery
113475,129899,129899,clinics,longdescription,body shaping,April.31st Aesthetic Plastic Surgery Clinic
102033,112875,112875,clinics,longdescription,body shaping,Grand Plastic Surgery
102033,112875,112875,clinics,longdescription,body shaping,Grand Plastic Surgery
102033,112875,112875,clinics,longdescription,body shaping,Grand Plastic Surgery
102033,112875,112875,clinics,longdescription,body shaping,Grand Plastic Surgery
102033,112875,112875,clinics,longdescription,body shaping,Grand Plastic Surgery
102033,112875,112875,clinics,longdescription,body shaping,Grand Plastic Surgery
113475,129899,129899,clinics,longdescription,body shaping,April.31st Aesthetic Plastic Surgery Clinic
102033,112875,112875,clinics,longdescription,body shaping,Grand Plastic Surgery
113475,129899,129899,clinics,longdescription,body shaping,April.31st Aesthetic Plastic Surgery Clinic
118614,136241,136241,clinics,PostalCode,M1,Perfection Manchester
102033,112875,112875,clinics,longdescription,body shaping,Grand Plastic Surgery
113475,129899,129899,clinics,longdescription,body shaping,April.31st Aesthetic Plastic Surgery Clinic
117189,134591,134591,clinics,longdescription,versed,Renee Clinic
105413,118312,118312,clinics,shortdescription,versed,GeneralSurgery Ltd at Xanit International Hospital
94320,103142,103142,clinics,longdescription,body shaping,Cirumed Clinic Marbella
111100,125982,125982,clinics,shortdescription,body slimming,Dermaster Thailand
111100,125982,125982,clinics,longdescription,body slimming,Dermaster Thailand
111100,125982,125982,clinics,shortdescription,body slimming,Dermaster Thailand
111100,125982,125982,clinics,longdescription,body slimming,Dermaster Thailand
111100,125982,125982,clinics,shortdescription,body slimming,Dermaster Thailand
111100,125982,125982,clinics,longdescription,body slimming,Dermaster Thailand
