155005
155006
155007
155008
155009
155010
155011
155012
155013
155014
155015
155017
155018
155019
155020
155021
155022
155023
155024
155025
155026
155028
155029
155030
155031
155032
155033
155034
155035
155036
155037
155038
155039
155040
155041
155042
155043
155044
155045
155046
155047
155048
155049
155050
155051
155052
155053
155054
155055
155056
155057
155058
155059
155060
155061
155062
155063
155064
155065
155066
155067
155068
155069
155070
155071
155072
155073
155074
155075
155076
155077
155078
155079
155080
155081
155082
155083
155084
155086
155087
155088
155089
155090
155091
155092
155093
155094
155095
155096
155098
155099
155100
155101
155103
155104
155105
155106
155107
155108
155109
155110
155111
155113
155114
155115
155116
155117
155118
155119
155120
155121
155122
155123
155124
155125
155126
155127
155128
155129
155130
155131
155132
155133
155135
155137
155138
155139
155140
155142
155143
155144
155145
155146
155147
155148
155149
155150
155151
155152
155153
155154
155155
155156
155157
155158
155159
155160
155161
155162
155163
155164
155165
155166
155167
155168
155169
155170
155171
155172
155173
155174
155175
155176
155178
155179
155180
155182
155183
155184
155185
155186
155188
155189
155190
155191
155192
155193
155194
155196
155197
155198
155199
155200
155201
155202
155203
155204
155205
155206
155207
155208
155209
155210
155211
155212
155214
155215
155216
155217
155218
155219
155220
155221
155222
155223
155224
155225
155226
155227
155228
155229
155230
155231
155232
155233
155234
155235
155236
155237
155238
155239
155240
155241
155242
155243
155244
155245
155246
155247
155248
155249
155250
155251
155252
155253
155254
155255
155256
155257
155258
155259
155260
155261
155262
155263
155264
155265
155266
155267
155268
155269
155270
155271
155272
155274
155275
155276
155277
155278
155279
155280
155281
155282
155283
155284
155285
155286
155287
155288
155289
155290
155291
155292
155293
155294
155295
155296
155297
155298
155299
155300
155301
155302
155303
155304
155305
155306
155307
155309
155310
155311
155312
155313
155314
155315
155316
155318
155319
155320
155321
155322
155323
155325
155326
155327
155329
155330
155331
155332
155333
155334
155335
155336
155337
155338
155339
155340
155341
155342
155343
155344
155345
155346
155348
155349
155350
155351
155352
155353
155354
155355
155356
155357
155358
155359
155360
155361
155362
155363
155364
155365
155366
155367
155368
155369
155370
155371
155372
155374
155376
155377
155378
155380
155381
155382
155383
155384
155386
155387
155389
155390
155391
155392
155393
155394
155396
155397
155399
155400
155402
155403
155404
155405
155406
155407
155408
155409
155410
155412
155413
155414
155415
155417
155418
155419
155420
155421
155422
155423
155425
155426
155427
155428
155429
155430
155431
155432
155433
155434
155435
155436
155437
155438
155439
155440
155441
155442
155444
155445
155446
155448
155449
155450
155452
155453
155454
155455
155456
155457
155458
155459
155460
155461
155462
155463
155464
155465
155466
155467
155468
155469
155470
155471
155472
155473
155474
155475
155476
155477
155478
155479
155480
155481
155482
155483
155484
155485
155486
155487
155488
155489
155490
155491
155492
155493
155494
155496
155497
155500
155501
155502
155503
155504
155505
155506
155507
155508
155509
155510
155511
155513
155514
155515
155516
155517
155518
155519
155520
155521
155522
155523
155524
155525
155526
155527
155528
155529
155530
155531
155532
155533
155534
155535
155537
155538
155540
155542
155543
155544
155546
155548
155549
155551
155552
155553
155554
155555
155556
155557
155558
155559
155560
155561
155562
155563
155564
155566
155567
155568
155570
155572
155573
155574
155575
155577
155578
155579
155581
155582
155584
155585
155588
155589
155590
155592
155593
155595
155596
155597
155598
155599
155600
155601
155602
155603
155604
155605
155606
155607
155608
155609
155611
155612
155613
155614
155616
155617
155619
155620
155623
155626
155627
155628
155629
155630
155631
155632
155633
155635
155636
155637
155638
155639
155640
155641
155643
155644
155645
155646
155648
155649
155650
155651
155652
155654
155655
155656
155657
155658
155660
155661
155662
155663
155664
155665
155666
155667
155668
155669
155670
155672
155673
155674
155675
155676
155677
155678
155679
155680
155681
155682
155683
155684
155685
155686
155687
155688
155689
155690
155691
155692
155695
155696
155697
155698
155699
155700
155701
155702
155703
155704
155705
155706
155707
155708
155709
155711
155712
155714
155715
155716
155717
155718
155719
155720
155721
155722
155723
155724
155725
155726
155728
155729
155730
155731
155732
155733
155734
155735
155737
155738
155739
155740
155741
155742
155744
155745
155746
155747
155748
155749
155750
155751
155752
155754
155755
155756
155757
155758
155759
155760
155761
155762
155763
155765
155766
155767
155768
155769
155770
155771
155772
155773
155774
155775
155776
155777
155779
155780
155781
155782
155783
155784
155785
155786
155787
155788
155790
155791
155792
155793
155794
155795
155796
155797
155798
155799
155800
155801
155802
155803
155806
155807
155808
155809
155810
155811
155812
155813
155814
155815
155816
155817
155818
155820
155821
155822
155823
155824
155825
155826
155827
155828
155829
155830
155832
155833
155834
155836
155837
155838
155839
155840
155841
155842
155843
155844
155845
155846
155847
155848
155849
155850
155851
155852
155853
155854
155855
155856
155857
155858
155859
155860
155861
155862
155863
155864
155865
155867
155868
155869
155870
155871
155872
155873
155874
155875
155876
155877
155878
155879
155880
155881
155882
155883
155884
155885
155886
155887
155888
155889
155890
155891
155892
155893
155894
155895
155896
155898
155900
155901
155902
155903
155904
155908
155909
155913
155914
155915
155916
155917
155919
155920
155921
155922
155923
155924
155925
155926
155927
155928
155929
155930
155932
155933
155934
155935
155936
155937
155938
155939
155940
155941
155942
155943
155944
155945
155946
155947
155949
155950
155951
155952
155953
155955
155956
155957
155958
155960
155961
155963
155965
155966
155967
155970
155971
155972
155973
155974
155975
155976
155977
155978
155979
155980
155981
155982
155983
155984
155985
155986
155987
155988
155989
155990
155991
155993
155994
155995
155996
155997
155998
155999
156000
156001
156002
156003
156004
156005
156007
156008
156010
156011
156012
156014
156015
156016
156017
156018
156019
156021
156022
156023
156024
156025
156026
156027
156028
156029
156030
156031
156032
156033
156034
156035
156036
156037
156038
156039
156040
156042
156043
156044
156045
156046
156047
156048
156049
156050
156051
156052
156054
156055
156056
156057
156058
156059
156060
156061
156062
156063
156064
156066
156069
156070
156071
156072
156073
156074
156075
156077
156078
156079
156080
156081
156082
156083
156084
156085
156086
156088
156089
156091
156092
156093
156094
156095
156096
156097
156098
156099
156100
156101
156102
156103
156104
156105
156106
156107
156108
156109
156110
156111
156112
156113
156114
156115
156116
156117
156118
156119
156120
156121
156122
156123
156124
156125
156126
156127
156128
156129
156130
156131
156132
156133
156134
156135
156137
156139
156140
156141
156143
156144
156145
156146
156147
156148
156149
156150
156151
156152
156153
156154
156155
156156
156157
156158
156159
156160
156161
156162
156163
156164
156166
156167
156168
156169
156171
156172
156173
156174
156175
156176
156177
156178
156179
156180
156181
156182
156183
156184
156186
156187
156188
156189
156190
156191
156192
156193
156194
156195
156196
156197
156199
156201
156202
156203
156204
156205
156206
156207
156209
156210
156211
156212
156213
156215
156216
156217
156218
156219
156220
156222
156223
156224
156225
156226
156227
156228
156229
156230
156231
156232
156233
156234
156235
156236
156237
156238
156239
156241
156242
156243
156244
156246
156247
156248
156249
156250
156251
156252
156253
156254
156255
156256
156257
156258
156259
156260
156261
156262
156263
156264
156265
156266
156267
156268
156269
156270
156271
156272
156273
156274
156275
156276
156277
156278
156279
156280
156281
156282
156283
156284
156286
156287
156288
156289
156290
156291
156292
156293
156294
156295
156296
156297
156298
156299
156300
156302
156304
156305
156306
156308
156309
156310
156311
156312
156313
156314
156315
156316
156317
156318
156319
156320
156321
156322
156323
156324
156325
156326
156327
156328
156329
156330
156331
156332
156333
156334
156335
156337
156338
156339
156340
156341
156342
156343
156344
156345
156346
156347
156351
156352
156353
156354
156355
156356
156358
156359
156360
156361
156362
156363
156364
156365
156366
156367
156368
156369
156370
156371
156372
156373
156375
156376
156378
156379
156381
156382
156383
156384
156385
156386
156387
156388
156389
156390
156391
156392
156393
156395
156397
156398
156399
156400
156401
156402
156403
156404
156405
156406
156407
156408
156409
156410
156412
156413
156416
156418
156419
156420
156422
156423
156425
156427
156428
156429
156430
156431
156432
156433
156434
156435
156436
156437
156438
156439
156440
156441
156442
156443
156444
156445
156446
156447
156448
156449
156451
156452
156454
156455
156456
156458
156459
156460
156461
156462
156463
156464
156465
156466
156467
156468
156469
156470
156471
156472
156473
156474
156475
156476
156477
156478
156480
156482
156483
156484
156485
156486
156487
156488
156490
156491
156492
156493
156495
156496
156497
156498
156499
156500
156501
156502
156503
156504
156505
156506
156507
156508
156509
156510
156511
156512
156513
156514
156515
156516
156517
156518
156519
156520
156521
156522
156523
156525
156526
156527
156528
156529
156530
156531
156532
156533
156534
156536
156537
156538
156540
156541
156542
156543
156545
156547
156550
156552
156553
156554
156555
156556
156557
156558
156559
156560
156561
156562
156563
156564
156565
156566
156567
156568
156569
156570
156571
156572
156573
156574
156575
156576
156577
156578
156579
156580
156581
156582
156583
156584
156585
156586
156588
156589
156590
156591
156592
156593
156594
156595
156596
156598
156599
156600
156601
156602
156603
156604
156605
156606
156608
156609
156610
156612
156613
156614
156615
156616
156617
156618
156619
156620
156621
156622
156623
156624
156626
156627
156628
156629
156630
156631
156632
156633
156634
156635
156636
156637
156638
156639
156640
156641
156642
156643
156644
156645
156646
156648
156650
156651
156652
156653
156654
156656
156658
156659
156660
156663
156665
156666
156667
156669
156670
156671
156672
156673
156674
156675
156676
156677
156678
156679
156680
156682
156683
156684
156685
156686
156687
156688
156689
156690
156691
156692
156693
156694
156695
156696
156697
156699
156700
156701
156702
156703
156704
156706
156708
156709
156710
156711
156712
156713
156714
156715
156716
156717
156718
156719
156720
156721
156722
156723
156724
156725
156726
156727
156728
156729
156730
156732
156733
156735
156736
156737
156738
156739
156741
156742
156743
156744
156745
156746
156748
156749
156750
156751
156752
156753
156755
156756
156757
156758
156759
156761
156763
156764
156765
156768
156769
156771
156772
156774
156775
156777
156778
156779
156780
156781
156782
156783
156784
156785
156786
156787
156788
156789
156790
156791
156792
156793
156794
156795
156796
156797
156798
156799
156800
156801
156802
156803
156804
156805
156806
156807
156808
156809
156810
156811
156812
156813
156814
156815
156817
156819
156820
156821
156822
156823
156824
156825
156827
156828
156830
156831
156832
156833
156834
156835
156836
156837
156838
156839
156840
156841
156842
156843
156844
156845
156846
156847
156848
156850
156851
156852
156853
156854
156855
156856
156857
156859
156860
156861
156862
156863
156864
156865
156866
156867
156868
156869
156871
156872
156873
156875
156876
156877
156878
156879
156880
156881
156882
156883
156884
156885
156886
156887
156888
156889
156890
156891
156892
156893
156894
156895
156897
156898
156899
156900
156901
156902
156903
156904
156905
156906
156907
156908
156909
156910
156911
156912
156913
156914
156915
156916
156917
156918
156919
156920
156922
156923
156924
156925
156926
156927
156928
156929
156930
156931
156932
156933
156934
156935
156936
156937
156938
156939
156940
156941
156942
156943
156944
156945
156946
156947
156948
156949
156950
156951
156952
156953
156955
156958
156959
156960
156961
156962
156963
156964
156965
156966
156967
156968
156969
156970
156971
156972
156973
156974
156975
156976
156977
156978
156979
156980
156981
156982
156983
156984
156985
156986
156987
156988
156989
156990
156991
156992
156993
156994
156995
156996
156997
156998
156999
157000
157001
157002
157003
157004
157005
157006
157007
157008
157009
157010
157011
157013
157014
157016
157017
157018
157019
157020
157021
157022
157023
157024
157025
157026
157027
157028
157029
157030
157031
157032
157033
157034
157035
157036
157038
157040
157041
157042
157043
157044
157046
157047
157048
157049
157051
157052
157053
157054
157055
157056
157057
157058
157059
157060
157061
157062
157063
157064
157065
157066
157067
157068
157069
157071
157072
157073
157074
157075
157076
157077
157078
157079
157080
157081
157082
157083
157084
157085
157086
157087
157088
157089
157090
157091
157092
157093
157094
157095
157096
157097
157098
157099
157100
157101
157102
157103
157104
157105
157106
157107
157108
157109
157110
157111
157114
157115
157116
157118
157119
157121
157122
157123
157124
157126
157127
157128
157129
157130
157131
157132
157133
157134
157135
157137
157138
157140
157141
157143
157145
157146
157147
157148
157149
157150
157151
157152
157153
157154
157155
157156
157157
157158
157159
157160
157161
157162
157163
157164
157165
157166
157167
157168
157169
157170
157171
157172
157173
157174
157175
157176
157177
157178
157179
157180
157181
157182
157183
157184
157185
157186
157187
157188
157189
157190
157191
157192
157193
157194
157195
157196
157197
157198
157199
157200
157201
157202
157203
157204
157205
157206
157207
157208
157209
157210
157211
157212
157213
157214
157215
157216
157217
157218
157219
157220
157221
157222
157223
157224
157225
157226
157227
157228
157229
157230
157231
157232
157233
157234
157235
157236
157237
157239
157241
157242
157243
157244
157245
157246
157247
157248
157249
157250
157251
157252
157253
157256
157257
157258
157259
157260
157261
157262
157263
157264
157265
157266
157267
157268
157269
157270
157271
157272
157273
157274
157275
157276
157277
157278
157279
157280
157281
157282
157283
157284
157285
157286
157287
157288
157289
157290
157292
157293
157294
157296
157297
157298
157299
157300
157302
157303
157304
157305
157306
157307
157308
157309
157310
157311
157312
157314
157315
157316
157319
157320
157321
157322
157323
157324
157326
157327
157328
157329
157330
157332
157333
157334
157335
157336
157337
157338
157340
157341
157342
157343
157344
157345
157346
157347
157348
157349
157350
157351
157353
157354
157355
157356
157357
157358
157359
157360
157361
157362
157363
157364
157365
157366
157367
157368
157369
157370
157371
157372
157373
157374
157376
157377
157379
157380
157381
157383
157384
157385
157386
157387
157388
157389
157391
157392
157393
157394
157395
157396
157397
157399
157401
157402
157403
157404
157405
157406
157407
157408
157409
157410
157411
157412
157413
157414
157415
157416
157417
157418
157419
157420
157421
157422
157423
157424
157425
157426
157427
157428
157429
157430
157431
157432
157433
157434
157435
157437
157438
157439
157440
157441
157443
157444
157445
157446
157447
157448
157449
157450
157451
157452
157453
157454
157455
157456
157457
157458
157459
157460
157461
157463
157464
157465
157466
157467
157468
157469
157470
157471
157472
157473
157474
157476
157477
157478
157479
157480
157481
157482
157483
157484
157485
157486
157487
157488
157489
157490
157491
157492
157493
157497
157498
157500
157503
157504
157505
157506
157507
157508
157509
157510
157511
157512
157513
157514
157515
157516
157518
157519
157520
157521
157522
157523
157524
157525
157526
157527
157528
157529
157531
157532
157533
157534
157535
157538
157539
157541
157542
157543
157544
157545
157546
157547
157549
157550
157551
157552
157553
157554
157555
157557
157558
157559
157560
157561
157562
157563
157564
157565
157566
157567
157568
157569
157570
157571
157572
157573
157574
157575
157576
157577
157578
157579
157580
157581
157583
157584
157585
157586
157587
157588
157589
157590
157591
157592
157593
157595
157596
157597
157598
157599
157600
157601
157602
157603
157604
157605
157606
157607
157608
157609
157610
157611
157612
157613
157614
157615
157617
157618
157619
157620
157621
157622
157623
157624
157625
157626
157627
157628
157629
157630
157631
157632
157634
157635
157636
157637
157638
157639
157640
157641
157642
157643
157644
157645
157646
157647
157648
157649
157650
157651
157652
157653
157654
157655
157656
157657
157658
157659
157660
157661
157662
157663
157664
157665
157666
157667
157668
157669
157670
157671
157672
157673
157674
157675
157676
157677
157678
157679
157681
157682
157683
157684
157686
157687
157688
157689
157690
157691
157692
157693
157694
157695
157696
157697
157698
157699
157701
157702
157703
157704
157705
157706
157707
157708
157710
157711
157712
157713
157714
157715
157716
157717
157718
157720
157721
157722
157723
157724
157725
157726
157727
157728
157729
157730
157731
157732
157733
157734
157735
157736
157737
157738
157739
157740
157741
157742
157743
157744
157746
157747
157748
157749
157750
157751
157752
157753
157754
157755
157756
157757
157758
157759
157760
157761
157762
157763
157764
157765
157766
157767
157768
157769
157770
157771
157772
157773
157774
157775
157776
157777
157778
157779
157780
157781
157782
157783
157784
157787
157788
157789
157790
157791
157792
157793
157794
157795
157796
157797
157798
157799
157800
157801
157802
157803
157804
157805
157806
157807
157808
157809
157811
157812
157813
157814
157815
157816
157817
157818
157819
157821
157822
157823
157824
157825
157826
157827
157828
157830
157831
157832
157833
157834
157835
157836
157837
157838
157839
157840
157841
157842
157843
157844
157845
157846
157847
157849
157850
157851
157852
157854
157855
157856
157858
157859
157860
157861
157862
157863
157864
157866
157867
157868
157869
157870
157871
157874
157875
157876
157877
157879
157880
157881
157882
157883
157885
157886
157887
157888
157889
157891
157893
157894
157896
157897
157898
157899
157900
157901
157902
157903
157904
157905
157906
157907
157908
157910
157911
157912
157913
157914
157915
157916
157917
157918
157919
157920
157921
157922
157923
157924
157925
157926
157927
157928
157929
157930
157931
157932
157934
157935
157936
157937
157938
157939
157941
157942
157943
157944
157945
157946
157947
157949
157950
157951
157952
157953
157954
157955
157956
157957
157958
157959
157960
157961
157962
157963
157964
157967
157969
157971
157972
157973
157974
157977
157978
157980
157981
157982
157983
157984
157986
157987
157989
157990
157992
157994
157996
157997
157998
157999
158000
158002
158005
158006
158008
158009
158010
158011
158012
158015
158017
158019
158020
158021
158022
158025
158026
158027
158029
158030
158034
158035
158036
158038
158039
158040
158041
158043
158044
158045
158047
158048
158049
158050
158051
158052
158054
158055
158056
158058
158061
158064
158065
158066
158067
158068
158069
158071
158072
158073
158075
158076
158077
158078
158081
158082
158083
158085
158086
158087
158088
158090
158091
158092
158093
158095
158096
158097
158099
158100
158101
158104
158105
158107
158108
158109
158114
158115
158116
158117
158118
158119
158120
158121
158122
158124
158125
158126
158127
158128
158129
158130
158134
158135
158137
158138
158139
158141
158142
158143
158144
158145
158146
158147
158149
158150
158153
158154
158155
158156
158159
158162
158165
158166
158169
158170
158171
158172
158173
158174
158175
158176
158177
158178
158179
158180
158181
158182
158183
158185
158186
158187
158188
158190
158191
158192
158193
158194
158195
158198
158199
158200
158201
158202
158203
158204
158205
158206
158208
158209
158211
158212
158215
158216
158218
158219
158220
158221
158222
158223
158224
158227
158230
158231
158232
158233
158234
158235
158236
158237
158238
158239
158241
158242
158244
158245
158246
158247
158248
158249
158250
158251
158252
158254
158255
158258
158259
158260
158261
158262
158263
158264
158265
158266
158267
158269
158270
158271
158272
158273
158274
158276
158279
158280
158281
158282
158283
158284
158285
158287
158290
158293
158294
158295
158296
158297
158299
158300
158301
158302
158304
158306
158307
158308
158309
158310
158311
158312
158313
158314
158315
158317
158318
158324
158325
158326
158327
158328
158329
158330
158331
158333
158334
158335
158336
158337
158339
158340
158341
158342
158344
158345
158347
158348
158351
158352
158353
158355
158356
158358
158359
158360
158361
158362
158363
158364
158365
158366
158367
158368
158369
158370
158371
158372
158373
158374
158375
158377
158378
158379
158381
158382
158383
158384
158385
158386
158387
158389
158391
158393
158395
158396
158397
158399
158401
158402
158403
158404
158405
158406
158407
158408
158409
158410
158412
158413
158416
158417
158418
158419
158420
158421
158422
158423
158424
158426
158427
158428
158429
158430
158431
158432
158433
158434
158435
158436
158437
158438
158440
158441
158442
158443
158444
158445
158446
158447
158448
158449
158450
158451
158452
158453
158454
158455
158456
158457
158458
158459
158461
158462
158463
158464
158465
158466
158467
158468
158469
158470
158471
158472
158473
158474
158475
158476
158477
158478
158479
158480
158481
158483
158485
158486
158487
158488
158489
158490
158491
158493
158495
158497
158499
158500
158501
158503
158505
158506
158507
158508
158510
158511
158512
158513
158514
158516
158517
158518
158519
158520
158521
158522
158524
158526
158527
158530
158531
158532
158533
158534
158535
158536
158537
158538
158539
158540
158541
158544
158545
158546
158547
158548
158549
158550
158551
158552
158556
158559
158562
158563
158564
158565
158566
158567
158568
158569
158570
158571
158572
158608
158609
158611
158612
158613
158614
158615
158616
158617
158619
158620
158621
158623
158624
158625
158626
158627
158628
158629
158631
158634
158635
158636
158637
158638
158640
158641
158642
158643
158648
158649
158651
158652
158653
158654
158655
158656
158657
158658
158659
158660
158661
158662
158663
158664
158666
158667
158668
158669
158670
158671
158672
158673
158674
158675
158676
158678
158679
158680
158681
158682
158683
158684
158686
158687
158688
158689
158690
158691
158692
158693
158694
158695
158696
158697
158702
158703
158704
158707
158708
158710
158712
158713
158714
158717
158719
158721
158722
158723
158724
158726
158728
158730
158731
158732
158733
158734
158735
158737
158738
158739
158740
158743
158744
158745
158747
158750
158752
158754
158755
158758
158759
158761
158763
158765
158767
158768
158769
158772
158773
158774
158776
158777
158779
158780
158781
158783
158784
158785
158786
158787
158788
158789
158790
158791
158793
158794
158796
158797
158799
158800
158801
158802
158804
158806
158811
158814
158815
158816
158818
158820
158822
158823
158825
158826
158828
158829
158830
158831
158832
158834
158835
158836
158837
158838
158839
158841
158842
158843
158845
158847
158848
158849
158850
158851
158853
158854
158855
158856
158857
158858
158859
158860
158861
158862
158863
158864
158865
158866
158867
158868
158869
158870
158871
158872
158873
158874
158875
158876
158877
158878
158879
158880
158881
158882
158883
158884
158885
158886
158887
158888
158890
158891
158892
158893
158894
158895
158896
158897
158898
158899
158900
158901
158902
158903
158904
158906
158908
158909
158910
158911
158912
158913
158914
158915
158916
158917
158918
158920
158921
158922
158923
158924
158925
158926
158927
158929
158930
158931
158932
158933
158934
158935
158937
158938
158939
158940
158941
158942
158943
158945
158946
158947
158948
158949
158950
158951
158952
158953
158954
158955
158956
158957
158958
158959
158960
158962
158963
158964
158965
158966
158967
158968
158969
158970
158971
158972
158973
158974
158975
158976
158977
158978
158979
158980
158981
158982
158983
158984
158985
158986
158987
158988
158989
158990
158991
158992
158993
158994
158995
158996
158997
158999
159000
159001
159002
159003
159004
159005
159006
159007
159008
159009
159010
159011
159012
159013
159014
159016
159017
159018
159020
159021
159022
159024
159025
159027
159028
159030
159033
159034
159036
159037
159038
159040
159041
159042
159044
159047
159048
159051
159052
159053
159054
159055
159056
159057
159058
159059
159060
159061
159062
159063
159064
159065
159066
159067
159068
159069
159070
159071
159072
159073
159074
159075
159076
159077
159078
159079
159080
159081
159082
159083
159084
159085
159086
159087
159088
159089
159090
159091
159092
159093
159094
159095
159096
159097
159098
159099
159100
159101
159102
159103
159104
159105
159106
159107
159108
159109
159110
159111
159112
159113
159114
159115
159116
159117
159118
159119
159120
159121
159122
159123
159124
159125
159126
159127
159128
159129
159130
159131
159132
159133
159135
159136
159137
159139
159140
159141
159142
159143
159145
159147
159148
159149
159151
159152
159153
159154
159155
159157
159159
159160
159161
159174
159175
159176
159177
159178
159179
159180
159181
159182
159183
159184
159185
159186
159187
159188
159189
159190
159191
159192
159193
159194
159195
159196
159197
159198
159199
159200
159201
159202
159203
159204
159205
159206
159207
159208
159209
159211
159212
159213
159214
159215
159216
159217
159218
159219
159220
159221
159222
159223
159224
159225
159226
159227
159228
159229
159230
159231
159232
159233
159234
159235
159236
159237
159238
159239
159240
159241
159242
159243
159244
159245
159246
159248
159249
159250
159251
159252
159253
159254
159255
159256
159257
159258
159259
159260
159261
159262
159263
159264
159265
159266
159267
159268
159269
159270
159272
159273
159274
159275
159276
159277
159278
159279
159280
159281
159282
159284
159285
159286
159287
159288
159289
159290
159291
159292
159293
159294
159295
159296
159297
159298
159299
159300
159301
159302
159303
159304
159305
159306
159307
159308
159309
159310
159311
159312
159313
159314
159315
159316
159317
159318
159319
159320
159321
159322
159323
159324
159325
159326
159327
159328
159329
159330
159331
159332
159333
159334
159336
159337
159338
159339
159340
159341
159342
159343
159345
159346
159347
159348
159349
159351
159352
159353
159354
159355
159356
159357
159358
159359
159360
159361
159362
159363
159364
159365
159366
159367
159368
159369
159370
159371
159372
159373
159374
159375
159376
159377
159378
159379
159380
159381
159382
159383
159384
159385
159387
159388
159390
159391
159392
159393
159394
159395
159396
159397
159398
159400
159401
159403
159404
159406
159407
159408
159409
159410
159411
159412
159413
159416
159417
159419
159420
159421
159423
159424
159425
159426
159427
159428
159429
159431
159432
159435
159436
159437
159438
159439
159440
159441
159442
159443
159444
159445
159447
159448
159449
159450
159451
159452
159453
159454
159455
159456
159457
159461
159462
159463
159464
159465
159466
159467
159468
159469
159470
159471
159472
159473
159474
159475
159476
159477
159478
159479
159480
159481
159482
159483
159484
159485
159486
159487
159488
159489
159490
159491
159492
159493
159494
159495
159496
159497
159498
159499
159500
159501
159502
159503
159504
159505
159506
159507
159508
159509
159510
159511
159512
159514
159515
159516
159517
159518
159519
159520
159521
159522
159523
159524
159526
159527
159528
159529
159530
159531
159532
159533
159534
159535
159536
159537
159538
159540
159541
159542
159543
159544
159545
159546
159547
159548
159549
159550
159551
159552
159553
159554
159555
159556
159557
159558
159559
159560
159561
159562
159564
159566
159567
159568
159569
159572
159573
159574
159575
159576
159577
159578
159579
159580
159581
159582
159583
159584
159585
159589
159590
159591
159592
159593
159594
159595
159596
159597
159598
159599
159600
159601
159604
159605
159606
159607
159608
159609
159611
159612
159615
159616
159618
159619
159620
159621
159622
159623
159624
159626
159627
159628
159629
159630
159631
159632
159633
159634
159635
159636
159637
159638
159639
159640
159641
159642
159643
159644
159645
159647
159648
159650
159651
159652
159653
159654
159656
159657
159658
159659
159660
159661
159662
159663
159664
159665
159666
159667
159668
159669
159670
159671
159673
159675
159676
159677
159678
159679
159680
159681
159682
159683
159684
159685
159686
159687
159688
159690
159691
159692
159693
159694
159695
159696
159697
159698
159699
159700
159701
159702
159703
159704
159705
159706
159707
159708
159709
159710
159711
159712
159713
159714
159715
159716
159717
159718
159719
159720
159721
159722
159723
159724
159725
159726
159727
159728
159729
159730
159731
159732
159733
159734
159735
159736
159737
159738
159739
159740
159741
159742
159743
159744
159745
159746
159747
159748
159749
159750
159751
159752
159753
159754
159755
159756
159757
159758
159759
159760
159762
159763
159764
159765
159766
159767
159768
159769
159770
159771
159772
159774
159775
159776
159778
159779
159780
159781
159782
159784
159785
159786
159787
159788
159789
159790
159791
159792
159794
159795
159796
159797
159798
159799
159800
159801
159802
159803
159804
159805
159806
159807
159808
159809
159810
159811
159812
159813
159814
159815
159816
159817
159818
159819
159820
159821
159823
159824
159825
159826
159827
159828
159830
159831
159832
159834
159836
159838
159841
159842
159843
159844
159845
159846
159847
159848
159849
159850
159851
159852
159853
159855
159856
159858
159860
159861
159862
159863
159864
159865
159866
159867
159868
159869
159870
159871
159872
159873
159874
159875
159876
159877
159878
159879
159880
159881
159882
159883
159884
159885
159886
159887
159888
159889
159890
159891
159892
159893
159894
159895
159896
159897
159898
159899
159900
159901
159902
159903
159904
159905
159906
159907
159908
159909
159910
159911
159913
159914
159916
159917
159918
159919
159920
159921
159922
159923
159925
159927
159929
159932
159934
159940
159942
159944
159946
159947
159948
159949
159950
159951
159952
159953
159954
159955
159957
159958
159959
159960
159961
159962
159963
159964
159965
159966
159967
159968
159969
159970
159971
159972
159973
159974
159975
159976
159978
159980
159981
159983
159984
159985
159986
159987
159988
159989
159990
159991
159992
159993
159994
159995
159996
159998
159999
160000
160001
160002
160003
160005
160006
160007
160009
160010
160012
160013
160014
160015
160016
160017
160018
160019
160020
160021
160022
160023
160025
160026
160027
160028
160029
160030
160031
160032
160033
160034
160035
160036
160037
160038
160039
160040
160041
160042
160043
160044
160045
160046
160047
160048
160049
160050
160051
160052
160054
160055
160056
160057
160058
160059
160060
160061
160062
160063
160064
160065
160066
160067
160068
160069
160070
160072
160073
160075
160077
160078
160079
160080
160081
160082
160083
160084
160085
160086
160088
160093
160094
160095
160096
160098
160099
160100
160101
160102
160103
160104
160106
160108
160110
160111
160114
160115
160117
160118
160119
160120
160121
160122
160123
160124
160125
160126
160127
160129
160130
160132
160133
160134
160135
160136
160137
160139
160140
160141
160142
160144
160145
160146
160147
160148
160149
160150
160151
160153
160155
160156
160157
160158
160159
160161
160162
160163
160164
160165
160166
160167
160168
160170
160171
160172
160173
160174
160175
160176
160177
160178
160179
160180
160181
160182
160183
160184
160185
160186
160187
160188
160189
160190
160191
160192
160193
160194
160195
160196
160197
160198
160199
160200
160201
160202
160203
160204
160205
160206
160207
160208
160209
160210
160212
160213
160214
160215
160216
160217
160218
160219
160220
160221
160222
160223
160224
160225
160226
160227
160228
160229
160230
160231
160232
160233
160236
160237
160238
160239
160240
160241
160242
160243
160244
160245
160246
160247
160248
160249
160250
160251
160252
160253
160254
160255
160256
160257
160259
160260
160261
160262
160263
160264
160265
160268
160269
160270
160271
160272
160273
160274
160275
160276
160277
160278
160279
160281
160282
160283
160284
160285
160286
160288
160289
160290
160291
160292
160294
160295
160296
160297
160298
160299
160300
160301
160302
160303
160304
160305
160306
160307
160308
160309
160310
160312
160314
160315
160316
160317
160318
160319
160320
160322
160323
160324
160325
160326
160327
160328
160329
160330
160331
160332
160333
160334
160335
160336
160337
160338
160339
160340
160341
160342
160343
160344
160345
160346
160347
160348
160349
160350
160351
160352
160353
160354
160355
160356
160357
160358
160359
160360
160361
160362
160364
160365
160368
160369
160370
160371
160372
160373
160374
160375
160376
160377
160378
160379
160381
160382
160383
160384
160385
160386
160387
160388
160389
160390
160391
160392
160393
160395
160396
160397
160398
160399
160401
160402
160403
160404
160405
160406
160407
160408
160409
160410
160411
160412
160413
160414
160415
160416
160417
160419
160420
160421
160422
160423
160424
160425
160426
160427
160428
160429
160430
160431
160432
160433
160434
160436
160437
160438
160439
160440
160441
160442
160443
160444
160445
160446
160447
160448
160449
160450
160451
160453
160454
160455
160456
160457
160458
160459
160460
160461
160462
160463
160464
160465
160466
160467
160468
160469
160470
160471
160472
160473
160474
160475
160476
160477
160478
160480
160481
160482
160483
160484
160485
160486
160487
160488
160489
160490
160491
160492
160493
160494
160495
160496
160497
160498
160499
160500
160501
160502
160503
160504
160505
160506
160507
160508
160509
160510
160511
160512
160513
160515
160516
160517
160518
160519
160520
160521
160523
160525
160526
160527
160528
160529
160530
160531
160532
160535
160536
160537
160538
160539
160540
160541
160543
160544
160545
160546
160547
160548
160550
160551
160552
160553
160554
160555
160557
160558
160559
160560
160561
160562
160563
160564
160565
160566
160568
160569
160570
160571
160572
160573
160574
160575
160576
160577
160578
160579
160580
160581
160582
160583
160584
160585
160586
160587
160588
160589
160590
160591
160592
160594
160595
160596
160597
160600
160601
160603
160604
160605
160606
160607
160609
160610
160611
160612
160613
160614
160615
160616
160617
160618
160619
160620
160621
160622
160623
160624
160625
160626
160627
160628
160629
160630
160631
160632
160633
160634
160635
160637
160638
160639
160640
160641
160642
160643
160644
160645
160646
160647
160649
160651
160652
160653
160654
160655
160656
160658
160659
160660
160661
160662
160663
160664
160665
160666
160667
160668
160669
160670
160671
160672
160674
160675
160676
160677
160678
160679
160680
160681
160682
160683
160684
160685
160688
160689
160690
160691
160692
160693
160694
160695
160696
160697
160698
160699
160700
160701
160702
160703
160704
160705
160706
160708
160709
160710
160711
160713
160714
160715
160716
160717
160720
160721
160722
160724
160728
160729
160732
160733
160734
160736
160737
160739
160743
160744
160746
160747
160749
160750
160751
160752
160754
160755
160757
160760
160763
160766
160767
160768
160770
160773
160775
160780
160781
160783
160784
160785
160786
160787
160788
160789
160790
160791
160792
160793
160795
160796
160798
160799
160800
160802
160803
160804
160805
160806
160807
160808
160809
160810
160811
160812
160813
160814
160815
160816
160817
160818
160819
160820
160821
160822
160823
160824
160825
160826
160827
160828
160829
160830
160831
160832
160833
160834
160835
160836
160837
160838
160839
160840
160841
160842
160843
160844
160845
160846
160847
160848
160849
160850
160851
160852
160853
160854
160855
160856
160857
160860
160861
160862
160863
160864
160865
160866
160867
160868
160869
160870
160871
160872
160873
160874
160875
160876
160877
160879
160882
160883
160884
160885
160886
160887
160888
160889
160891
160892
160893
160894
160895
160896
160898
160899
160900
160901
160903
160904
160905
160906
160907
160908
160909
160910
160911
160912
160913
160914
160915
160916
160917
160918
160919
160920
160921
160922
160923
160924
160925
160926
160927
160928
160929
160930
160931
160932
160933
160934
160935
160936
160937
160938
160939
160940
160941
160942
160943
160944
160945
160946
160947
160948
160949
160950
160951
160952
160953
160954
160955
160956
160957
160958
160959
160960
160961
160962
160963
160964
160965
160966
160967
160968
160969
160970
160971
160972
160973
160974
160975
160976
160977
160978
160979
160980
160981
160982
160983
160984
160985
160986
160987
160988
160989
160990
160991
160992
160993
160994
160995
160996
160997
160998
160999
161000
161001
161002
161003
161004
161005
161006
161007
161008
161009
161010
161011
161012
161013
161014
161015
161016
161017
161018
161019
161021
161022
161023
161024
161025
161026
161028
161029
161030
161031
161032
161033
161034
161035
161036
161037
161038
161039
161040
161041
161042
161043
161044
161045
161046
161047
161048
161049
161050
161051
161052
161053
161054
161055
161056
161057
161058
161059
161060
161061
161062
161063
161064
161065
161066
161067
161068
161069
161070
161071
161072
161073
161074
161075
161076
161077
161078
161079
161080
161081
161082
161083
161084
161085
161087
161088
161089
161090
161091
161092
161093
161094
161095
161096
161097
161098
161099
161100
161101
161102
161103
161104
161105
161106
161107
161108
161109
161110
161111
161112
161113
161114
161115
161116
161117
161118
161119
161121
161122
161123
161124
161125
161126
161127
161128
161130
161131
161132
161133
161134
161135
161136
161137
161138
161139
161140
161141
161142
161143
161144
161145
161146
161147
161148
161149
161150
161151
161152
161153
161154
161155
161156
161157
161158
161159
161160
161161
161162
161163
161164
161165
161166
161167
161168
161169
161170
161171
161172
161173
161174
161175
161176
161177
161178
161179
161180
161181
161182
161183
161184
161185
161186
161187
161190
161191
161192
161193
161194
161195
161196
161197
161198
161199
161200
161201
161202
161203
161204
161205
161206
161207
161208
161209
161210
161212
161213
161214
161215
161216
161217
161219
161220
161221
161222
161223
161224
161225
161226
161227
161228
161229
161230
161231
161232
161233
161234
161235
161236
161237
161238
161239
161240
161241
161242
161243
161244
161245
161246
161247
161248
161249
161250
161251
161252
161253
161254
161255
161256
161257
161258
161259
161260
161261
161262
161263
161264
161265
161266
161268
161269
161270
161271
161272
161273
161274
161275
161276
161277
161278
161281
161283
161284
161285
161286
161287
161288
161289
161290
161291
161292
161293
161294
161296
161297
161298
161299
161300
161301
161302
161303
161304
161305
161306
161307
161308
161309
161310
161311
161312
161313
161314
161315
161316
161317
161318
161319
161320
161321
161322
161323
161324
161325
161326
161327
161328
161329
161330
161331
161332
161333
161334
161335
161336
161337
161338
161339
161340
161341
161342
161343
161344
161345
161346
161348
161349
161350
161351
161352
161353
161354
161355
161356
161357
161358
161359
161360
161361
161362
2003517795
2003517795
161363
161364
161365
161366
161367
161368
161370
161371
161372
161373
161374
161375
161376
161377
161378
161379
161380
161381
161382
161383
161384
161385
161386
161387
161388
161389
161390
161391
161392
161393
161394
161395
161396
161397
161398
161399
161400
161401
161402
161403
161404
161405
161406
161407
161408
161409
161410
161411
161412
161413
161414
161415
161416
161417
161418
161419
161420
161421
161422
161423
161424
161425
161426
161427
161428
161429
161430
161431
161432
161433
161434
161435
161436
161438
161439
161440
161441
161443
161444
161445
161446
161447
161448
161449
161450
161451
161452
161453
161455
161456
161457
161458
161459
161460
161461
161462
161463
161464
161465
161466
161467
161468
161469
161470
161471
161472
161473
161474
161475
161476
161485
161486
161487
161488
161489
161490
161491
161492
161493
161494
161495
161496
161497
161498
161499
161500
161501
161502
161503
161504
161505
161506
161507
161508
161509
161510
161511
161512
161513
161514
161515
161516
161517
161518
161519
161520
161521
161522
161523
161524
161525
161526
161527
161528
161529
161530
161531
161532
161533
161534
161535
161536
161537
161538
161539
161540
161541
161542
161544
161545
161546
161547
161548
161549
161550
161551
161552
161553
161554
161555
161556
161557
161558
161559
161560
161561
161562
161563
161564
161565
161566
161569
161570
161571
161572
161573
161574
161575
161576
161577
161578
161579
161580
161581
161582
161583
161584
161585
161586
161587
161588
161589
161590
161591
161592
161593
161594
161595
161596
161597
161598
161599
161600
161601
161602
161603
161604
161605
161606
161607
161608
161609
161610
161611
161612
161614
161615
161616
161617
161618
161619
161620
161621
161622
161623
161624
161625
161626
161627
161628
161630
161631
161632
161633
161634
161635
161636
161637
161638
161639
161640
161641
161642
161643
161644
161645
161646
161647
161648
161649
161650
161651
161652
161653
161654
161655
161656
161657
161658
161659
161660
161661
161662
161663
161664
161665
161666
161667
161668
161669
161670
161671
161672
161673
161674
161675
161676
161677
161678
161679
161680
161681
161682
161683
161684
161685
161686
161688
161689
161690
161691
161692
161693
161694
161695
161696
161697
161698
161699
161700
161701
161702
161703
161704
161705
161706
161707
161708
161709
161710
161711
161712
161713
161714
161715
161716
161717
161718
161719
161720
161721
161722
161723
161724
161725
161727
161728
161729
161730
161731
161732
161733
161734
161735
161736
161737
161738
161739
161740
161741
161742
161743
161744
161745
161746
161747
161748
161749
161750
161751
161752
161753
161754
161755
161756
161757
161758
161759
161760
161761
161762
161763
161764
161765
161766
161767
161768
161769
161770
161771
161772
161773
161774
161775
161776
161777
161778
161779
161780
161781
161782
161783
161784
161785
161786
161787
161788
161789
161790
161791
161792
161793
161794
161795
161797
161798
161799
161800
161801
161802
161803
161804
161805
161806
161807
161808
161809
161810
161811
161812
161813
161814
161815
161816
161817
161818
161819
161820
161821
161822
161823
161824
161825
161826
161828
161829
161830
161831
161832
161833
161834
161835
161836
161837
161838
161839
161840
161841
161842
161843
161844
161845
161846
161847
161848
161849
161850
161851
161852
161853
161854
161855
161856
161857
161858
161859
161860
161861
161862
161863
161864
161865
161866
161867
161868
161869
161870
161871
161872
161873
161874
161875
161876
161877
161878
161879
161880
161881
161882
161883
161884
161885
161886
161887
161888
161889
161890
161891
161892
161893
161894
161895
161896
161897
161898
161899
161900
161901
161902
161903
161904
161905
161906
161907
161908
161909
161910
161911
161912
161913
161914
161915
161916
161917
161918
161919
161920
161921
161923
161925
161926
161927
161928
161929
161930
161931
161932
161933
161934
161935
161936
161937
161938
161939
161940
161941
161942
161943
161944
161945
161951
161952
161953
161954
161955
161956
161957
161958
161959
161960
161961
161962
161963
161964
161965
161966
161967
161968
161969
161970
161971
161972
161973
161974
161975
161976
161977
161978
161979
161980
161981
161982
161983
161984
161985
161986
161987
161988
161989
161990
161991
161992
161993
161994
161995
161996
161997
161998
161999
162000
162001
162002
162003
162004
162005
162006
162007
162008
162009
162010
162011
162012
162013
162014
162015
162016
162017
162018
162019
162020
162021
162022
162023
162024
162025
162026
162028
162029
162030
162031
162032
162033
162034
162035
162036
162037
162038
162039
162040
162041
162042
162043
162044
162045
162046
162047
162048
162049
162050
162051
162052
162053
162054
162055
162056
162057
162058
162059
162060
162061
162062
162063
162064
162065
162066
162067
162068
162069
162070
162071
162072
162073
162074
162075
162076
162077
162078
162079
162080
162081
162082
162083
162084
162085
162086
162087
162088
162089
162090
162091
162092
162093
162094
162095
162096
162097
162098
162099
162100
162101
162102
162103
162104
162105
162106
162107
162108
162109
162110
162111
162112
162113
162114
162115
162116
162117
162118
162119
162120
162121
162122
162123
162124
162125
162126
162127
162128
162129
162130
162131
162132
162133
162134
162135
162136
162138
162139
162140
162141
162142
162143
162144
162145
162147
162148
162149
162151
162152
162153
162154
162155
162156
162157
162158
162159
162162
162163
162164
162165
162166
162167
162168
162169
162170
162171
162172
162173
162174
162175
162176
162177
162178
162179
162180
162181
162182
162183
162184
162185
162186
162187
162188
162189
162190
162191
162192
162193
162194
162195
162196
162197
162198
162199
162200
162201
162202
162203
162204
162205
162206
162207
162208
162209
162210
162211
162212
162213
162214
162215
162216
162217
162218
162219
162220
162221
162222
162223
162224
162225
162226
162227
162228
162229
162230
162231
162232
162233
162234
162235
162236
162237
162238
162239
162240
162241
162242
162243
162244
162245
162246
162247
162248
162249
162250
162251
162252
162253
162254
162255
162256
162257
162258
162259
162260
162261
162262
162263
162264
162265
162266
162267
162268
162269
162270
162271
162272
162273
162274
162275
162276
162277
162278
162279
162280
162281
162282
162283
162284
162285
162286
162287
162288
162289
162290
162291
162292
162293
162294
162295
162296
162297
162298
162299
162300
162301
162302
162303
162304
162305
162306
162307
162308
162309
162310
162311
162312
162313
162314
162315
162316
162317
162318
162319
162320
162321
162322
162323
162324
162325
162326
162327
162328
162329
162330
162331
162332
162334
162335
162336
162337
162338
162339
162340
162341
162342
162343
162344
162345
162346
162347
162348
162349
162350
162351
162352
162353
162354
162355
162356
162357
162358
162359
162360
162361
162362
162363
162364
162365
162366
162368
162369
162370
162371
162372
162373
162374
162376
162378
162380
162381
162383
162384
162385
162386
162387
162388
162389
162390
162391
162392
162393
162394
162395
162396
162397
162398
162399
162400
162401
162402
162403
162404
162405
162406
162407
162408
162410
162411
162412
162413
162414
162415
162416
162417
162418
162419
162420
162421
162422
162423
162424
162425
162426
162427
162428
162429
162430
162431
162432
162433
162434
162435
162436
162437
162438
162439
162440
162441
162442
162443
162444
162445
162446
162447
162448
162449
162450
162451
162452
162453
162454
162455
162456
162457
162458
162459
162460
162461
162462
162463
162464
162465
162466
162467
162468
162469
162470
162471
162472
162473
162474
162475
162476
162477
162478
162479
162480
162481
162482
162483
162484
162485
162486
162487
162488
162489
162490
162491
162492
162493
162494
162495
162496
162497
162498
162499
162500
162501
162502
162503
162504
162505
162506
162507
162508
162509
162510
162511
162512
162513
162515
162516
162517
162518
162519
162520
162522
162523
162524
162525
162526
162527
162528
162529
162530
162531
162532
162533
162534
162535
162536
162537
162538
162539
162540
162541
162542
162543
162544
162545
162546
162547
162548
162549
162550
162551
162552
162553
162554
162555
162556
162557
162558
162559
162560
162561
162562
162563
162564
162565
162566
162567
162568
162569
162570
162571
162572
162573
162574
162575
162576
162577
162578
162579
162580
162581
162582
162583
162584
162585
162586
162587
162588
162589
162590
162591
162592
162593
162594
162595
162596
162597
162598
162599
162600
162601
162602
162603
162604
162605
162606
162607
162608
162609
162611
162612
162613
162614
162615
162616
162617
162618
162619
162620
162621
162622
162623
162624
162625
162626
162627
162628
162629
162630
162631
162632
162633
162634
162635
162636
162637
162638
162639
162640
162641
162642
162643
162644
162645
162646
162647
162648
162649
162650
162651
162652
162653
162654
162655
162656
162657
162658
162659
162660
162662
162663
162664
162665
162666
162667
162668
162669
162670
162671
162672
162673
162674
162676
162678
162679
162680
162681
162682
162683
162684
162685
162686
162687
162688
162689
162690
162691
162692
162693
162694
162695
162696
162697
162698
162699
162700
162701
162702
162703
162704
162705
162706
162707
162708
162709
162710
162711
162712
162713
162714
162715
162716
162717
162718
162719
162720
162721
162722
162723
162724
162725
162726
162727
162728
162729
162730
162731
162732
162733
162734
162735
162736
162737
162738
162739
162740
162741
162742
162743
162744
162745
162746
162747
162748
162749
162751
162752
162753
162754
162755
162756
162757
162758
162760
162761
162762
162763
162764
162765
162767
162769
162770
162772
162773
162774
162775
162776
162777
162778
162780
162781
162782
162783
162784
162785
162786
162788
162789
162790
162791
162792
162794
162795
162796
162797
162798
162799
162800
162801
162802
162803
162804
162805
162806
162807
162808
162809
162810
162811
162812
162813
162814
162815
162816
162817
162818
162819
162820
162821
162822
162823
162824
162825
162826
162827
162828
162829
162830
162831
162832
162833
162834
162835
162836
162837
162839
162840
162841
162842
162843
162844
162845
162846
162847
162848
162849
162850
162851
162852
162853
162854
162855
162856
162857
162858
162859
162860
162861
162862
162863
162864
162865
162866
162867
162868
162869
162870
162871
162872
162873
162874
162875
162876
162877
162878
162879
162880
162881
162882
162883
162884
162885
162886
162887
162888
162889
162890
162891
162892
162893
162894
162895
162896
162898
162899
162900
162901
162902
162903
162904
162905
162906
162907
162908
162909
162910
162911
162912
162913
162914
162915
162916
162917
162918
162919
162920
162921
162922
162923
162924
162925
162926
162927
162928
162929
162930
162931
162932
162933
162934
162935
162936
162937
162938
162939
162940
162941
162942
162943
162944
162945
162946
162947
162948
162949
162950
162951
162952
162953
162954
162955
162956
162957
162958
162959
162960
162961
162962
162963
162964
162965
162966
162967
162968
162969
162970
162971
162972
162973
162974
162975
162976
162977
162978
162979
162980
162981
162982
162983
162984
162985
162986
162987
162988
162989
162990
162991
162992
162993
162994
162995
162996
162997
162998
162999
163000
163001
163002
163003
163004
163005
163006
163007
163008
163009
163010
163011
163012
163013
163014
163015
163016
163017
163018
163019
163020
163021
163022
163023
163025
163029
163030
163031
163032
163033
163034
163035
163036
163037
163038
163039
163040
163041
163042
163043
163044
163045
163046
163047
163049
163050
163051
163052
163053
163055
163056
163057
163058
163059
163060
163061
163062
163065
163066
163067
163068
163069
163070
163072
163073
163074
163075
163076
163077
163078
163079
163080
163081
163082
163084
163085
163086
163087
163088
163089
163090
163092
163093
163094
163098
163099
163100
163101
163102
163103
163104
163105
163106
163107
163108
163109
163110
163111
163112
163114
163116
163117
163118
163119
163120
163121
163123
163124
163125
163126
163127
163128
163129
163130
163131
163132
163133
163134
163135
163136
163137
163138
163139
163140
163141
163142
163143
163145
163146
163148
163149
163150
163151
163153
163154
163155
163156
163158
163159
163161
163162
163163
163164
163165
163166
163167
163168
163169
163170
163171
163172
163173
163174
163175
163176
163177
163178
163179
163180
163181
163183
163184
163185
163186
163187
163188
163189
163190
163191
163192
163193
163195
163196
163197
163198
163199
163201
163202
163203
163204
163205
163206
163207
163209
163210
163211
163213
163214
163216
163217
163218
163219
163220
163222
163223
163224
163225
163226
163227
163228
163230
163232
163233
163234
163235
163236
163238
163239
163241
163242
163243
163244
163245
163247
163248
163250
163252
163253
163254
163255
163256
163257
163258
163259
163260
163261
163262
163263
163264
163265
163266
163267
163268
163269
163270
163271
163272
163273
163274
163275
163276
163277
163278
163279
163285
163287
163288
163289
163292
163293
163294
163295
163304
163306
163307
163308
163309
163310
163311
163312
163314
163315
163316
163317
163318
163319
163320
163321
163322
163323
163324
163326
163327
163328
163329
163330
163331
163332
163333
163334
163335
163336
163337
163338
163339
163343
163344
163346
163347
163349
163350
163351
163352
163353
163359
163360
163361
163362
163364
163365
163366
163367
163369
163370
163371
163372
163373
163374
163375
163376
163378
163379
163380
163381
163382
163383
163384
163385
163387
163388
163389
163390
163391
163392
163393
163394
163396
163398
163399
163400
163401
163402
163403
163404
163405
163406
163407
163409
163410
163411
163412
163414
163416
163419
163421
163422
163423
163425
163426
163427
163428
163429
163430
163431
163432
163433
163434
163435
163437
163438
163439
163440
163441
163442
163444
163445
163446
163447
163448
163450
163451
163452
163454
163455
163456
163458
163460
163462
163463
163464
163466
163467
163468
163469
163470
163471
163472
163473
163476
163477
163478
163479
163480
163481
163483
163484
163485
163486
163487
163488
163489
163491
163492
163493
163494
163495
163496
163497
163498
163499
163500
163501
163502
163503
163504
163505
163506
163507
163508
163509
163510
163512
163513
163514
163515
163516
163519
163520
163521
163522
163523
163524
163525
163527
163528
163529
163530
163532
163533
163534
163535
163536
163537
163538
163539
163540
163541
163542
163543
163547
163548
163549
163550
163551
163552
163553
163554
163555
163556
163557
163558
163560
163561
163562
163563
163564
163565
163566
163567
163569
163570
163571
163572
163573
163574
163575
163577
163578
163579
163580
163581
163582
163583
163584
163586
163587
163588
163590
163592
163593
163594
163595
163596
163597
163598
163599
163600
163601
163602
163603
163604
163605
163606
163608
163609
163610
163611
163612
163613
163614
163615
163616
163617
163618
163620
163621
163622
163623
163624
163625
163627
163628
163629
163630
163631
163632
163633
163635
163636
163637
163638
163639
163640
163641
163642
163643
163644
163645
163646
163647
163648
163649
163650
163651
163652
163653
163654
163655
163656
163657
163658
163660
163661
163662
163663
163664
163665
163666
163668
163669
163670
163671
163673
163674
163675
163676
163677
163678
163679
163680
163681
163682
163684
163685
163686
163687
163689
163690
163691
163692
163693
163694
163695
163696
163697
163698
163699
163702
163703
163704
163705
163706
163707
163708
163709
163710
163713
163714
163715
163716
163719
163720
163721
163722
163723
163726
163727
163731
163732
163733
163734
163735
163736
163738
163739
163740
163741
163742
163743
163744
163745
163746
163748
163749
163750
163751
163752
163753
163755
163756
163757
163758
163759
163760
163761
163762
163763
163764
163765
163766
163767
163768
163769
163770
163771
163772
163773
163774
163775
163776
163777
163778
163779
163780
163781
163782
163783
163784
163785
163786
163787
163788
163789
163790
163791
163792
163793
163794
163795
163796
163797
163798
163799
163800
163801
163802
163803
163804
163805
163806
163807
163808
163809
163810
163811
163812
163813
163814
163815
163816
163817
163818
163819
163820
163821
163822
163823
163824
163825
163826
163827
163828
163829
163830
163831
163832
163833
163834
163835
163836
163837
163838
163839
163840
163841
163842
163843
163844
163845
163846
163847
163848
163849
163850
163851
163852
163853
163855
163856
163857
163858
163859
163860
163861
163862
163863
163864
163865
163866
163867
163868
163869
163871
163872
163873
163874
163875
163876
163877
163878
163879
163880
163881
163882
163883
163884
163885
163886
163887
163888
163889
163890
163891
163892
163893
163894
163895
163896
163897
163898
163899
163900
163902
163903
163904
163905
163906
163907
163908
163909
163910
163911
163912
163913
163914
163915
163916
163917
163918
163919
163920
163921
163922
163923
163925
163926
163927
163928
163929
163930
163931
163932
163933
163934
163935
163936
163937
163938
163939
163940
163941
163942
163943
163944
163945
163946
163947
163948
163949
163950
163951
163952
163953
163954
163955
163956
163958
163959
163960
163961
163962
163963
163964
163965
163966
163967
163968
163969
163970
163971
163972
163973
163974
163975
163976
163977
163978
163979
163980
163981
163982
163983
163984
163985
163986
163987
163988
163989
163990
163991
163992
163993
163994
163995
163996
163998
163999
164000
164001
164002
164003
164004
164005
164006
164007
164008
164009
164010
164011
164012
164013
164014
164015
164016
164017
164018
164019
164020
164021
164022
164023
164024
164025
164026
164027
164028
164029
164031
164032
164034
164035
164036
164038
164039
164040
164041
164042
164043
164044
164045
164046
164047
164048
164049
164050
164051
164052
164053
164054
164055
164056
164057
164058
164059
164060
164061
164062
164063
164064
164065
164066
164067
164068
164069
164070
164071
164072
164073
164074
164075
164076
164077
164078
164079
164080
164081
164082
164083
164084
164085
164087
164088
164089
164090
164091
164092
164093
164094
164095
164096
164097
164098
164099
164100
164101
164102
164103
164104
164105
164106
164107
164108
164109
164110
164111
164112
164113
164114
164115
164116
164117
164118
164119
164120
164121
164122
164123
164124
164125
164126
164127
164128
164129
164130
164131
164132
164133
164134
164135
164136
164137
164138
164139
164140
164141
164142
164143
164144
164145
164146
164147
164148
164149
164150
164151
164152
164153
164154
164155
164156
164157
164158
164159
164160
164161
164162
164163
164164
164165
164166
164167
164168
164169
164170
164171
164172
164173
164174
164175
164176
164177
164178
164179
164181
164182
164183
164184
164185
164186
164187
164188
164189
164190
164191
164192
164193
164194
164195
164196
164197
164198
164199
164200
164201
164203
164204
164205
164206
164207
164208
164209
164210
164211
164212
164213
164214
164215
164216
164217
164218
164219
164220
164221
164222
164223
164224
164225
164226
164228
164229
164230
164231
164232
164233
164234
164236
164237
164238
164239
164240
164241
164242
164243
164244
164245
164246
164247
164248
164249
164250
164251
164252
164253
164254
164255
164256
164257
164258
164259
164260
164261
164262
164263
164264
164265
164266
164267
164268
164269
164270
164271
164272
164273
164274
164275
164276
164277
164278
164279
164280
164281
164282
164283
164284
164285
164286
164287
164288
164289
164290
164291
164292
164293
164294
164295
164296
164297
164298
164299
164300
164301
164302
164304
164305
164306
164307
164308
164309
164310
164311
164312
164313
164314
164315
164316
164317
164318
164319
164320
164321
164322
164323
164324
164325
164326
164327
164328
164329
164330
164331
164332
164333
164334
164335
164336
164337
164338
164339
164340
164341
164342
164343
164344
164345
164346
164347
164348
164349
164350
164351
164352
164353
164354
164355
164356
164357
164358
164359
164360
164362
164363
164364
164365
164366
164367
164368
164369
164370
164371
164372
164373
164376
164378
164379
164380
164382
164383
164384
164385
164387
164388
164389
164391
164392
164393
164394
164395
164396
164398
164399
164402
164403
164405
164406
164407
164408
164409
164410
164411
164412
164414
164416
164417
164418
164419
164420
164421
164442
164445
164446
164447
164448
164449
164450
164451
164452
164453
164454
164455
164456
164457
164458
164459
164460
164461
164462
164463
164464
164465
164466
164467
164468
164469
164470
164471
164472
164473
164474
164475
164476
164477
164478
164479
164480
164481
164482
164483
164484
164485
164486
164487
164488
164489
164490
164491
164492
164493
164494
164495
164496
164497
164498
164499
164500
164501
164502
164503
164504
164505
164506
164507
164508
164509
164510
164511
164512
164513
164514
164515
164516
164517
164518
164519
164520
164521
164522
164523
164524
164525
164526
164527
164528
164529
164530
164531
164532
164533
164534
164535
164536
164537
164538
164539
164540
164541
164542
164543
164544
164545
164546
164547
164548
164549
164550
164551
164552
164553
164554
164555
164556
164557
164558
164559
164560
164561
164562
164563
164564
164565
164566
164567
164568
164569
164570
164571
164572
164574
164575
164576
164577
164578
164579
164580
164581
164582
164583
164584
164585
164586
164587
164588
164589
164590
164591
164592
164593
164594
164595
164596
164597
164598
164599
164600
164601
164602
164603
164604
164605
164606
164607
164608
164609
164610
164611
164612
164613
164614
164615
164616
164617
164618
164619
164620
164621
164622
164623
164624
164625
164626
164627
164628
164629
164630
164631
164632
164633
164634
164635
164636
164637
164638
164639
164640
164641
164642
164643
164644
164645
164646
164647
164648
164649
164650
164651
164652
164653
164654
164655
164656
164657
164658
164659
164660
164661
164662
164663
164664
164665
164666
164667
164668
164669
164670
164671
164672
164673
164674
164675
164676
164677
164678
164679
164680
164681
164682
164683
164684
164685
164686
164687
164688
164689
164690
164691
164692
164693
164694
164695
164696
164697
164698
164700
164701
164702
164703
164704
164705
164706
164707
164708
164709
164710
164711
164712
164713
164714
164715
164716
164717
164718
164719
164720
164721
164722
164723
164724
164725
164726
164727
164728
164729
164730
164732
164733
164734
164735
164736
164737
164738
164739
164740
164741
164742
164743
164744
164745
164746
164747
164748
164749
164750
164751
164752
164753
164755
164756
164757
164758
164761
164762
164763
164764
164765
164766
164767
164768
164769
164770
164771
164772
164773
164774
164775
164776
164777
164778
164779
164780
164781
164782
164783
164784
164785
164786
164787
164788
164789
164790
164791
164792
164793
164794
164795
164796
164798
164799
164801
164802
164803
164804
164805
164806
164807
164808
164809
164810
164811
164812
164813
164814
164815
164816
164817
164818
164819
164820
164821
164822
164823
164824
164825
164826
164827
164828
164829
164830
164831
164832
164833
164834
164835
164836
164837
164838
164839
164841
164842
164843
164844
164845
164846
164847
164848
164849
164850
164851
164852
164853
164854
164855
164856
164857
164858
164859
164860
164861
164862
164863
164864
164865
164866
164867
164868
164869
164870
164871
164872
164873
164874
164876
164877
164878
164879
164880
164881
164882
164883
164884
164885
164886
164887
164888
164889
164890
164891
164892
164893
164894
164895
164896
164897
164898
164899
164900
164901
164902
164903
164904
164905
164906
164907
164908
164909
164910
164911
164912
164913
164914
164915
164916
164917
164918
164919
164920
164921
164922
164923
164924
164925
164926
164927
164928
164929
164930
164931
164932
164933
164934
164935
164937
164938
164939
164940
164941
164942
164943
164944
164945
164946
164947
164948
164949
164951
164952
164953
164954
164955
164956
164957
164958
164959
164960
164961
164962
164963
164964
164965
164966
164967
164968
164969
164970
164971
164972
164973
164974
164975
164976
164977
164978
164979
164980
164981
164982
164983
164984
164985
164986
164987
164988
164989
164990
164991
164994
164995
164996
164997
164998
164999
165000
165001
165002
165003
165004
165005
165006
165007
165008
165009
165010
165011
165012
165013
165014
165015
165016
165017
165018
165019
165020
165021
165022
165023
165024
165025
165026
165027
165028
165029
165030
165031
165032
165033
165034
165035
165036
165037
165038
165039
165040
165041
165042
165043
165044
165045
165046
165047
165048
165049
165050
165051
165052
165053
165054
165055
165056
165057
165058
165059
165060
165061
165062
165063
165064
165065
165066
165067
165068
165069
165070
165071
165072
165074
165075
165076
165077
165078
165079
165080
165081
165082
165083
165084
165085
165086
165087
165088
165089
165090
165091
165092
165093
165094
165095
165096
165097
165098
165101
165102
165103
165104
165105
165106
165107
165108
165109
165110
165111
165112
165113
165114
165115
165116
165117
165118
165119
165120
165122
165123
165124
165125
165126
165127
165128
165129
165130
165131
165132
165133
165134
165135
165136
165137
165138
165139
165140
165141
165142
165143
165144
165145
165146
165147
165148
165149
165150
165152
165154
165155
165156
165157
165158
165159
165160
165161
165169
165170
165171
165172
165173
165174
165175
165176
165177
165178
165179
165180
165181
165182
165183
165184
165186
165187
165188
165189
165192
165194
165195
165196
165197
165198
165199
165201
165202
165204
165206
165207
165208
165209
165210
165211
165212
165213
165214
165215
165216
165217
165218
165219
165220
165221
165222
165223
165225
165226
165227
165228
165229
165230
165231
165232
165233
165234
165235
165236
165237
165238
165239
165240
165241
165242
165243
165244
165245
165246
165247
165248
165249
165250
165251
165252
165253
165254
165255
165256
165257
165258
165259
165260
165261
165262
165263
165264
165266
165267
165268
165269
165270
165271
165272
165273
165274
165275
165276
165277
165278
165279
165280
165281
165282
165283
165284
165285
165286
165287
165288
165289
165290
165291
165292
165293
165294
165295
165296
165297
165298
165299
165300
165301
165302
165303
165304
165305
165306
165307
165308
165309
165310
165311
165312
165313
165315
165316
165317
165318
165319
165320
165321
165322
165323
165324
165325
165326
165327
165328
165329
165330
165331
165332
165333
165335
165336
165337
165338
165339
165340
165341
165342
165343
165344
165345
165346
165347
165348
165349
165350
165351
165352
