155195,206107,Staffs,BioHTML,Adalat
155213,206107,Staffs,BioHTML,Adalat
155273,2414794,Clinic_ProcedurePricing,treatment,Botox
155375,2418251,Clinic_ProcedurePricing,treatment,mitomycin
155395,2418370,Clinic_ProcedurePricing,treatment,mitomycin
155398,2418566,Clinic_ProcedurePricing,treatment,mitomycin
155401,2418713,Clinic_ProcedurePricing,treatment,mitomycin
155495,2420918,Clinic_ProcedurePricing,treatment,Lucentis
155499,2421263,Clinic_ProcedurePricing,treatment,Juvederm
155499,2421907,Clinic_ProcedurePricing,treatment,Testosterone
155499,2421914,Clinic_ProcedurePricing,treatment,Testosterone
155512,2421088,Clinic_ProcedurePricing,treatment,Lucentis
155610,2423485,Clinic_ProcedurePricing,treatment,Avastin
155610,2423485,Clinic_ProcedurePricing,treatment,Lucentis
155622,2423752,Clinic_ProcedurePricing,treatment,Warfarin
155625,2423777,Clinic_ProcedurePricing,treatment,Albumin
155634,218085,Staffs,BioHTML,Proscar
155694,206622,Staffs,BioHTML,Botox
155727,59511,reviews,TreatmentName,botox
155764,206687,Staffs,BioHTML,Botox
155764,206687,Staffs,BioHTML,botulinum toxin
155789,206706,Staffs,BioHTML,chlorhexidine
155897,206757,Staffs,BioHTML,acetazolamide
155964,206819,Staffs,BioHTML,Growth Hormone
155969,206819,Staffs,BioHTML,Growth Hormone
156020,206870,Staffs,BioHTML,Botox
156068,156068,clinics,longdescription,Hydrocodone
156068,156068,clinics,longdescription,Methadone
156068,156068,clinics,longdescription,Morphine
156068,156068,clinics,longdescription,Oxycodone
156068,156068,clinics,longdescription,OxyContin
156068,156068,clinics,longdescription,Vicodin
156090,206936,Staffs,BioHTML,BOTOX
156138,206968,Staffs,BioHTML,mycophenolate
156240,207089,Staffs,BioHTML,Androderm
156240,207089,Staffs,BioHTML,Levulan
156240,207089,Staffs,BioHTML,Testosterone
156245,207089,Staffs,BioHTML,Androderm
156245,207089,Staffs,BioHTML,Levulan
156245,207089,Staffs,BioHTML,Testosterone
156285,2436436,Clinic_ProcedurePricing,treatment,betamethasone
156285,2436443,Clinic_ProcedurePricing,treatment,tacrolimus
156303,2436706,Clinic_ProcedurePricing,treatment,betamethasone
156303,2436707,Clinic_ProcedurePricing,treatment,tacrolimus
156380,2438321,Clinic_ProcedurePricing,treatment,Indocyanine
156481,207414,Staffs,BioHTML,danazol
156546,2442868,Clinic_ProcedurePricing,treatment,Juvederm
156597,207543,Staffs,BioHTML,Botox
156611,156611,clinics,name,Botox
156647,2445172,Clinic_ProcedurePricing,treatment,Albumin
156662,2445827,Clinic_ProcedurePricing,treatment,Mirena
156826,2450902,Clinic_ProcedurePricing,treatment,insulin
156826,2450911,Clinic_ProcedurePricing,treatment,Insulin
156849,2451672,Clinic_ProcedurePricing,treatment,Growth hormone
156870,207888,Staffs,BioHTML,botox
156874,2452183,Clinic_ProcedurePricing,treatment,Juvederm
156874,2452183,Clinic_ProcedurePricing,treatment,Restylane
156874,2452189,Clinic_ProcedurePricing,treatment,Juvederm
156874,2452189,Clinic_ProcedurePricing,treatment,Restylane
156874,2452295,Clinic_ProcedurePricing,treatment,Ogen
156874,2452305,Clinic_ProcedurePricing,treatment,Ogen
156896,209512,Staffs,BioHTML,Botox
156896,209512,Staffs,BioHTML,Restylane
156957,62239,reviews,TEXT,Calis
157012,207980,Staffs,BioHTML,botox
157070,208055,Staffs,BioHTML,botox
157112,208075,Staffs,BioHTML,botox
157113,208076,Staffs,BioHTML,Botox
157117,264125,Staffs,BioHTML,Soma
157117,264125,Staffs,Name,Soma
157120,208083,Staffs,BioHTML,Botox
157125,265292,Staffs,BioHTML,Botox
157136,208083,Staffs,BioHTML,Botox
157139,208083,Staffs,BioHTML,Botox
157142,208099,Staffs,BioHTML,botox
157144,2459714,Clinic_ProcedurePricing,treatment,Perlane
157254,2462390,Clinic_ProcedurePricing,treatment,botulinum toxin
157254,2462418,Clinic_ProcedurePricing,treatment,Botulinum toxin
157254,2462421,Clinic_ProcedurePricing,treatment,Botulinum Toxin
157295,2463418,Clinic_ProcedurePricing,treatment,Botulinum Toxin
157318,2463645,Clinic_ProcedurePricing,treatment,Botulinum Toxin
157339,2464884,Clinic_ProcedurePricing,details,botulinum toxin
157398,2466685,Clinic_ProcedurePricing,treatment,Botulinum Toxin
157436,2467630,Clinic_ProcedurePricing,treatment,Botulinum Toxin
157462,2468092,Clinic_ProcedurePricing,treatment,Botulinum toxin
157475,208414,Staffs,BioHTML,Botox
157517,2470163,Clinic_ProcedurePricing,treatment,Botulinum Toxin
157530,2470503,Clinic_ProcedurePricing,treatment,Botulinum Toxin
157537,208493,Staffs,BioHTML,Perlane
157556,208509,Staffs,BioHTML,botulinum toxin
157582,208525,Staffs,BioHTML,Botulinum Toxin
157633,208541,Staffs,BioHTML,botulinum Toxin
157829,2478790,Clinic_ProcedurePricing,treatment,Avastin
157829,2478818,Clinic_ProcedurePricing,treatment,Lucentis
157848,263343,Staffs,BioHTML,Botox
157848,263343,Staffs,BioHTML,botulinum toxin
157865,2478917,Clinic_ProcedurePricing,treatment,Avastin
157865,2478930,Clinic_ProcedurePricing,treatment,Lucentis
157872,2479101,Clinic_ProcedurePricing,treatment,Avastin
157872,2479114,Clinic_ProcedurePricing,treatment,Lucentis
157878,2479268,Clinic_ProcedurePricing,treatment,Avastin
157878,2479282,Clinic_ProcedurePricing,treatment,Lucentis
157884,2479427,Clinic_ProcedurePricing,treatment,Avastin
157884,2479440,Clinic_ProcedurePricing,treatment,Lucentis
157995,208875,Staffs,BioHTML,versed
158028,247366,Staffs,BioHTML,versed
158053,208958,Staffs,BioHTML,versed
158059,208956,Staffs,BioHTML,Botox
158070,208958,Staffs,BioHTML,versed
158074,208958,Staffs,BioHTML,versed
158113,2484047,Clinic_ProcedurePricing,treatment,Microderm
158113,2484125,Clinic_ProcedurePricing,treatment,Microderm
158277,209109,Staffs,BioHTML,Restylane
158298,209109,Staffs,BioHTML,Restylane
158346,2488889,Clinic_ProcedurePricing,treatment,Perlane
158350,2529768,Clinic_ProcedurePricing,details,insulin
158388,209220,Staffs,BioHTML,botox
158622,61151,reviews,TreatmentName,botox
158699,158699,clinics,name,Calis
158701,158701,clinics,longdescription,versed
158701,209511,Staffs,BioHTML,versed
158852,209656,Staffs,BioHTML,Botox
158998,209865,Staffs,BioHTML,Warfarin
159015,209865,Staffs,BioHTML,Warfarin
159019,209865,Staffs,BioHTML,Warfarin
159023,209865,Staffs,BioHTML,Warfarin
159026,209865,Staffs,BioHTML,Warfarin
159029,209865,Staffs,BioHTML,Warfarin
159032,209865,Staffs,BioHTML,Warfarin
159035,209865,Staffs,BioHTML,Warfarin
159039,209865,Staffs,BioHTML,Warfarin
159043,209865,Staffs,BioHTML,Warfarin
159045,209865,Staffs,BioHTML,Warfarin
159046,209865,Staffs,BioHTML,Warfarin
159049,209865,Staffs,BioHTML,Warfarin
159050,209865,Staffs,BioHTML,Warfarin
159146,58154,reviews,TreatmentName,Botox
159146,62635,reviews,TreatmentName,Botox
159146,64164,reviews,TreatmentName,Botox
159402,209865,Staffs,BioHTML,Warfarin
159405,209865,Staffs,BioHTML,Warfarin
159430,2511481,Clinic_ProcedurePricing,treatment,dexamethasone
159570,63664,reviews,TEXT,allay
159571,210653,Staffs,BioHTML,versed
159586,210668,Staffs,BioHTML,Botox
159587,210668,Staffs,BioHTML,Botox
159617,64178,reviews,TreatmentName,Botox
159672,2515186,Clinic_ProcedurePricing,treatment,Midazolam
159674,210843,Staffs,BioHTML,Atridox
159689,2515238,Clinic_ProcedurePricing,treatment,Midazolam
159835,211073,Staffs,BioHTML,versed
159915,211191,Staffs,BioHTML,Avastin
159915,211191,Staffs,BioHTML,Lucentis
159936,211212,Staffs,BioHTML,Avastin
159936,211212,Staffs,BioHTML,Lucentis
159938,211191,Staffs,BioHTML,Avastin
159938,211191,Staffs,BioHTML,Lucentis
159956,211219,Staffs,BioHTML,botulinum toxin
159977,211219,Staffs,BioHTML,botulinum toxin
159979,211219,Staffs,BioHTML,botulinum toxin
159982,211219,Staffs,BioHTML,botulinum toxin
160004,2519611,Clinic_ProcedurePricing,treatment,Lucentis
160008,211280,Staffs,BioHTML,Botox
160008,211280,Staffs,BioHTML,Botulinum Toxin
160024,211280,Staffs,BioHTML,Botox
160024,211280,Staffs,BioHTML,Botulinum Toxin
160105,2521051,Clinic_ProcedurePricing,details,Eylea
160105,2521051,Clinic_ProcedurePricing,details,Lucentis
160105,2521131,Clinic_ProcedurePricing,details,Avastin
160112,160112,clinics,longdescription,versed
160116,211451,Staffs,BioHTML,botulinum toxin
160131,2521240,Clinic_ProcedurePricing,details,Eylea
160131,2521240,Clinic_ProcedurePricing,details,Lucentis
160131,2521247,Clinic_ProcedurePricing,details,Avastin
160138,2521269,Clinic_ProcedurePricing,details,Eylea
160138,2521269,Clinic_ProcedurePricing,details,Lucentis
160138,2521276,Clinic_ProcedurePricing,details,Avastin
160143,211484,Staffs,BioHTML,Gonal
160152,211510,Staffs,BioHTML,Implanon
160154,2521664,Clinic_ProcedurePricing,treatment,Implanon
160154,2521664,Clinic_ProcedurePricing,treatment,Mirena
160211,2523081,Clinic_ProcedurePricing,details,Botox
160211,2523269,Clinic_ProcedurePricing,treatment,Latisse
160234,211591,Staffs,BioHTML,Implanon
160258,211591,Staffs,BioHTML,Implanon
160266,2524693,Clinic_ProcedurePricing,treatment,Latisse
160266,2524778,Clinic_ProcedurePricing,treatment,Juvederm
160287,2524173,Clinic_ProcedurePricing,treatment,Clomid
160287,2524173,Clinic_ProcedurePricing,treatment,Serophene
160293,211653,Staffs,BioHTML,Clomid
160366,211741,Staffs,BioHTML,Implanon
160418,211824,Staffs,BioHTML,Soma
160452,211840,Staffs,BioHTML,Botox
160479,2527767,Clinic_ProcedurePricing,treatment,Latisse
160533,62233,reviews,TEXT,Botox
160533,62233,reviews,TreatmentName,Botox
160533,62235,reviews,TEXT,Botox
160533,62235,reviews,TreatmentName,Botox
160533,62237,reviews,TEXT,Botox
160533,62237,reviews,TreatmentName,Botox
160534,160534,clinics,longdescription,Sculptra
160593,2529748,Clinic_ProcedurePricing,treatment,Implanon
160593,2529759,Clinic_ProcedurePricing,treatment,Mirena
160599,212068,Staffs,BioHTML,Metformin
160602,2529917,Clinic_ProcedurePricing,treatment,Implanon
160602,2529918,Clinic_ProcedurePricing,treatment,Mirena
160608,212084,Staffs,BioHTML,Implanon
160648,2530795,Clinic_ProcedurePricing,treatment,Implanon
160673,212171,Staffs,BioHTML,insulin
160707,212205,Staffs,BioHTML,insulin
160707,212207,Staffs,BioHTML,insulin
160858,612461,leadfeedback,Comments,effient
160880,212342,Staffs,BioHTML,Xiaflex
160890,212342,Staffs,BioHTML,Xiaflex
160897,212342,Staffs,BioHTML,Xiaflex
160902,212342,Staffs,BioHTML,Xiaflex
161086,2536581,Clinic_ProcedurePricing,treatment,Botulinum Toxin
161369,161369,clinics,name,Soma
161629,2577887,Clinic_ProcedurePricing,treatment,Medrol
161687,213527,Staffs,BioHTML,aricept
161687,213527,Staffs,BioHTML,phenergan
161687,213527,Staffs,BioHTML,promethazine
161687,213527,Staffs,BioHTML,viagra
161947,2546371,Clinic_ProcedurePricing,details,testosterone
161948,2546380,Clinic_ProcedurePricing,details,testosterone
161949,2546389,Clinic_ProcedurePricing,details,testosterone
161950,2546398,Clinic_ProcedurePricing,details,testosterone
162146,2549027,Clinic_ProcedurePricing,treatment,Insulin
162367,54437,reviews,TreatmentName,Botox
162367,54441,reviews,TreatmentName,Botox
162367,54447,reviews,TreatmentName,Botox
162367,57052,reviews,TreatmentName,Botox
162375,214627,Staffs,BioHTML,versed
162838,215415,Staffs,BioHTML,insulin
163024,54756,reviews,TEXT,Botox
163028,215777,Staffs,BioHTML,botulinum toxin
163063,215751,Staffs,BioHTML,Botulinum Toxin
163064,215793,Staffs,BioHTML,Botulinum Toxin
163071,215807,Staffs,BioHTML,Botox
163083,215807,Staffs,BioHTML,Botox
163122,2565225,Clinic_ProcedurePricing,treatment,Botulinum Toxin
163144,215886,Staffs,BioHTML,botulinum toxin
163147,215888,Staffs,BioHTML,botulinum toxin
163152,215894,Staffs,BioHTML,Botox
163160,215894,Staffs,BioHTML,Botox
163182,215948,Staffs,BioHTML,Botulinum toxin
163194,215955,Staffs,BioHTML,botulinum toxin
163208,215976,Staffs,BioHTML,testosterone
163212,215976,Staffs,BioHTML,testosterone
163215,215993,Staffs,BioHTML,Botulinum Toxin
163221,216004,Staffs,BioHTML,botulinum toxin
163229,216019,Staffs,BioHTML,Botox
163229,216022,Staffs,BioHTML,Botox
163237,2567849,Clinic_ProcedurePricing,treatment,Botulinum Toxin
163240,216042,Staffs,BioHTML,Botulinum Toxin
163246,163246,clinics,name,Yasmin
163246,216061,Staffs,Name,Yasmin
163246,216068,Staffs,Name,Yasmin
163249,216071,Staffs,BioHTML,botulinum toxin
163249,216071,Staffs,BioHTML,versed
163286,216117,Staffs,BioHTML,Botox
163286,216117,Staffs,BioHTML,botulinum toxin
163286,216119,Staffs,BioHTML,BOTOX
163286,216119,Staffs,BioHTML,Botulinum Toxin
163305,216133,Staffs,BioHTML,Botox
163313,216149,Staffs,BioHTML,Botulinum Toxin
163325,2569811,Clinic_ProcedurePricing,treatment,Juvederm
163325,2569865,Clinic_ProcedurePricing,details,Botox
163325,2569865,Clinic_ProcedurePricing,details,botulinum toxin
163342,216199,Staffs,BioHTML,Botox
163342,216199,Staffs,BioHTML,Botulinum toxin
163342,216201,Staffs,BioHTML,botulinum toxin
163345,2570405,Clinic_ProcedurePricing,treatment,Restylane
163348,216210,Staffs,BioHTML,Botulinum Toxin
163354,216199,Staffs,BioHTML,Botox
163354,216199,Staffs,BioHTML,Botulinum toxin
163354,216201,Staffs,BioHTML,botulinum toxin
163355,216199,Staffs,BioHTML,Botox
163355,216199,Staffs,BioHTML,Botulinum toxin
163355,216201,Staffs,BioHTML,botulinum toxin
163356,216199,Staffs,BioHTML,Botox
163356,216199,Staffs,BioHTML,Botulinum toxin
163356,216201,Staffs,BioHTML,botulinum toxin
163357,216199,Staffs,BioHTML,Botox
163357,216199,Staffs,BioHTML,Botulinum toxin
163357,216201,Staffs,BioHTML,botulinum toxin
163358,216222,Staffs,BioHTML,botulinum toxin
163363,216228,Staffs,BioHTML,Botulinum Toxin
163368,216244,Staffs,BioHTML,Botulinum Toxin
163420,216332,Staffs,BioHTML,Botulinum toxin
163424,216344,Staffs,BioHTML,botulinum toxin
163436,216506,Staffs,BioHTML,Botulinum Toxin
163449,2572950,Clinic_ProcedurePricing,treatment,Botulinum toxin
163453,216398,Staffs,BioHTML,Botulinum toxin
163453,216398,Staffs,BioHTML,insulin
163457,216506,Staffs,BioHTML,Botulinum Toxin
163459,216414,Staffs,BioHTML,Botox
163474,2573573,Clinic_ProcedurePricing,treatment,Botulinum toxin
163482,216446,Staffs,BioHTML,Botox
163482,216447,Staffs,BioHTML,Botox
163490,216456,Staffs,BioHTML,versed
163511,2574346,Clinic_ProcedurePricing,treatment,Botulinum toxin
163517,2574535,Clinic_ProcedurePricing,treatment,Botulinum toxin
163518,216492,Staffs,BioHTML,Botulinum Toxin
163526,216506,Staffs,BioHTML,Botulinum Toxin
163546,163546,clinics,name,Botox
163568,2575712,Clinic_ProcedurePricing,treatment,Botulinum toxin
163576,216593,Staffs,BioHTML,botulinum toxin
163585,2576131,Clinic_ProcedurePricing,treatment,botulinum toxin
163591,2576666,Clinic_ProcedurePricing,treatment,Restylane
163607,216644,Staffs,BioHTML,botulinum toxin
163619,216650,Staffs,BioHTML,Restylane
163626,216663,Staffs,BioHTML,Botulinum toxin
163634,216682,Staffs,BioHTML,Botox
163634,216682,Staffs,BioHTML,Botulinum Toxin
163659,216709,Staffs,BioHTML,botulinum toxin
163672,216722,Staffs,BioHTML,Botox
163683,216771,Staffs,BioHTML,Botox
163688,216788,Staffs,Name,Yasmin
163737,216878,Staffs,BioHTML,botulinum toxin
163747,216888,Staffs,BioHTML,sorafenib
163754,216896,Staffs,BioHTML,Botulinum toxin
163854,217005,Staffs,BioHTML,botulinum toxin
163854,217005,Staffs,BioHTML,Dysport
163957,217202,Staffs,BioHTML,estradiol
163997,217272,Staffs,BioHTML,Soma
163997,217273,Staffs,BioHTML,Soma
164030,217327,Staffs,BioHTML,versed
164033,164033,clinics,longdescription,Sculptra
164202,514983,leadfeedback,Comments,gardasil
164235,217775,Staffs,Name,Yasmin
164731,218750,Staffs,BioHTML,Botox
164754,218772,Staffs,BioHTML,albumin
164840,57703,reviews,TEXT,Botox
164875,219005,Staffs,BioHTML,chorionic gonadotropin
164875,219005,Staffs,BioHTML,gonadotropin
165162,2603698,Clinic_ProcedurePricing,details,testosterone
165163,2603748,Clinic_ProcedurePricing,details,testosterone
165164,2603798,Clinic_ProcedurePricing,details,testosterone
165165,2603848,Clinic_ProcedurePricing,details,testosterone
165205,219558,Staffs,BioHTML,technetium
165265,59460,reviews,TEXT,sculptra
165265,59460,reviews,TreatmentName,Sculptra
165265,59461,reviews,TEXT,Sculptra
165265,59461,reviews,TreatmentName,Sculptra
165265,59755,reviews,TreatmentName,Restylane
165265,60720,reviews,TreatmentName,botox
165314,219680,Staffs,BioHTML,botulinum toxin
165334,219724,Staffs,BioHTML,Restylane
165334,219725,Staffs,BioHTML,Restylane
